[2.857s] Invoking command in '/home/tora/soft_ws/src/controller': PYTHONPATH=/home/tora/soft_ws/build/controller/prefix_override:/usr/lib/python3/dist-packages/colcon_core/task/python/colcon_distutils_commands:/home/tora/soft_ws/install/controller/lib/python3.10/site-packages:${PYTHONPATH} /usr/bin/python3 -W ignore:setup.py install is deprecated setup.py egg_info --egg-base ../../build/controller build --build-base /home/tora/soft_ws/build/controller/build install --record /home/tora/soft_ws/build/controller/install.log --single-version-externally-managed install_data
[3.274s] running egg_info
[3.275s] creating ../../build/controller/controller.egg-info
[3.275s] writing ../../build/controller/controller.egg-info/PKG-INFO
[3.275s] writing dependency_links to ../../build/controller/controller.egg-info/dependency_links.txt
[3.275s] writing entry points to ../../build/controller/controller.egg-info/entry_points.txt
[3.275s] writing requirements to ../../build/controller/controller.egg-info/requires.txt
[3.275s] writing top-level names to ../../build/controller/controller.egg-info/top_level.txt
[3.276s] writing manifest file '../../build/controller/controller.egg-info/SOURCES.txt'
[3.277s] reading manifest file '../../build/controller/controller.egg-info/SOURCES.txt'
[3.278s] writing manifest file '../../build/controller/controller.egg-info/SOURCES.txt'
[3.278s] running build
[3.278s] running build_py
[3.278s] creating /home/tora/soft_ws/build/controller/build
[3.278s] creating /home/tora/soft_ws/build/controller/build/lib
[3.278s] creating /home/tora/soft_ws/build/controller/build/lib/controller
[3.278s] copying controller/__init__.py -> /home/tora/soft_ws/build/controller/build/lib/controller
[3.278s] copying controller/rover.py -> /home/tora/soft_ws/build/controller/build/lib/controller
[3.278s] copying controller/teleop_joy_control.py -> /home/tora/soft_ws/build/controller/build/lib/controller
[3.278s] copying controller/wheel_ctl_serial_master.py -> /home/tora/soft_ws/build/controller/build/lib/controller
[3.278s] copying controller/odom_calc.py -> /home/tora/soft_ws/build/controller/build/lib/controller
[3.278s] running install
[3.279s] running install_lib
[3.279s] creating /home/tora/soft_ws/install/controller/lib/python3.10/site-packages/controller
[3.279s] copying /home/tora/soft_ws/build/controller/build/lib/controller/__init__.py -> /home/tora/soft_ws/install/controller/lib/python3.10/site-packages/controller
[3.279s] copying /home/tora/soft_ws/build/controller/build/lib/controller/rover.py -> /home/tora/soft_ws/install/controller/lib/python3.10/site-packages/controller
[3.280s] copying /home/tora/soft_ws/build/controller/build/lib/controller/teleop_joy_control.py -> /home/tora/soft_ws/install/controller/lib/python3.10/site-packages/controller
[3.280s] copying /home/tora/soft_ws/build/controller/build/lib/controller/wheel_ctl_serial_master.py -> /home/tora/soft_ws/install/controller/lib/python3.10/site-packages/controller
[3.280s] copying /home/tora/soft_ws/build/controller/build/lib/controller/odom_calc.py -> /home/tora/soft_ws/install/controller/lib/python3.10/site-packages/controller
[3.281s] byte-compiling /home/tora/soft_ws/install/controller/lib/python3.10/site-packages/controller/__init__.py to __init__.cpython-310.pyc
[3.281s] byte-compiling /home/tora/soft_ws/install/controller/lib/python3.10/site-packages/controller/rover.py to rover.cpython-310.pyc
[3.282s] byte-compiling /home/tora/soft_ws/install/controller/lib/python3.10/site-packages/controller/teleop_joy_control.py to teleop_joy_control.cpython-310.pyc
[3.282s] byte-compiling /home/tora/soft_ws/install/controller/lib/python3.10/site-packages/controller/wheel_ctl_serial_master.py to wheel_ctl_serial_master.cpython-310.pyc
[3.283s] byte-compiling /home/tora/soft_ws/install/controller/lib/python3.10/site-packages/controller/odom_calc.py to odom_calc.cpython-310.pyc
[3.283s] running install_data
[3.283s] creating /home/tora/soft_ws/install/controller/share/ament_index
[3.283s] creating /home/tora/soft_ws/install/controller/share/ament_index/resource_index
[3.284s] creating /home/tora/soft_ws/install/controller/share/ament_index/resource_index/packages
[3.284s] copying resource/controller -> /home/tora/soft_ws/install/controller/share/ament_index/resource_index/packages
[3.284s] copying package.xml -> /home/tora/soft_ws/install/controller/share/controller
[3.284s] creating /home/tora/soft_ws/install/controller/share/controller/launch
[3.284s] copying launch/simple_run.launch.xml -> /home/tora/soft_ws/install/controller/share/controller/launch
[3.284s] running install_egg_info
[3.286s] Copying ../../build/controller/controller.egg-info to /home/tora/soft_ws/install/controller/lib/python3.10/site-packages/controller-0.0.0-py3.10.egg-info
[3.287s] running install_scripts
[3.311s] Installing odom_calc script to /home/tora/soft_ws/install/controller/lib/controller
[3.312s] Installing rover script to /home/tora/soft_ws/install/controller/lib/controller
[3.312s] Installing teleop_joy_control script to /home/tora/soft_ws/install/controller/lib/controller
[3.312s] Installing wheel_ctl_serial_master script to /home/tora/soft_ws/install/controller/lib/controller
[3.312s] writing list of installed files to '/home/tora/soft_ws/build/controller/install.log'
[3.335s] Invoked command in '/home/tora/soft_ws/src/controller' returned '0': PYTHONPATH=/home/tora/soft_ws/build/controller/prefix_override:/usr/lib/python3/dist-packages/colcon_core/task/python/colcon_distutils_commands:/home/tora/soft_ws/install/controller/lib/python3.10/site-packages:${PYTHONPATH} /usr/bin/python3 -W ignore:setup.py install is deprecated setup.py egg_info --egg-base ../../build/controller build --build-base /home/tora/soft_ws/build/controller/build install --record /home/tora/soft_ws/build/controller/install.log --single-version-externally-managed install_data
