[2.658s] Invoking command in '/home/tora/soft_ws/src/controller': PYTHONPATH=/home/tora/soft_ws/build/controller/prefix_override:/usr/lib/python3/dist-packages/colcon_core/task/python/colcon_distutils_commands:/home/tora/soft_ws/install/controller/lib/python3.10/site-packages:${PYTHONPATH} /usr/bin/python3 -W ignore:setup.py install is deprecated setup.py egg_info --egg-base ../../build/controller build --build-base /home/tora/soft_ws/build/controller/build install --record /home/tora/soft_ws/build/controller/install.log --single-version-externally-managed install_data
[2.973s] running egg_info
[2.973s] writing ../../build/controller/controller.egg-info/PKG-INFO
[2.973s] writing dependency_links to ../../build/controller/controller.egg-info/dependency_links.txt
[2.973s] writing entry points to ../../build/controller/controller.egg-info/entry_points.txt
[2.973s] writing requirements to ../../build/controller/controller.egg-info/requires.txt
[2.973s] writing top-level names to ../../build/controller/controller.egg-info/top_level.txt
[2.975s] reading manifest file '../../build/controller/controller.egg-info/SOURCES.txt'
[2.975s] writing manifest file '../../build/controller/controller.egg-info/SOURCES.txt'
[2.975s] running build
[2.975s] running build_py
[2.975s] running install
[2.975s] running install_lib
[2.976s] running install_data
[2.977s] running install_egg_info
[2.978s] removing '/home/tora/soft_ws/install/controller/lib/python3.10/site-packages/controller-0.0.0-py3.10.egg-info' (and everything under it)
[2.978s] Copying ../../build/controller/controller.egg-info to /home/tora/soft_ws/install/controller/lib/python3.10/site-packages/controller-0.0.0-py3.10.egg-info
[2.978s] running install_scripts
[2.994s] Installing odom_calc script to /home/tora/soft_ws/install/controller/lib/controller
[2.994s] Installing rover script to /home/tora/soft_ws/install/controller/lib/controller
[2.994s] Installing teleop_joy_control script to /home/tora/soft_ws/install/controller/lib/controller
[2.994s] Installing wheel_ctl_serial_master script to /home/tora/soft_ws/install/controller/lib/controller
[2.994s] writing list of installed files to '/home/tora/soft_ws/build/controller/install.log'
[3.009s] Invoked command in '/home/tora/soft_ws/src/controller' returned '0': PYTHONPATH=/home/tora/soft_ws/build/controller/prefix_override:/usr/lib/python3/dist-packages/colcon_core/task/python/colcon_distutils_commands:/home/tora/soft_ws/install/controller/lib/python3.10/site-packages:${PYTHONPATH} /usr/bin/python3 -W ignore:setup.py install is deprecated setup.py egg_info --egg-base ../../build/controller build --build-base /home/tora/soft_ws/build/controller/build install --record /home/tora/soft_ws/build/controller/install.log --single-version-externally-managed install_data
