running develop
running egg_info
creating rover_bringup.egg-info
writing rover_bringup.egg-info/PKG-INFO
writing dependency_links to rover_bringup.egg-info/dependency_links.txt
writing entry points to rover_bringup.egg-info/entry_points.txt
writing requirements to rover_bringup.egg-info/requires.txt
writing top-level names to rover_bringup.egg-info/top_level.txt
writing manifest file 'rover_bringup.egg-info/SOURCES.txt'
reading manifest file 'rover_bringup.egg-info/SOURCES.txt'
writing manifest file 'rover_bringup.egg-info/SOURCES.txt'
running build_ext
Creating /home/tora/soft_ws/self_development/install/rover_bringup/lib/python3.10/site-packages/rover-bringup.egg-link (link to .)

Installed /home/tora/soft_ws/self_development/build/rover_bringup
running symlink_data
creating /home/tora/soft_ws/self_development/install/rover_bringup/share/ament_index
creating /home/tora/soft_ws/self_development/install/rover_bringup/share/ament_index/resource_index
creating /home/tora/soft_ws/self_development/install/rover_bringup/share/ament_index/resource_index/packages
symbolically linking /home/tora/soft_ws/self_development/build/rover_bringup/resource/rover_bringup -> /home/tora/soft_ws/self_development/install/rover_bringup/share/ament_index/resource_index/packages
symbolically linking /home/tora/soft_ws/self_development/build/rover_bringup/package.xml -> /home/tora/soft_ws/self_development/install/rover_bringup/share/rover_bringup
creating /home/tora/soft_ws/self_development/install/rover_bringup/share/rover_bringup/launch
symbolically linking /home/tora/soft_ws/self_development/build/rover_bringup/launch/real_nav.launch.py -> /home/tora/soft_ws/self_development/install/rover_bringup/share/rover_bringup/launch
symbolically linking /home/tora/soft_ws/self_development/build/rover_bringup/launch/gazebo_nav.launch.py -> /home/tora/soft_ws/self_development/install/rover_bringup/share/rover_bringup/launch
