[2.846s] Invoking command in '/home/tora/soft_ws/self_development/build/rover_bringup': PYTHONPATH=/home/tora/soft_ws/self_development/build/rover_bringup/prefix_override:/usr/lib/python3/dist-packages/colcon_core/task/python/colcon_distutils_commands:/home/tora/soft_ws/self_development/install/rover_bringup/lib/python3.10/site-packages:${PYTHONPATH} /usr/bin/python3 -W ignore:setup.py install is deprecated -W ignore:easy_install command is deprecated setup.py develop --editable --build-directory /home/tora/soft_ws/self_development/build/rover_bringup/build --no-deps symlink_data
[3.423s] running develop
[3.706s] running egg_info
[3.707s] creating rover_bringup.egg-info
[3.707s] writing rover_bringup.egg-info/PKG-INFO
[3.707s] writing dependency_links to rover_bringup.egg-info/dependency_links.txt
[3.707s] writing entry points to rover_bringup.egg-info/entry_points.txt
[3.707s] writing requirements to rover_bringup.egg-info/requires.txt
[3.707s] writing top-level names to rover_bringup.egg-info/top_level.txt
[3.707s] writing manifest file 'rover_bringup.egg-info/SOURCES.txt'
[3.709s] reading manifest file 'rover_bringup.egg-info/SOURCES.txt'
[3.709s] writing manifest file 'rover_bringup.egg-info/SOURCES.txt'
[3.712s] running build_ext
[3.712s] Creating /home/tora/soft_ws/self_development/install/rover_bringup/lib/python3.10/site-packages/rover-bringup.egg-link (link to .)
[3.713s] 
[3.713s] Installed /home/tora/soft_ws/self_development/build/rover_bringup
[3.713s] running symlink_data
[3.713s] creating /home/tora/soft_ws/self_development/install/rover_bringup/share/ament_index
[3.713s] creating /home/tora/soft_ws/self_development/install/rover_bringup/share/ament_index/resource_index
[3.713s] creating /home/tora/soft_ws/self_development/install/rover_bringup/share/ament_index/resource_index/packages
[3.713s] symbolically linking /home/tora/soft_ws/self_development/build/rover_bringup/resource/rover_bringup -> /home/tora/soft_ws/self_development/install/rover_bringup/share/ament_index/resource_index/packages
[3.713s] symbolically linking /home/tora/soft_ws/self_development/build/rover_bringup/package.xml -> /home/tora/soft_ws/self_development/install/rover_bringup/share/rover_bringup
[3.713s] creating /home/tora/soft_ws/self_development/install/rover_bringup/share/rover_bringup/launch
[3.713s] symbolically linking /home/tora/soft_ws/self_development/build/rover_bringup/launch/real_nav.launch.py -> /home/tora/soft_ws/self_development/install/rover_bringup/share/rover_bringup/launch
[3.713s] symbolically linking /home/tora/soft_ws/self_development/build/rover_bringup/launch/gazebo_nav.launch.py -> /home/tora/soft_ws/self_development/install/rover_bringup/share/rover_bringup/launch
[3.742s] Invoked command in '/home/tora/soft_ws/self_development/build/rover_bringup' returned '0': PYTHONPATH=/home/tora/soft_ws/self_development/build/rover_bringup/prefix_override:/usr/lib/python3/dist-packages/colcon_core/task/python/colcon_distutils_commands:/home/tora/soft_ws/self_development/install/rover_bringup/lib/python3.10/site-packages:${PYTHONPATH} /usr/bin/python3 -W ignore:setup.py install is deprecated -W ignore:easy_install command is deprecated setup.py develop --editable --build-directory /home/tora/soft_ws/self_development/build/rover_bringup/build --no-deps symlink_data
