running develop
Removing /home/tora/soft_ws/install/rover_description/lib/python3.10/site-packages/rover-description.egg-link (link to .)
running egg_info
writing ../../build/rover_description/rover_description.egg-info/PKG-INFO
writing dependency_links to ../../build/rover_description/rover_description.egg-info/dependency_links.txt
writing entry points to ../../build/rover_description/rover_description.egg-info/entry_points.txt
writing requirements to ../../build/rover_description/rover_description.egg-info/requires.txt
writing top-level names to ../../build/rover_description/rover_description.egg-info/top_level.txt
reading manifest file '../../build/rover_description/rover_description.egg-info/SOURCES.txt'
writing manifest file '../../build/rover_description/rover_description.egg-info/SOURCES.txt'
running build
running build_py
running install
running install_lib
creating /home/tora/soft_ws/install/rover_description/lib/python3.10/site-packages/rover_description
copying /home/tora/soft_ws/build/rover_description/build/lib/rover_description/__init__.py -> /home/tora/soft_ws/install/rover_description/lib/python3.10/site-packages/rover_description
byte-compiling /home/tora/soft_ws/install/rover_description/lib/python3.10/site-packages/rover_description/__init__.py to __init__.cpython-310.pyc
running install_data
copying resource/rover_description -> /home/tora/soft_ws/install/rover_description/share/ament_index/resource_index/packages
copying package.xml -> /home/tora/soft_ws/install/rover_description/share/rover_description
copying launch/display.launch.py -> /home/tora/soft_ws/install/rover_description/share/rover_description/launch
copying launch/gazebo.launch.py -> /home/tora/soft_ws/install/rover_description/share/rover_description/launch
copying launch/gazebo_world.launch.py -> /home/tora/soft_ws/install/rover_description/share/rover_description/launch
copying urdf/rover.trans -> /home/tora/soft_ws/install/rover_description/share/rover_description/urdf
copying urdf/materials.xacro -> /home/tora/soft_ws/install/rover_description/share/rover_description/urdf
copying urdf/rover_description.xacro -> /home/tora/soft_ws/install/rover_description/share/rover_description/urdf
copying urdf/diff_control.xacro -> /home/tora/soft_ws/install/rover_description/share/rover_description/urdf
copying urdf/realsense.urdf -> /home/tora/soft_ws/install/rover_description/share/rover_description/urdf
copying urdf/_d435.gazebo.xacro -> /home/tora/soft_ws/install/rover_description/share/rover_description/urdf
copying urdf/rover.xacro -> /home/tora/soft_ws/install/rover_description/share/rover_description/urdf
copying urdf/rover_realsense.xacro -> /home/tora/soft_ws/install/rover_description/share/rover_description/urdf
copying urdf/rover.gazebo -> /home/tora/soft_ws/install/rover_description/share/rover_description/urdf
copying urdf/_d435.urdf.xacro -> /home/tora/soft_ws/install/rover_description/share/rover_description/urdf
copying meshes/chassis_left_1.stl -> /home/tora/soft_ws/install/rover_description/share/rover_description/meshes
copying meshes/d435.dae -> /home/tora/soft_ws/install/rover_description/share/rover_description/meshes
copying meshes/wheel_right_front_1.stl -> /home/tora/soft_ws/install/rover_description/share/rover_description/meshes
copying meshes/wheel_right_back_1.stl -> /home/tora/soft_ws/install/rover_description/share/rover_description/meshes
copying meshes/chassis_right_1.stl -> /home/tora/soft_ws/install/rover_description/share/rover_description/meshes
copying meshes/base_link.stl -> /home/tora/soft_ws/install/rover_description/share/rover_description/meshes
copying meshes/wheel_left_front_1.stl -> /home/tora/soft_ws/install/rover_description/share/rover_description/meshes
copying meshes/wheel_left_back_1.stl -> /home/tora/soft_ws/install/rover_description/share/rover_description/meshes
copying config/display.rviz -> /home/tora/soft_ws/install/rover_description/share/rover_description/config
copying config/diff_robot.yaml -> /home/tora/soft_ws/install/rover_description/share/rover_description/config
copying world/display.world -> /home/tora/soft_ws/install/rover_description/share/rover_description/world
copying models/realsense_camera/model.sdf -> /home/tora/soft_ws/install/rover_description/share/rover_description/models
copying models/realsense_camera/model.config -> /home/tora/soft_ws/install/rover_description/share/rover_description/models
running install_egg_info
Copying ../../build/rover_description/rover_description.egg-info to /home/tora/soft_ws/install/rover_description/lib/python3.10/site-packages/rover_description-0.0.0-py3.10.egg-info
running install_scripts
writing list of installed files to '/home/tora/soft_ws/build/rover_description/install.log'
