[1.190s] Invoking command in '/home/tora/soft_ws/build/realsense_gazebo_plugin': /usr/bin/cmake /home/tora/soft_ws/src/realsense_gazebo_plugin -DCATKIN_INSTALL_INTO_PREFIX_ROOT=0 -DCATKIN_SYMLINK_INSTALL=ON -DCMAKE_INSTALL_PREFIX=/home/tora/soft_ws/install/realsense_gazebo_plugin
[1.760s] -- The C compiler identification is GNU 11.4.0
[1.797s] -- The CXX compiler identification is GNU 11.4.0
[1.834s] -- Detecting C compiler ABI info
[2.134s] -- Detecting C compiler ABI info - done
[2.161s] -- Check for working C compiler: /usr/bin/cc - skipped
[2.162s] -- Detecting C compile features
[2.164s] -- Detecting C compile features - done
[2.177s] -- Detecting CXX compiler ABI info
[2.646s] -- Detecting CXX compiler ABI info - done
[2.661s] -- Check for working CXX compiler: /usr/bin/c++ - skipped
[2.662s] -- Detecting CXX compile features
[2.663s] -- Detecting CXX compile features - done
[2.811s] -- Found ament_cmake: 1.3.10 (/opt/ros/humble/share/ament_cmake/cmake)
[3.099s] -- Found Python3: /usr/bin/python3 (found version "3.10.12") found components: Interpreter 
[3.475s] -- Found rclcpp: 16.0.10 (/opt/ros/humble/share/rclcpp/cmake)
[3.713s] -- Found rosidl_generator_c: 3.1.5 (/opt/ros/humble/share/rosidl_generator_c/cmake)
[3.743s] -- Found rosidl_adapter: 3.1.5 (/opt/ros/humble/share/rosidl_adapter/cmake)
[3.777s] -- Found rosidl_generator_cpp: 3.1.5 (/opt/ros/humble/share/rosidl_generator_cpp/cmake)
[3.833s] -- Using all available rosidl_typesupport_c: rosidl_typesupport_microxrcedds_c;rosidl_typesupport_fastrtps_c;rosidl_typesupport_introspection_c
[3.914s] -- Using all available rosidl_typesupport_cpp: rosidl_typesupport_microxrcedds_cpp;rosidl_typesupport_fastrtps_cpp;rosidl_typesupport_introspection_cpp
[4.105s] -- Found rmw_implementation_cmake: 6.1.2 (/opt/ros/humble/share/rmw_implementation_cmake/cmake)
[4.134s] -- Found rmw_cyclonedds_cpp: 1.3.4 (/opt/ros/humble/share/rmw_cyclonedds_cpp/cmake)
[4.253s] -- Using RMW implementation 'rmw_cyclonedds_cpp' as default
[4.304s] -- Looking for pthread.h
[4.670s] -- Looking for pthread.h - found
[4.670s] -- Performing Test CMAKE_HAVE_LIBC_PTHREAD
[5.158s] -- Performing Test CMAKE_HAVE_LIBC_PTHREAD - Success
[5.161s] -- Found Threads: TRUE  
[5.518s] -- Found gazebo_ros: 3.7.0 (/opt/ros/humble/share/gazebo_ros/cmake)
[5.641s] -- Found PkgConfig: /usr/bin/pkg-config (found version "0.29.2") 
[5.644s] -- Checking for module 'bullet>=2.82'
[5.805s] --   Found bullet, version 3.05
[6.754s] -- Found fcl: /usr/include (found suitable version "0.7.0", minimum required is "0.5.0") 
[7.101s] -- Found assimp: /usr/include (found version "5.2.0") 
[7.364s] -- Found DART: /usr/include (Required is at least version "6.6") found components: dart 
[7.586s] -- Found Boost: /usr/lib/x86_64-linux-gnu/cmake/Boost-1.74.0/BoostConfig.cmake (found suitable version "1.74.0", minimum required is "1.40.0") found components: thread system filesystem program_options regex iostreams date_time 
[7.732s] -- Found Protobuf: /usr/lib/x86_64-linux-gnu/libprotobuf.so (found version "3.12.4") 
[7.886s] -- Looking for ignition-math6 -- found version 6.15.1
[8.010s] -- Searching for dependencies of ignition-math6
[8.018s] -- Looking for OGRE...
[8.019s] -- OGRE_PREFIX_WATCH changed.
[8.040s] -- Checking for module 'OGRE'
[8.164s] --   Found OGRE, version 1.9.0
[8.460s] -- Found Ogre Ghadamon (1.9.0)
[8.580s] -- Found OGRE: optimized;/usr/lib/x86_64-linux-gnu/libOgreMain.so;debug;/usr/lib/x86_64-linux-gnu/libOgreMain.so
[8.591s] -- Looking for OGRE_Paging...
[8.621s] -- Found OGRE_Paging: optimized;/usr/lib/x86_64-linux-gnu/libOgrePaging.so;debug;/usr/lib/x86_64-linux-gnu/libOgrePaging.so
[8.621s] -- Looking for OGRE_Terrain...
[8.651s] -- Found OGRE_Terrain: optimized;/usr/lib/x86_64-linux-gnu/libOgreTerrain.so;debug;/usr/lib/x86_64-linux-gnu/libOgreTerrain.so
[8.651s] -- Looking for OGRE_Property...
[8.680s] -- Found OGRE_Property: optimized;/usr/lib/x86_64-linux-gnu/libOgreProperty.so;debug;/usr/lib/x86_64-linux-gnu/libOgreProperty.so
[8.680s] -- Looking for OGRE_RTShaderSystem...
[8.710s] -- Found OGRE_RTShaderSystem: optimized;/usr/lib/x86_64-linux-gnu/libOgreRTShaderSystem.so;debug;/usr/lib/x86_64-linux-gnu/libOgreRTShaderSystem.so
[8.710s] -- Looking for OGRE_Volume...
[8.739s] -- Found OGRE_Volume: optimized;/usr/lib/x86_64-linux-gnu/libOgreVolume.so;debug;/usr/lib/x86_64-linux-gnu/libOgreVolume.so
[8.740s] -- Looking for OGRE_Overlay...
[8.769s] -- Found OGRE_Overlay: optimized;/usr/lib/x86_64-linux-gnu/libOgreOverlay.so;debug;/usr/lib/x86_64-linux-gnu/libOgreOverlay.so
[9.579s] -- Looking for ignition-math6 -- found version 6.15.1
[9.613s] -- Looking for ignition-transport8 -- found version 8.2.1
[9.613s] -- Searching for dependencies of ignition-transport8
[9.664s] -- Found Protobuf: /usr/lib/x86_64-linux-gnu/libprotobuf.so (found suitable version "3.12.4", minimum required is "3") 
[9.711s] -- Config-file not installed for ZeroMQ -- checking for pkg-config
[9.725s] -- Checking for module 'libzmq >= 4'
[9.854s] --   Found libzmq , version 4.3.4
[10.078s] -- Found ZeroMQ: TRUE (Required is at least version "4") 
[10.110s] -- Checking for module 'uuid'
[10.221s] --   Found uuid, version 2.37.2
[10.443s] -- Found UUID: TRUE  
[10.506s] -- Looking for ignition-msgs5 -- found version 5.8.1
[10.507s] -- Searching for dependencies of ignition-msgs5
[10.617s] -- Looking for ignition-math6 -- found version 6.15.1
[10.654s] -- Checking for module 'tinyxml2'
[10.793s] --   Found tinyxml2, version 9.0.0
[11.083s] -- Looking for ignition-msgs5 -- found version 5.8.1
[11.162s] -- Looking for ignition-common3 -- found version 3.14.0
[11.163s] -- Searching for dependencies of ignition-common3
[11.175s] -- Looking for dlfcn.h - found
[11.186s] -- Looking for libdl - found
[11.192s] -- Found DL: TRUE  
[11.340s] -- Found tinyobjloader: /usr/lib/x86_64-linux-gnu/cmake/tinyobjloader/tinyobjloader-config.cmake (found version "2.0.0") 
[11.342s] -- Searching for <ignition-common3> component [graphics]
[11.378s] -- Looking for ignition-common3-graphics -- found version 3.14.0
[11.378s] -- Searching for dependencies of ignition-common3-graphics
[11.378s] -- Looking for ignition-math6 -- found version 6.15.1
[11.406s] -- Looking for ignition-fuel_tools4 -- found version 4.4.0
[11.406s] -- Searching for dependencies of ignition-fuel_tools4
[11.942s] -- Found CURL: /usr/lib/x86_64-linux-gnu/libcurl.so (found version "7.81.0")  
[12.034s] -- Checking for module 'jsoncpp'
[12.147s] --   Found jsoncpp, version 1.9.5
[12.356s] -- Found JSONCPP: TRUE  
[12.379s] -- Checking for module 'libzip'
[12.489s] --   Found libzip, version 1.7.3
[12.703s] -- Found ZIP: TRUE  
[12.704s] -- Looking for ignition-common3 -- found version 3.14.0
[12.705s] -- Looking for ignition-math6 -- found version 6.15.1
[12.706s] -- Looking for ignition-msgs5 -- found version 5.8.1
[12.781s] -- Gazebo version: 11.10
[12.782s] -- Checking for module 'tbb'
[12.894s] --   Found tbb, version 2021.5.0
[13.176s] -- Found image_transport: 3.1.9 (/opt/ros/humble/share/image_transport/cmake)
[13.580s] -- Found camera_info_manager: 3.1.9 (/opt/ros/humble/share/camera_info_manager/cmake)
[14.036s] -- Found ament_lint_auto: 0.12.11 (/opt/ros/humble/share/ament_lint_auto/cmake)
[14.254s] -- Configuring done
[14.340s] -- Generating done
[14.343s] [33mCMake Warning:
[14.343s]   Manually-specified variables were not used by the project:
[14.343s] 
[14.344s]     CATKIN_INSTALL_INTO_PREFIX_ROOT
[14.344s]     CATKIN_SYMLINK_INSTALL
[14.344s] 
[14.344s] [0m
[14.345s] -- Build files have been written to: /home/tora/soft_ws/build/realsense_gazebo_plugin
[14.378s] Invoked command in '/home/tora/soft_ws/build/realsense_gazebo_plugin' returned '0': /usr/bin/cmake /home/tora/soft_ws/src/realsense_gazebo_plugin -DCATKIN_INSTALL_INTO_PREFIX_ROOT=0 -DCATKIN_SYMLINK_INSTALL=ON -DCMAKE_INSTALL_PREFIX=/home/tora/soft_ws/install/realsense_gazebo_plugin
[14.382s] Invoking command in '/home/tora/soft_ws/build/realsense_gazebo_plugin': /usr/bin/cmake --build /home/tora/soft_ws/build/realsense_gazebo_plugin -- -j16 -l16
[14.754s] [ 33%] [32mBuilding CXX object CMakeFiles/realsense_gazebo_plugin.dir/src/RealSensePlugin.cpp.o[0m
[14.767s] [ 66%] [32mBuilding CXX object CMakeFiles/realsense_gazebo_plugin.dir/src/gazebo_ros_realsense.cpp.o[0m
[33.923s] [100%] [32m[1mLinking CXX shared library librealsense_gazebo_plugin.so[0m
[35.053s] [100%] Built target realsense_gazebo_plugin
[35.107s] Invoked command in '/home/tora/soft_ws/build/realsense_gazebo_plugin' returned '0': /usr/bin/cmake --build /home/tora/soft_ws/build/realsense_gazebo_plugin -- -j16 -l16
[35.885s] Invoking command in '/home/tora/soft_ws/build/realsense_gazebo_plugin': /usr/bin/cmake --install /home/tora/soft_ws/build/realsense_gazebo_plugin
[35.955s] -- Install configuration: ""
[35.957s] -- Installing: /home/tora/soft_ws/install/realsense_gazebo_plugin/lib/librealsense_gazebo_plugin.so
[35.963s] -- Set runtime path of "/home/tora/soft_ws/install/realsense_gazebo_plugin/lib/librealsense_gazebo_plugin.so" to ""
[35.964s] -- Installing: /home/tora/soft_ws/install/realsense_gazebo_plugin/include/
[35.964s] -- Installing: /home/tora/soft_ws/install/realsense_gazebo_plugin/include//realsense_gazebo_plugin
[35.964s] -- Installing: /home/tora/soft_ws/install/realsense_gazebo_plugin/include//realsense_gazebo_plugin/RealSensePlugin.h
[35.964s] -- Installing: /home/tora/soft_ws/install/realsense_gazebo_plugin/include//realsense_gazebo_plugin/gazebo_ros_realsense.h
[35.964s] -- Installing: /home/tora/soft_ws/install/realsense_gazebo_plugin/share/realsense_gazebo_plugin/environment/library_path.sh
[35.964s] -- Installing: /home/tora/soft_ws/install/realsense_gazebo_plugin/share/realsense_gazebo_plugin/environment/library_path.dsv
[35.965s] -- Installing: /home/tora/soft_ws/install/realsense_gazebo_plugin/share/ament_index/resource_index/package_run_dependencies/realsense_gazebo_plugin
[35.965s] -- Installing: /home/tora/soft_ws/install/realsense_gazebo_plugin/share/ament_index/resource_index/parent_prefix_path/realsense_gazebo_plugin
[35.965s] -- Installing: /home/tora/soft_ws/install/realsense_gazebo_plugin/share/realsense_gazebo_plugin/environment/ament_prefix_path.sh
[35.965s] -- Installing: /home/tora/soft_ws/install/realsense_gazebo_plugin/share/realsense_gazebo_plugin/environment/ament_prefix_path.dsv
[35.965s] -- Installing: /home/tora/soft_ws/install/realsense_gazebo_plugin/share/realsense_gazebo_plugin/environment/path.sh
[35.965s] -- Installing: /home/tora/soft_ws/install/realsense_gazebo_plugin/share/realsense_gazebo_plugin/environment/path.dsv
[35.966s] -- Installing: /home/tora/soft_ws/install/realsense_gazebo_plugin/share/realsense_gazebo_plugin/local_setup.bash
[35.966s] -- Installing: /home/tora/soft_ws/install/realsense_gazebo_plugin/share/realsense_gazebo_plugin/local_setup.sh
[35.966s] -- Installing: /home/tora/soft_ws/install/realsense_gazebo_plugin/share/realsense_gazebo_plugin/local_setup.zsh
[35.966s] -- Installing: /home/tora/soft_ws/install/realsense_gazebo_plugin/share/realsense_gazebo_plugin/local_setup.dsv
[35.966s] -- Installing: /home/tora/soft_ws/install/realsense_gazebo_plugin/share/realsense_gazebo_plugin/package.dsv
[35.967s] -- Installing: /home/tora/soft_ws/install/realsense_gazebo_plugin/share/ament_index/resource_index/packages/realsense_gazebo_plugin
[35.967s] -- Installing: /home/tora/soft_ws/install/realsense_gazebo_plugin/share/realsense_gazebo_plugin/cmake/ament_cmake_export_include_directories-extras.cmake
[35.967s] -- Installing: /home/tora/soft_ws/install/realsense_gazebo_plugin/share/realsense_gazebo_plugin/cmake/ament_cmake_export_libraries-extras.cmake
[35.967s] -- Installing: /home/tora/soft_ws/install/realsense_gazebo_plugin/share/realsense_gazebo_plugin/cmake/realsense_gazebo_pluginConfig.cmake
[35.967s] -- Installing: /home/tora/soft_ws/install/realsense_gazebo_plugin/share/realsense_gazebo_plugin/cmake/realsense_gazebo_pluginConfig-version.cmake
[35.967s] -- Installing: /home/tora/soft_ws/install/realsense_gazebo_plugin/share/realsense_gazebo_plugin/package.xml
[35.970s] Invoked command in '/home/tora/soft_ws/build/realsense_gazebo_plugin' returned '0': /usr/bin/cmake --install /home/tora/soft_ws/build/realsense_gazebo_plugin
