[0.178s] DEBUG:colcon:Command line arguments: ['/usr/bin/colcon', 'build']
[0.178s] DEBUG:colcon:Parsed command line arguments: Namespace(log_base=None, log_level=None, verb_name='build', build_base='build', install_base='install', merge_install=False, symlink_install=False, test_result_base=None, continue_on_error=False, executor='parallel', parallel_workers=16, event_handlers=None, ignore_user_meta=False, metas=['./colcon.meta'], base_paths=['.'], packages_ignore=None, packages_ignore_regex=None, paths=None, packages_up_to=None, packages_up_to_regex=None, packages_above=None, packages_above_and_dependencies=None, packages_above_depth=None, packages_select_by_dep=None, packages_skip_by_dep=None, packages_skip_up_to=None, packages_select_build_failed=False, packages_skip_build_finished=False, packages_select_test_failures=False, packages_skip_test_passed=False, packages_select=None, packages_skip=None, packages_select_regex=None, packages_skip_regex=None, packages_start=None, packages_end=None, allow_overriding=[], cmake_args=None, cmake_target=None, cmake_target_skip_unavailable=False, cmake_clean_cache=False, cmake_clean_first=False, cmake_force_configure=False, ament_cmake_args=None, catkin_cmake_args=None, catkin_skip_building_tests=False, mixin_files=None, mixin=None, verb_parser=<colcon_mixin.mixin.mixin_argument.MixinArgumentDecorator object at 0x7a376428ebc0>, verb_extension=<colcon_core.verb.build.BuildVerb object at 0x7a37642078e0>, main=<bound method BuildVerb.main of <colcon_core.verb.build.BuildVerb object at 0x7a37642078e0>>, mixin_verb=('build',))
[0.477s] Level 1:colcon.colcon_core.package_discovery:discover_packages(colcon_meta) check parameters
[0.477s] Level 1:colcon.colcon_core.package_discovery:discover_packages(recursive) check parameters
[0.478s] Level 1:colcon.colcon_core.package_discovery:discover_packages(ignore) check parameters
[0.478s] Level 1:colcon.colcon_core.package_discovery:discover_packages(path) check parameters
[0.478s] Level 1:colcon.colcon_core.package_discovery:discover_packages(colcon_meta) discover
[0.478s] Level 1:colcon.colcon_core.package_discovery:discover_packages(recursive) discover
[0.478s] INFO:colcon.colcon_core.package_discovery:Crawling recursively for packages in '/home/tora/soft_ws'
[0.478s] Level 1:colcon.colcon_core.package_identification:_identify(.) by extensions ['ignore', 'ignore_ament_install']
[0.478s] Level 1:colcon.colcon_core.package_identification:_identify(.) by extension 'ignore'
[0.478s] Level 1:colcon.colcon_core.package_identification:_identify(.) by extension 'ignore_ament_install'
[0.478s] Level 1:colcon.colcon_core.package_identification:_identify(.) by extensions ['colcon_pkg']
[0.478s] Level 1:colcon.colcon_core.package_identification:_identify(.) by extension 'colcon_pkg'
[0.478s] Level 1:colcon.colcon_core.package_identification:_identify(.) by extensions ['colcon_meta']
[0.478s] Level 1:colcon.colcon_core.package_identification:_identify(.) by extension 'colcon_meta'
[0.478s] Level 1:colcon.colcon_core.package_identification:_identify(.) by extensions ['ros']
[0.478s] Level 1:colcon.colcon_core.package_identification:_identify(.) by extension 'ros'
[0.489s] Level 1:colcon.colcon_core.package_identification:_identify(.) by extensions ['cmake', 'python']
[0.489s] Level 1:colcon.colcon_core.package_identification:_identify(.) by extension 'cmake'
[0.489s] Level 1:colcon.colcon_core.package_identification:_identify(.) by extension 'python'
[0.489s] Level 1:colcon.colcon_core.package_identification:_identify(.) by extensions ['python_setup_py']
[0.489s] Level 1:colcon.colcon_core.package_identification:_identify(.) by extension 'python_setup_py'
[0.489s] Level 1:colcon.colcon_core.package_identification:_identify(build) by extensions ['ignore', 'ignore_ament_install']
[0.489s] Level 1:colcon.colcon_core.package_identification:_identify(build) by extension 'ignore'
[0.489s] Level 1:colcon.colcon_core.package_identification:_identify(build) ignored
[0.489s] Level 1:colcon.colcon_core.package_identification:_identify(install) by extensions ['ignore', 'ignore_ament_install']
[0.489s] Level 1:colcon.colcon_core.package_identification:_identify(install) by extension 'ignore'
[0.489s] Level 1:colcon.colcon_core.package_identification:_identify(install) ignored
[0.489s] Level 1:colcon.colcon_core.package_identification:_identify(log) by extensions ['ignore', 'ignore_ament_install']
[0.490s] Level 1:colcon.colcon_core.package_identification:_identify(log) by extension 'ignore'
[0.490s] Level 1:colcon.colcon_core.package_identification:_identify(log) ignored
[0.490s] Level 1:colcon.colcon_core.package_identification:_identify(src) by extensions ['ignore', 'ignore_ament_install']
[0.490s] Level 1:colcon.colcon_core.package_identification:_identify(src) by extension 'ignore'
[0.490s] Level 1:colcon.colcon_core.package_identification:_identify(src) by extension 'ignore_ament_install'
[0.490s] Level 1:colcon.colcon_core.package_identification:_identify(src) by extensions ['colcon_pkg']
[0.490s] Level 1:colcon.colcon_core.package_identification:_identify(src) by extension 'colcon_pkg'
[0.490s] Level 1:colcon.colcon_core.package_identification:_identify(src) by extensions ['colcon_meta']
[0.490s] Level 1:colcon.colcon_core.package_identification:_identify(src) by extension 'colcon_meta'
[0.490s] Level 1:colcon.colcon_core.package_identification:_identify(src) by extensions ['ros']
[0.490s] Level 1:colcon.colcon_core.package_identification:_identify(src) by extension 'ros'
[0.490s] Level 1:colcon.colcon_core.package_identification:_identify(src) by extensions ['cmake', 'python']
[0.490s] Level 1:colcon.colcon_core.package_identification:_identify(src) by extension 'cmake'
[0.490s] Level 1:colcon.colcon_core.package_identification:_identify(src) by extension 'python'
[0.490s] Level 1:colcon.colcon_core.package_identification:_identify(src) by extensions ['python_setup_py']
[0.490s] Level 1:colcon.colcon_core.package_identification:_identify(src) by extension 'python_setup_py'
[0.490s] Level 1:colcon.colcon_core.package_identification:_identify(src/controller) by extensions ['ignore', 'ignore_ament_install']
[0.490s] Level 1:colcon.colcon_core.package_identification:_identify(src/controller) by extension 'ignore'
[0.490s] Level 1:colcon.colcon_core.package_identification:_identify(src/controller) by extension 'ignore_ament_install'
[0.490s] Level 1:colcon.colcon_core.package_identification:_identify(src/controller) by extensions ['colcon_pkg']
[0.490s] Level 1:colcon.colcon_core.package_identification:_identify(src/controller) by extension 'colcon_pkg'
[0.490s] Level 1:colcon.colcon_core.package_identification:_identify(src/controller) by extensions ['colcon_meta']
[0.490s] Level 1:colcon.colcon_core.package_identification:_identify(src/controller) by extension 'colcon_meta'
[0.491s] Level 1:colcon.colcon_core.package_identification:_identify(src/controller) by extensions ['ros']
[0.491s] Level 1:colcon.colcon_core.package_identification:_identify(src/controller) by extension 'ros'
[0.493s] DEBUG:colcon.colcon_core.package_identification:Package 'src/controller' with type 'ros.ament_python' and name 'controller'
[0.494s] Level 1:colcon.colcon_core.package_identification:_identify(src/navigation) by extensions ['ignore', 'ignore_ament_install']
[0.494s] Level 1:colcon.colcon_core.package_identification:_identify(src/navigation) by extension 'ignore'
[0.494s] Level 1:colcon.colcon_core.package_identification:_identify(src/navigation) by extension 'ignore_ament_install'
[0.494s] Level 1:colcon.colcon_core.package_identification:_identify(src/navigation) by extensions ['colcon_pkg']
[0.494s] Level 1:colcon.colcon_core.package_identification:_identify(src/navigation) by extension 'colcon_pkg'
[0.494s] Level 1:colcon.colcon_core.package_identification:_identify(src/navigation) by extensions ['colcon_meta']
[0.494s] Level 1:colcon.colcon_core.package_identification:_identify(src/navigation) by extension 'colcon_meta'
[0.494s] Level 1:colcon.colcon_core.package_identification:_identify(src/navigation) by extensions ['ros']
[0.494s] Level 1:colcon.colcon_core.package_identification:_identify(src/navigation) by extension 'ros'
[0.494s] DEBUG:colcon.colcon_core.package_identification:Package 'src/navigation' with type 'ros.ament_python' and name 'navigation'
[0.495s] Level 1:colcon.colcon_core.package_identification:_identify(src/realsense_gazebo_plugin) by extensions ['ignore', 'ignore_ament_install']
[0.495s] Level 1:colcon.colcon_core.package_identification:_identify(src/realsense_gazebo_plugin) by extension 'ignore'
[0.495s] Level 1:colcon.colcon_core.package_identification:_identify(src/realsense_gazebo_plugin) by extension 'ignore_ament_install'
[0.495s] Level 1:colcon.colcon_core.package_identification:_identify(src/realsense_gazebo_plugin) by extensions ['colcon_pkg']
[0.495s] Level 1:colcon.colcon_core.package_identification:_identify(src/realsense_gazebo_plugin) by extension 'colcon_pkg'
[0.495s] Level 1:colcon.colcon_core.package_identification:_identify(src/realsense_gazebo_plugin) by extensions ['colcon_meta']
[0.495s] Level 1:colcon.colcon_core.package_identification:_identify(src/realsense_gazebo_plugin) by extension 'colcon_meta'
[0.495s] Level 1:colcon.colcon_core.package_identification:_identify(src/realsense_gazebo_plugin) by extensions ['ros']
[0.495s] Level 1:colcon.colcon_core.package_identification:_identify(src/realsense_gazebo_plugin) by extension 'ros'
[0.496s] DEBUG:colcon.colcon_core.package_identification:Package 'src/realsense_gazebo_plugin' with type 'ros.catkin' and name 'realsense_gazebo_plugin'
[0.496s] Level 1:colcon.colcon_core.package_identification:_identify(src/rover_description) by extensions ['ignore', 'ignore_ament_install']
[0.496s] Level 1:colcon.colcon_core.package_identification:_identify(src/rover_description) by extension 'ignore'
[0.496s] Level 1:colcon.colcon_core.package_identification:_identify(src/rover_description) by extension 'ignore_ament_install'
[0.496s] Level 1:colcon.colcon_core.package_identification:_identify(src/rover_description) by extensions ['colcon_pkg']
[0.496s] Level 1:colcon.colcon_core.package_identification:_identify(src/rover_description) by extension 'colcon_pkg'
[0.496s] Level 1:colcon.colcon_core.package_identification:_identify(src/rover_description) by extensions ['colcon_meta']
[0.496s] Level 1:colcon.colcon_core.package_identification:_identify(src/rover_description) by extension 'colcon_meta'
[0.496s] Level 1:colcon.colcon_core.package_identification:_identify(src/rover_description) by extensions ['ros']
[0.496s] Level 1:colcon.colcon_core.package_identification:_identify(src/rover_description) by extension 'ros'
[0.497s] DEBUG:colcon.colcon_core.package_identification:Package 'src/rover_description' with type 'ros.ament_python' and name 'rover_description'
[0.497s] Level 1:colcon.colcon_core.package_identification:_identify(src/visual_odom) by extensions ['ignore', 'ignore_ament_install']
[0.497s] Level 1:colcon.colcon_core.package_identification:_identify(src/visual_odom) by extension 'ignore'
[0.497s] Level 1:colcon.colcon_core.package_identification:_identify(src/visual_odom) by extension 'ignore_ament_install'
[0.497s] Level 1:colcon.colcon_core.package_identification:_identify(src/visual_odom) by extensions ['colcon_pkg']
[0.497s] Level 1:colcon.colcon_core.package_identification:_identify(src/visual_odom) by extension 'colcon_pkg'
[0.497s] Level 1:colcon.colcon_core.package_identification:_identify(src/visual_odom) by extensions ['colcon_meta']
[0.497s] Level 1:colcon.colcon_core.package_identification:_identify(src/visual_odom) by extension 'colcon_meta'
[0.497s] Level 1:colcon.colcon_core.package_identification:_identify(src/visual_odom) by extensions ['ros']
[0.497s] Level 1:colcon.colcon_core.package_identification:_identify(src/visual_odom) by extension 'ros'
[0.498s] DEBUG:colcon.colcon_core.package_identification:Package 'src/visual_odom' with type 'ros.ament_python' and name 'visual_odom'
[0.498s] Level 1:colcon.colcon_core.package_discovery:discover_packages(recursive) using defaults
[0.498s] Level 1:colcon.colcon_core.package_discovery:discover_packages(ignore) discover
[0.498s] Level 1:colcon.colcon_core.package_discovery:discover_packages(ignore) using defaults
[0.498s] Level 1:colcon.colcon_core.package_discovery:discover_packages(path) discover
[0.498s] Level 1:colcon.colcon_core.package_discovery:discover_packages(path) using defaults
[0.529s] Level 1:colcon.colcon_core.package_discovery:discover_packages(prefix_path) check parameters
[0.529s] Level 1:colcon.colcon_core.package_discovery:discover_packages(prefix_path) discover
[0.549s] DEBUG:colcon.colcon_installed_package_information.package_discovery:Found 148 installed packages in /home/tora/install
[0.551s] DEBUG:colcon.colcon_installed_package_information.package_discovery:Found 5 installed packages in /home/tora/soft_ws/install
[0.551s] DEBUG:colcon.colcon_installed_package_information.package_discovery:Found 4 installed packages in /home/tora/realsense_ws/install
[0.552s] DEBUG:colcon.colcon_installed_package_information.package_discovery:Found 3 installed packages in /home/tora/turtlebot3_ws/install
[0.553s] DEBUG:colcon.colcon_installed_package_information.package_discovery:Found 39 installed packages in /home/tora/microros_ws/install
[0.554s] DEBUG:colcon.colcon_installed_package_information.package_discovery:Found 10 installed packages in /home/tora/seminar_ws/install
[0.560s] DEBUG:colcon.colcon_installed_package_information.package_discovery:Found 238 installed packages in /home/tora/autoware/install
[0.569s] DEBUG:colcon.colcon_installed_package_information.package_discovery:Found 5 installed packages in /home/tora/unit1_ws/install
[0.570s] DEBUG:colcon.colcon_installed_package_information.package_discovery:Found 5 installed packages in /home/tora/gazebo_realsense_test/src/install
[0.572s] DEBUG:colcon.colcon_installed_package_information.package_discovery:Found 510 installed packages in /opt/ros/humble
[0.576s] Level 1:colcon.colcon_core.package_discovery:discover_packages(prefix_path) using defaults
[0.818s] Level 5:colcon.colcon_core.verb:set package 'controller' build argument 'cmake_args' from command line to 'None'
[0.818s] Level 5:colcon.colcon_core.verb:set package 'controller' build argument 'cmake_target' from command line to 'None'
[0.818s] Level 5:colcon.colcon_core.verb:set package 'controller' build argument 'cmake_target_skip_unavailable' from command line to 'False'
[0.818s] Level 5:colcon.colcon_core.verb:set package 'controller' build argument 'cmake_clean_cache' from command line to 'False'
[0.818s] Level 5:colcon.colcon_core.verb:set package 'controller' build argument 'cmake_clean_first' from command line to 'False'
[0.818s] Level 5:colcon.colcon_core.verb:set package 'controller' build argument 'cmake_force_configure' from command line to 'False'
[0.818s] Level 5:colcon.colcon_core.verb:set package 'controller' build argument 'ament_cmake_args' from command line to 'None'
[0.818s] Level 5:colcon.colcon_core.verb:set package 'controller' build argument 'catkin_cmake_args' from command line to 'None'
[0.818s] Level 5:colcon.colcon_core.verb:set package 'controller' build argument 'catkin_skip_building_tests' from command line to 'False'
[0.818s] DEBUG:colcon.colcon_core.verb:Building package 'controller' with the following arguments: {'ament_cmake_args': None, 'build_base': '/home/tora/soft_ws/build/controller', 'catkin_cmake_args': None, 'catkin_skip_building_tests': False, 'cmake_args': None, 'cmake_clean_cache': False, 'cmake_clean_first': False, 'cmake_force_configure': False, 'cmake_target': None, 'cmake_target_skip_unavailable': False, 'install_base': '/home/tora/soft_ws/install/controller', 'merge_install': False, 'path': '/home/tora/soft_ws/src/controller', 'symlink_install': False, 'test_result_base': None}
[0.818s] Level 5:colcon.colcon_core.verb:set package 'navigation' build argument 'cmake_args' from command line to 'None'
[0.818s] Level 5:colcon.colcon_core.verb:set package 'navigation' build argument 'cmake_target' from command line to 'None'
[0.818s] Level 5:colcon.colcon_core.verb:set package 'navigation' build argument 'cmake_target_skip_unavailable' from command line to 'False'
[0.818s] Level 5:colcon.colcon_core.verb:set package 'navigation' build argument 'cmake_clean_cache' from command line to 'False'
[0.818s] Level 5:colcon.colcon_core.verb:set package 'navigation' build argument 'cmake_clean_first' from command line to 'False'
[0.818s] Level 5:colcon.colcon_core.verb:set package 'navigation' build argument 'cmake_force_configure' from command line to 'False'
[0.818s] Level 5:colcon.colcon_core.verb:set package 'navigation' build argument 'ament_cmake_args' from command line to 'None'
[0.818s] Level 5:colcon.colcon_core.verb:set package 'navigation' build argument 'catkin_cmake_args' from command line to 'None'
[0.818s] Level 5:colcon.colcon_core.verb:set package 'navigation' build argument 'catkin_skip_building_tests' from command line to 'False'
[0.818s] DEBUG:colcon.colcon_core.verb:Building package 'navigation' with the following arguments: {'ament_cmake_args': None, 'build_base': '/home/tora/soft_ws/build/navigation', 'catkin_cmake_args': None, 'catkin_skip_building_tests': False, 'cmake_args': None, 'cmake_clean_cache': False, 'cmake_clean_first': False, 'cmake_force_configure': False, 'cmake_target': None, 'cmake_target_skip_unavailable': False, 'install_base': '/home/tora/soft_ws/install/navigation', 'merge_install': False, 'path': '/home/tora/soft_ws/src/navigation', 'symlink_install': False, 'test_result_base': None}
[0.819s] Level 5:colcon.colcon_core.verb:set package 'realsense_gazebo_plugin' build argument 'cmake_args' from command line to 'None'
[0.819s] Level 5:colcon.colcon_core.verb:set package 'realsense_gazebo_plugin' build argument 'cmake_target' from command line to 'None'
[0.819s] Level 5:colcon.colcon_core.verb:set package 'realsense_gazebo_plugin' build argument 'cmake_target_skip_unavailable' from command line to 'False'
[0.819s] Level 5:colcon.colcon_core.verb:set package 'realsense_gazebo_plugin' build argument 'cmake_clean_cache' from command line to 'False'
[0.819s] Level 5:colcon.colcon_core.verb:set package 'realsense_gazebo_plugin' build argument 'cmake_clean_first' from command line to 'False'
[0.819s] Level 5:colcon.colcon_core.verb:set package 'realsense_gazebo_plugin' build argument 'cmake_force_configure' from command line to 'False'
[0.819s] Level 5:colcon.colcon_core.verb:set package 'realsense_gazebo_plugin' build argument 'ament_cmake_args' from command line to 'None'
[0.819s] Level 5:colcon.colcon_core.verb:set package 'realsense_gazebo_plugin' build argument 'catkin_cmake_args' from command line to 'None'
[0.819s] Level 5:colcon.colcon_core.verb:set package 'realsense_gazebo_plugin' build argument 'catkin_skip_building_tests' from command line to 'False'
[0.819s] DEBUG:colcon.colcon_core.verb:Building package 'realsense_gazebo_plugin' with the following arguments: {'ament_cmake_args': None, 'build_base': '/home/tora/soft_ws/build/realsense_gazebo_plugin', 'catkin_cmake_args': None, 'catkin_skip_building_tests': False, 'cmake_args': None, 'cmake_clean_cache': False, 'cmake_clean_first': False, 'cmake_force_configure': False, 'cmake_target': None, 'cmake_target_skip_unavailable': False, 'install_base': '/home/tora/soft_ws/install/realsense_gazebo_plugin', 'merge_install': False, 'path': '/home/tora/soft_ws/src/realsense_gazebo_plugin', 'symlink_install': False, 'test_result_base': None}
[0.819s] Level 5:colcon.colcon_core.verb:set package 'rover_description' build argument 'cmake_args' from command line to 'None'
[0.819s] Level 5:colcon.colcon_core.verb:set package 'rover_description' build argument 'cmake_target' from command line to 'None'
[0.819s] Level 5:colcon.colcon_core.verb:set package 'rover_description' build argument 'cmake_target_skip_unavailable' from command line to 'False'
[0.819s] Level 5:colcon.colcon_core.verb:set package 'rover_description' build argument 'cmake_clean_cache' from command line to 'False'
[0.819s] Level 5:colcon.colcon_core.verb:set package 'rover_description' build argument 'cmake_clean_first' from command line to 'False'
[0.819s] Level 5:colcon.colcon_core.verb:set package 'rover_description' build argument 'cmake_force_configure' from command line to 'False'
[0.819s] Level 5:colcon.colcon_core.verb:set package 'rover_description' build argument 'ament_cmake_args' from command line to 'None'
[0.819s] Level 5:colcon.colcon_core.verb:set package 'rover_description' build argument 'catkin_cmake_args' from command line to 'None'
[0.820s] Level 5:colcon.colcon_core.verb:set package 'rover_description' build argument 'catkin_skip_building_tests' from command line to 'False'
[0.820s] DEBUG:colcon.colcon_core.verb:Building package 'rover_description' with the following arguments: {'ament_cmake_args': None, 'build_base': '/home/tora/soft_ws/build/rover_description', 'catkin_cmake_args': None, 'catkin_skip_building_tests': False, 'cmake_args': None, 'cmake_clean_cache': False, 'cmake_clean_first': False, 'cmake_force_configure': False, 'cmake_target': None, 'cmake_target_skip_unavailable': False, 'install_base': '/home/tora/soft_ws/install/rover_description', 'merge_install': False, 'path': '/home/tora/soft_ws/src/rover_description', 'symlink_install': False, 'test_result_base': None}
[0.820s] Level 5:colcon.colcon_core.verb:set package 'visual_odom' build argument 'cmake_args' from command line to 'None'
[0.820s] Level 5:colcon.colcon_core.verb:set package 'visual_odom' build argument 'cmake_target' from command line to 'None'
[0.820s] Level 5:colcon.colcon_core.verb:set package 'visual_odom' build argument 'cmake_target_skip_unavailable' from command line to 'False'
[0.820s] Level 5:colcon.colcon_core.verb:set package 'visual_odom' build argument 'cmake_clean_cache' from command line to 'False'
[0.820s] Level 5:colcon.colcon_core.verb:set package 'visual_odom' build argument 'cmake_clean_first' from command line to 'False'
[0.820s] Level 5:colcon.colcon_core.verb:set package 'visual_odom' build argument 'cmake_force_configure' from command line to 'False'
[0.820s] Level 5:colcon.colcon_core.verb:set package 'visual_odom' build argument 'ament_cmake_args' from command line to 'None'
[0.820s] Level 5:colcon.colcon_core.verb:set package 'visual_odom' build argument 'catkin_cmake_args' from command line to 'None'
[0.820s] Level 5:colcon.colcon_core.verb:set package 'visual_odom' build argument 'catkin_skip_building_tests' from command line to 'False'
[0.820s] DEBUG:colcon.colcon_core.verb:Building package 'visual_odom' with the following arguments: {'ament_cmake_args': None, 'build_base': '/home/tora/soft_ws/build/visual_odom', 'catkin_cmake_args': None, 'catkin_skip_building_tests': False, 'cmake_args': None, 'cmake_clean_cache': False, 'cmake_clean_first': False, 'cmake_force_configure': False, 'cmake_target': None, 'cmake_target_skip_unavailable': False, 'install_base': '/home/tora/soft_ws/install/visual_odom', 'merge_install': False, 'path': '/home/tora/soft_ws/src/visual_odom', 'symlink_install': False, 'test_result_base': None}
[0.820s] INFO:colcon.colcon_core.executor:Executing jobs using 'parallel' executor
[0.821s] DEBUG:colcon.colcon_parallel_executor.executor.parallel:run_until_complete
[0.821s] INFO:colcon.colcon_ros.task.ament_python.build:Building ROS package in '/home/tora/soft_ws/src/controller' with build type 'ament_python'
[0.821s] Level 1:colcon.colcon_core.shell:create_environment_hook('controller', 'ament_prefix_path')
[0.825s] INFO:colcon.colcon_core.plugin_system:Skipping extension 'colcon_core.shell.bat': Not used on non-Windows systems
[0.825s] INFO:colcon.colcon_core.shell:Creating environment hook '/home/tora/soft_ws/install/controller/share/controller/hook/ament_prefix_path.ps1'
[0.826s] INFO:colcon.colcon_core.shell:Creating environment descriptor '/home/tora/soft_ws/install/controller/share/controller/hook/ament_prefix_path.dsv'
[0.827s] INFO:colcon.colcon_core.shell:Creating environment hook '/home/tora/soft_ws/install/controller/share/controller/hook/ament_prefix_path.sh'
[0.827s] INFO:colcon.colcon_core.shell:Skip shell extension 'powershell' for command environment: Not usable outside of PowerShell
[0.827s] DEBUG:colcon.colcon_core.shell:Skip shell extension 'dsv' for command environment
[0.861s] INFO:colcon.colcon_ros.task.ament_python.build:Building ROS package in '/home/tora/soft_ws/src/navigation' with build type 'ament_python'
[0.861s] Level 1:colcon.colcon_core.shell:create_environment_hook('navigation', 'ament_prefix_path')
[0.861s] INFO:colcon.colcon_core.shell:Creating environment hook '/home/tora/soft_ws/install/navigation/share/navigation/hook/ament_prefix_path.ps1'
[0.862s] INFO:colcon.colcon_core.shell:Creating environment descriptor '/home/tora/soft_ws/install/navigation/share/navigation/hook/ament_prefix_path.dsv'
[0.862s] INFO:colcon.colcon_core.shell:Creating environment hook '/home/tora/soft_ws/install/navigation/share/navigation/hook/ament_prefix_path.sh'
[0.863s] INFO:colcon.colcon_core.shell:Skip shell extension 'powershell' for command environment: Not usable outside of PowerShell
[0.863s] DEBUG:colcon.colcon_core.shell:Skip shell extension 'dsv' for command environment
[0.895s] INFO:colcon.colcon_ros.task.catkin.build:Building ROS package in '/home/tora/soft_ws/src/realsense_gazebo_plugin' with build type 'catkin'
[0.896s] INFO:colcon.colcon_cmake.task.cmake.build:Building CMake package in '/home/tora/soft_ws/src/realsense_gazebo_plugin'
[0.896s] INFO:colcon.colcon_core.shell:Skip shell extension 'powershell' for command environment: Not usable outside of PowerShell
[0.896s] DEBUG:colcon.colcon_core.shell:Skip shell extension 'dsv' for command environment
[0.929s] INFO:colcon.colcon_ros.task.ament_python.build:Building ROS package in '/home/tora/soft_ws/src/rover_description' with build type 'ament_python'
[0.929s] Level 1:colcon.colcon_core.shell:create_environment_hook('rover_description', 'ament_prefix_path')
[0.929s] INFO:colcon.colcon_core.shell:Creating environment hook '/home/tora/soft_ws/install/rover_description/share/rover_description/hook/ament_prefix_path.ps1'
[0.930s] INFO:colcon.colcon_core.shell:Creating environment descriptor '/home/tora/soft_ws/install/rover_description/share/rover_description/hook/ament_prefix_path.dsv'
[0.930s] INFO:colcon.colcon_core.shell:Creating environment hook '/home/tora/soft_ws/install/rover_description/share/rover_description/hook/ament_prefix_path.sh'
[0.931s] INFO:colcon.colcon_core.shell:Skip shell extension 'powershell' for command environment: Not usable outside of PowerShell
[0.931s] DEBUG:colcon.colcon_core.shell:Skip shell extension 'dsv' for command environment
[0.963s] INFO:colcon.colcon_ros.task.ament_python.build:Building ROS package in '/home/tora/soft_ws/src/visual_odom' with build type 'ament_python'
[0.964s] Level 1:colcon.colcon_core.shell:create_environment_hook('visual_odom', 'ament_prefix_path')
[0.964s] INFO:colcon.colcon_core.shell:Creating environment hook '/home/tora/soft_ws/install/visual_odom/share/visual_odom/hook/ament_prefix_path.ps1'
[0.964s] INFO:colcon.colcon_core.shell:Creating environment descriptor '/home/tora/soft_ws/install/visual_odom/share/visual_odom/hook/ament_prefix_path.dsv'
[0.965s] INFO:colcon.colcon_core.shell:Creating environment hook '/home/tora/soft_ws/install/visual_odom/share/visual_odom/hook/ament_prefix_path.sh'
[0.965s] INFO:colcon.colcon_core.shell:Skip shell extension 'powershell' for command environment: Not usable outside of PowerShell
[0.965s] DEBUG:colcon.colcon_core.shell:Skip shell extension 'dsv' for command environment
[1.549s] INFO:colcon.colcon_core.task.python.build:Building Python package in '/home/tora/soft_ws/src/navigation'
[1.549s] INFO:colcon.colcon_core.shell:Skip shell extension 'powershell' for command environment: Not usable outside of PowerShell
[1.549s] DEBUG:colcon.colcon_core.shell:Skip shell extension 'dsv' for command environment
[2.202s] INFO:colcon.colcon_core.task.python.build:Building Python package in '/home/tora/soft_ws/src/controller'
[2.202s] INFO:colcon.colcon_core.shell:Skip shell extension 'powershell' for command environment: Not usable outside of PowerShell
[2.202s] DEBUG:colcon.colcon_core.shell:Skip shell extension 'dsv' for command environment
[2.846s] INFO:colcon.colcon_core.task.python.build:Building Python package in '/home/tora/soft_ws/src/rover_description'
[2.847s] INFO:colcon.colcon_core.shell:Skip shell extension 'powershell' for command environment: Not usable outside of PowerShell
[2.847s] DEBUG:colcon.colcon_core.shell:Skip shell extension 'dsv' for command environment
[2.917s] DEBUG:colcon.colcon_core.event_handler.log_command:Invoking command in '/home/tora/soft_ws/build/realsense_gazebo_plugin': /usr/bin/cmake --build /home/tora/soft_ws/build/realsense_gazebo_plugin -- -j16 -l16
[3.415s] INFO:colcon.colcon_core.task.python.build:Building Python package in '/home/tora/soft_ws/src/visual_odom'
[3.415s] INFO:colcon.colcon_core.shell:Skip shell extension 'powershell' for command environment: Not usable outside of PowerShell
[3.415s] DEBUG:colcon.colcon_core.shell:Skip shell extension 'dsv' for command environment
[3.510s] DEBUG:colcon.colcon_core.event_handler.log_command:Invoked command in '/home/tora/soft_ws/build/realsense_gazebo_plugin' returned '0': /usr/bin/cmake --build /home/tora/soft_ws/build/realsense_gazebo_plugin -- -j16 -l16
[3.570s] DEBUG:colcon.colcon_core.event_handler.log_command:Invoking command in '/home/tora/soft_ws/build/realsense_gazebo_plugin': /usr/bin/cmake --install /home/tora/soft_ws/build/realsense_gazebo_plugin
[3.639s] DEBUG:colcon.colcon_core.event_handler.log_command:Invoked command in '/home/tora/soft_ws/build/realsense_gazebo_plugin' returned '0': /usr/bin/cmake --install /home/tora/soft_ws/build/realsense_gazebo_plugin
[3.639s] Level 1:colcon.colcon_core.shell:create_environment_hook('realsense_gazebo_plugin', 'ros_package_path')
[3.639s] INFO:colcon.colcon_core.shell:Creating environment hook '/home/tora/soft_ws/install/realsense_gazebo_plugin/share/realsense_gazebo_plugin/hook/ros_package_path.ps1'
[3.640s] INFO:colcon.colcon_core.shell:Creating environment descriptor '/home/tora/soft_ws/install/realsense_gazebo_plugin/share/realsense_gazebo_plugin/hook/ros_package_path.dsv'
[3.640s] INFO:colcon.colcon_core.shell:Creating environment hook '/home/tora/soft_ws/install/realsense_gazebo_plugin/share/realsense_gazebo_plugin/hook/ros_package_path.sh'
[3.641s] Level 1:colcon.colcon_core.shell:create_environment_hook('realsense_gazebo_plugin', 'pkg_config_path')
[3.641s] INFO:colcon.colcon_core.shell:Creating environment hook '/home/tora/soft_ws/install/realsense_gazebo_plugin/share/realsense_gazebo_plugin/hook/pkg_config_path.ps1'
[3.641s] INFO:colcon.colcon_core.shell:Creating environment descriptor '/home/tora/soft_ws/install/realsense_gazebo_plugin/share/realsense_gazebo_plugin/hook/pkg_config_path.dsv'
[3.642s] INFO:colcon.colcon_core.shell:Creating environment hook '/home/tora/soft_ws/install/realsense_gazebo_plugin/share/realsense_gazebo_plugin/hook/pkg_config_path.sh'
[3.652s] Level 1:colcon.colcon_core.shell:create_environment_hook('realsense_gazebo_plugin', 'pkg_config_path_multiarch')
[3.652s] INFO:colcon.colcon_core.shell:Creating environment hook '/home/tora/soft_ws/install/realsense_gazebo_plugin/share/realsense_gazebo_plugin/hook/pkg_config_path_multiarch.ps1'
[3.653s] INFO:colcon.colcon_core.shell:Creating environment descriptor '/home/tora/soft_ws/install/realsense_gazebo_plugin/share/realsense_gazebo_plugin/hook/pkg_config_path_multiarch.dsv'
[3.653s] INFO:colcon.colcon_core.shell:Creating environment hook '/home/tora/soft_ws/install/realsense_gazebo_plugin/share/realsense_gazebo_plugin/hook/pkg_config_path_multiarch.sh'
[3.655s] Level 1:colcon.colcon_core.environment:create_environment_scripts_only(realsense_gazebo_plugin)
[3.659s] Level 1:colcon.colcon_core.environment:checking '/home/tora/soft_ws/install/realsense_gazebo_plugin' for CMake module files
[3.660s] Level 1:colcon.colcon_core.environment:checking '/home/tora/soft_ws/install/realsense_gazebo_plugin' for CMake config files
[3.660s] Level 1:colcon.colcon_core.shell:create_environment_hook('realsense_gazebo_plugin', 'cmake_prefix_path')
[3.660s] INFO:colcon.colcon_core.shell:Creating environment hook '/home/tora/soft_ws/install/realsense_gazebo_plugin/share/realsense_gazebo_plugin/hook/cmake_prefix_path.ps1'
[3.661s] INFO:colcon.colcon_core.shell:Creating environment descriptor '/home/tora/soft_ws/install/realsense_gazebo_plugin/share/realsense_gazebo_plugin/hook/cmake_prefix_path.dsv'
[3.661s] INFO:colcon.colcon_core.shell:Creating environment hook '/home/tora/soft_ws/install/realsense_gazebo_plugin/share/realsense_gazebo_plugin/hook/cmake_prefix_path.sh'
[3.662s] Level 1:colcon.colcon_core.environment:checking '/home/tora/soft_ws/install/realsense_gazebo_plugin/lib'
[3.662s] Level 1:colcon.colcon_core.shell:create_environment_hook('realsense_gazebo_plugin', 'ld_library_path_lib')
[3.662s] INFO:colcon.colcon_core.shell:Creating environment hook '/home/tora/soft_ws/install/realsense_gazebo_plugin/share/realsense_gazebo_plugin/hook/ld_library_path_lib.ps1'
[3.662s] INFO:colcon.colcon_core.shell:Creating environment descriptor '/home/tora/soft_ws/install/realsense_gazebo_plugin/share/realsense_gazebo_plugin/hook/ld_library_path_lib.dsv'
[3.663s] INFO:colcon.colcon_core.shell:Creating environment hook '/home/tora/soft_ws/install/realsense_gazebo_plugin/share/realsense_gazebo_plugin/hook/ld_library_path_lib.sh'
[3.663s] Level 1:colcon.colcon_core.environment:checking '/home/tora/soft_ws/install/realsense_gazebo_plugin/bin'
[3.663s] Level 1:colcon.colcon_core.environment:checking '/home/tora/soft_ws/install/realsense_gazebo_plugin/lib/pkgconfig/realsense_gazebo_plugin.pc'
[3.663s] Level 1:colcon.colcon_core.environment:checking '/home/tora/soft_ws/install/realsense_gazebo_plugin/lib/python3.10/site-packages'
[3.663s] Level 1:colcon.colcon_core.environment:checking '/home/tora/soft_ws/install/realsense_gazebo_plugin/bin'
[3.664s] INFO:colcon.colcon_core.shell:Creating package script '/home/tora/soft_ws/install/realsense_gazebo_plugin/share/realsense_gazebo_plugin/package.ps1'
[3.665s] INFO:colcon.colcon_core.shell:Creating package descriptor '/home/tora/soft_ws/install/realsense_gazebo_plugin/share/realsense_gazebo_plugin/package.dsv'
[3.665s] INFO:colcon.colcon_core.shell:Creating package script '/home/tora/soft_ws/install/realsense_gazebo_plugin/share/realsense_gazebo_plugin/package.sh'
[3.666s] INFO:colcon.colcon_core.shell:Creating package script '/home/tora/soft_ws/install/realsense_gazebo_plugin/share/realsense_gazebo_plugin/package.bash'
[3.667s] INFO:colcon.colcon_core.shell:Creating package script '/home/tora/soft_ws/install/realsense_gazebo_plugin/share/realsense_gazebo_plugin/package.zsh'
[3.667s] Level 1:colcon.colcon_core.environment:create_file_with_runtime_dependencies(/home/tora/soft_ws/install/realsense_gazebo_plugin/share/colcon-core/packages/realsense_gazebo_plugin)
[3.963s] DEBUG:colcon.colcon_core.event_handler.log_command:Invoking command in '/home/tora/soft_ws/src/rover_description': PYTHONPATH=/home/tora/soft_ws/build/rover_description/prefix_override:/usr/lib/python3/dist-packages/colcon_core/task/python/colcon_distutils_commands:/home/tora/soft_ws/install/rover_description/lib/python3.10/site-packages:${PYTHONPATH} /usr/bin/python3 -W ignore:setup.py install is deprecated -W ignore:easy_install command is deprecated setup.py egg_info --egg-base ../../build/rover_description build --build-base /home/tora/soft_ws/build/rover_description/build install --record /home/tora/soft_ws/build/rover_description/install.log --single-version-externally-managed install_data
[3.964s] DEBUG:colcon.colcon_core.event_handler.log_command:Invoking command in '/home/tora/soft_ws/src/controller': PYTHONPATH=/home/tora/soft_ws/build/controller/prefix_override:/usr/lib/python3/dist-packages/colcon_core/task/python/colcon_distutils_commands:/home/tora/soft_ws/install/controller/lib/python3.10/site-packages:${PYTHONPATH} /usr/bin/python3 -W ignore:setup.py install is deprecated -W ignore:easy_install command is deprecated setup.py egg_info --egg-base ../../build/controller build --build-base /home/tora/soft_ws/build/controller/build install --record /home/tora/soft_ws/build/controller/install.log --single-version-externally-managed install_data
[4.004s] DEBUG:colcon.colcon_core.event_handler.log_command:Invoking command in '/home/tora/soft_ws/src/visual_odom': PYTHONPATH=/home/tora/soft_ws/build/visual_odom/prefix_override:/usr/lib/python3/dist-packages/colcon_core/task/python/colcon_distutils_commands:/home/tora/soft_ws/install/visual_odom/lib/python3.10/site-packages:${PYTHONPATH} /usr/bin/python3 -W ignore:setup.py install is deprecated -W ignore:easy_install command is deprecated setup.py egg_info --egg-base ../../build/visual_odom build --build-base /home/tora/soft_ws/build/visual_odom/build install --record /home/tora/soft_ws/build/visual_odom/install.log --single-version-externally-managed install_data
[4.228s] DEBUG:colcon.colcon_core.event_handler.log_command:Invoking command in '/home/tora/soft_ws/src/navigation': PYTHONPATH=/home/tora/soft_ws/build/navigation/prefix_override:/usr/lib/python3/dist-packages/colcon_core/task/python/colcon_distutils_commands:/home/tora/soft_ws/install/navigation/lib/python3.10/site-packages:${PYTHONPATH} /usr/bin/python3 -W ignore:setup.py install is deprecated -W ignore:easy_install command is deprecated setup.py egg_info --egg-base ../../build/navigation build --build-base /home/tora/soft_ws/build/navigation/build install --record /home/tora/soft_ws/build/navigation/install.log --single-version-externally-managed install_data
[4.270s] Level 1:colcon.colcon_core.environment:checking '/home/tora/soft_ws/install/controller' for CMake module files
[4.271s] DEBUG:colcon.colcon_core.event_handler.log_command:Invoked command in '/home/tora/soft_ws/src/controller' returned '0': PYTHONPATH=/home/tora/soft_ws/build/controller/prefix_override:/usr/lib/python3/dist-packages/colcon_core/task/python/colcon_distutils_commands:/home/tora/soft_ws/install/controller/lib/python3.10/site-packages:${PYTHONPATH} /usr/bin/python3 -W ignore:setup.py install is deprecated -W ignore:easy_install command is deprecated setup.py egg_info --egg-base ../../build/controller build --build-base /home/tora/soft_ws/build/controller/build install --record /home/tora/soft_ws/build/controller/install.log --single-version-externally-managed install_data
[4.271s] Level 1:colcon.colcon_core.environment:checking '/home/tora/soft_ws/install/controller' for CMake config files
[4.272s] Level 1:colcon.colcon_core.environment:checking '/home/tora/soft_ws/install/controller/lib'
[4.272s] Level 1:colcon.colcon_core.environment:checking '/home/tora/soft_ws/install/controller/bin'
[4.272s] Level 1:colcon.colcon_core.environment:checking '/home/tora/soft_ws/install/controller/lib/pkgconfig/controller.pc'
[4.272s] Level 1:colcon.colcon_core.environment:checking '/home/tora/soft_ws/install/controller/lib/python3.10/site-packages'
[4.272s] Level 1:colcon.colcon_core.shell:create_environment_hook('controller', 'pythonpath')
[4.272s] INFO:colcon.colcon_core.shell:Creating environment hook '/home/tora/soft_ws/install/controller/share/controller/hook/pythonpath.ps1'
[4.273s] INFO:colcon.colcon_core.shell:Creating environment descriptor '/home/tora/soft_ws/install/controller/share/controller/hook/pythonpath.dsv'
[4.273s] INFO:colcon.colcon_core.shell:Creating environment hook '/home/tora/soft_ws/install/controller/share/controller/hook/pythonpath.sh'
[4.274s] Level 1:colcon.colcon_core.environment:checking '/home/tora/soft_ws/install/controller/bin'
[4.274s] Level 1:colcon.colcon_core.environment:create_environment_scripts_only(controller)
[4.274s] INFO:colcon.colcon_core.shell:Creating package script '/home/tora/soft_ws/install/controller/share/controller/package.ps1'
[4.275s] INFO:colcon.colcon_core.shell:Creating package descriptor '/home/tora/soft_ws/install/controller/share/controller/package.dsv'
[4.275s] INFO:colcon.colcon_core.shell:Creating package script '/home/tora/soft_ws/install/controller/share/controller/package.sh'
[4.276s] INFO:colcon.colcon_core.shell:Creating package script '/home/tora/soft_ws/install/controller/share/controller/package.bash'
[4.276s] INFO:colcon.colcon_core.shell:Creating package script '/home/tora/soft_ws/install/controller/share/controller/package.zsh'
[4.277s] Level 1:colcon.colcon_core.environment:create_file_with_runtime_dependencies(/home/tora/soft_ws/install/controller/share/colcon-core/packages/controller)
[4.320s] Level 1:colcon.colcon_core.environment:checking '/home/tora/soft_ws/install/rover_description' for CMake module files
[4.321s] DEBUG:colcon.colcon_core.event_handler.log_command:Invoked command in '/home/tora/soft_ws/src/rover_description' returned '0': PYTHONPATH=/home/tora/soft_ws/build/rover_description/prefix_override:/usr/lib/python3/dist-packages/colcon_core/task/python/colcon_distutils_commands:/home/tora/soft_ws/install/rover_description/lib/python3.10/site-packages:${PYTHONPATH} /usr/bin/python3 -W ignore:setup.py install is deprecated -W ignore:easy_install command is deprecated setup.py egg_info --egg-base ../../build/rover_description build --build-base /home/tora/soft_ws/build/rover_description/build install --record /home/tora/soft_ws/build/rover_description/install.log --single-version-externally-managed install_data
[4.321s] Level 1:colcon.colcon_core.environment:checking '/home/tora/soft_ws/install/rover_description' for CMake config files
[4.322s] Level 1:colcon.colcon_core.environment:checking '/home/tora/soft_ws/install/rover_description/lib'
[4.322s] Level 1:colcon.colcon_core.environment:checking '/home/tora/soft_ws/install/rover_description/bin'
[4.322s] Level 1:colcon.colcon_core.environment:checking '/home/tora/soft_ws/install/rover_description/lib/pkgconfig/rover_description.pc'
[4.322s] Level 1:colcon.colcon_core.environment:checking '/home/tora/soft_ws/install/rover_description/lib/python3.10/site-packages'
[4.322s] Level 1:colcon.colcon_core.shell:create_environment_hook('rover_description', 'pythonpath')
[4.322s] INFO:colcon.colcon_core.shell:Creating environment hook '/home/tora/soft_ws/install/rover_description/share/rover_description/hook/pythonpath.ps1'
[4.323s] INFO:colcon.colcon_core.shell:Creating environment descriptor '/home/tora/soft_ws/install/rover_description/share/rover_description/hook/pythonpath.dsv'
[4.323s] INFO:colcon.colcon_core.shell:Creating environment hook '/home/tora/soft_ws/install/rover_description/share/rover_description/hook/pythonpath.sh'
[4.324s] Level 1:colcon.colcon_core.environment:checking '/home/tora/soft_ws/install/rover_description/bin'
[4.324s] Level 1:colcon.colcon_core.environment:create_environment_scripts_only(rover_description)
[4.324s] INFO:colcon.colcon_core.shell:Creating package script '/home/tora/soft_ws/install/rover_description/share/rover_description/package.ps1'
[4.325s] INFO:colcon.colcon_core.shell:Creating package descriptor '/home/tora/soft_ws/install/rover_description/share/rover_description/package.dsv'
[4.325s] INFO:colcon.colcon_core.shell:Creating package script '/home/tora/soft_ws/install/rover_description/share/rover_description/package.sh'
[4.326s] INFO:colcon.colcon_core.shell:Creating package script '/home/tora/soft_ws/install/rover_description/share/rover_description/package.bash'
[4.326s] INFO:colcon.colcon_core.shell:Creating package script '/home/tora/soft_ws/install/rover_description/share/rover_description/package.zsh'
[4.326s] Level 1:colcon.colcon_core.environment:create_file_with_runtime_dependencies(/home/tora/soft_ws/install/rover_description/share/colcon-core/packages/rover_description)
[4.328s] Level 1:colcon.colcon_core.environment:checking '/home/tora/soft_ws/install/visual_odom' for CMake module files
[4.328s] DEBUG:colcon.colcon_core.event_handler.log_command:Invoked command in '/home/tora/soft_ws/src/visual_odom' returned '0': PYTHONPATH=/home/tora/soft_ws/build/visual_odom/prefix_override:/usr/lib/python3/dist-packages/colcon_core/task/python/colcon_distutils_commands:/home/tora/soft_ws/install/visual_odom/lib/python3.10/site-packages:${PYTHONPATH} /usr/bin/python3 -W ignore:setup.py install is deprecated -W ignore:easy_install command is deprecated setup.py egg_info --egg-base ../../build/visual_odom build --build-base /home/tora/soft_ws/build/visual_odom/build install --record /home/tora/soft_ws/build/visual_odom/install.log --single-version-externally-managed install_data
[4.328s] Level 1:colcon.colcon_core.environment:checking '/home/tora/soft_ws/install/visual_odom' for CMake config files
[4.329s] Level 1:colcon.colcon_core.environment:checking '/home/tora/soft_ws/install/visual_odom/lib'
[4.329s] Level 1:colcon.colcon_core.environment:checking '/home/tora/soft_ws/install/visual_odom/bin'
[4.329s] Level 1:colcon.colcon_core.environment:checking '/home/tora/soft_ws/install/visual_odom/lib/pkgconfig/visual_odom.pc'
[4.329s] Level 1:colcon.colcon_core.environment:checking '/home/tora/soft_ws/install/visual_odom/lib/python3.10/site-packages'
[4.329s] Level 1:colcon.colcon_core.shell:create_environment_hook('visual_odom', 'pythonpath')
[4.329s] INFO:colcon.colcon_core.shell:Creating environment hook '/home/tora/soft_ws/install/visual_odom/share/visual_odom/hook/pythonpath.ps1'
[4.330s] INFO:colcon.colcon_core.shell:Creating environment descriptor '/home/tora/soft_ws/install/visual_odom/share/visual_odom/hook/pythonpath.dsv'
[4.330s] INFO:colcon.colcon_core.shell:Creating environment hook '/home/tora/soft_ws/install/visual_odom/share/visual_odom/hook/pythonpath.sh'
[4.331s] Level 1:colcon.colcon_core.environment:checking '/home/tora/soft_ws/install/visual_odom/bin'
[4.331s] Level 1:colcon.colcon_core.environment:create_environment_scripts_only(visual_odom)
[4.331s] INFO:colcon.colcon_core.shell:Creating package script '/home/tora/soft_ws/install/visual_odom/share/visual_odom/package.ps1'
[4.332s] INFO:colcon.colcon_core.shell:Creating package descriptor '/home/tora/soft_ws/install/visual_odom/share/visual_odom/package.dsv'
[4.332s] INFO:colcon.colcon_core.shell:Creating package script '/home/tora/soft_ws/install/visual_odom/share/visual_odom/package.sh'
[4.332s] INFO:colcon.colcon_core.shell:Creating package script '/home/tora/soft_ws/install/visual_odom/share/visual_odom/package.bash'
[4.333s] INFO:colcon.colcon_core.shell:Creating package script '/home/tora/soft_ws/install/visual_odom/share/visual_odom/package.zsh'
[4.333s] Level 1:colcon.colcon_core.environment:create_file_with_runtime_dependencies(/home/tora/soft_ws/install/visual_odom/share/colcon-core/packages/visual_odom)
[4.752s] Level 1:colcon.colcon_core.environment:checking '/home/tora/soft_ws/install/navigation' for CMake module files
[4.753s] Level 1:colcon.colcon_core.environment:checking '/home/tora/soft_ws/install/navigation' for CMake config files
[4.753s] DEBUG:colcon.colcon_core.event_handler.log_command:Invoked command in '/home/tora/soft_ws/src/navigation' returned '0': PYTHONPATH=/home/tora/soft_ws/build/navigation/prefix_override:/usr/lib/python3/dist-packages/colcon_core/task/python/colcon_distutils_commands:/home/tora/soft_ws/install/navigation/lib/python3.10/site-packages:${PYTHONPATH} /usr/bin/python3 -W ignore:setup.py install is deprecated -W ignore:easy_install command is deprecated setup.py egg_info --egg-base ../../build/navigation build --build-base /home/tora/soft_ws/build/navigation/build install --record /home/tora/soft_ws/build/navigation/install.log --single-version-externally-managed install_data
[4.754s] Level 1:colcon.colcon_core.environment:checking '/home/tora/soft_ws/install/navigation/lib'
[4.754s] Level 1:colcon.colcon_core.environment:checking '/home/tora/soft_ws/install/navigation/bin'
[4.754s] Level 1:colcon.colcon_core.environment:checking '/home/tora/soft_ws/install/navigation/lib/pkgconfig/navigation.pc'
[4.754s] Level 1:colcon.colcon_core.environment:checking '/home/tora/soft_ws/install/navigation/lib/python3.10/site-packages'
[4.754s] Level 1:colcon.colcon_core.shell:create_environment_hook('navigation', 'pythonpath')
[4.754s] INFO:colcon.colcon_core.shell:Creating environment hook '/home/tora/soft_ws/install/navigation/share/navigation/hook/pythonpath.ps1'
[4.755s] INFO:colcon.colcon_core.shell:Creating environment descriptor '/home/tora/soft_ws/install/navigation/share/navigation/hook/pythonpath.dsv'
[4.755s] INFO:colcon.colcon_core.shell:Creating environment hook '/home/tora/soft_ws/install/navigation/share/navigation/hook/pythonpath.sh'
[4.756s] Level 1:colcon.colcon_core.environment:checking '/home/tora/soft_ws/install/navigation/bin'
[4.756s] Level 1:colcon.colcon_core.environment:create_environment_scripts_only(navigation)
[4.756s] INFO:colcon.colcon_core.shell:Creating package script '/home/tora/soft_ws/install/navigation/share/navigation/package.ps1'
[4.756s] INFO:colcon.colcon_core.shell:Creating package descriptor '/home/tora/soft_ws/install/navigation/share/navigation/package.dsv'
[4.757s] INFO:colcon.colcon_core.shell:Creating package script '/home/tora/soft_ws/install/navigation/share/navigation/package.sh'
[4.757s] INFO:colcon.colcon_core.shell:Creating package script '/home/tora/soft_ws/install/navigation/share/navigation/package.bash'
[4.758s] INFO:colcon.colcon_core.shell:Creating package script '/home/tora/soft_ws/install/navigation/share/navigation/package.zsh'
[4.758s] Level 1:colcon.colcon_core.environment:create_file_with_runtime_dependencies(/home/tora/soft_ws/install/navigation/share/colcon-core/packages/navigation)
[4.758s] DEBUG:colcon.colcon_parallel_executor.executor.parallel:closing loop
[4.758s] DEBUG:colcon.colcon_parallel_executor.executor.parallel:loop closed
[4.758s] DEBUG:colcon.colcon_parallel_executor.executor.parallel:run_until_complete finished with '0'
[4.758s] DEBUG:colcon.colcon_core.event_reactor:joining thread
[4.779s] INFO:colcon.colcon_core.plugin_system:Skipping extension 'colcon_notification.desktop_notification.terminal_notifier': Not used on non-Darwin systems
[4.779s] INFO:colcon.colcon_core.plugin_system:Skipping extension 'colcon_notification.desktop_notification.win32': Not used on non-Windows systems
[4.780s] INFO:colcon.colcon_notification.desktop_notification:Sending desktop notification using 'notify2'
[4.803s] DEBUG:colcon.colcon_core.event_reactor:joined thread
[4.803s] INFO:colcon.colcon_core.shell:Creating prefix script '/home/tora/soft_ws/install/local_setup.ps1'
[4.806s] INFO:colcon.colcon_core.shell:Creating prefix util module '/home/tora/soft_ws/install/_local_setup_util_ps1.py'
[4.810s] INFO:colcon.colcon_core.shell:Creating prefix chain script '/home/tora/soft_ws/install/setup.ps1'
[4.864s] INFO:colcon.colcon_core.shell:Creating prefix script '/home/tora/soft_ws/install/local_setup.sh'
[4.866s] INFO:colcon.colcon_core.shell:Creating prefix util module '/home/tora/soft_ws/install/_local_setup_util_sh.py'
[4.868s] INFO:colcon.colcon_core.shell:Creating prefix chain script '/home/tora/soft_ws/install/setup.sh'
[4.924s] INFO:colcon.colcon_core.shell:Creating prefix script '/home/tora/soft_ws/install/local_setup.bash'
[4.926s] INFO:colcon.colcon_core.shell:Creating prefix chain script '/home/tora/soft_ws/install/setup.bash'
[4.962s] INFO:colcon.colcon_core.shell:Creating prefix script '/home/tora/soft_ws/install/local_setup.zsh'
[4.963s] INFO:colcon.colcon_core.shell:Creating prefix chain script '/home/tora/soft_ws/install/setup.zsh'
