[3.166s] Invoking command in '/home/tora/soft_ws/build/visual_odom': PYTHONPATH=/home/tora/soft_ws/build/visual_odom/prefix_override:/usr/lib/python3/dist-packages/colcon_core/task/python/colcon_distutils_commands:/home/tora/soft_ws/install/visual_odom/lib/python3.10/site-packages:${PYTHONPATH} /usr/bin/python3 -W ignore:setup.py install is deprecated -W ignore:easy_install command is deprecated setup.py develop --uninstall --editable --build-directory /home/tora/soft_ws/build/visual_odom/build
[3.763s] running develop
[4.126s] Removing /home/tora/soft_ws/install/visual_odom/lib/python3.10/site-packages/visual-odom.egg-link (link to .)
[4.153s] Invoked command in '/home/tora/soft_ws/build/visual_odom' returned '0': PYTHONPATH=/home/tora/soft_ws/build/visual_odom/prefix_override:/usr/lib/python3/dist-packages/colcon_core/task/python/colcon_distutils_commands:/home/tora/soft_ws/install/visual_odom/lib/python3.10/site-packages:${PYTHONPATH} /usr/bin/python3 -W ignore:setup.py install is deprecated -W ignore:easy_install command is deprecated setup.py develop --uninstall --editable --build-directory /home/tora/soft_ws/build/visual_odom/build
[4.155s] Invoking command in '/home/tora/soft_ws/src/visual_odom': PYTHONPATH=/home/tora/soft_ws/build/visual_odom/prefix_override:/usr/lib/python3/dist-packages/colcon_core/task/python/colcon_distutils_commands:/home/tora/soft_ws/install/visual_odom/lib/python3.10/site-packages:${PYTHONPATH} /usr/bin/python3 -W ignore:setup.py install is deprecated -W ignore:easy_install command is deprecated setup.py egg_info --egg-base ../../build/visual_odom build --build-base /home/tora/soft_ws/build/visual_odom/build install --record /home/tora/soft_ws/build/visual_odom/install.log --single-version-externally-managed install_data --force
[4.659s] running egg_info
[4.659s] writing ../../build/visual_odom/visual_odom.egg-info/PKG-INFO
[4.659s] writing dependency_links to ../../build/visual_odom/visual_odom.egg-info/dependency_links.txt
[4.659s] writing entry points to ../../build/visual_odom/visual_odom.egg-info/entry_points.txt
[4.659s] writing requirements to ../../build/visual_odom/visual_odom.egg-info/requires.txt
[4.659s] writing top-level names to ../../build/visual_odom/visual_odom.egg-info/top_level.txt
[4.661s] reading manifest file '../../build/visual_odom/visual_odom.egg-info/SOURCES.txt'
[4.661s] writing manifest file '../../build/visual_odom/visual_odom.egg-info/SOURCES.txt'
[4.661s] running build
[4.661s] running build_py
[4.662s] running install
[4.662s] running install_lib
[4.662s] creating /home/tora/soft_ws/install/visual_odom/lib/python3.10/site-packages/visual_odom
[4.662s] copying /home/tora/soft_ws/build/visual_odom/build/lib/visual_odom/__init__.py -> /home/tora/soft_ws/install/visual_odom/lib/python3.10/site-packages/visual_odom
[4.663s] byte-compiling /home/tora/soft_ws/install/visual_odom/lib/python3.10/site-packages/visual_odom/__init__.py to __init__.cpython-310.pyc
[4.663s] running install_data
[4.664s] copying resource/visual_odom -> /home/tora/soft_ws/install/visual_odom/share/ament_index/resource_index/packages
[4.664s] copying package.xml -> /home/tora/soft_ws/install/visual_odom/share/visual_odom
[4.664s] copying launch/gazebo_vslam.launch.py -> /home/tora/soft_ws/install/visual_odom/share/visual_odom/launch
[4.664s] copying launch/visual_odom.launch.xml -> /home/tora/soft_ws/install/visual_odom/share/visual_odom/launch
[4.664s] copying launch/stereo_slam.launch.py -> /home/tora/soft_ws/install/visual_odom/share/visual_odom/launch
[4.664s] running install_egg_info
[4.666s] Copying ../../build/visual_odom/visual_odom.egg-info to /home/tora/soft_ws/install/visual_odom/lib/python3.10/site-packages/visual_odom-0.0.0-py3.10.egg-info
[4.667s] running install_scripts
[4.685s] writing list of installed files to '/home/tora/soft_ws/build/visual_odom/install.log'
[4.701s] Invoked command in '/home/tora/soft_ws/src/visual_odom' returned '0': PYTHONPATH=/home/tora/soft_ws/build/visual_odom/prefix_override:/usr/lib/python3/dist-packages/colcon_core/task/python/colcon_distutils_commands:/home/tora/soft_ws/install/visual_odom/lib/python3.10/site-packages:${PYTHONPATH} /usr/bin/python3 -W ignore:setup.py install is deprecated -W ignore:easy_install command is deprecated setup.py egg_info --egg-base ../../build/visual_odom build --build-base /home/tora/soft_ws/build/visual_odom/build install --record /home/tora/soft_ws/build/visual_odom/install.log --single-version-externally-managed install_data --force
