[2.662s] Invoking command in '/home/tora/soft_ws/build/navigation': PYTHONPATH=/home/tora/soft_ws/build/navigation/prefix_override:/usr/lib/python3/dist-packages/colcon_core/task/python/colcon_distutils_commands:/home/tora/soft_ws/install/navigation/lib/python3.10/site-packages:${PYTHONPATH} /usr/bin/python3 -W ignore:setup.py install is deprecated -W ignore:easy_install command is deprecated setup.py develop --editable --build-directory /home/tora/soft_ws/build/navigation/build --no-deps symlink_data --force
[2.996s] running develop
[3.164s] running egg_info
[3.164s] writing navigation.egg-info/PKG-INFO
[3.164s] writing dependency_links to navigation.egg-info/dependency_links.txt
[3.164s] writing entry points to navigation.egg-info/entry_points.txt
[3.164s] writing requirements to navigation.egg-info/requires.txt
[3.165s] writing top-level names to navigation.egg-info/top_level.txt
[3.166s] reading manifest file 'navigation.egg-info/SOURCES.txt'
[3.166s] writing manifest file 'navigation.egg-info/SOURCES.txt'
[3.168s] running build_ext
[3.168s] Creating /home/tora/soft_ws/install/navigation/lib/python3.10/site-packages/navigation.egg-link (link to .)
[3.169s] 
[3.169s] Installed /home/tora/soft_ws/build/navigation
[3.169s] running symlink_data
[3.169s] symbolically linking /home/tora/soft_ws/build/navigation/resource/navigation -> /home/tora/soft_ws/install/navigation/share/ament_index/resource_index/packages
[3.169s] symbolically linking /home/tora/soft_ws/build/navigation/package.xml -> /home/tora/soft_ws/install/navigation/share/navigation
[3.169s] symbolically linking /home/tora/soft_ws/build/navigation/launch/navigation.launch.py -> /home/tora/soft_ws/install/navigation/share/navigation/launch
[3.169s] symbolically linking /home/tora/soft_ws/build/navigation/params/navigation_params.yaml -> /home/tora/soft_ws/install/navigation/share/navigation/params
[3.189s] Invoked command in '/home/tora/soft_ws/build/navigation' returned '0': PYTHONPATH=/home/tora/soft_ws/build/navigation/prefix_override:/usr/lib/python3/dist-packages/colcon_core/task/python/colcon_distutils_commands:/home/tora/soft_ws/install/navigation/lib/python3.10/site-packages:${PYTHONPATH} /usr/bin/python3 -W ignore:setup.py install is deprecated -W ignore:easy_install command is deprecated setup.py develop --editable --build-directory /home/tora/soft_ws/build/navigation/build --no-deps symlink_data --force
