[3.040s] Invoking command in '/home/tora/soft_ws/src/visual_odom': PYTHONPATH=/home/tora/soft_ws/build/visual_odom/prefix_override:/usr/lib/python3/dist-packages/colcon_core/task/python/colcon_distutils_commands:/home/tora/soft_ws/install/visual_odom/lib/python3.10/site-packages:${PYTHONPATH} /usr/bin/python3 -W ignore:setup.py install is deprecated -W ignore:easy_install command is deprecated setup.py egg_info --egg-base ../../build/visual_odom build --build-base /home/tora/soft_ws/build/visual_odom/build install --record /home/tora/soft_ws/build/visual_odom/install.log --single-version-externally-managed install_data
[3.317s] running egg_info
[3.318s] writing ../../build/visual_odom/visual_odom.egg-info/PKG-INFO
[3.318s] writing dependency_links to ../../build/visual_odom/visual_odom.egg-info/dependency_links.txt
[3.318s] writing entry points to ../../build/visual_odom/visual_odom.egg-info/entry_points.txt
[3.318s] writing requirements to ../../build/visual_odom/visual_odom.egg-info/requires.txt
[3.318s] writing top-level names to ../../build/visual_odom/visual_odom.egg-info/top_level.txt
[3.319s] reading manifest file '../../build/visual_odom/visual_odom.egg-info/SOURCES.txt'
[3.319s] writing manifest file '../../build/visual_odom/visual_odom.egg-info/SOURCES.txt'
[3.320s] running build
[3.320s] running build_py
[3.320s] running install
[3.320s] running install_lib
[3.321s] running install_data
[3.321s] running install_egg_info
[3.323s] removing '/home/tora/soft_ws/install/visual_odom/lib/python3.10/site-packages/visual_odom-0.0.0-py3.10.egg-info' (and everything under it)
[3.323s] Copying ../../build/visual_odom/visual_odom.egg-info to /home/tora/soft_ws/install/visual_odom/lib/python3.10/site-packages/visual_odom-0.0.0-py3.10.egg-info
[3.323s] running install_scripts
[3.343s] writing list of installed files to '/home/tora/soft_ws/build/visual_odom/install.log'
[3.364s] Invoked command in '/home/tora/soft_ws/src/visual_odom' returned '0': PYTHONPATH=/home/tora/soft_ws/build/visual_odom/prefix_override:/usr/lib/python3/dist-packages/colcon_core/task/python/colcon_distutils_commands:/home/tora/soft_ws/install/visual_odom/lib/python3.10/site-packages:${PYTHONPATH} /usr/bin/python3 -W ignore:setup.py install is deprecated -W ignore:easy_install command is deprecated setup.py egg_info --egg-base ../../build/visual_odom build --build-base /home/tora/soft_ws/build/visual_odom/build install --record /home/tora/soft_ws/build/visual_odom/install.log --single-version-externally-managed install_data
