[2.528s] Invoking command in '/home/tora/soft_ws/build/navigation': PYTHONPATH=/home/tora/soft_ws/build/navigation/prefix_override:/usr/lib/python3/dist-packages/colcon_core/task/python/colcon_distutils_commands:/home/tora/soft_ws/install/navigation/lib/python3.10/site-packages:${PYTHONPATH} /usr/bin/python3 -W ignore:setup.py install is deprecated setup.py develop --editable --build-directory /home/tora/soft_ws/build/navigation/build --no-deps symlink_data --force
[2.798s] running develop
[2.958s] running egg_info
[2.958s] writing navigation.egg-info/PKG-INFO
[2.959s] writing dependency_links to navigation.egg-info/dependency_links.txt
[2.959s] writing entry points to navigation.egg-info/entry_points.txt
[2.964s] writing requirements to navigation.egg-info/requires.txt
[2.964s] writing top-level names to navigation.egg-info/top_level.txt
[2.965s] reading manifest file 'navigation.egg-info/SOURCES.txt'
[2.966s] writing manifest file 'navigation.egg-info/SOURCES.txt'
[2.967s] running build_ext
[2.967s] Creating /home/tora/soft_ws/install/navigation/lib/python3.10/site-packages/navigation.egg-link (link to .)
[2.968s] 
[2.968s] Installed /home/tora/soft_ws/build/navigation
[2.968s] running symlink_data
[2.968s] symbolically linking /home/tora/soft_ws/build/navigation/resource/navigation -> /home/tora/soft_ws/install/navigation/share/ament_index/resource_index/packages
[2.968s] symbolically linking /home/tora/soft_ws/build/navigation/package.xml -> /home/tora/soft_ws/install/navigation/share/navigation
[2.968s] symbolically linking /home/tora/soft_ws/build/navigation/launch/navigation.launch.py -> /home/tora/soft_ws/install/navigation/share/navigation/launch
[2.968s] symbolically linking /home/tora/soft_ws/build/navigation/params/navigation_params.yaml -> /home/tora/soft_ws/install/navigation/share/navigation/params
[2.990s] Invoked command in '/home/tora/soft_ws/build/navigation' returned '0': PYTHONPATH=/home/tora/soft_ws/build/navigation/prefix_override:/usr/lib/python3/dist-packages/colcon_core/task/python/colcon_distutils_commands:/home/tora/soft_ws/install/navigation/lib/python3.10/site-packages:${PYTHONPATH} /usr/bin/python3 -W ignore:setup.py install is deprecated setup.py develop --editable --build-directory /home/tora/soft_ws/build/navigation/build --no-deps symlink_data --force
