[2.930s] Invoking command in '/home/tora/soft_ws/build/controller': PYTHONPATH=/home/tora/soft_ws/build/controller/prefix_override:/usr/lib/python3/dist-packages/colcon_core/task/python/colcon_distutils_commands:/home/tora/soft_ws/install/controller/lib/python3.10/site-packages:${PYTHONPATH} /usr/bin/python3 -W ignore:setup.py install is deprecated -W ignore:easy_install command is deprecated setup.py develop --editable --build-directory /home/tora/soft_ws/build/controller/build --no-deps symlink_data
[3.259s] running develop
[3.423s] running egg_info
[3.423s] writing controller.egg-info/PKG-INFO
[3.423s] writing dependency_links to controller.egg-info/dependency_links.txt
[3.423s] writing entry points to controller.egg-info/entry_points.txt
[3.424s] writing requirements to controller.egg-info/requires.txt
[3.424s] writing top-level names to controller.egg-info/top_level.txt
[3.425s] reading manifest file 'controller.egg-info/SOURCES.txt'
[3.426s] writing manifest file 'controller.egg-info/SOURCES.txt'
[3.428s] running build_ext
[3.428s] Creating /home/tora/soft_ws/install/controller/lib/python3.10/site-packages/controller.egg-link (link to .)
[3.428s] Installing odom_calc script to /home/tora/soft_ws/install/controller/lib/controller
[3.428s] Installing rover script to /home/tora/soft_ws/install/controller/lib/controller
[3.428s] Installing teleop_joy_control script to /home/tora/soft_ws/install/controller/lib/controller
[3.429s] Installing wheel_ctl_serial_master script to /home/tora/soft_ws/install/controller/lib/controller
[3.429s] 
[3.429s] Installed /home/tora/soft_ws/build/controller
[3.429s] running symlink_data
[3.449s] Invoked command in '/home/tora/soft_ws/build/controller' returned '0': PYTHONPATH=/home/tora/soft_ws/build/controller/prefix_override:/usr/lib/python3/dist-packages/colcon_core/task/python/colcon_distutils_commands:/home/tora/soft_ws/install/controller/lib/python3.10/site-packages:${PYTHONPATH} /usr/bin/python3 -W ignore:setup.py install is deprecated -W ignore:easy_install command is deprecated setup.py develop --editable --build-directory /home/tora/soft_ws/build/controller/build --no-deps symlink_data
