[2.587s] Invoking command in '/home/tora/soft_ws/build/visual_odom': PYTHONPATH=/home/tora/soft_ws/build/visual_odom/prefix_override:/usr/lib/python3/dist-packages/colcon_core/task/python/colcon_distutils_commands:/home/tora/soft_ws/install/visual_odom/lib/python3.10/site-packages:${PYTHONPATH} /usr/bin/python3 -W ignore:setup.py install is deprecated setup.py develop --editable --build-directory /home/tora/soft_ws/build/visual_odom/build --no-deps symlink_data --force
[2.864s] running develop
[3.052s] running egg_info
[3.052s] writing visual_odom.egg-info/PKG-INFO
[3.052s] writing dependency_links to visual_odom.egg-info/dependency_links.txt
[3.052s] writing entry points to visual_odom.egg-info/entry_points.txt
[3.052s] writing requirements to visual_odom.egg-info/requires.txt
[3.052s] writing top-level names to visual_odom.egg-info/top_level.txt
[3.053s] reading manifest file 'visual_odom.egg-info/SOURCES.txt'
[3.054s] writing manifest file 'visual_odom.egg-info/SOURCES.txt'
[3.056s] running build_ext
[3.056s] Creating /home/tora/soft_ws/install/visual_odom/lib/python3.10/site-packages/visual-odom.egg-link (link to .)
[3.057s] 
[3.057s] Installed /home/tora/soft_ws/build/visual_odom
[3.057s] running symlink_data
[3.057s] symbolically linking /home/tora/soft_ws/build/visual_odom/resource/visual_odom -> /home/tora/soft_ws/install/visual_odom/share/ament_index/resource_index/packages
[3.059s] symbolically linking /home/tora/soft_ws/build/visual_odom/package.xml -> /home/tora/soft_ws/install/visual_odom/share/visual_odom
[3.059s] symbolically linking /home/tora/soft_ws/build/visual_odom/launch/visual_odom.launch.xml -> /home/tora/soft_ws/install/visual_odom/share/visual_odom/launch
[3.059s] symbolically linking /home/tora/soft_ws/build/visual_odom/launch/gazebo_navigation.launch.py -> /home/tora/soft_ws/install/visual_odom/share/visual_odom/launch
[3.059s] symbolically linking /home/tora/soft_ws/build/visual_odom/launch/stereo_slam.launch.py -> /home/tora/soft_ws/install/visual_odom/share/visual_odom/launch
[3.079s] Invoked command in '/home/tora/soft_ws/build/visual_odom' returned '0': PYTHONPATH=/home/tora/soft_ws/build/visual_odom/prefix_override:/usr/lib/python3/dist-packages/colcon_core/task/python/colcon_distutils_commands:/home/tora/soft_ws/install/visual_odom/lib/python3.10/site-packages:${PYTHONPATH} /usr/bin/python3 -W ignore:setup.py install is deprecated setup.py develop --editable --build-directory /home/tora/soft_ws/build/visual_odom/build --no-deps symlink_data --force
