[2.558s] Invoking command in '/home/tora/soft_ws/src/rover_description': PYTHONPATH=/home/tora/soft_ws/build/rover_description/prefix_override:/usr/lib/python3/dist-packages/colcon_core/task/python/colcon_distutils_commands:/home/tora/soft_ws/install/rover_description/lib/python3.10/site-packages:${PYTHONPATH} /usr/bin/python3 -W ignore:setup.py install is deprecated setup.py egg_info --egg-base ../../build/rover_description build --build-base /home/tora/soft_ws/build/rover_description/build install --record /home/tora/soft_ws/build/rover_description/install.log --install-scripts $base/lib/rover_description --single-version-externally-managed install_data
[2.791s] /home/tora/.local/lib/python3.10/site-packages/setuptools/dist.py:717: UserWarning: Usage of dash-separated 'script-dir' will not be supported in future versions. Please use the underscore name 'script_dir' instead
[2.791s]   warnings.warn(
[2.811s] running egg_info
[2.811s] creating ../../build/rover_description/rover_description.egg-info
[2.812s] writing ../../build/rover_description/rover_description.egg-info/PKG-INFO
[2.812s] writing dependency_links to ../../build/rover_description/rover_description.egg-info/dependency_links.txt
[2.812s] writing entry points to ../../build/rover_description/rover_description.egg-info/entry_points.txt
[2.812s] writing requirements to ../../build/rover_description/rover_description.egg-info/requires.txt
[2.812s] writing top-level names to ../../build/rover_description/rover_description.egg-info/top_level.txt
[2.812s] writing manifest file '../../build/rover_description/rover_description.egg-info/SOURCES.txt'
[2.813s] reading manifest file '../../build/rover_description/rover_description.egg-info/SOURCES.txt'
[2.814s] writing manifest file '../../build/rover_description/rover_description.egg-info/SOURCES.txt'
[2.814s] running build
[2.814s] running build_py
[2.814s] creating /home/tora/soft_ws/build/rover_description/build
[2.814s] creating /home/tora/soft_ws/build/rover_description/build/lib
[2.814s] creating /home/tora/soft_ws/build/rover_description/build/lib/rover_description
[2.814s] copying rover_description/__init__.py -> /home/tora/soft_ws/build/rover_description/build/lib/rover_description
[2.814s] running install
[2.814s] running install_lib
[2.815s] creating /home/tora/soft_ws/install/rover_description/lib/python3.10/site-packages/rover_description
[2.815s] copying /home/tora/soft_ws/build/rover_description/build/lib/rover_description/__init__.py -> /home/tora/soft_ws/install/rover_description/lib/python3.10/site-packages/rover_description
[2.815s] byte-compiling /home/tora/soft_ws/install/rover_description/lib/python3.10/site-packages/rover_description/__init__.py to __init__.cpython-310.pyc
[2.815s] running install_data
[2.815s] creating /home/tora/soft_ws/install/rover_description/share/ament_index
[2.816s] creating /home/tora/soft_ws/install/rover_description/share/ament_index/resource_index
[2.816s] creating /home/tora/soft_ws/install/rover_description/share/ament_index/resource_index/packages
[2.816s] copying resource/rover_description -> /home/tora/soft_ws/install/rover_description/share/ament_index/resource_index/packages
[2.816s] copying package.xml -> /home/tora/soft_ws/install/rover_description/share/rover_description
[2.816s] creating /home/tora/soft_ws/install/rover_description/share/rover_description/launch
[2.816s] copying launch/gazebp_world.launch.py -> /home/tora/soft_ws/install/rover_description/share/rover_description/launch
[2.816s] copying launch/display.launch.py -> /home/tora/soft_ws/install/rover_description/share/rover_description/launch
[2.816s] copying launch/gazebo.launch.py -> /home/tora/soft_ws/install/rover_description/share/rover_description/launch
[2.816s] creating /home/tora/soft_ws/install/rover_description/share/rover_description/urdf
[2.816s] copying urdf/rover.trans -> /home/tora/soft_ws/install/rover_description/share/rover_description/urdf
[2.816s] copying urdf/materials.xacro -> /home/tora/soft_ws/install/rover_description/share/rover_description/urdf
[2.816s] copying urdf/rover_description.xacro -> /home/tora/soft_ws/install/rover_description/share/rover_description/urdf
[2.816s] copying urdf/diff_control.xacro -> /home/tora/soft_ws/install/rover_description/share/rover_description/urdf
[2.816s] copying urdf/rover.xacro -> /home/tora/soft_ws/install/rover_description/share/rover_description/urdf
[2.816s] copying urdf/rover.gazebo -> /home/tora/soft_ws/install/rover_description/share/rover_description/urdf
[2.816s] copying urdf/_d435.urdf.xacro -> /home/tora/soft_ws/install/rover_description/share/rover_description/urdf
[2.816s] creating /home/tora/soft_ws/install/rover_description/share/rover_description/meshes
[2.816s] copying meshes/chassis_left_1.stl -> /home/tora/soft_ws/install/rover_description/share/rover_description/meshes
[2.817s] copying meshes/wheel_right_front_1.stl -> /home/tora/soft_ws/install/rover_description/share/rover_description/meshes
[2.817s] copying meshes/wheel_right_back_1.stl -> /home/tora/soft_ws/install/rover_description/share/rover_description/meshes
[2.817s] copying meshes/chassis_right_1.stl -> /home/tora/soft_ws/install/rover_description/share/rover_description/meshes
[2.817s] copying meshes/base_link.stl -> /home/tora/soft_ws/install/rover_description/share/rover_description/meshes
[2.817s] copying meshes/wheel_left_front_1.stl -> /home/tora/soft_ws/install/rover_description/share/rover_description/meshes
[2.817s] copying meshes/wheel_left_back_1.stl -> /home/tora/soft_ws/install/rover_description/share/rover_description/meshes
[2.817s] creating /home/tora/soft_ws/install/rover_description/share/rover_description/config
[2.817s] copying config/display.rviz -> /home/tora/soft_ws/install/rover_description/share/rover_description/config
[2.817s] copying config/diff_robot.yaml -> /home/tora/soft_ws/install/rover_description/share/rover_description/config
[2.817s] creating /home/tora/soft_ws/install/rover_description/share/rover_description/world
[2.817s] copying world/display.world -> /home/tora/soft_ws/install/rover_description/share/rover_description/world
[2.817s] running install_egg_info
[2.818s] Copying ../../build/rover_description/rover_description.egg-info to /home/tora/soft_ws/install/rover_description/lib/python3.10/site-packages/rover_description-0.0.0-py3.10.egg-info
[2.819s] running install_scripts
[2.837s] writing list of installed files to '/home/tora/soft_ws/build/rover_description/install.log'
[2.855s] Invoked command in '/home/tora/soft_ws/src/rover_description' returned '0': PYTHONPATH=/home/tora/soft_ws/build/rover_description/prefix_override:/usr/lib/python3/dist-packages/colcon_core/task/python/colcon_distutils_commands:/home/tora/soft_ws/install/rover_description/lib/python3.10/site-packages:${PYTHONPATH} /usr/bin/python3 -W ignore:setup.py install is deprecated setup.py egg_info --egg-base ../../build/rover_description build --build-base /home/tora/soft_ws/build/rover_description/build install --record /home/tora/soft_ws/build/rover_description/install.log --install-scripts $base/lib/rover_description --single-version-externally-managed install_data
