running develop
running egg_info
writing controller.egg-info/PKG-INFO
writing dependency_links to controller.egg-info/dependency_links.txt
writing entry points to controller.egg-info/entry_points.txt
writing requirements to controller.egg-info/requires.txt
writing top-level names to controller.egg-info/top_level.txt
reading manifest file 'controller.egg-info/SOURCES.txt'
writing manifest file 'controller.egg-info/SOURCES.txt'
running build_ext
Creating /home/tora/soft_ws/install/controller/lib/python3.10/site-packages/controller.egg-link (link to .)
Installing odom_calc script to /home/tora/soft_ws/install/controller/lib/controller
Installing rover script to /home/tora/soft_ws/install/controller/lib/controller
Installing teleop_joy_control script to /home/tora/soft_ws/install/controller/lib/controller
Installing wheel_ctl_serial_master script to /home/tora/soft_ws/install/controller/lib/controller

Installed /home/tora/soft_ws/build/controller
running symlink_data
symbolically linking /home/tora/soft_ws/build/controller/resource/controller -> /home/tora/soft_ws/install/controller/share/ament_index/resource_index/packages
symbolically linking /home/tora/soft_ws/build/controller/package.xml -> /home/tora/soft_ws/install/controller/share/controller
symbolically linking /home/tora/soft_ws/build/controller/launch/simple_run.launch.xml -> /home/tora/soft_ws/install/controller/share/controller/launch
