[1.178s] Invoking command in '/home/tora/soft_ws/build/realsense_gazebo_plugin': /usr/bin/cmake /home/tora/soft_ws/src/realsense_gazebo_plugin -DCATKIN_INSTALL_INTO_PREFIX_ROOT=0 -DCMAKE_INSTALL_PREFIX=/home/tora/soft_ws/install/realsense_gazebo_plugin
[1.853s] -- Found ament_cmake: 1.3.11 (/opt/ros/humble/share/ament_cmake/cmake)
[1.853s] -- Found rclcpp: 16.0.11 (/opt/ros/humble/share/rclcpp/cmake)
[1.859s] -- Found rosidl_generator_c: 3.1.6 (/opt/ros/humble/share/rosidl_generator_c/cmake)
[1.867s] -- Found rosidl_adapter: 3.1.6 (/opt/ros/humble/share/rosidl_adapter/cmake)
[1.886s] -- Found rosidl_generator_cpp: 3.1.6 (/opt/ros/humble/share/rosidl_generator_cpp/cmake)
[1.969s] -- Using all available rosidl_typesupport_c: rosidl_typesupport_microxrcedds_c;rosidl_typesupport_fastrtps_c;rosidl_typesupport_introspection_c
[2.039s] -- Using all available rosidl_typesupport_cpp: rosidl_typesupport_microxrcedds_cpp;rosidl_typesupport_fastrtps_cpp;rosidl_typesupport_introspection_cpp
[2.122s] -- Found rmw_implementation_cmake: 6.1.2 (/opt/ros/humble/share/rmw_implementation_cmake/cmake)
[2.150s] -- Found rmw_cyclonedds_cpp: 1.3.4 (/opt/ros/humble/share/rmw_cyclonedds_cpp/cmake)
[2.206s] -- Using RMW implementation 'rmw_cyclonedds_cpp' as default
[2.291s] -- Found gazebo_ros: 3.7.0 (/opt/ros/humble/share/gazebo_ros/cmake)
[2.371s] -- Found DART: /usr/include (Required is at least version "6.6") found components: dart 
[2.519s] -- Found Protobuf: /usr/lib/x86_64-linux-gnu/libprotobuf.so (found version "3.12.4") 
[2.523s] -- Looking for ignition-math6 -- found version 6.15.1
[2.558s] -- Searching for dependencies of ignition-math6
[2.562s] -- Looking for OGRE...
[2.586s] -- Found Ogre Ghadamon (1.9.0)
[2.588s] -- Found OGRE: optimized;/usr/lib/x86_64-linux-gnu/libOgreMain.so;debug;/usr/lib/x86_64-linux-gnu/libOgreMain.so
[2.610s] -- Looking for OGRE_Paging...
[2.610s] -- Found OGRE_Paging: optimized;/usr/lib/x86_64-linux-gnu/libOgrePaging.so;debug;/usr/lib/x86_64-linux-gnu/libOgrePaging.so
[2.610s] -- Looking for OGRE_Terrain...
[2.610s] -- Found OGRE_Terrain: optimized;/usr/lib/x86_64-linux-gnu/libOgreTerrain.so;debug;/usr/lib/x86_64-linux-gnu/libOgreTerrain.so
[2.610s] -- Looking for OGRE_Property...
[2.611s] -- Found OGRE_Property: optimized;/usr/lib/x86_64-linux-gnu/libOgreProperty.so;debug;/usr/lib/x86_64-linux-gnu/libOgreProperty.so
[2.611s] -- Looking for OGRE_RTShaderSystem...
[2.611s] -- Found OGRE_RTShaderSystem: optimized;/usr/lib/x86_64-linux-gnu/libOgreRTShaderSystem.so;debug;/usr/lib/x86_64-linux-gnu/libOgreRTShaderSystem.so
[2.611s] -- Looking for OGRE_Volume...
[2.611s] -- Found OGRE_Volume: optimized;/usr/lib/x86_64-linux-gnu/libOgreVolume.so;debug;/usr/lib/x86_64-linux-gnu/libOgreVolume.so
[2.611s] -- Looking for OGRE_Overlay...
[2.611s] -- Found OGRE_Overlay: optimized;/usr/lib/x86_64-linux-gnu/libOgreOverlay.so;debug;/usr/lib/x86_64-linux-gnu/libOgreOverlay.so
[3.210s] -- Looking for ignition-math6 -- found version 6.15.1
[3.213s] -- Looking for ignition-transport8 -- found version 8.2.1
[3.213s] -- Searching for dependencies of ignition-transport8
[3.243s] -- Found Protobuf: /usr/lib/x86_64-linux-gnu/libprotobuf.so (found suitable version "3.12.4", minimum required is "3") 
[3.263s] -- Config-file not installed for ZeroMQ -- checking for pkg-config
[3.270s] -- Checking for module 'libzmq >= 4'
[3.333s] --   Found libzmq , version 4.3.4
[3.458s] -- Checking for module 'uuid'
[3.517s] --   Found uuid, version 2.37.2
[3.620s] -- Looking for ignition-msgs5 -- found version 5.8.1
[3.621s] -- Searching for dependencies of ignition-msgs5
[3.656s] -- Looking for ignition-math6 -- found version 6.15.1
[3.667s] -- Checking for module 'tinyxml2'
[3.714s] --   Found tinyxml2, version 9.0.0
[3.841s] -- Looking for ignition-msgs5 -- found version 5.8.1
[3.845s] -- Looking for ignition-common3 -- found version 3.14.0
[3.846s] -- Searching for dependencies of ignition-common3
[3.847s] -- Looking for dlfcn.h - found
[3.847s] -- Looking for libdl - found
[3.894s] -- Searching for <ignition-common3> component [graphics]
[3.897s] -- Looking for ignition-common3-graphics -- found version 3.14.0
[3.898s] -- Searching for dependencies of ignition-common3-graphics
[3.899s] -- Looking for ignition-math6 -- found version 6.15.1
[3.903s] -- Looking for ignition-fuel_tools4 -- found version 4.4.0
[3.904s] -- Searching for dependencies of ignition-fuel_tools4
[4.067s] -- Checking for module 'jsoncpp'
[4.147s] --   Found jsoncpp, version 1.9.5
[4.250s] -- Checking for module 'libzip'
[4.302s] --   Found libzip, version 1.7.3
[4.464s] -- Looking for ignition-common3 -- found version 3.14.0
[4.465s] -- Looking for ignition-math6 -- found version 6.15.1
[4.465s] -- Looking for ignition-msgs5 -- found version 5.8.1
[4.470s] -- Gazebo version: 11.10
[4.475s] -- Found image_transport: 3.1.10 (/opt/ros/humble/share/image_transport/cmake)
[4.658s] -- Found camera_info_manager: 3.1.10 (/opt/ros/humble/share/camera_info_manager/cmake)
[5.046s] -- Found ament_lint_auto: 0.12.11 (/opt/ros/humble/share/ament_lint_auto/cmake)
[5.241s] -- Configuring done
[5.291s] -- Generating done
[5.299s] -- Build files have been written to: /home/tora/soft_ws/build/realsense_gazebo_plugin
[5.318s] Invoked command in '/home/tora/soft_ws/build/realsense_gazebo_plugin' returned '0': /usr/bin/cmake /home/tora/soft_ws/src/realsense_gazebo_plugin -DCATKIN_INSTALL_INTO_PREFIX_ROOT=0 -DCMAKE_INSTALL_PREFIX=/home/tora/soft_ws/install/realsense_gazebo_plugin
[5.320s] Invoking command in '/home/tora/soft_ws/build/realsense_gazebo_plugin': /usr/bin/cmake --build /home/tora/soft_ws/build/realsense_gazebo_plugin -- -j16 -l16
[5.560s] [35m[1mConsolidate compiler generated dependencies of target realsense_gazebo_plugin[0m
[5.834s] [100%] Built target realsense_gazebo_plugin
[5.883s] Invoked command in '/home/tora/soft_ws/build/realsense_gazebo_plugin' returned '0': /usr/bin/cmake --build /home/tora/soft_ws/build/realsense_gazebo_plugin -- -j16 -l16
[5.933s] Invoking command in '/home/tora/soft_ws/build/realsense_gazebo_plugin': /usr/bin/cmake --install /home/tora/soft_ws/build/realsense_gazebo_plugin
[5.976s] -- Install configuration: ""
[5.978s] -- Up-to-date: /home/tora/soft_ws/install/realsense_gazebo_plugin/lib/librealsense_gazebo_plugin.so
[5.978s] -- Up-to-date: /home/tora/soft_ws/install/realsense_gazebo_plugin/include/
[5.978s] -- Up-to-date: /home/tora/soft_ws/install/realsense_gazebo_plugin/include//realsense_gazebo_plugin
[5.978s] -- Up-to-date: /home/tora/soft_ws/install/realsense_gazebo_plugin/include//realsense_gazebo_plugin/RealSensePlugin.h
[5.979s] -- Up-to-date: /home/tora/soft_ws/install/realsense_gazebo_plugin/include//realsense_gazebo_plugin/gazebo_ros_realsense.h
[5.979s] -- Up-to-date: /home/tora/soft_ws/install/realsense_gazebo_plugin/share/realsense_gazebo_plugin/environment/library_path.sh
[5.979s] -- Installing: /home/tora/soft_ws/install/realsense_gazebo_plugin/share/realsense_gazebo_plugin/environment/library_path.dsv
[5.979s] -- Up-to-date: /home/tora/soft_ws/install/realsense_gazebo_plugin/share/ament_index/resource_index/package_run_dependencies/realsense_gazebo_plugin
[5.979s] -- Installing: /home/tora/soft_ws/install/realsense_gazebo_plugin/share/ament_index/resource_index/parent_prefix_path/realsense_gazebo_plugin
[5.980s] -- Installing: /home/tora/soft_ws/install/realsense_gazebo_plugin/share/realsense_gazebo_plugin/environment/ament_prefix_path.sh
[5.980s] -- Installing: /home/tora/soft_ws/install/realsense_gazebo_plugin/share/realsense_gazebo_plugin/environment/ament_prefix_path.dsv
[5.980s] -- Installing: /home/tora/soft_ws/install/realsense_gazebo_plugin/share/realsense_gazebo_plugin/environment/path.sh
[5.980s] -- Installing: /home/tora/soft_ws/install/realsense_gazebo_plugin/share/realsense_gazebo_plugin/environment/path.dsv
[5.980s] -- Up-to-date: /home/tora/soft_ws/install/realsense_gazebo_plugin/share/realsense_gazebo_plugin/local_setup.bash
[5.980s] -- Up-to-date: /home/tora/soft_ws/install/realsense_gazebo_plugin/share/realsense_gazebo_plugin/local_setup.sh
[5.981s] -- Up-to-date: /home/tora/soft_ws/install/realsense_gazebo_plugin/share/realsense_gazebo_plugin/local_setup.zsh
[5.981s] -- Installing: /home/tora/soft_ws/install/realsense_gazebo_plugin/share/realsense_gazebo_plugin/local_setup.dsv
[5.981s] -- Installing: /home/tora/soft_ws/install/realsense_gazebo_plugin/share/realsense_gazebo_plugin/package.dsv
[5.981s] -- Up-to-date: /home/tora/soft_ws/install/realsense_gazebo_plugin/share/ament_index/resource_index/packages/realsense_gazebo_plugin
[5.981s] -- Up-to-date: /home/tora/soft_ws/install/realsense_gazebo_plugin/share/realsense_gazebo_plugin/cmake/ament_cmake_export_include_directories-extras.cmake
[5.981s] -- Up-to-date: /home/tora/soft_ws/install/realsense_gazebo_plugin/share/realsense_gazebo_plugin/cmake/ament_cmake_export_libraries-extras.cmake
[5.982s] -- Up-to-date: /home/tora/soft_ws/install/realsense_gazebo_plugin/share/realsense_gazebo_plugin/cmake/realsense_gazebo_pluginConfig.cmake
[5.982s] -- Up-to-date: /home/tora/soft_ws/install/realsense_gazebo_plugin/share/realsense_gazebo_plugin/cmake/realsense_gazebo_pluginConfig-version.cmake
[5.982s] -- Up-to-date: /home/tora/soft_ws/install/realsense_gazebo_plugin/share/realsense_gazebo_plugin/package.xml
[5.984s] Invoked command in '/home/tora/soft_ws/build/realsense_gazebo_plugin' returned '0': /usr/bin/cmake --install /home/tora/soft_ws/build/realsense_gazebo_plugin
