[2.562s] Invoking command in '/home/tora/soft_ws/build/rover_description': PYTHONPATH=/home/tora/soft_ws/build/rover_description/prefix_override:/usr/lib/python3/dist-packages/colcon_core/task/python/colcon_distutils_commands:/home/tora/soft_ws/install/rover_description/lib/python3.10/site-packages:${PYTHONPATH} /usr/bin/python3 -W ignore:setup.py install is deprecated -W ignore:easy_install command is deprecated setup.py develop --editable --build-directory /home/tora/soft_ws/build/rover_description/build --no-deps symlink_data --force
[2.882s] running develop
[3.147s] running egg_info
[3.148s] writing rover_description.egg-info/PKG-INFO
[3.148s] writing dependency_links to rover_description.egg-info/dependency_links.txt
[3.148s] writing entry points to rover_description.egg-info/entry_points.txt
[3.148s] writing requirements to rover_description.egg-info/requires.txt
[3.148s] writing top-level names to rover_description.egg-info/top_level.txt
[3.149s] reading manifest file 'rover_description.egg-info/SOURCES.txt'
[3.150s] writing manifest file 'rover_description.egg-info/SOURCES.txt'
[3.152s] running build_ext
[3.152s] Creating /home/tora/soft_ws/install/rover_description/lib/python3.10/site-packages/rover-description.egg-link (link to .)
[3.152s] 
[3.152s] Installed /home/tora/soft_ws/build/rover_description
[3.153s] running symlink_data
[3.153s] symbolically linking /home/tora/soft_ws/build/rover_description/resource/rover_description -> /home/tora/soft_ws/install/rover_description/share/ament_index/resource_index/packages
[3.153s] symbolically linking /home/tora/soft_ws/build/rover_description/package.xml -> /home/tora/soft_ws/install/rover_description/share/rover_description
[3.153s] symbolically linking /home/tora/soft_ws/build/rover_description/launch/display.launch.py -> /home/tora/soft_ws/install/rover_description/share/rover_description/launch
[3.153s] symbolically linking /home/tora/soft_ws/build/rover_description/launch/gazebo.launch.py -> /home/tora/soft_ws/install/rover_description/share/rover_description/launch
[3.153s] symbolically linking /home/tora/soft_ws/build/rover_description/launch/gazebo_world.launch.py -> /home/tora/soft_ws/install/rover_description/share/rover_description/launch
[3.153s] symbolically linking /home/tora/soft_ws/build/rover_description/urdf/rover.trans -> /home/tora/soft_ws/install/rover_description/share/rover_description/urdf
[3.153s] symbolically linking /home/tora/soft_ws/build/rover_description/urdf/materials.xacro -> /home/tora/soft_ws/install/rover_description/share/rover_description/urdf
[3.153s] symbolically linking /home/tora/soft_ws/build/rover_description/urdf/rover_description.xacro -> /home/tora/soft_ws/install/rover_description/share/rover_description/urdf
[3.153s] symbolically linking /home/tora/soft_ws/build/rover_description/urdf/diff_control.xacro -> /home/tora/soft_ws/install/rover_description/share/rover_description/urdf
[3.153s] symbolically linking /home/tora/soft_ws/build/rover_description/urdf/realsense.urdf -> /home/tora/soft_ws/install/rover_description/share/rover_description/urdf
[3.153s] symbolically linking /home/tora/soft_ws/build/rover_description/urdf/_d435.gazebo.xacro -> /home/tora/soft_ws/install/rover_description/share/rover_description/urdf
[3.153s] symbolically linking /home/tora/soft_ws/build/rover_description/urdf/rover.xacro -> /home/tora/soft_ws/install/rover_description/share/rover_description/urdf
[3.153s] symbolically linking /home/tora/soft_ws/build/rover_description/urdf/rover_realsense.xacro -> /home/tora/soft_ws/install/rover_description/share/rover_description/urdf
[3.153s] symbolically linking /home/tora/soft_ws/build/rover_description/urdf/rover.gazebo -> /home/tora/soft_ws/install/rover_description/share/rover_description/urdf
[3.153s] symbolically linking /home/tora/soft_ws/build/rover_description/urdf/_d435.urdf.xacro -> /home/tora/soft_ws/install/rover_description/share/rover_description/urdf
[3.153s] symbolically linking /home/tora/soft_ws/build/rover_description/meshes/chassis_left_1.stl -> /home/tora/soft_ws/install/rover_description/share/rover_description/meshes
[3.154s] symbolically linking /home/tora/soft_ws/build/rover_description/meshes/d435.dae -> /home/tora/soft_ws/install/rover_description/share/rover_description/meshes
[3.154s] symbolically linking /home/tora/soft_ws/build/rover_description/meshes/wheel_right_front_1.stl -> /home/tora/soft_ws/install/rover_description/share/rover_description/meshes
[3.154s] symbolically linking /home/tora/soft_ws/build/rover_description/meshes/wheel_right_back_1.stl -> /home/tora/soft_ws/install/rover_description/share/rover_description/meshes
[3.154s] symbolically linking /home/tora/soft_ws/build/rover_description/meshes/chassis_right_1.stl -> /home/tora/soft_ws/install/rover_description/share/rover_description/meshes
[3.154s] symbolically linking /home/tora/soft_ws/build/rover_description/meshes/base_link.stl -> /home/tora/soft_ws/install/rover_description/share/rover_description/meshes
[3.154s] symbolically linking /home/tora/soft_ws/build/rover_description/meshes/wheel_left_front_1.stl -> /home/tora/soft_ws/install/rover_description/share/rover_description/meshes
[3.154s] symbolically linking /home/tora/soft_ws/build/rover_description/meshes/wheel_left_back_1.stl -> /home/tora/soft_ws/install/rover_description/share/rover_description/meshes
[3.154s] symbolically linking /home/tora/soft_ws/build/rover_description/config/display.rviz -> /home/tora/soft_ws/install/rover_description/share/rover_description/config
[3.154s] symbolically linking /home/tora/soft_ws/build/rover_description/config/diff_robot.yaml -> /home/tora/soft_ws/install/rover_description/share/rover_description/config
[3.154s] symbolically linking /home/tora/soft_ws/build/rover_description/world/display.world -> /home/tora/soft_ws/install/rover_description/share/rover_description/world
[3.154s] symbolically linking /home/tora/soft_ws/build/rover_description/models/realsense_camera/model.sdf -> /home/tora/soft_ws/install/rover_description/share/rover_description/models
[3.154s] symbolically linking /home/tora/soft_ws/build/rover_description/models/realsense_camera/model.config -> /home/tora/soft_ws/install/rover_description/share/rover_description/models
[3.173s] Invoked command in '/home/tora/soft_ws/build/rover_description' returned '0': PYTHONPATH=/home/tora/soft_ws/build/rover_description/prefix_override:/usr/lib/python3/dist-packages/colcon_core/task/python/colcon_distutils_commands:/home/tora/soft_ws/install/rover_description/lib/python3.10/site-packages:${PYTHONPATH} /usr/bin/python3 -W ignore:setup.py install is deprecated -W ignore:easy_install command is deprecated setup.py develop --editable --build-directory /home/tora/soft_ws/build/rover_description/build --no-deps symlink_data --force
