running develop
running egg_info
creating rover_controller.egg-info
writing rover_controller.egg-info/PKG-INFO
writing dependency_links to rover_controller.egg-info/dependency_links.txt
writing entry points to rover_controller.egg-info/entry_points.txt
writing requirements to rover_controller.egg-info/requires.txt
writing top-level names to rover_controller.egg-info/top_level.txt
writing manifest file 'rover_controller.egg-info/SOURCES.txt'
reading manifest file 'rover_controller.egg-info/SOURCES.txt'
writing manifest file 'rover_controller.egg-info/SOURCES.txt'
running build_ext
Creating /home/tora/soft_ws/self_development/install/rover_controller/lib/python3.10/site-packages/rover-controller.egg-link (link to .)
Installing odom_calc script to /home/tora/soft_ws/self_development/install/rover_controller/lib/rover_controller
Installing rover script to /home/tora/soft_ws/self_development/install/rover_controller/lib/rover_controller
Installing teleop_joy_control script to /home/tora/soft_ws/self_development/install/rover_controller/lib/rover_controller
Installing wheel_ctl_serial_master script to /home/tora/soft_ws/self_development/install/rover_controller/lib/rover_controller

Installed /home/tora/soft_ws/self_development/build/rover_controller
running symlink_data
creating /home/tora/soft_ws/self_development/install/rover_controller/share/ament_index
creating /home/tora/soft_ws/self_development/install/rover_controller/share/ament_index/resource_index
creating /home/tora/soft_ws/self_development/install/rover_controller/share/ament_index/resource_index/packages
symbolically linking /home/tora/soft_ws/self_development/build/rover_controller/resource/rover_controller -> /home/tora/soft_ws/self_development/install/rover_controller/share/ament_index/resource_index/packages
symbolically linking /home/tora/soft_ws/self_development/build/rover_controller/package.xml -> /home/tora/soft_ws/self_development/install/rover_controller/share/rover_controller
creating /home/tora/soft_ws/self_development/install/rover_controller/share/rover_controller/launch
symbolically linking /home/tora/soft_ws/self_development/build/rover_controller/launch/simple_run.launch.xml -> /home/tora/soft_ws/self_development/install/rover_controller/share/rover_controller/launch
