[2.871s] Invoking command in '/home/tora/soft_ws/self_development/build/rover_controller': PYTHONPATH=/home/tora/soft_ws/self_development/build/rover_controller/prefix_override:/usr/lib/python3/dist-packages/colcon_core/task/python/colcon_distutils_commands:/home/tora/soft_ws/self_development/install/rover_controller/lib/python3.10/site-packages:${PYTHONPATH} /usr/bin/python3 -W ignore:setup.py install is deprecated -W ignore:easy_install command is deprecated setup.py develop --editable --build-directory /home/tora/soft_ws/self_development/build/rover_controller/build --no-deps symlink_data
[3.216s] running develop
[3.387s] running egg_info
[3.387s] creating rover_controller.egg-info
[3.387s] writing rover_controller.egg-info/PKG-INFO
[3.387s] writing dependency_links to rover_controller.egg-info/dependency_links.txt
[3.387s] writing entry points to rover_controller.egg-info/entry_points.txt
[3.387s] writing requirements to rover_controller.egg-info/requires.txt
[3.387s] writing top-level names to rover_controller.egg-info/top_level.txt
[3.387s] writing manifest file 'rover_controller.egg-info/SOURCES.txt'
[3.389s] reading manifest file 'rover_controller.egg-info/SOURCES.txt'
[3.389s] writing manifest file 'rover_controller.egg-info/SOURCES.txt'
[3.391s] running build_ext
[3.391s] Creating /home/tora/soft_ws/self_development/install/rover_controller/lib/python3.10/site-packages/rover-controller.egg-link (link to .)
[3.391s] Installing odom_calc script to /home/tora/soft_ws/self_development/install/rover_controller/lib/rover_controller
[3.392s] Installing rover script to /home/tora/soft_ws/self_development/install/rover_controller/lib/rover_controller
[3.392s] Installing teleop_joy_control script to /home/tora/soft_ws/self_development/install/rover_controller/lib/rover_controller
[3.392s] Installing wheel_ctl_serial_master script to /home/tora/soft_ws/self_development/install/rover_controller/lib/rover_controller
[3.392s] 
[3.392s] Installed /home/tora/soft_ws/self_development/build/rover_controller
[3.392s] running symlink_data
[3.392s] creating /home/tora/soft_ws/self_development/install/rover_controller/share/ament_index
[3.392s] creating /home/tora/soft_ws/self_development/install/rover_controller/share/ament_index/resource_index
[3.392s] creating /home/tora/soft_ws/self_development/install/rover_controller/share/ament_index/resource_index/packages
[3.392s] symbolically linking /home/tora/soft_ws/self_development/build/rover_controller/resource/rover_controller -> /home/tora/soft_ws/self_development/install/rover_controller/share/ament_index/resource_index/packages
[3.392s] symbolically linking /home/tora/soft_ws/self_development/build/rover_controller/package.xml -> /home/tora/soft_ws/self_development/install/rover_controller/share/rover_controller
[3.392s] creating /home/tora/soft_ws/self_development/install/rover_controller/share/rover_controller/launch
[3.392s] symbolically linking /home/tora/soft_ws/self_development/build/rover_controller/launch/simple_run.launch.xml -> /home/tora/soft_ws/self_development/install/rover_controller/share/rover_controller/launch
[3.414s] Invoked command in '/home/tora/soft_ws/self_development/build/rover_controller' returned '0': PYTHONPATH=/home/tora/soft_ws/self_development/build/rover_controller/prefix_override:/usr/lib/python3/dist-packages/colcon_core/task/python/colcon_distutils_commands:/home/tora/soft_ws/self_development/install/rover_controller/lib/python3.10/site-packages:${PYTHONPATH} /usr/bin/python3 -W ignore:setup.py install is deprecated -W ignore:easy_install command is deprecated setup.py develop --editable --build-directory /home/tora/soft_ws/self_development/build/rover_controller/build --no-deps symlink_data
