[2.836s] Invoking command in '/home/tora/soft_ws/src/rover_description': PYTHONPATH=/home/tora/soft_ws/build/rover_description/prefix_override:/usr/lib/python3/dist-packages/colcon_core/task/python/colcon_distutils_commands:/home/tora/soft_ws/install/rover_description/lib/python3.10/site-packages:${PYTHONPATH} /usr/bin/python3 -W ignore:setup.py install is deprecated setup.py egg_info --egg-base ../../build/rover_description build --build-base /home/tora/soft_ws/build/rover_description/build install --record /home/tora/soft_ws/build/rover_description/install.log --install-scripts $base/lib/rover_description --single-version-externally-managed install_data
[3.217s] /home/tora/.local/lib/python3.10/site-packages/setuptools/dist.py:717: UserWarning: Usage of dash-separated 'script-dir' will not be supported in future versions. Please use the underscore name 'script_dir' instead
[3.217s]   warnings.warn(
[3.244s] running egg_info
[3.244s] writing ../../build/rover_description/rover_description.egg-info/PKG-INFO
[3.244s] writing dependency_links to ../../build/rover_description/rover_description.egg-info/dependency_links.txt
[3.245s] writing entry points to ../../build/rover_description/rover_description.egg-info/entry_points.txt
[3.245s] writing requirements to ../../build/rover_description/rover_description.egg-info/requires.txt
[3.245s] writing top-level names to ../../build/rover_description/rover_description.egg-info/top_level.txt
[3.246s] reading manifest file '../../build/rover_description/rover_description.egg-info/SOURCES.txt'
[3.248s] writing manifest file '../../build/rover_description/rover_description.egg-info/SOURCES.txt'
[3.248s] running build
[3.248s] running build_py
[3.248s] running install
[3.248s] running install_lib
[3.250s] running install_data
[3.250s] copying launch/gazebo_world.launch.py -> /home/tora/soft_ws/install/rover_description/share/rover_description/launch
[3.251s] running install_egg_info
[3.253s] removing '/home/tora/soft_ws/install/rover_description/lib/python3.10/site-packages/rover_description-0.0.0-py3.10.egg-info' (and everything under it)
[3.253s] Copying ../../build/rover_description/rover_description.egg-info to /home/tora/soft_ws/install/rover_description/lib/python3.10/site-packages/rover_description-0.0.0-py3.10.egg-info
[3.254s] running install_scripts
[3.278s] writing list of installed files to '/home/tora/soft_ws/build/rover_description/install.log'
[3.301s] Invoked command in '/home/tora/soft_ws/src/rover_description' returned '0': PYTHONPATH=/home/tora/soft_ws/build/rover_description/prefix_override:/usr/lib/python3/dist-packages/colcon_core/task/python/colcon_distutils_commands:/home/tora/soft_ws/install/rover_description/lib/python3.10/site-packages:${PYTHONPATH} /usr/bin/python3 -W ignore:setup.py install is deprecated setup.py egg_info --egg-base ../../build/rover_description build --build-base /home/tora/soft_ws/build/rover_description/build install --record /home/tora/soft_ws/build/rover_description/install.log --install-scripts $base/lib/rover_description --single-version-externally-managed install_data
