[2.792s] Invoking command in '/home/tora/soft_ws/src/rover_description': PYTHONPATH=/home/tora/soft_ws/build/rover_description/prefix_override:/usr/lib/python3/dist-packages/colcon_core/task/python/colcon_distutils_commands:/home/tora/soft_ws/install/rover_description/lib/python3.10/site-packages:${PYTHONPATH} /usr/bin/python3 -W ignore:setup.py install is deprecated setup.py egg_info --egg-base ../../build/rover_description build --build-base /home/tora/soft_ws/build/rover_description/build install --record /home/tora/soft_ws/build/rover_description/install.log --single-version-externally-managed install_data
[3.065s] running egg_info
[3.066s] writing ../../build/rover_description/rover_description.egg-info/PKG-INFO
[3.066s] writing dependency_links to ../../build/rover_description/rover_description.egg-info/dependency_links.txt
[3.066s] writing entry points to ../../build/rover_description/rover_description.egg-info/entry_points.txt
[3.066s] writing requirements to ../../build/rover_description/rover_description.egg-info/requires.txt
[3.066s] writing top-level names to ../../build/rover_description/rover_description.egg-info/top_level.txt
[3.067s] reading manifest file '../../build/rover_description/rover_description.egg-info/SOURCES.txt'
[3.068s] writing manifest file '../../build/rover_description/rover_description.egg-info/SOURCES.txt'
[3.068s] running build
[3.068s] running build_py
[3.068s] running install
[3.068s] running install_lib
[3.069s] running install_data
[3.069s] running install_egg_info
[3.071s] removing '/home/tora/soft_ws/install/rover_description/lib/python3.10/site-packages/rover_description-0.0.0-py3.10.egg-info' (and everything under it)
[3.071s] Copying ../../build/rover_description/rover_description.egg-info to /home/tora/soft_ws/install/rover_description/lib/python3.10/site-packages/rover_description-0.0.0-py3.10.egg-info
[3.071s] running install_scripts
[3.088s] writing list of installed files to '/home/tora/soft_ws/build/rover_description/install.log'
[3.104s] Invoked command in '/home/tora/soft_ws/src/rover_description' returned '0': PYTHONPATH=/home/tora/soft_ws/build/rover_description/prefix_override:/usr/lib/python3/dist-packages/colcon_core/task/python/colcon_distutils_commands:/home/tora/soft_ws/install/rover_description/lib/python3.10/site-packages:${PYTHONPATH} /usr/bin/python3 -W ignore:setup.py install is deprecated setup.py egg_info --egg-base ../../build/rover_description build --build-base /home/tora/soft_ws/build/rover_description/build install --record /home/tora/soft_ws/build/rover_description/install.log --single-version-externally-managed install_data
