[5.124s] Invoking command in '/home/tora/soft_ws/build/controller': PYTHONPATH=/home/tora/soft_ws/build/controller/prefix_override:/usr/lib/python3/dist-packages/colcon_core/task/python/colcon_distutils_commands:/home/tora/soft_ws/install/controller/lib/python3.10/site-packages:${PYTHONPATH} /usr/bin/python3 -W ignore:setup.py install is deprecated -W ignore:easy_install command is deprecated setup.py develop --uninstall --editable --build-directory /home/tora/soft_ws/build/controller/build
[5.871s] running develop
[6.333s] Removing /home/tora/soft_ws/install/controller/lib/python3.10/site-packages/controller.egg-link (link to .)
[6.391s] Invoked command in '/home/tora/soft_ws/build/controller' returned '0': PYTHONPATH=/home/tora/soft_ws/build/controller/prefix_override:/usr/lib/python3/dist-packages/colcon_core/task/python/colcon_distutils_commands:/home/tora/soft_ws/install/controller/lib/python3.10/site-packages:${PYTHONPATH} /usr/bin/python3 -W ignore:setup.py install is deprecated -W ignore:easy_install command is deprecated setup.py develop --uninstall --editable --build-directory /home/tora/soft_ws/build/controller/build
[6.393s] Invoking command in '/home/tora/soft_ws/src/controller': PYTHONPATH=/home/tora/soft_ws/build/controller/prefix_override:/usr/lib/python3/dist-packages/colcon_core/task/python/colcon_distutils_commands:/home/tora/soft_ws/install/controller/lib/python3.10/site-packages:${PYTHONPATH} /usr/bin/python3 -W ignore:setup.py install is deprecated -W ignore:easy_install command is deprecated setup.py egg_info --egg-base ../../build/controller build --build-base /home/tora/soft_ws/build/controller/build install --record /home/tora/soft_ws/build/controller/install.log --single-version-externally-managed install_data --force
[7.422s] running egg_info
[7.424s] writing ../../build/controller/controller.egg-info/PKG-INFO
[7.424s] writing dependency_links to ../../build/controller/controller.egg-info/dependency_links.txt
[7.424s] writing entry points to ../../build/controller/controller.egg-info/entry_points.txt
[7.425s] writing requirements to ../../build/controller/controller.egg-info/requires.txt
[7.425s] writing top-level names to ../../build/controller/controller.egg-info/top_level.txt
[7.429s] reading manifest file '../../build/controller/controller.egg-info/SOURCES.txt'
[7.431s] writing manifest file '../../build/controller/controller.egg-info/SOURCES.txt'
[7.431s] running build
[7.431s] running build_py
[7.432s] running install
[7.433s] running install_lib
[7.434s] creating /home/tora/soft_ws/install/controller/lib/python3.10/site-packages/controller
[7.434s] copying /home/tora/soft_ws/build/controller/build/lib/controller/__init__.py -> /home/tora/soft_ws/install/controller/lib/python3.10/site-packages/controller
[7.435s] copying /home/tora/soft_ws/build/controller/build/lib/controller/rover.py -> /home/tora/soft_ws/install/controller/lib/python3.10/site-packages/controller
[7.435s] copying /home/tora/soft_ws/build/controller/build/lib/controller/teleop_joy_control.py -> /home/tora/soft_ws/install/controller/lib/python3.10/site-packages/controller
[7.435s] copying /home/tora/soft_ws/build/controller/build/lib/controller/wheel_ctl_serial_master.py -> /home/tora/soft_ws/install/controller/lib/python3.10/site-packages/controller
[7.435s] copying /home/tora/soft_ws/build/controller/build/lib/controller/odom_calc.py -> /home/tora/soft_ws/install/controller/lib/python3.10/site-packages/controller
[7.438s] byte-compiling /home/tora/soft_ws/install/controller/lib/python3.10/site-packages/controller/__init__.py to __init__.cpython-310.pyc
[7.439s] byte-compiling /home/tora/soft_ws/install/controller/lib/python3.10/site-packages/controller/rover.py to rover.cpython-310.pyc
[7.440s] byte-compiling /home/tora/soft_ws/install/controller/lib/python3.10/site-packages/controller/teleop_joy_control.py to teleop_joy_control.cpython-310.pyc
[7.442s] byte-compiling /home/tora/soft_ws/install/controller/lib/python3.10/site-packages/controller/wheel_ctl_serial_master.py to wheel_ctl_serial_master.cpython-310.pyc
[7.444s] byte-compiling /home/tora/soft_ws/install/controller/lib/python3.10/site-packages/controller/odom_calc.py to odom_calc.cpython-310.pyc
[7.446s] running install_data
[7.446s] copying resource/controller -> /home/tora/soft_ws/install/controller/share/ament_index/resource_index/packages
[7.446s] copying package.xml -> /home/tora/soft_ws/install/controller/share/controller
[7.447s] copying launch/simple_run.launch.xml -> /home/tora/soft_ws/install/controller/share/controller/launch
[7.448s] running install_egg_info
[7.454s] Copying ../../build/controller/controller.egg-info to /home/tora/soft_ws/install/controller/lib/python3.10/site-packages/controller-0.0.0-py3.10.egg-info
[7.457s] running install_scripts
[7.519s] Installing odom_calc script to /home/tora/soft_ws/install/controller/lib/controller
[7.519s] Installing rover script to /home/tora/soft_ws/install/controller/lib/controller
[7.520s] Installing teleop_joy_control script to /home/tora/soft_ws/install/controller/lib/controller
[7.520s] Installing wheel_ctl_serial_master script to /home/tora/soft_ws/install/controller/lib/controller
[7.521s] writing list of installed files to '/home/tora/soft_ws/build/controller/install.log'
[7.574s] Invoked command in '/home/tora/soft_ws/src/controller' returned '0': PYTHONPATH=/home/tora/soft_ws/build/controller/prefix_override:/usr/lib/python3/dist-packages/colcon_core/task/python/colcon_distutils_commands:/home/tora/soft_ws/install/controller/lib/python3.10/site-packages:${PYTHONPATH} /usr/bin/python3 -W ignore:setup.py install is deprecated -W ignore:easy_install command is deprecated setup.py egg_info --egg-base ../../build/controller build --build-base /home/tora/soft_ws/build/controller/build install --record /home/tora/soft_ws/build/controller/install.log --single-version-externally-managed install_data --force
