[2.195s] Invoking command in '/home/tora/soft_ws/build/visual_odom': PYTHONPATH=/home/tora/soft_ws/build/visual_odom/prefix_override:/usr/lib/python3/dist-packages/colcon_core/task/python/colcon_distutils_commands:/home/tora/soft_ws/install/visual_odom/lib/python3.10/site-packages:${PYTHONPATH} /usr/bin/python3 -W ignore:setup.py install is deprecated setup.py develop --editable --build-directory /home/tora/soft_ws/build/visual_odom/build --no-deps symlink_data --force
[2.480s] running develop
[2.654s] running egg_info
[2.654s] writing visual_odom.egg-info/PKG-INFO
[2.655s] writing dependency_links to visual_odom.egg-info/dependency_links.txt
[2.655s] writing entry points to visual_odom.egg-info/entry_points.txt
[2.655s] writing requirements to visual_odom.egg-info/requires.txt
[2.655s] writing top-level names to visual_odom.egg-info/top_level.txt
[2.656s] reading manifest file 'visual_odom.egg-info/SOURCES.txt'
[2.656s] writing manifest file 'visual_odom.egg-info/SOURCES.txt'
[2.658s] running build_ext
[2.658s] Creating /home/tora/soft_ws/install/visual_odom/lib/python3.10/site-packages/visual-odom.egg-link (link to .)
[2.659s] 
[2.659s] Installed /home/tora/soft_ws/build/visual_odom
[2.659s] running symlink_data
[2.659s] symbolically linking /home/tora/soft_ws/build/visual_odom/resource/visual_odom -> /home/tora/soft_ws/install/visual_odom/share/ament_index/resource_index/packages
[2.659s] symbolically linking /home/tora/soft_ws/build/visual_odom/package.xml -> /home/tora/soft_ws/install/visual_odom/share/visual_odom
[2.659s] symbolically linking /home/tora/soft_ws/build/visual_odom/launch/visual_odom.launch.xml -> /home/tora/soft_ws/install/visual_odom/share/visual_odom/launch
[2.659s] symbolically linking /home/tora/soft_ws/build/visual_odom/launch/gazebo_navigation.launch.py -> /home/tora/soft_ws/install/visual_odom/share/visual_odom/launch
[2.659s] symbolically linking /home/tora/soft_ws/build/visual_odom/launch/stereo_slam.launch.py -> /home/tora/soft_ws/install/visual_odom/share/visual_odom/launch
[2.683s] Invoked command in '/home/tora/soft_ws/build/visual_odom' returned '0': PYTHONPATH=/home/tora/soft_ws/build/visual_odom/prefix_override:/usr/lib/python3/dist-packages/colcon_core/task/python/colcon_distutils_commands:/home/tora/soft_ws/install/visual_odom/lib/python3.10/site-packages:${PYTHONPATH} /usr/bin/python3 -W ignore:setup.py install is deprecated setup.py develop --editable --build-directory /home/tora/soft_ws/build/visual_odom/build --no-deps symlink_data --force
