[2.686s] Invoking command in '/home/tora/soft_ws/build/controller': PYTHONPATH=/home/tora/soft_ws/build/controller/prefix_override:/usr/lib/python3/dist-packages/colcon_core/task/python/colcon_distutils_commands:/home/tora/soft_ws/install/controller/lib/python3.10/site-packages:${PYTHONPATH} /usr/bin/python3 -W ignore:setup.py install is deprecated setup.py develop --uninstall --editable --build-directory /home/tora/soft_ws/build/controller/build
[2.973s] running develop
[3.145s] Removing /home/tora/soft_ws/install/controller/lib/python3.10/site-packages/controller.egg-link (link to .)
[3.171s] Invoked command in '/home/tora/soft_ws/build/controller' returned '0': PYTHONPATH=/home/tora/soft_ws/build/controller/prefix_override:/usr/lib/python3/dist-packages/colcon_core/task/python/colcon_distutils_commands:/home/tora/soft_ws/install/controller/lib/python3.10/site-packages:${PYTHONPATH} /usr/bin/python3 -W ignore:setup.py install is deprecated setup.py develop --uninstall --editable --build-directory /home/tora/soft_ws/build/controller/build
[3.173s] Invoking command in '/home/tora/soft_ws/src/controller': PYTHONPATH=/home/tora/soft_ws/build/controller/prefix_override:/usr/lib/python3/dist-packages/colcon_core/task/python/colcon_distutils_commands:/home/tora/soft_ws/install/controller/lib/python3.10/site-packages:${PYTHONPATH} /usr/bin/python3 -W ignore:setup.py install is deprecated setup.py egg_info --egg-base ../../build/controller build --build-base /home/tora/soft_ws/build/controller/build install --record /home/tora/soft_ws/build/controller/install.log --single-version-externally-managed install_data --force
[3.512s] running egg_info
[3.513s] writing ../../build/controller/controller.egg-info/PKG-INFO
[3.513s] writing dependency_links to ../../build/controller/controller.egg-info/dependency_links.txt
[3.513s] writing entry points to ../../build/controller/controller.egg-info/entry_points.txt
[3.513s] writing requirements to ../../build/controller/controller.egg-info/requires.txt
[3.513s] writing top-level names to ../../build/controller/controller.egg-info/top_level.txt
[3.515s] reading manifest file '../../build/controller/controller.egg-info/SOURCES.txt'
[3.515s] writing manifest file '../../build/controller/controller.egg-info/SOURCES.txt'
[3.515s] running build
[3.515s] running build_py
[3.516s] running install
[3.516s] running install_lib
[3.517s] creating /home/tora/soft_ws/install/controller/lib/python3.10/site-packages/controller
[3.517s] copying /home/tora/soft_ws/build/controller/build/lib/controller/__init__.py -> /home/tora/soft_ws/install/controller/lib/python3.10/site-packages/controller
[3.517s] copying /home/tora/soft_ws/build/controller/build/lib/controller/rover.py -> /home/tora/soft_ws/install/controller/lib/python3.10/site-packages/controller
[3.517s] copying /home/tora/soft_ws/build/controller/build/lib/controller/teleop_joy_control.py -> /home/tora/soft_ws/install/controller/lib/python3.10/site-packages/controller
[3.517s] copying /home/tora/soft_ws/build/controller/build/lib/controller/wheel_ctl_serial_master.py -> /home/tora/soft_ws/install/controller/lib/python3.10/site-packages/controller
[3.518s] copying /home/tora/soft_ws/build/controller/build/lib/controller/odom_calc.py -> /home/tora/soft_ws/install/controller/lib/python3.10/site-packages/controller
[3.519s] byte-compiling /home/tora/soft_ws/install/controller/lib/python3.10/site-packages/controller/__init__.py to __init__.cpython-310.pyc
[3.519s] byte-compiling /home/tora/soft_ws/install/controller/lib/python3.10/site-packages/controller/rover.py to rover.cpython-310.pyc
[3.519s] byte-compiling /home/tora/soft_ws/install/controller/lib/python3.10/site-packages/controller/teleop_joy_control.py to teleop_joy_control.cpython-310.pyc
[3.520s] byte-compiling /home/tora/soft_ws/install/controller/lib/python3.10/site-packages/controller/wheel_ctl_serial_master.py to wheel_ctl_serial_master.cpython-310.pyc
[3.520s] byte-compiling /home/tora/soft_ws/install/controller/lib/python3.10/site-packages/controller/odom_calc.py to odom_calc.cpython-310.pyc
[3.521s] running install_data
[3.521s] copying resource/controller -> /home/tora/soft_ws/install/controller/share/ament_index/resource_index/packages
[3.521s] copying package.xml -> /home/tora/soft_ws/install/controller/share/controller
[3.521s] copying launch/simple_run.launch.xml -> /home/tora/soft_ws/install/controller/share/controller/launch
[3.522s] running install_egg_info
[3.524s] Copying ../../build/controller/controller.egg-info to /home/tora/soft_ws/install/controller/lib/python3.10/site-packages/controller-0.0.0-py3.10.egg-info
[3.524s] running install_scripts
[3.542s] Installing odom_calc script to /home/tora/soft_ws/install/controller/lib/controller
[3.542s] Installing rover script to /home/tora/soft_ws/install/controller/lib/controller
[3.542s] Installing teleop_joy_control script to /home/tora/soft_ws/install/controller/lib/controller
[3.543s] Installing wheel_ctl_serial_master script to /home/tora/soft_ws/install/controller/lib/controller
[3.543s] writing list of installed files to '/home/tora/soft_ws/build/controller/install.log'
[3.560s] Invoked command in '/home/tora/soft_ws/src/controller' returned '0': PYTHONPATH=/home/tora/soft_ws/build/controller/prefix_override:/usr/lib/python3/dist-packages/colcon_core/task/python/colcon_distutils_commands:/home/tora/soft_ws/install/controller/lib/python3.10/site-packages:${PYTHONPATH} /usr/bin/python3 -W ignore:setup.py install is deprecated setup.py egg_info --egg-base ../../build/controller build --build-base /home/tora/soft_ws/build/controller/build install --record /home/tora/soft_ws/build/controller/install.log --single-version-externally-managed install_data --force
