[3.351s] Invoking command in '/home/tora/soft_ws/build/controller': PYTHONPATH=/home/tora/soft_ws/build/controller/prefix_override:/usr/lib/python3/dist-packages/colcon_core/task/python/colcon_distutils_commands:/home/tora/soft_ws/install/controller/lib/python3.10/site-packages:${PYTHONPATH} /usr/bin/python3 -W ignore:setup.py install is deprecated -W ignore:easy_install command is deprecated setup.py develop --uninstall --editable --build-directory /home/tora/soft_ws/build/controller/build
[3.675s] running develop
[3.866s] Removing /home/tora/soft_ws/install/controller/lib/python3.10/site-packages/controller.egg-link (link to .)
[3.888s] Invoked command in '/home/tora/soft_ws/build/controller' returned '0': PYTHONPATH=/home/tora/soft_ws/build/controller/prefix_override:/usr/lib/python3/dist-packages/colcon_core/task/python/colcon_distutils_commands:/home/tora/soft_ws/install/controller/lib/python3.10/site-packages:${PYTHONPATH} /usr/bin/python3 -W ignore:setup.py install is deprecated -W ignore:easy_install command is deprecated setup.py develop --uninstall --editable --build-directory /home/tora/soft_ws/build/controller/build
[3.889s] Invoking command in '/home/tora/soft_ws/src/controller': PYTHONPATH=/home/tora/soft_ws/build/controller/prefix_override:/usr/lib/python3/dist-packages/colcon_core/task/python/colcon_distutils_commands:/home/tora/soft_ws/install/controller/lib/python3.10/site-packages:${PYTHONPATH} /usr/bin/python3 -W ignore:setup.py install is deprecated -W ignore:easy_install command is deprecated setup.py egg_info --egg-base ../../build/controller build --build-base /home/tora/soft_ws/build/controller/build install --record /home/tora/soft_ws/build/controller/install.log --single-version-externally-managed install_data --force
[4.187s] running egg_info
[4.187s] writing ../../build/controller/controller.egg-info/PKG-INFO
[4.187s] writing dependency_links to ../../build/controller/controller.egg-info/dependency_links.txt
[4.187s] writing entry points to ../../build/controller/controller.egg-info/entry_points.txt
[4.187s] writing requirements to ../../build/controller/controller.egg-info/requires.txt
[4.187s] writing top-level names to ../../build/controller/controller.egg-info/top_level.txt
[4.189s] reading manifest file '../../build/controller/controller.egg-info/SOURCES.txt'
[4.190s] writing manifest file '../../build/controller/controller.egg-info/SOURCES.txt'
[4.190s] running build
[4.190s] running build_py
[4.191s] running install
[4.191s] running install_lib
[4.192s] creating /home/tora/soft_ws/install/controller/lib/python3.10/site-packages/controller
[4.192s] copying /home/tora/soft_ws/build/controller/build/lib/controller/__init__.py -> /home/tora/soft_ws/install/controller/lib/python3.10/site-packages/controller
[4.192s] copying /home/tora/soft_ws/build/controller/build/lib/controller/rover.py -> /home/tora/soft_ws/install/controller/lib/python3.10/site-packages/controller
[4.192s] copying /home/tora/soft_ws/build/controller/build/lib/controller/teleop_joy_control.py -> /home/tora/soft_ws/install/controller/lib/python3.10/site-packages/controller
[4.192s] copying /home/tora/soft_ws/build/controller/build/lib/controller/wheel_ctl_serial_master.py -> /home/tora/soft_ws/install/controller/lib/python3.10/site-packages/controller
[4.193s] copying /home/tora/soft_ws/build/controller/build/lib/controller/odom_calc.py -> /home/tora/soft_ws/install/controller/lib/python3.10/site-packages/controller
[4.194s] byte-compiling /home/tora/soft_ws/install/controller/lib/python3.10/site-packages/controller/__init__.py to __init__.cpython-310.pyc
[4.194s] byte-compiling /home/tora/soft_ws/install/controller/lib/python3.10/site-packages/controller/rover.py to rover.cpython-310.pyc
[4.195s] byte-compiling /home/tora/soft_ws/install/controller/lib/python3.10/site-packages/controller/teleop_joy_control.py to teleop_joy_control.cpython-310.pyc
[4.195s] byte-compiling /home/tora/soft_ws/install/controller/lib/python3.10/site-packages/controller/wheel_ctl_serial_master.py to wheel_ctl_serial_master.cpython-310.pyc
[4.195s] byte-compiling /home/tora/soft_ws/install/controller/lib/python3.10/site-packages/controller/odom_calc.py to odom_calc.cpython-310.pyc
[4.196s] running install_data
[4.196s] copying resource/controller -> /home/tora/soft_ws/install/controller/share/ament_index/resource_index/packages
[4.196s] copying package.xml -> /home/tora/soft_ws/install/controller/share/controller
[4.196s] copying launch/simple_run.launch.xml -> /home/tora/soft_ws/install/controller/share/controller/launch
[4.198s] running install_egg_info
[4.199s] Copying ../../build/controller/controller.egg-info to /home/tora/soft_ws/install/controller/lib/python3.10/site-packages/controller-0.0.0-py3.10.egg-info
[4.200s] running install_scripts
[4.221s] Installing odom_calc script to /home/tora/soft_ws/install/controller/lib/controller
[4.221s] Installing rover script to /home/tora/soft_ws/install/controller/lib/controller
[4.221s] Installing teleop_joy_control script to /home/tora/soft_ws/install/controller/lib/controller
[4.221s] Installing wheel_ctl_serial_master script to /home/tora/soft_ws/install/controller/lib/controller
[4.221s] writing list of installed files to '/home/tora/soft_ws/build/controller/install.log'
[4.239s] Invoked command in '/home/tora/soft_ws/src/controller' returned '0': PYTHONPATH=/home/tora/soft_ws/build/controller/prefix_override:/usr/lib/python3/dist-packages/colcon_core/task/python/colcon_distutils_commands:/home/tora/soft_ws/install/controller/lib/python3.10/site-packages:${PYTHONPATH} /usr/bin/python3 -W ignore:setup.py install is deprecated -W ignore:easy_install command is deprecated setup.py egg_info --egg-base ../../build/controller build --build-base /home/tora/soft_ws/build/controller/build install --record /home/tora/soft_ws/build/controller/install.log --single-version-externally-managed install_data --force
