[2.792s] Invoking command in '/home/tora/soft_ws/self_development/build/rover_navigation': PYTHONPATH=/home/tora/soft_ws/self_development/build/rover_navigation/prefix_override:/usr/lib/python3/dist-packages/colcon_core/task/python/colcon_distutils_commands:/home/tora/soft_ws/self_development/install/rover_navigation/lib/python3.10/site-packages:${PYTHONPATH} /usr/bin/python3 -W ignore:setup.py install is deprecated -W ignore:easy_install command is deprecated setup.py develop --editable --build-directory /home/tora/soft_ws/self_development/build/rover_navigation/build --no-deps symlink_data
[3.128s] running develop
[3.304s] running egg_info
[3.304s] creating rover_navigation.egg-info
[3.304s] writing rover_navigation.egg-info/PKG-INFO
[3.304s] writing dependency_links to rover_navigation.egg-info/dependency_links.txt
[3.304s] writing entry points to rover_navigation.egg-info/entry_points.txt
[3.304s] writing requirements to rover_navigation.egg-info/requires.txt
[3.304s] writing top-level names to rover_navigation.egg-info/top_level.txt
[3.304s] writing manifest file 'rover_navigation.egg-info/SOURCES.txt'
[3.306s] reading manifest file 'rover_navigation.egg-info/SOURCES.txt'
[3.306s] writing manifest file 'rover_navigation.egg-info/SOURCES.txt'
[3.308s] running build_ext
[3.308s] Creating /home/tora/soft_ws/self_development/install/rover_navigation/lib/python3.10/site-packages/rover-navigation.egg-link (link to .)
[3.309s] Installing wz_filter_node script to /home/tora/soft_ws/self_development/install/rover_navigation/lib/rover_navigation
[3.309s] 
[3.309s] Installed /home/tora/soft_ws/self_development/build/rover_navigation
[3.309s] running symlink_data
[3.309s] creating /home/tora/soft_ws/self_development/install/rover_navigation/share/ament_index
[3.309s] creating /home/tora/soft_ws/self_development/install/rover_navigation/share/ament_index/resource_index
[3.309s] creating /home/tora/soft_ws/self_development/install/rover_navigation/share/ament_index/resource_index/packages
[3.309s] symbolically linking /home/tora/soft_ws/self_development/build/rover_navigation/resource/rover_navigation -> /home/tora/soft_ws/self_development/install/rover_navigation/share/ament_index/resource_index/packages
[3.309s] symbolically linking /home/tora/soft_ws/self_development/build/rover_navigation/package.xml -> /home/tora/soft_ws/self_development/install/rover_navigation/share/rover_navigation
[3.309s] creating /home/tora/soft_ws/self_development/install/rover_navigation/share/rover_navigation/launch
[3.309s] symbolically linking /home/tora/soft_ws/self_development/build/rover_navigation/launch/rgbd_gazebo.launch.py -> /home/tora/soft_ws/self_development/install/rover_navigation/share/rover_navigation/launch
[3.309s] symbolically linking /home/tora/soft_ws/self_development/build/rover_navigation/launch/navigation.launch.py -> /home/tora/soft_ws/self_development/install/rover_navigation/share/rover_navigation/launch
[3.309s] symbolically linking /home/tora/soft_ws/self_development/build/rover_navigation/launch/rgbd_real.launch.py -> /home/tora/soft_ws/self_development/install/rover_navigation/share/rover_navigation/launch
[3.309s] symbolically linking /home/tora/soft_ws/self_development/build/rover_navigation/launch/stereo_slam.launch.py -> /home/tora/soft_ws/self_development/install/rover_navigation/share/rover_navigation/launch
[3.309s] creating /home/tora/soft_ws/self_development/install/rover_navigation/share/rover_navigation/params
[3.309s] symbolically linking /home/tora/soft_ws/self_development/build/rover_navigation/params/ekf_real.yaml -> /home/tora/soft_ws/self_development/install/rover_navigation/share/rover_navigation/params
[3.309s] symbolically linking /home/tora/soft_ws/self_development/build/rover_navigation/params/nav2_real.yaml -> /home/tora/soft_ws/self_development/install/rover_navigation/share/rover_navigation/params
[3.309s] symbolically linking /home/tora/soft_ws/self_development/build/rover_navigation/params/nav2_gazebo.yaml -> /home/tora/soft_ws/self_development/install/rover_navigation/share/rover_navigation/params
[3.309s] symbolically linking /home/tora/soft_ws/self_development/build/rover_navigation/params/ekf_gazebo.yaml -> /home/tora/soft_ws/self_development/install/rover_navigation/share/rover_navigation/params
[3.329s] Invoked command in '/home/tora/soft_ws/self_development/build/rover_navigation' returned '0': PYTHONPATH=/home/tora/soft_ws/self_development/build/rover_navigation/prefix_override:/usr/lib/python3/dist-packages/colcon_core/task/python/colcon_distutils_commands:/home/tora/soft_ws/self_development/install/rover_navigation/lib/python3.10/site-packages:${PYTHONPATH} /usr/bin/python3 -W ignore:setup.py install is deprecated -W ignore:easy_install command is deprecated setup.py develop --editable --build-directory /home/tora/soft_ws/self_development/build/rover_navigation/build --no-deps symlink_data
