[2.583s] Invoking command in '/home/tora/soft_ws/src/visual_odom': PYTHONPATH=/home/tora/soft_ws/build/visual_odom/prefix_override:/usr/lib/python3/dist-packages/colcon_core/task/python/colcon_distutils_commands:/home/tora/soft_ws/install/visual_odom/lib/python3.10/site-packages:${PYTHONPATH} /usr/bin/python3 -W ignore:setup.py install is deprecated setup.py egg_info --egg-base ../../build/visual_odom build --build-base /home/tora/soft_ws/build/visual_odom/build install --record /home/tora/soft_ws/build/visual_odom/install.log --single-version-externally-managed install_data
[2.824s] running egg_info
[2.825s] writing ../../build/visual_odom/visual_odom.egg-info/PKG-INFO
[2.830s] writing dependency_links to ../../build/visual_odom/visual_odom.egg-info/dependency_links.txt
[2.831s] writing entry points to ../../build/visual_odom/visual_odom.egg-info/entry_points.txt
[2.831s] writing requirements to ../../build/visual_odom/visual_odom.egg-info/requires.txt
[2.831s] writing top-level names to ../../build/visual_odom/visual_odom.egg-info/top_level.txt
[2.832s] reading manifest file '../../build/visual_odom/visual_odom.egg-info/SOURCES.txt'
[2.832s] writing manifest file '../../build/visual_odom/visual_odom.egg-info/SOURCES.txt'
[2.832s] running build
[2.832s] running build_py
[2.833s] running install
[2.833s] running install_lib
[2.834s] running install_data
[2.834s] running install_egg_info
[2.835s] removing '/home/tora/soft_ws/install/visual_odom/lib/python3.10/site-packages/visual_odom-0.0.0-py3.10.egg-info' (and everything under it)
[2.835s] Copying ../../build/visual_odom/visual_odom.egg-info to /home/tora/soft_ws/install/visual_odom/lib/python3.10/site-packages/visual_odom-0.0.0-py3.10.egg-info
[2.836s] running install_scripts
[2.852s] writing list of installed files to '/home/tora/soft_ws/build/visual_odom/install.log'
[2.876s] Invoked command in '/home/tora/soft_ws/src/visual_odom' returned '0': PYTHONPATH=/home/tora/soft_ws/build/visual_odom/prefix_override:/usr/lib/python3/dist-packages/colcon_core/task/python/colcon_distutils_commands:/home/tora/soft_ws/install/visual_odom/lib/python3.10/site-packages:${PYTHONPATH} /usr/bin/python3 -W ignore:setup.py install is deprecated setup.py egg_info --egg-base ../../build/visual_odom build --build-base /home/tora/soft_ws/build/visual_odom/build install --record /home/tora/soft_ws/build/visual_odom/install.log --single-version-externally-managed install_data
