[8.524s] Invoking command in '/home/tora/soft_ws/build/navigation': PYTHONPATH=/home/tora/soft_ws/build/navigation/prefix_override:/usr/lib/python3/dist-packages/colcon_core/task/python/colcon_distutils_commands:/home/tora/soft_ws/install/navigation/lib/python3.10/site-packages:${PYTHONPATH} /usr/bin/python3 -W ignore:setup.py install is deprecated -W ignore:easy_install command is deprecated setup.py develop --editable --build-directory /home/tora/soft_ws/build/navigation/build --no-deps symlink_data --force
[9.903s] running develop
[10.688s] running egg_info
[10.688s] writing navigation.egg-info/PKG-INFO
[10.689s] writing dependency_links to navigation.egg-info/dependency_links.txt
[10.689s] writing entry points to navigation.egg-info/entry_points.txt
[10.690s] writing requirements to navigation.egg-info/requires.txt
[10.694s] writing top-level names to navigation.egg-info/top_level.txt
[10.701s] reading manifest file 'navigation.egg-info/SOURCES.txt'
[10.703s] writing manifest file 'navigation.egg-info/SOURCES.txt'
[10.711s] running build_ext
[10.712s] Creating /home/tora/soft_ws/install/navigation/lib/python3.10/site-packages/navigation.egg-link (link to .)
[10.715s] 
[10.715s] Installed /home/tora/soft_ws/build/navigation
[10.716s] running symlink_data
[10.716s] symbolically linking /home/tora/soft_ws/build/navigation/resource/navigation -> /home/tora/soft_ws/install/navigation/share/ament_index/resource_index/packages
[10.717s] symbolically linking /home/tora/soft_ws/build/navigation/package.xml -> /home/tora/soft_ws/install/navigation/share/navigation
[10.717s] symbolically linking /home/tora/soft_ws/build/navigation/launch/navigation.launch.py -> /home/tora/soft_ws/install/navigation/share/navigation/launch
[10.717s] symbolically linking /home/tora/soft_ws/build/navigation/params/navigation_params.yaml -> /home/tora/soft_ws/install/navigation/share/navigation/params
[10.818s] Invoked command in '/home/tora/soft_ws/build/navigation' returned '0': PYTHONPATH=/home/tora/soft_ws/build/navigation/prefix_override:/usr/lib/python3/dist-packages/colcon_core/task/python/colcon_distutils_commands:/home/tora/soft_ws/install/navigation/lib/python3.10/site-packages:${PYTHONPATH} /usr/bin/python3 -W ignore:setup.py install is deprecated -W ignore:easy_install command is deprecated setup.py develop --editable --build-directory /home/tora/soft_ws/build/navigation/build --no-deps symlink_data --force
