[0.221s] DEBUG:colcon:Command line arguments: ['/usr/bin/colcon', 'build']
[0.221s] DEBUG:colcon:Parsed command line arguments: Namespace(log_base=None, log_level=None, verb_name='build', build_base='build', install_base='install', merge_install=False, symlink_install=False, test_result_base=None, continue_on_error=False, executor='parallel', parallel_workers=16, event_handlers=None, ignore_user_meta=False, metas=['./colcon.meta'], base_paths=['.'], packages_ignore=None, packages_ignore_regex=None, paths=None, packages_up_to=None, packages_up_to_regex=None, packages_above=None, packages_above_and_dependencies=None, packages_above_depth=None, packages_select_by_dep=None, packages_skip_by_dep=None, packages_skip_up_to=None, packages_select_build_failed=False, packages_skip_build_finished=False, packages_select_test_failures=False, packages_skip_test_passed=False, packages_select=None, packages_skip=None, packages_select_regex=None, packages_skip_regex=None, packages_start=None, packages_end=None, allow_overriding=[], cmake_args=None, cmake_target=None, cmake_target_skip_unavailable=False, cmake_clean_cache=False, cmake_clean_first=False, cmake_force_configure=False, ament_cmake_args=None, catkin_cmake_args=None, catkin_skip_building_tests=False, mixin_files=None, mixin=None, verb_parser=<colcon_mixin.mixin.mixin_argument.MixinArgumentDecorator object at 0x772e147bb310>, verb_extension=<colcon_core.verb.build.BuildVerb object at 0x772e1473ffa0>, main=<bound method BuildVerb.main of <colcon_core.verb.build.BuildVerb object at 0x772e1473ffa0>>, mixin_verb=('build',))
[0.874s] Level 1:colcon.colcon_core.package_discovery:discover_packages(colcon_meta) check parameters
[0.874s] Level 1:colcon.colcon_core.package_discovery:discover_packages(recursive) check parameters
[0.874s] Level 1:colcon.colcon_core.package_discovery:discover_packages(ignore) check parameters
[0.874s] Level 1:colcon.colcon_core.package_discovery:discover_packages(path) check parameters
[0.874s] Level 1:colcon.colcon_core.package_discovery:discover_packages(colcon_meta) discover
[0.874s] Level 1:colcon.colcon_core.package_discovery:discover_packages(recursive) discover
[0.874s] INFO:colcon.colcon_core.package_discovery:Crawling recursively for packages in '/home/tora/soft_ws'
[0.874s] Level 1:colcon.colcon_core.package_identification:_identify(.) by extensions ['ignore', 'ignore_ament_install']
[0.874s] Level 1:colcon.colcon_core.package_identification:_identify(.) by extension 'ignore'
[0.874s] Level 1:colcon.colcon_core.package_identification:_identify(.) by extension 'ignore_ament_install'
[0.875s] Level 1:colcon.colcon_core.package_identification:_identify(.) by extensions ['colcon_pkg']
[0.875s] Level 1:colcon.colcon_core.package_identification:_identify(.) by extension 'colcon_pkg'
[0.875s] Level 1:colcon.colcon_core.package_identification:_identify(.) by extensions ['colcon_meta']
[0.875s] Level 1:colcon.colcon_core.package_identification:_identify(.) by extension 'colcon_meta'
[0.875s] Level 1:colcon.colcon_core.package_identification:_identify(.) by extensions ['ros']
[0.875s] Level 1:colcon.colcon_core.package_identification:_identify(.) by extension 'ros'
[0.890s] Level 1:colcon.colcon_core.package_identification:_identify(.) by extensions ['cmake', 'python']
[0.891s] Level 1:colcon.colcon_core.package_identification:_identify(.) by extension 'cmake'
[0.891s] Level 1:colcon.colcon_core.package_identification:_identify(.) by extension 'python'
[0.891s] Level 1:colcon.colcon_core.package_identification:_identify(.) by extensions ['python_setup_py']
[0.891s] Level 1:colcon.colcon_core.package_identification:_identify(.) by extension 'python_setup_py'
[0.891s] Level 1:colcon.colcon_core.package_identification:_identify(build) by extensions ['ignore', 'ignore_ament_install']
[0.891s] Level 1:colcon.colcon_core.package_identification:_identify(build) by extension 'ignore'
[0.891s] Level 1:colcon.colcon_core.package_identification:_identify(build) ignored
[0.891s] Level 1:colcon.colcon_core.package_identification:_identify(install) by extensions ['ignore', 'ignore_ament_install']
[0.891s] Level 1:colcon.colcon_core.package_identification:_identify(install) by extension 'ignore'
[0.891s] Level 1:colcon.colcon_core.package_identification:_identify(install) ignored
[0.891s] Level 1:colcon.colcon_core.package_identification:_identify(log) by extensions ['ignore', 'ignore_ament_install']
[0.891s] Level 1:colcon.colcon_core.package_identification:_identify(log) by extension 'ignore'
[0.891s] Level 1:colcon.colcon_core.package_identification:_identify(log) ignored
[0.892s] Level 1:colcon.colcon_core.package_identification:_identify(src) by extensions ['ignore', 'ignore_ament_install']
[0.892s] Level 1:colcon.colcon_core.package_identification:_identify(src) by extension 'ignore'
[0.892s] Level 1:colcon.colcon_core.package_identification:_identify(src) by extension 'ignore_ament_install'
[0.892s] Level 1:colcon.colcon_core.package_identification:_identify(src) by extensions ['colcon_pkg']
[0.892s] Level 1:colcon.colcon_core.package_identification:_identify(src) by extension 'colcon_pkg'
[0.892s] Level 1:colcon.colcon_core.package_identification:_identify(src) by extensions ['colcon_meta']
[0.892s] Level 1:colcon.colcon_core.package_identification:_identify(src) by extension 'colcon_meta'
[0.892s] Level 1:colcon.colcon_core.package_identification:_identify(src) by extensions ['ros']
[0.892s] Level 1:colcon.colcon_core.package_identification:_identify(src) by extension 'ros'
[0.892s] Level 1:colcon.colcon_core.package_identification:_identify(src) by extensions ['cmake', 'python']
[0.892s] Level 1:colcon.colcon_core.package_identification:_identify(src) by extension 'cmake'
[0.892s] Level 1:colcon.colcon_core.package_identification:_identify(src) by extension 'python'
[0.892s] Level 1:colcon.colcon_core.package_identification:_identify(src) by extensions ['python_setup_py']
[0.892s] Level 1:colcon.colcon_core.package_identification:_identify(src) by extension 'python_setup_py'
[0.892s] Level 1:colcon.colcon_core.package_identification:_identify(src/controller) by extensions ['ignore', 'ignore_ament_install']
[0.892s] Level 1:colcon.colcon_core.package_identification:_identify(src/controller) by extension 'ignore'
[0.892s] Level 1:colcon.colcon_core.package_identification:_identify(src/controller) by extension 'ignore_ament_install'
[0.893s] Level 1:colcon.colcon_core.package_identification:_identify(src/controller) by extensions ['colcon_pkg']
[0.893s] Level 1:colcon.colcon_core.package_identification:_identify(src/controller) by extension 'colcon_pkg'
[0.893s] Level 1:colcon.colcon_core.package_identification:_identify(src/controller) by extensions ['colcon_meta']
[0.893s] Level 1:colcon.colcon_core.package_identification:_identify(src/controller) by extension 'colcon_meta'
[0.893s] Level 1:colcon.colcon_core.package_identification:_identify(src/controller) by extensions ['ros']
[0.893s] Level 1:colcon.colcon_core.package_identification:_identify(src/controller) by extension 'ros'
[0.895s] DEBUG:colcon.colcon_core.package_identification:Package 'src/controller' with type 'ros.ament_python' and name 'controller'
[0.895s] Level 1:colcon.colcon_core.package_identification:_identify(src/navigation) by extensions ['ignore', 'ignore_ament_install']
[0.895s] Level 1:colcon.colcon_core.package_identification:_identify(src/navigation) by extension 'ignore'
[0.895s] Level 1:colcon.colcon_core.package_identification:_identify(src/navigation) by extension 'ignore_ament_install'
[0.896s] Level 1:colcon.colcon_core.package_identification:_identify(src/navigation) by extensions ['colcon_pkg']
[0.896s] Level 1:colcon.colcon_core.package_identification:_identify(src/navigation) by extension 'colcon_pkg'
[0.896s] Level 1:colcon.colcon_core.package_identification:_identify(src/navigation) by extensions ['colcon_meta']
[0.896s] Level 1:colcon.colcon_core.package_identification:_identify(src/navigation) by extension 'colcon_meta'
[0.896s] Level 1:colcon.colcon_core.package_identification:_identify(src/navigation) by extensions ['ros']
[0.896s] Level 1:colcon.colcon_core.package_identification:_identify(src/navigation) by extension 'ros'
[0.896s] DEBUG:colcon.colcon_core.package_identification:Package 'src/navigation' with type 'ros.ament_python' and name 'navigation'
[0.896s] Level 1:colcon.colcon_core.package_identification:_identify(src/realsense_gazebo_plugin) by extensions ['ignore', 'ignore_ament_install']
[0.896s] Level 1:colcon.colcon_core.package_identification:_identify(src/realsense_gazebo_plugin) by extension 'ignore'
[0.896s] Level 1:colcon.colcon_core.package_identification:_identify(src/realsense_gazebo_plugin) by extension 'ignore_ament_install'
[0.897s] Level 1:colcon.colcon_core.package_identification:_identify(src/realsense_gazebo_plugin) by extensions ['colcon_pkg']
[0.897s] Level 1:colcon.colcon_core.package_identification:_identify(src/realsense_gazebo_plugin) by extension 'colcon_pkg'
[0.897s] Level 1:colcon.colcon_core.package_identification:_identify(src/realsense_gazebo_plugin) by extensions ['colcon_meta']
[0.897s] Level 1:colcon.colcon_core.package_identification:_identify(src/realsense_gazebo_plugin) by extension 'colcon_meta'
[0.897s] Level 1:colcon.colcon_core.package_identification:_identify(src/realsense_gazebo_plugin) by extensions ['ros']
[0.897s] Level 1:colcon.colcon_core.package_identification:_identify(src/realsense_gazebo_plugin) by extension 'ros'
[0.898s] DEBUG:colcon.colcon_core.package_identification:Package 'src/realsense_gazebo_plugin' with type 'ros.catkin' and name 'realsense_gazebo_plugin'
[0.898s] Level 1:colcon.colcon_core.package_identification:_identify(src/rover_description) by extensions ['ignore', 'ignore_ament_install']
[0.899s] Level 1:colcon.colcon_core.package_identification:_identify(src/rover_description) by extension 'ignore'
[0.899s] Level 1:colcon.colcon_core.package_identification:_identify(src/rover_description) by extension 'ignore_ament_install'
[0.899s] Level 1:colcon.colcon_core.package_identification:_identify(src/rover_description) by extensions ['colcon_pkg']
[0.899s] Level 1:colcon.colcon_core.package_identification:_identify(src/rover_description) by extension 'colcon_pkg'
[0.899s] Level 1:colcon.colcon_core.package_identification:_identify(src/rover_description) by extensions ['colcon_meta']
[0.899s] Level 1:colcon.colcon_core.package_identification:_identify(src/rover_description) by extension 'colcon_meta'
[0.899s] Level 1:colcon.colcon_core.package_identification:_identify(src/rover_description) by extensions ['ros']
[0.899s] Level 1:colcon.colcon_core.package_identification:_identify(src/rover_description) by extension 'ros'
[0.900s] DEBUG:colcon.colcon_core.package_identification:Package 'src/rover_description' with type 'ros.ament_python' and name 'rover_description'
[0.900s] Level 1:colcon.colcon_core.package_identification:_identify(src/visual_odom) by extensions ['ignore', 'ignore_ament_install']
[0.900s] Level 1:colcon.colcon_core.package_identification:_identify(src/visual_odom) by extension 'ignore'
[0.900s] Level 1:colcon.colcon_core.package_identification:_identify(src/visual_odom) by extension 'ignore_ament_install'
[0.900s] Level 1:colcon.colcon_core.package_identification:_identify(src/visual_odom) by extensions ['colcon_pkg']
[0.900s] Level 1:colcon.colcon_core.package_identification:_identify(src/visual_odom) by extension 'colcon_pkg'
[0.900s] Level 1:colcon.colcon_core.package_identification:_identify(src/visual_odom) by extensions ['colcon_meta']
[0.900s] Level 1:colcon.colcon_core.package_identification:_identify(src/visual_odom) by extension 'colcon_meta'
[0.900s] Level 1:colcon.colcon_core.package_identification:_identify(src/visual_odom) by extensions ['ros']
[0.900s] Level 1:colcon.colcon_core.package_identification:_identify(src/visual_odom) by extension 'ros'
[0.901s] DEBUG:colcon.colcon_core.package_identification:Package 'src/visual_odom' with type 'ros.ament_python' and name 'visual_odom'
[0.901s] Level 1:colcon.colcon_core.package_discovery:discover_packages(recursive) using defaults
[0.901s] Level 1:colcon.colcon_core.package_discovery:discover_packages(ignore) discover
[0.901s] Level 1:colcon.colcon_core.package_discovery:discover_packages(ignore) using defaults
[0.901s] Level 1:colcon.colcon_core.package_discovery:discover_packages(path) discover
[0.901s] Level 1:colcon.colcon_core.package_discovery:discover_packages(path) using defaults
[0.967s] Level 1:colcon.colcon_core.package_discovery:discover_packages(prefix_path) check parameters
[0.967s] Level 1:colcon.colcon_core.package_discovery:discover_packages(prefix_path) discover
[0.969s] WARNING:colcon.colcon_core.prefix_path.colcon:The path '/home/tora/gazebo_realsense_test/install' in the environment variable COLCON_PREFIX_PATH doesn't exist
[0.970s] WARNING:colcon.colcon_ros.prefix_path.ament:The path '/home/tora/gazebo_realsense_test/install/realsense2_description' in the environment variable AMENT_PREFIX_PATH doesn't exist
[0.971s] WARNING:colcon.colcon_ros.prefix_path.ament:The path '/home/tora/gazebo_realsense_test/install/realsense2_camera_msgs' in the environment variable AMENT_PREFIX_PATH doesn't exist
[0.971s] WARNING:colcon.colcon_ros.prefix_path.ament:The path '/home/tora/gazebo_realsense_test/install/gazebo_sensor_ros2' in the environment variable AMENT_PREFIX_PATH doesn't exist
[0.987s] WARNING:colcon.colcon_ros.prefix_path.catkin:The path '/home/tora/gazebo_realsense_test/install/realsense2_description' in the environment variable CMAKE_PREFIX_PATH doesn't exist
[0.987s] WARNING:colcon.colcon_ros.prefix_path.catkin:The path '/home/tora/gazebo_realsense_test/install/realsense2_camera_msgs' in the environment variable CMAKE_PREFIX_PATH doesn't exist
[0.987s] WARNING:colcon.colcon_ros.prefix_path.catkin:The path '/home/tora/gazebo_realsense_test/install/realsense_gazebo_plugin' in the environment variable CMAKE_PREFIX_PATH doesn't exist
[0.987s] WARNING:colcon.colcon_ros.prefix_path.catkin:The path '/home/tora/gazebo_realsense_test/install/gazebo_sensor_ros2' in the environment variable CMAKE_PREFIX_PATH doesn't exist
[0.992s] DEBUG:colcon.colcon_installed_package_information.package_discovery:Found 5 installed packages in /home/tora/soft_ws/install
[0.993s] DEBUG:colcon.colcon_installed_package_information.package_discovery:Found 4 installed packages in /home/tora/realsense_ws/install
[0.994s] DEBUG:colcon.colcon_installed_package_information.package_discovery:Found 3 installed packages in /home/tora/turtlebot3_ws/install
[0.996s] DEBUG:colcon.colcon_installed_package_information.package_discovery:Found 39 installed packages in /home/tora/microros_ws/install
[0.997s] DEBUG:colcon.colcon_installed_package_information.package_discovery:Found 10 installed packages in /home/tora/seminar_ws/install
[1.006s] DEBUG:colcon.colcon_installed_package_information.package_discovery:Found 238 installed packages in /home/tora/autoware/install
[1.009s] DEBUG:colcon.colcon_installed_package_information.package_discovery:Found 5 installed packages in /home/tora/unit1_ws/install
[1.009s] DEBUG:colcon.colcon_installed_package_information.package_discovery:Found 5 installed packages in /home/tora/gazebo_realsense_test/src/install
[1.012s] DEBUG:colcon.colcon_installed_package_information.package_discovery:Found 494 installed packages in /opt/ros/humble
[1.016s] Level 1:colcon.colcon_core.package_discovery:discover_packages(prefix_path) using defaults
[1.333s] Level 5:colcon.colcon_core.verb:set package 'controller' build argument 'cmake_args' from command line to 'None'
[1.333s] Level 5:colcon.colcon_core.verb:set package 'controller' build argument 'cmake_target' from command line to 'None'
[1.333s] Level 5:colcon.colcon_core.verb:set package 'controller' build argument 'cmake_target_skip_unavailable' from command line to 'False'
[1.333s] Level 5:colcon.colcon_core.verb:set package 'controller' build argument 'cmake_clean_cache' from command line to 'False'
[1.333s] Level 5:colcon.colcon_core.verb:set package 'controller' build argument 'cmake_clean_first' from command line to 'False'
[1.333s] Level 5:colcon.colcon_core.verb:set package 'controller' build argument 'cmake_force_configure' from command line to 'False'
[1.333s] Level 5:colcon.colcon_core.verb:set package 'controller' build argument 'ament_cmake_args' from command line to 'None'
[1.333s] Level 5:colcon.colcon_core.verb:set package 'controller' build argument 'catkin_cmake_args' from command line to 'None'
[1.333s] Level 5:colcon.colcon_core.verb:set package 'controller' build argument 'catkin_skip_building_tests' from command line to 'False'
[1.333s] DEBUG:colcon.colcon_core.verb:Building package 'controller' with the following arguments: {'ament_cmake_args': None, 'build_base': '/home/tora/soft_ws/build/controller', 'catkin_cmake_args': None, 'catkin_skip_building_tests': False, 'cmake_args': None, 'cmake_clean_cache': False, 'cmake_clean_first': False, 'cmake_force_configure': False, 'cmake_target': None, 'cmake_target_skip_unavailable': False, 'install_base': '/home/tora/soft_ws/install/controller', 'merge_install': False, 'path': '/home/tora/soft_ws/src/controller', 'symlink_install': False, 'test_result_base': None}
[1.334s] Level 5:colcon.colcon_core.verb:set package 'navigation' build argument 'cmake_args' from command line to 'None'
[1.334s] Level 5:colcon.colcon_core.verb:set package 'navigation' build argument 'cmake_target' from command line to 'None'
[1.334s] Level 5:colcon.colcon_core.verb:set package 'navigation' build argument 'cmake_target_skip_unavailable' from command line to 'False'
[1.334s] Level 5:colcon.colcon_core.verb:set package 'navigation' build argument 'cmake_clean_cache' from command line to 'False'
[1.334s] Level 5:colcon.colcon_core.verb:set package 'navigation' build argument 'cmake_clean_first' from command line to 'False'
[1.334s] Level 5:colcon.colcon_core.verb:set package 'navigation' build argument 'cmake_force_configure' from command line to 'False'
[1.334s] Level 5:colcon.colcon_core.verb:set package 'navigation' build argument 'ament_cmake_args' from command line to 'None'
[1.334s] Level 5:colcon.colcon_core.verb:set package 'navigation' build argument 'catkin_cmake_args' from command line to 'None'
[1.334s] Level 5:colcon.colcon_core.verb:set package 'navigation' build argument 'catkin_skip_building_tests' from command line to 'False'
[1.334s] DEBUG:colcon.colcon_core.verb:Building package 'navigation' with the following arguments: {'ament_cmake_args': None, 'build_base': '/home/tora/soft_ws/build/navigation', 'catkin_cmake_args': None, 'catkin_skip_building_tests': False, 'cmake_args': None, 'cmake_clean_cache': False, 'cmake_clean_first': False, 'cmake_force_configure': False, 'cmake_target': None, 'cmake_target_skip_unavailable': False, 'install_base': '/home/tora/soft_ws/install/navigation', 'merge_install': False, 'path': '/home/tora/soft_ws/src/navigation', 'symlink_install': False, 'test_result_base': None}
[1.335s] Level 5:colcon.colcon_core.verb:set package 'realsense_gazebo_plugin' build argument 'cmake_args' from command line to 'None'
[1.335s] Level 5:colcon.colcon_core.verb:set package 'realsense_gazebo_plugin' build argument 'cmake_target' from command line to 'None'
[1.335s] Level 5:colcon.colcon_core.verb:set package 'realsense_gazebo_plugin' build argument 'cmake_target_skip_unavailable' from command line to 'False'
[1.335s] Level 5:colcon.colcon_core.verb:set package 'realsense_gazebo_plugin' build argument 'cmake_clean_cache' from command line to 'False'
[1.335s] Level 5:colcon.colcon_core.verb:set package 'realsense_gazebo_plugin' build argument 'cmake_clean_first' from command line to 'False'
[1.335s] Level 5:colcon.colcon_core.verb:set package 'realsense_gazebo_plugin' build argument 'cmake_force_configure' from command line to 'False'
[1.335s] Level 5:colcon.colcon_core.verb:set package 'realsense_gazebo_plugin' build argument 'ament_cmake_args' from command line to 'None'
[1.335s] Level 5:colcon.colcon_core.verb:set package 'realsense_gazebo_plugin' build argument 'catkin_cmake_args' from command line to 'None'
[1.335s] Level 5:colcon.colcon_core.verb:set package 'realsense_gazebo_plugin' build argument 'catkin_skip_building_tests' from command line to 'False'
[1.335s] DEBUG:colcon.colcon_core.verb:Building package 'realsense_gazebo_plugin' with the following arguments: {'ament_cmake_args': None, 'build_base': '/home/tora/soft_ws/build/realsense_gazebo_plugin', 'catkin_cmake_args': None, 'catkin_skip_building_tests': False, 'cmake_args': None, 'cmake_clean_cache': False, 'cmake_clean_first': False, 'cmake_force_configure': False, 'cmake_target': None, 'cmake_target_skip_unavailable': False, 'install_base': '/home/tora/soft_ws/install/realsense_gazebo_plugin', 'merge_install': False, 'path': '/home/tora/soft_ws/src/realsense_gazebo_plugin', 'symlink_install': False, 'test_result_base': None}
[1.335s] Level 5:colcon.colcon_core.verb:set package 'rover_description' build argument 'cmake_args' from command line to 'None'
[1.335s] Level 5:colcon.colcon_core.verb:set package 'rover_description' build argument 'cmake_target' from command line to 'None'
[1.336s] Level 5:colcon.colcon_core.verb:set package 'rover_description' build argument 'cmake_target_skip_unavailable' from command line to 'False'
[1.336s] Level 5:colcon.colcon_core.verb:set package 'rover_description' build argument 'cmake_clean_cache' from command line to 'False'
[1.336s] Level 5:colcon.colcon_core.verb:set package 'rover_description' build argument 'cmake_clean_first' from command line to 'False'
[1.336s] Level 5:colcon.colcon_core.verb:set package 'rover_description' build argument 'cmake_force_configure' from command line to 'False'
[1.336s] Level 5:colcon.colcon_core.verb:set package 'rover_description' build argument 'ament_cmake_args' from command line to 'None'
[1.336s] Level 5:colcon.colcon_core.verb:set package 'rover_description' build argument 'catkin_cmake_args' from command line to 'None'
[1.336s] Level 5:colcon.colcon_core.verb:set package 'rover_description' build argument 'catkin_skip_building_tests' from command line to 'False'
[1.336s] DEBUG:colcon.colcon_core.verb:Building package 'rover_description' with the following arguments: {'ament_cmake_args': None, 'build_base': '/home/tora/soft_ws/build/rover_description', 'catkin_cmake_args': None, 'catkin_skip_building_tests': False, 'cmake_args': None, 'cmake_clean_cache': False, 'cmake_clean_first': False, 'cmake_force_configure': False, 'cmake_target': None, 'cmake_target_skip_unavailable': False, 'install_base': '/home/tora/soft_ws/install/rover_description', 'merge_install': False, 'path': '/home/tora/soft_ws/src/rover_description', 'symlink_install': False, 'test_result_base': None}
[1.336s] Level 5:colcon.colcon_core.verb:set package 'visual_odom' build argument 'cmake_args' from command line to 'None'
[1.336s] Level 5:colcon.colcon_core.verb:set package 'visual_odom' build argument 'cmake_target' from command line to 'None'
[1.336s] Level 5:colcon.colcon_core.verb:set package 'visual_odom' build argument 'cmake_target_skip_unavailable' from command line to 'False'
[1.336s] Level 5:colcon.colcon_core.verb:set package 'visual_odom' build argument 'cmake_clean_cache' from command line to 'False'
[1.336s] Level 5:colcon.colcon_core.verb:set package 'visual_odom' build argument 'cmake_clean_first' from command line to 'False'
[1.336s] Level 5:colcon.colcon_core.verb:set package 'visual_odom' build argument 'cmake_force_configure' from command line to 'False'
[1.336s] Level 5:colcon.colcon_core.verb:set package 'visual_odom' build argument 'ament_cmake_args' from command line to 'None'
[1.336s] Level 5:colcon.colcon_core.verb:set package 'visual_odom' build argument 'catkin_cmake_args' from command line to 'None'
[1.336s] Level 5:colcon.colcon_core.verb:set package 'visual_odom' build argument 'catkin_skip_building_tests' from command line to 'False'
[1.336s] DEBUG:colcon.colcon_core.verb:Building package 'visual_odom' with the following arguments: {'ament_cmake_args': None, 'build_base': '/home/tora/soft_ws/build/visual_odom', 'catkin_cmake_args': None, 'catkin_skip_building_tests': False, 'cmake_args': None, 'cmake_clean_cache': False, 'cmake_clean_first': False, 'cmake_force_configure': False, 'cmake_target': None, 'cmake_target_skip_unavailable': False, 'install_base': '/home/tora/soft_ws/install/visual_odom', 'merge_install': False, 'path': '/home/tora/soft_ws/src/visual_odom', 'symlink_install': False, 'test_result_base': None}
[1.337s] INFO:colcon.colcon_core.executor:Executing jobs using 'parallel' executor
[1.338s] DEBUG:colcon.colcon_parallel_executor.executor.parallel:run_until_complete
[1.338s] INFO:colcon.colcon_ros.task.ament_python.build:Building ROS package in '/home/tora/soft_ws/src/controller' with build type 'ament_python'
[1.338s] Level 1:colcon.colcon_core.shell:create_environment_hook('controller', 'ament_prefix_path')
[1.345s] INFO:colcon.colcon_core.plugin_system:Skipping extension 'colcon_core.shell.bat': Not used on non-Windows systems
[1.345s] INFO:colcon.colcon_core.shell:Creating environment hook '/home/tora/soft_ws/install/controller/share/controller/hook/ament_prefix_path.ps1'
[1.346s] INFO:colcon.colcon_core.shell:Creating environment descriptor '/home/tora/soft_ws/install/controller/share/controller/hook/ament_prefix_path.dsv'
[1.347s] INFO:colcon.colcon_core.shell:Creating environment hook '/home/tora/soft_ws/install/controller/share/controller/hook/ament_prefix_path.sh'
[1.348s] INFO:colcon.colcon_core.shell:Skip shell extension 'powershell' for command environment: Not usable outside of PowerShell
[1.348s] DEBUG:colcon.colcon_core.shell:Skip shell extension 'dsv' for command environment
[1.375s] INFO:colcon.colcon_ros.task.ament_python.build:Building ROS package in '/home/tora/soft_ws/src/navigation' with build type 'ament_python'
[1.375s] Level 1:colcon.colcon_core.shell:create_environment_hook('navigation', 'ament_prefix_path')
[1.376s] INFO:colcon.colcon_core.shell:Creating environment hook '/home/tora/soft_ws/install/navigation/share/navigation/hook/ament_prefix_path.ps1'
[1.376s] INFO:colcon.colcon_core.shell:Creating environment descriptor '/home/tora/soft_ws/install/navigation/share/navigation/hook/ament_prefix_path.dsv'
[1.376s] INFO:colcon.colcon_core.shell:Creating environment hook '/home/tora/soft_ws/install/navigation/share/navigation/hook/ament_prefix_path.sh'
[1.377s] INFO:colcon.colcon_core.shell:Skip shell extension 'powershell' for command environment: Not usable outside of PowerShell
[1.377s] DEBUG:colcon.colcon_core.shell:Skip shell extension 'dsv' for command environment
[1.401s] INFO:colcon.colcon_ros.task.catkin.build:Building ROS package in '/home/tora/soft_ws/src/realsense_gazebo_plugin' with build type 'catkin'
[1.401s] INFO:colcon.colcon_cmake.task.cmake.build:Building CMake package in '/home/tora/soft_ws/src/realsense_gazebo_plugin'
[1.401s] INFO:colcon.colcon_core.shell:Skip shell extension 'powershell' for command environment: Not usable outside of PowerShell
[1.402s] DEBUG:colcon.colcon_core.shell:Skip shell extension 'dsv' for command environment
[1.426s] INFO:colcon.colcon_ros.task.ament_python.build:Building ROS package in '/home/tora/soft_ws/src/rover_description' with build type 'ament_python'
[1.426s] Level 1:colcon.colcon_core.shell:create_environment_hook('rover_description', 'ament_prefix_path')
[1.426s] INFO:colcon.colcon_core.shell:Creating environment hook '/home/tora/soft_ws/install/rover_description/share/rover_description/hook/ament_prefix_path.ps1'
[1.426s] INFO:colcon.colcon_core.shell:Creating environment descriptor '/home/tora/soft_ws/install/rover_description/share/rover_description/hook/ament_prefix_path.dsv'
[1.427s] INFO:colcon.colcon_core.shell:Creating environment hook '/home/tora/soft_ws/install/rover_description/share/rover_description/hook/ament_prefix_path.sh'
[1.427s] INFO:colcon.colcon_core.shell:Skip shell extension 'powershell' for command environment: Not usable outside of PowerShell
[1.427s] DEBUG:colcon.colcon_core.shell:Skip shell extension 'dsv' for command environment
[1.452s] INFO:colcon.colcon_ros.task.ament_python.build:Building ROS package in '/home/tora/soft_ws/src/visual_odom' with build type 'ament_python'
[1.452s] Level 1:colcon.colcon_core.shell:create_environment_hook('visual_odom', 'ament_prefix_path')
[1.452s] INFO:colcon.colcon_core.shell:Creating environment hook '/home/tora/soft_ws/install/visual_odom/share/visual_odom/hook/ament_prefix_path.ps1'
[1.452s] INFO:colcon.colcon_core.shell:Creating environment descriptor '/home/tora/soft_ws/install/visual_odom/share/visual_odom/hook/ament_prefix_path.dsv'
[1.453s] INFO:colcon.colcon_core.shell:Creating environment hook '/home/tora/soft_ws/install/visual_odom/share/visual_odom/hook/ament_prefix_path.sh'
[1.453s] INFO:colcon.colcon_core.shell:Skip shell extension 'powershell' for command environment: Not usable outside of PowerShell
[1.453s] DEBUG:colcon.colcon_core.shell:Skip shell extension 'dsv' for command environment
[1.985s] INFO:colcon.colcon_core.task.python.build:Building Python package in '/home/tora/soft_ws/src/controller'
[1.985s] INFO:colcon.colcon_core.shell:Skip shell extension 'powershell' for command environment: Not usable outside of PowerShell
[1.985s] DEBUG:colcon.colcon_core.shell:Skip shell extension 'dsv' for command environment
[2.531s] INFO:colcon.colcon_core.task.python.build:Building Python package in '/home/tora/soft_ws/src/navigation'
[2.531s] INFO:colcon.colcon_core.shell:Skip shell extension 'powershell' for command environment: Not usable outside of PowerShell
[2.531s] DEBUG:colcon.colcon_core.shell:Skip shell extension 'dsv' for command environment
[2.580s] DEBUG:colcon.colcon_core.event_handler.log_command:Invoking command in '/home/tora/soft_ws/build/realsense_gazebo_plugin': /usr/bin/cmake /home/tora/soft_ws/src/realsense_gazebo_plugin -DCATKIN_INSTALL_INTO_PREFIX_ROOT=0 -DCMAKE_INSTALL_PREFIX=/home/tora/soft_ws/install/realsense_gazebo_plugin
[3.195s] INFO:colcon.colcon_core.task.python.build:Building Python package in '/home/tora/soft_ws/src/rover_description'
[3.196s] INFO:colcon.colcon_core.shell:Skip shell extension 'powershell' for command environment: Not usable outside of PowerShell
[3.196s] DEBUG:colcon.colcon_core.shell:Skip shell extension 'dsv' for command environment
[3.590s] INFO:colcon.colcon_core.task.python.build:Building Python package in '/home/tora/soft_ws/src/visual_odom'
[3.591s] INFO:colcon.colcon_core.shell:Skip shell extension 'powershell' for command environment: Not usable outside of PowerShell
[3.591s] DEBUG:colcon.colcon_core.shell:Skip shell extension 'dsv' for command environment
[4.279s] DEBUG:colcon.colcon_core.event_handler.log_command:Invoking command in '/home/tora/soft_ws/build/navigation': PYTHONPATH=/home/tora/soft_ws/build/navigation/prefix_override:/usr/lib/python3/dist-packages/colcon_core/task/python/colcon_distutils_commands:/home/tora/soft_ws/install/navigation/lib/python3.10/site-packages:${PYTHONPATH} /usr/bin/python3 -W ignore:setup.py install is deprecated -W ignore:easy_install command is deprecated setup.py develop --uninstall --editable --build-directory /home/tora/soft_ws/build/navigation/build
[4.280s] DEBUG:colcon.colcon_core.event_handler.log_command:Invoking command in '/home/tora/soft_ws/build/visual_odom': PYTHONPATH=/home/tora/soft_ws/build/visual_odom/prefix_override:/usr/lib/python3/dist-packages/colcon_core/task/python/colcon_distutils_commands:/home/tora/soft_ws/install/visual_odom/lib/python3.10/site-packages:${PYTHONPATH} /usr/bin/python3 -W ignore:setup.py install is deprecated -W ignore:easy_install command is deprecated setup.py develop --uninstall --editable --build-directory /home/tora/soft_ws/build/visual_odom/build
[4.281s] DEBUG:colcon.colcon_core.event_handler.log_command:Invoking command in '/home/tora/soft_ws/build/controller': PYTHONPATH=/home/tora/soft_ws/build/controller/prefix_override:/usr/lib/python3/dist-packages/colcon_core/task/python/colcon_distutils_commands:/home/tora/soft_ws/install/controller/lib/python3.10/site-packages:${PYTHONPATH} /usr/bin/python3 -W ignore:setup.py install is deprecated -W ignore:easy_install command is deprecated setup.py develop --uninstall --editable --build-directory /home/tora/soft_ws/build/controller/build
[4.282s] DEBUG:colcon.colcon_core.event_handler.log_command:Invoking command in '/home/tora/soft_ws/build/rover_description': PYTHONPATH=/home/tora/soft_ws/build/rover_description/prefix_override:/usr/lib/python3/dist-packages/colcon_core/task/python/colcon_distutils_commands:/home/tora/soft_ws/install/rover_description/lib/python3.10/site-packages:${PYTHONPATH} /usr/bin/python3 -W ignore:setup.py install is deprecated -W ignore:easy_install command is deprecated setup.py develop --uninstall --editable --build-directory /home/tora/soft_ws/build/rover_description/build
[4.750s] DEBUG:colcon.colcon_core.event_handler.log_command:Invoked command in '/home/tora/soft_ws/build/visual_odom' returned '0': PYTHONPATH=/home/tora/soft_ws/build/visual_odom/prefix_override:/usr/lib/python3/dist-packages/colcon_core/task/python/colcon_distutils_commands:/home/tora/soft_ws/install/visual_odom/lib/python3.10/site-packages:${PYTHONPATH} /usr/bin/python3 -W ignore:setup.py install is deprecated -W ignore:easy_install command is deprecated setup.py develop --uninstall --editable --build-directory /home/tora/soft_ws/build/visual_odom/build
[4.751s] DEBUG:colcon.colcon_core.event_handler.log_command:Invoking command in '/home/tora/soft_ws/src/visual_odom': PYTHONPATH=/home/tora/soft_ws/build/visual_odom/prefix_override:/usr/lib/python3/dist-packages/colcon_core/task/python/colcon_distutils_commands:/home/tora/soft_ws/install/visual_odom/lib/python3.10/site-packages:${PYTHONPATH} /usr/bin/python3 -W ignore:setup.py install is deprecated -W ignore:easy_install command is deprecated setup.py egg_info --egg-base ../../build/visual_odom build --build-base /home/tora/soft_ws/build/visual_odom/build install --record /home/tora/soft_ws/build/visual_odom/install.log --single-version-externally-managed install_data --force
[4.800s] DEBUG:colcon.colcon_core.event_handler.log_command:Invoked command in '/home/tora/soft_ws/build/controller' returned '0': PYTHONPATH=/home/tora/soft_ws/build/controller/prefix_override:/usr/lib/python3/dist-packages/colcon_core/task/python/colcon_distutils_commands:/home/tora/soft_ws/install/controller/lib/python3.10/site-packages:${PYTHONPATH} /usr/bin/python3 -W ignore:setup.py install is deprecated -W ignore:easy_install command is deprecated setup.py develop --uninstall --editable --build-directory /home/tora/soft_ws/build/controller/build
[4.801s] DEBUG:colcon.colcon_core.event_handler.log_command:Invoking command in '/home/tora/soft_ws/src/controller': PYTHONPATH=/home/tora/soft_ws/build/controller/prefix_override:/usr/lib/python3/dist-packages/colcon_core/task/python/colcon_distutils_commands:/home/tora/soft_ws/install/controller/lib/python3.10/site-packages:${PYTHONPATH} /usr/bin/python3 -W ignore:setup.py install is deprecated -W ignore:easy_install command is deprecated setup.py egg_info --egg-base ../../build/controller build --build-base /home/tora/soft_ws/build/controller/build install --record /home/tora/soft_ws/build/controller/install.log --single-version-externally-managed install_data --force
[4.808s] DEBUG:colcon.colcon_core.event_handler.log_command:Invoked command in '/home/tora/soft_ws/build/navigation' returned '0': PYTHONPATH=/home/tora/soft_ws/build/navigation/prefix_override:/usr/lib/python3/dist-packages/colcon_core/task/python/colcon_distutils_commands:/home/tora/soft_ws/install/navigation/lib/python3.10/site-packages:${PYTHONPATH} /usr/bin/python3 -W ignore:setup.py install is deprecated -W ignore:easy_install command is deprecated setup.py develop --uninstall --editable --build-directory /home/tora/soft_ws/build/navigation/build
[4.809s] DEBUG:colcon.colcon_core.event_handler.log_command:Invoking command in '/home/tora/soft_ws/src/navigation': PYTHONPATH=/home/tora/soft_ws/build/navigation/prefix_override:/usr/lib/python3/dist-packages/colcon_core/task/python/colcon_distutils_commands:/home/tora/soft_ws/install/navigation/lib/python3.10/site-packages:${PYTHONPATH} /usr/bin/python3 -W ignore:setup.py install is deprecated -W ignore:easy_install command is deprecated setup.py egg_info --egg-base ../../build/navigation build --build-base /home/tora/soft_ws/build/navigation/build install --record /home/tora/soft_ws/build/navigation/install.log --single-version-externally-managed install_data --force
[5.058s] DEBUG:colcon.colcon_core.event_handler.log_command:Invoked command in '/home/tora/soft_ws/src/visual_odom' returned '0': PYTHONPATH=/home/tora/soft_ws/build/visual_odom/prefix_override:/usr/lib/python3/dist-packages/colcon_core/task/python/colcon_distutils_commands:/home/tora/soft_ws/install/visual_odom/lib/python3.10/site-packages:${PYTHONPATH} /usr/bin/python3 -W ignore:setup.py install is deprecated -W ignore:easy_install command is deprecated setup.py egg_info --egg-base ../../build/visual_odom build --build-base /home/tora/soft_ws/build/visual_odom/build install --record /home/tora/soft_ws/build/visual_odom/install.log --single-version-externally-managed install_data --force
[5.065s] Level 1:colcon.colcon_core.environment:checking '/home/tora/soft_ws/install/visual_odom' for CMake module files
[5.065s] Level 1:colcon.colcon_core.environment:checking '/home/tora/soft_ws/install/visual_odom' for CMake config files
[5.066s] Level 1:colcon.colcon_core.environment:checking '/home/tora/soft_ws/install/visual_odom/lib'
[5.066s] Level 1:colcon.colcon_core.environment:checking '/home/tora/soft_ws/install/visual_odom/bin'
[5.066s] Level 1:colcon.colcon_core.environment:checking '/home/tora/soft_ws/install/visual_odom/lib/pkgconfig/visual_odom.pc'
[5.066s] Level 1:colcon.colcon_core.environment:checking '/home/tora/soft_ws/install/visual_odom/lib/python3.10/site-packages'
[5.066s] Level 1:colcon.colcon_core.shell:create_environment_hook('visual_odom', 'pythonpath')
[5.066s] INFO:colcon.colcon_core.shell:Creating environment hook '/home/tora/soft_ws/install/visual_odom/share/visual_odom/hook/pythonpath.ps1'
[5.066s] INFO:colcon.colcon_core.shell:Creating environment descriptor '/home/tora/soft_ws/install/visual_odom/share/visual_odom/hook/pythonpath.dsv'
[5.067s] INFO:colcon.colcon_core.shell:Creating environment hook '/home/tora/soft_ws/install/visual_odom/share/visual_odom/hook/pythonpath.sh'
[5.067s] Level 1:colcon.colcon_core.environment:checking '/home/tora/soft_ws/install/visual_odom/bin'
[5.067s] Level 1:colcon.colcon_core.environment:create_environment_scripts_only(visual_odom)
[5.067s] INFO:colcon.colcon_core.shell:Creating package script '/home/tora/soft_ws/install/visual_odom/share/visual_odom/package.ps1'
[5.068s] INFO:colcon.colcon_core.shell:Creating package descriptor '/home/tora/soft_ws/install/visual_odom/share/visual_odom/package.dsv'
[5.069s] INFO:colcon.colcon_core.shell:Creating package script '/home/tora/soft_ws/install/visual_odom/share/visual_odom/package.sh'
[5.069s] INFO:colcon.colcon_core.shell:Creating package script '/home/tora/soft_ws/install/visual_odom/share/visual_odom/package.bash'
[5.070s] INFO:colcon.colcon_core.shell:Creating package script '/home/tora/soft_ws/install/visual_odom/share/visual_odom/package.zsh'
[5.070s] Level 1:colcon.colcon_core.environment:create_file_with_runtime_dependencies(/home/tora/soft_ws/install/visual_odom/share/colcon-core/packages/visual_odom)
[5.109s] Level 1:colcon.colcon_core.environment:checking '/home/tora/soft_ws/install/controller' for CMake module files
[5.109s] DEBUG:colcon.colcon_core.event_handler.log_command:Invoked command in '/home/tora/soft_ws/src/controller' returned '0': PYTHONPATH=/home/tora/soft_ws/build/controller/prefix_override:/usr/lib/python3/dist-packages/colcon_core/task/python/colcon_distutils_commands:/home/tora/soft_ws/install/controller/lib/python3.10/site-packages:${PYTHONPATH} /usr/bin/python3 -W ignore:setup.py install is deprecated -W ignore:easy_install command is deprecated setup.py egg_info --egg-base ../../build/controller build --build-base /home/tora/soft_ws/build/controller/build install --record /home/tora/soft_ws/build/controller/install.log --single-version-externally-managed install_data --force
[5.109s] Level 1:colcon.colcon_core.environment:checking '/home/tora/soft_ws/install/controller' for CMake config files
[5.110s] Level 1:colcon.colcon_core.environment:checking '/home/tora/soft_ws/install/controller/lib'
[5.110s] Level 1:colcon.colcon_core.environment:checking '/home/tora/soft_ws/install/controller/bin'
[5.110s] Level 1:colcon.colcon_core.environment:checking '/home/tora/soft_ws/install/controller/lib/pkgconfig/controller.pc'
[5.110s] Level 1:colcon.colcon_core.environment:checking '/home/tora/soft_ws/install/controller/lib/python3.10/site-packages'
[5.110s] Level 1:colcon.colcon_core.shell:create_environment_hook('controller', 'pythonpath')
[5.110s] INFO:colcon.colcon_core.shell:Creating environment hook '/home/tora/soft_ws/install/controller/share/controller/hook/pythonpath.ps1'
[5.110s] INFO:colcon.colcon_core.shell:Creating environment descriptor '/home/tora/soft_ws/install/controller/share/controller/hook/pythonpath.dsv'
[5.111s] INFO:colcon.colcon_core.shell:Creating environment hook '/home/tora/soft_ws/install/controller/share/controller/hook/pythonpath.sh'
[5.111s] Level 1:colcon.colcon_core.environment:checking '/home/tora/soft_ws/install/controller/bin'
[5.111s] Level 1:colcon.colcon_core.environment:create_environment_scripts_only(controller)
[5.111s] INFO:colcon.colcon_core.shell:Creating package script '/home/tora/soft_ws/install/controller/share/controller/package.ps1'
[5.111s] INFO:colcon.colcon_core.shell:Creating package descriptor '/home/tora/soft_ws/install/controller/share/controller/package.dsv'
[5.112s] INFO:colcon.colcon_core.shell:Creating package script '/home/tora/soft_ws/install/controller/share/controller/package.sh'
[5.112s] INFO:colcon.colcon_core.shell:Creating package script '/home/tora/soft_ws/install/controller/share/controller/package.bash'
[5.112s] INFO:colcon.colcon_core.shell:Creating package script '/home/tora/soft_ws/install/controller/share/controller/package.zsh'
[5.112s] Level 1:colcon.colcon_core.environment:create_file_with_runtime_dependencies(/home/tora/soft_ws/install/controller/share/colcon-core/packages/controller)
[5.113s] Level 1:colcon.colcon_core.environment:checking '/home/tora/soft_ws/install/navigation' for CMake module files
[5.113s] Level 1:colcon.colcon_core.environment:checking '/home/tora/soft_ws/install/navigation' for CMake config files
[5.113s] DEBUG:colcon.colcon_core.event_handler.log_command:Invoked command in '/home/tora/soft_ws/src/navigation' returned '0': PYTHONPATH=/home/tora/soft_ws/build/navigation/prefix_override:/usr/lib/python3/dist-packages/colcon_core/task/python/colcon_distutils_commands:/home/tora/soft_ws/install/navigation/lib/python3.10/site-packages:${PYTHONPATH} /usr/bin/python3 -W ignore:setup.py install is deprecated -W ignore:easy_install command is deprecated setup.py egg_info --egg-base ../../build/navigation build --build-base /home/tora/soft_ws/build/navigation/build install --record /home/tora/soft_ws/build/navigation/install.log --single-version-externally-managed install_data --force
[5.114s] Level 1:colcon.colcon_core.environment:checking '/home/tora/soft_ws/install/navigation/lib'
[5.114s] Level 1:colcon.colcon_core.environment:checking '/home/tora/soft_ws/install/navigation/bin'
[5.114s] Level 1:colcon.colcon_core.environment:checking '/home/tora/soft_ws/install/navigation/lib/pkgconfig/navigation.pc'
[5.114s] Level 1:colcon.colcon_core.environment:checking '/home/tora/soft_ws/install/navigation/lib/python3.10/site-packages'
[5.114s] Level 1:colcon.colcon_core.shell:create_environment_hook('navigation', 'pythonpath')
[5.114s] INFO:colcon.colcon_core.shell:Creating environment hook '/home/tora/soft_ws/install/navigation/share/navigation/hook/pythonpath.ps1'
[5.114s] INFO:colcon.colcon_core.shell:Creating environment descriptor '/home/tora/soft_ws/install/navigation/share/navigation/hook/pythonpath.dsv'
[5.114s] INFO:colcon.colcon_core.shell:Creating environment hook '/home/tora/soft_ws/install/navigation/share/navigation/hook/pythonpath.sh'
[5.115s] Level 1:colcon.colcon_core.environment:checking '/home/tora/soft_ws/install/navigation/bin'
[5.115s] Level 1:colcon.colcon_core.environment:create_environment_scripts_only(navigation)
[5.115s] INFO:colcon.colcon_core.shell:Creating package script '/home/tora/soft_ws/install/navigation/share/navigation/package.ps1'
[5.115s] INFO:colcon.colcon_core.shell:Creating package descriptor '/home/tora/soft_ws/install/navigation/share/navigation/package.dsv'
[5.115s] INFO:colcon.colcon_core.shell:Creating package script '/home/tora/soft_ws/install/navigation/share/navigation/package.sh'
[5.116s] INFO:colcon.colcon_core.shell:Creating package script '/home/tora/soft_ws/install/navigation/share/navigation/package.bash'
[5.116s] INFO:colcon.colcon_core.shell:Creating package script '/home/tora/soft_ws/install/navigation/share/navigation/package.zsh'
[5.116s] Level 1:colcon.colcon_core.environment:create_file_with_runtime_dependencies(/home/tora/soft_ws/install/navigation/share/colcon-core/packages/navigation)
[5.152s] DEBUG:colcon.colcon_core.event_handler.log_command:Invoked command in '/home/tora/soft_ws/build/rover_description' returned '0': PYTHONPATH=/home/tora/soft_ws/build/rover_description/prefix_override:/usr/lib/python3/dist-packages/colcon_core/task/python/colcon_distutils_commands:/home/tora/soft_ws/install/rover_description/lib/python3.10/site-packages:${PYTHONPATH} /usr/bin/python3 -W ignore:setup.py install is deprecated -W ignore:easy_install command is deprecated setup.py develop --uninstall --editable --build-directory /home/tora/soft_ws/build/rover_description/build
[5.152s] DEBUG:colcon.colcon_core.event_handler.log_command:Invoking command in '/home/tora/soft_ws/src/rover_description': PYTHONPATH=/home/tora/soft_ws/build/rover_description/prefix_override:/usr/lib/python3/dist-packages/colcon_core/task/python/colcon_distutils_commands:/home/tora/soft_ws/install/rover_description/lib/python3.10/site-packages:${PYTHONPATH} /usr/bin/python3 -W ignore:setup.py install is deprecated -W ignore:easy_install command is deprecated setup.py egg_info --egg-base ../../build/rover_description build --build-base /home/tora/soft_ws/build/rover_description/build install --record /home/tora/soft_ws/build/rover_description/install.log --single-version-externally-managed install_data --force
[5.724s] Level 1:colcon.colcon_core.environment:checking '/home/tora/soft_ws/install/rover_description' for CMake module files
[5.724s] DEBUG:colcon.colcon_core.event_handler.log_command:Invoked command in '/home/tora/soft_ws/src/rover_description' returned '0': PYTHONPATH=/home/tora/soft_ws/build/rover_description/prefix_override:/usr/lib/python3/dist-packages/colcon_core/task/python/colcon_distutils_commands:/home/tora/soft_ws/install/rover_description/lib/python3.10/site-packages:${PYTHONPATH} /usr/bin/python3 -W ignore:setup.py install is deprecated -W ignore:easy_install command is deprecated setup.py egg_info --egg-base ../../build/rover_description build --build-base /home/tora/soft_ws/build/rover_description/build install --record /home/tora/soft_ws/build/rover_description/install.log --single-version-externally-managed install_data --force
[5.724s] Level 1:colcon.colcon_core.environment:checking '/home/tora/soft_ws/install/rover_description' for CMake config files
[5.725s] Level 1:colcon.colcon_core.environment:checking '/home/tora/soft_ws/install/rover_description/lib'
[5.725s] Level 1:colcon.colcon_core.environment:checking '/home/tora/soft_ws/install/rover_description/bin'
[5.725s] Level 1:colcon.colcon_core.environment:checking '/home/tora/soft_ws/install/rover_description/lib/pkgconfig/rover_description.pc'
[5.725s] Level 1:colcon.colcon_core.environment:checking '/home/tora/soft_ws/install/rover_description/lib/python3.10/site-packages'
[5.725s] Level 1:colcon.colcon_core.shell:create_environment_hook('rover_description', 'pythonpath')
[5.725s] INFO:colcon.colcon_core.shell:Creating environment hook '/home/tora/soft_ws/install/rover_description/share/rover_description/hook/pythonpath.ps1'
[5.725s] INFO:colcon.colcon_core.shell:Creating environment descriptor '/home/tora/soft_ws/install/rover_description/share/rover_description/hook/pythonpath.dsv'
[5.726s] INFO:colcon.colcon_core.shell:Creating environment hook '/home/tora/soft_ws/install/rover_description/share/rover_description/hook/pythonpath.sh'
[5.726s] Level 1:colcon.colcon_core.environment:checking '/home/tora/soft_ws/install/rover_description/bin'
[5.726s] Level 1:colcon.colcon_core.environment:create_environment_scripts_only(rover_description)
[5.726s] INFO:colcon.colcon_core.shell:Creating package script '/home/tora/soft_ws/install/rover_description/share/rover_description/package.ps1'
[5.727s] INFO:colcon.colcon_core.shell:Creating package descriptor '/home/tora/soft_ws/install/rover_description/share/rover_description/package.dsv'
[5.727s] INFO:colcon.colcon_core.shell:Creating package script '/home/tora/soft_ws/install/rover_description/share/rover_description/package.sh'
[5.727s] INFO:colcon.colcon_core.shell:Creating package script '/home/tora/soft_ws/install/rover_description/share/rover_description/package.bash'
[5.727s] INFO:colcon.colcon_core.shell:Creating package script '/home/tora/soft_ws/install/rover_description/share/rover_description/package.zsh'
[5.728s] Level 1:colcon.colcon_core.environment:create_file_with_runtime_dependencies(/home/tora/soft_ws/install/rover_description/share/colcon-core/packages/rover_description)
[6.721s] DEBUG:colcon.colcon_core.event_handler.log_command:Invoked command in '/home/tora/soft_ws/build/realsense_gazebo_plugin' returned '0': /usr/bin/cmake /home/tora/soft_ws/src/realsense_gazebo_plugin -DCATKIN_INSTALL_INTO_PREFIX_ROOT=0 -DCMAKE_INSTALL_PREFIX=/home/tora/soft_ws/install/realsense_gazebo_plugin
[6.721s] DEBUG:colcon.colcon_core.event_handler.log_command:Invoking command in '/home/tora/soft_ws/build/realsense_gazebo_plugin': /usr/bin/cmake --build /home/tora/soft_ws/build/realsense_gazebo_plugin -- -j16 -l16
[7.285s] DEBUG:colcon.colcon_core.event_handler.log_command:Invoked command in '/home/tora/soft_ws/build/realsense_gazebo_plugin' returned '0': /usr/bin/cmake --build /home/tora/soft_ws/build/realsense_gazebo_plugin -- -j16 -l16
[7.335s] DEBUG:colcon.colcon_core.event_handler.log_command:Invoking command in '/home/tora/soft_ws/build/realsense_gazebo_plugin': /usr/bin/cmake --install /home/tora/soft_ws/build/realsense_gazebo_plugin
[7.386s] DEBUG:colcon.colcon_core.event_handler.log_command:Invoked command in '/home/tora/soft_ws/build/realsense_gazebo_plugin' returned '0': /usr/bin/cmake --install /home/tora/soft_ws/build/realsense_gazebo_plugin
[7.387s] Level 1:colcon.colcon_core.shell:create_environment_hook('realsense_gazebo_plugin', 'ros_package_path')
[7.388s] INFO:colcon.colcon_core.shell:Creating environment hook '/home/tora/soft_ws/install/realsense_gazebo_plugin/share/realsense_gazebo_plugin/hook/ros_package_path.ps1'
[7.389s] INFO:colcon.colcon_core.shell:Creating environment descriptor '/home/tora/soft_ws/install/realsense_gazebo_plugin/share/realsense_gazebo_plugin/hook/ros_package_path.dsv'
[7.389s] INFO:colcon.colcon_core.shell:Creating environment hook '/home/tora/soft_ws/install/realsense_gazebo_plugin/share/realsense_gazebo_plugin/hook/ros_package_path.sh'
[7.391s] Level 1:colcon.colcon_core.shell:create_environment_hook('realsense_gazebo_plugin', 'pkg_config_path')
[7.391s] INFO:colcon.colcon_core.shell:Creating environment hook '/home/tora/soft_ws/install/realsense_gazebo_plugin/share/realsense_gazebo_plugin/hook/pkg_config_path.ps1'
[7.392s] INFO:colcon.colcon_core.shell:Creating environment descriptor '/home/tora/soft_ws/install/realsense_gazebo_plugin/share/realsense_gazebo_plugin/hook/pkg_config_path.dsv'
[7.393s] INFO:colcon.colcon_core.shell:Creating environment hook '/home/tora/soft_ws/install/realsense_gazebo_plugin/share/realsense_gazebo_plugin/hook/pkg_config_path.sh'
[7.405s] Level 1:colcon.colcon_core.shell:create_environment_hook('realsense_gazebo_plugin', 'pkg_config_path_multiarch')
[7.405s] INFO:colcon.colcon_core.shell:Creating environment hook '/home/tora/soft_ws/install/realsense_gazebo_plugin/share/realsense_gazebo_plugin/hook/pkg_config_path_multiarch.ps1'
[7.406s] INFO:colcon.colcon_core.shell:Creating environment descriptor '/home/tora/soft_ws/install/realsense_gazebo_plugin/share/realsense_gazebo_plugin/hook/pkg_config_path_multiarch.dsv'
[7.406s] INFO:colcon.colcon_core.shell:Creating environment hook '/home/tora/soft_ws/install/realsense_gazebo_plugin/share/realsense_gazebo_plugin/hook/pkg_config_path_multiarch.sh'
[7.408s] Level 1:colcon.colcon_core.environment:create_environment_scripts_only(realsense_gazebo_plugin)
[7.409s] Level 1:colcon.colcon_core.environment:checking '/home/tora/soft_ws/install/realsense_gazebo_plugin' for CMake module files
[7.410s] Level 1:colcon.colcon_core.environment:checking '/home/tora/soft_ws/install/realsense_gazebo_plugin' for CMake config files
[7.410s] Level 1:colcon.colcon_core.shell:create_environment_hook('realsense_gazebo_plugin', 'cmake_prefix_path')
[7.411s] INFO:colcon.colcon_core.shell:Creating environment hook '/home/tora/soft_ws/install/realsense_gazebo_plugin/share/realsense_gazebo_plugin/hook/cmake_prefix_path.ps1'
[7.411s] INFO:colcon.colcon_core.shell:Creating environment descriptor '/home/tora/soft_ws/install/realsense_gazebo_plugin/share/realsense_gazebo_plugin/hook/cmake_prefix_path.dsv'
[7.412s] INFO:colcon.colcon_core.shell:Creating environment hook '/home/tora/soft_ws/install/realsense_gazebo_plugin/share/realsense_gazebo_plugin/hook/cmake_prefix_path.sh'
[7.413s] Level 1:colcon.colcon_core.environment:checking '/home/tora/soft_ws/install/realsense_gazebo_plugin/lib'
[7.413s] Level 1:colcon.colcon_core.shell:create_environment_hook('realsense_gazebo_plugin', 'ld_library_path_lib')
[7.414s] INFO:colcon.colcon_core.shell:Creating environment hook '/home/tora/soft_ws/install/realsense_gazebo_plugin/share/realsense_gazebo_plugin/hook/ld_library_path_lib.ps1'
[7.414s] INFO:colcon.colcon_core.shell:Creating environment descriptor '/home/tora/soft_ws/install/realsense_gazebo_plugin/share/realsense_gazebo_plugin/hook/ld_library_path_lib.dsv'
[7.415s] INFO:colcon.colcon_core.shell:Creating environment hook '/home/tora/soft_ws/install/realsense_gazebo_plugin/share/realsense_gazebo_plugin/hook/ld_library_path_lib.sh'
[7.416s] Level 1:colcon.colcon_core.environment:checking '/home/tora/soft_ws/install/realsense_gazebo_plugin/bin'
[7.416s] Level 1:colcon.colcon_core.environment:checking '/home/tora/soft_ws/install/realsense_gazebo_plugin/lib/pkgconfig/realsense_gazebo_plugin.pc'
[7.416s] Level 1:colcon.colcon_core.environment:checking '/home/tora/soft_ws/install/realsense_gazebo_plugin/lib/python3.10/site-packages'
[7.416s] Level 1:colcon.colcon_core.environment:checking '/home/tora/soft_ws/install/realsense_gazebo_plugin/bin'
[7.417s] INFO:colcon.colcon_core.shell:Creating package script '/home/tora/soft_ws/install/realsense_gazebo_plugin/share/realsense_gazebo_plugin/package.ps1'
[7.418s] INFO:colcon.colcon_core.shell:Creating package descriptor '/home/tora/soft_ws/install/realsense_gazebo_plugin/share/realsense_gazebo_plugin/package.dsv'
[7.420s] INFO:colcon.colcon_core.shell:Creating package script '/home/tora/soft_ws/install/realsense_gazebo_plugin/share/realsense_gazebo_plugin/package.sh'
[7.421s] INFO:colcon.colcon_core.shell:Creating package script '/home/tora/soft_ws/install/realsense_gazebo_plugin/share/realsense_gazebo_plugin/package.bash'
[7.421s] INFO:colcon.colcon_core.shell:Creating package script '/home/tora/soft_ws/install/realsense_gazebo_plugin/share/realsense_gazebo_plugin/package.zsh'
[7.422s] Level 1:colcon.colcon_core.environment:create_file_with_runtime_dependencies(/home/tora/soft_ws/install/realsense_gazebo_plugin/share/colcon-core/packages/realsense_gazebo_plugin)
[7.422s] DEBUG:colcon.colcon_parallel_executor.executor.parallel:closing loop
[7.423s] DEBUG:colcon.colcon_parallel_executor.executor.parallel:loop closed
[7.423s] DEBUG:colcon.colcon_parallel_executor.executor.parallel:run_until_complete finished with '0'
[7.423s] DEBUG:colcon.colcon_core.event_reactor:joining thread
[7.442s] INFO:colcon.colcon_core.plugin_system:Skipping extension 'colcon_notification.desktop_notification.terminal_notifier': Not used on non-Darwin systems
[7.443s] INFO:colcon.colcon_core.plugin_system:Skipping extension 'colcon_notification.desktop_notification.win32': Not used on non-Windows systems
[7.443s] INFO:colcon.colcon_notification.desktop_notification:Sending desktop notification using 'notify2'
[7.460s] DEBUG:colcon.colcon_core.event_reactor:joined thread
[7.461s] INFO:colcon.colcon_core.shell:Creating prefix script '/home/tora/soft_ws/install/local_setup.ps1'
[7.463s] INFO:colcon.colcon_core.shell:Creating prefix util module '/home/tora/soft_ws/install/_local_setup_util_ps1.py'
[7.466s] INFO:colcon.colcon_core.shell:Creating prefix chain script '/home/tora/soft_ws/install/setup.ps1'
[7.495s] INFO:colcon.colcon_core.shell:Creating prefix script '/home/tora/soft_ws/install/local_setup.sh'
[7.496s] INFO:colcon.colcon_core.shell:Creating prefix util module '/home/tora/soft_ws/install/_local_setup_util_sh.py'
[7.497s] INFO:colcon.colcon_core.shell:Creating prefix chain script '/home/tora/soft_ws/install/setup.sh'
[7.524s] INFO:colcon.colcon_core.shell:Creating prefix script '/home/tora/soft_ws/install/local_setup.bash'
[7.526s] INFO:colcon.colcon_core.shell:Creating prefix chain script '/home/tora/soft_ws/install/setup.bash'
[7.553s] INFO:colcon.colcon_core.shell:Creating prefix script '/home/tora/soft_ws/install/local_setup.zsh'
[7.554s] INFO:colcon.colcon_core.shell:Creating prefix chain script '/home/tora/soft_ws/install/setup.zsh'
