[1.924s] Invoking command in '/home/tora/soft_ws/build/realsense_gazebo_plugin': /usr/bin/cmake /home/tora/soft_ws/src/realsense_gazebo_plugin -DCATKIN_INSTALL_INTO_PREFIX_ROOT=0 -DCMAKE_INSTALL_PREFIX=/home/tora/soft_ws/install/realsense_gazebo_plugin
[2.861s] -- Found ament_cmake: 1.3.11 (/opt/ros/humble/share/ament_cmake/cmake)
[2.861s] -- Found rclcpp: 16.0.11 (/opt/ros/humble/share/rclcpp/cmake)
[2.864s] -- Found rosidl_generator_c: 3.1.6 (/opt/ros/humble/share/rosidl_generator_c/cmake)
[2.864s] -- Found rosidl_adapter: 3.1.6 (/opt/ros/humble/share/rosidl_adapter/cmake)
[2.864s] -- Found rosidl_generator_cpp: 3.1.6 (/opt/ros/humble/share/rosidl_generator_cpp/cmake)
[2.864s] -- Using all available rosidl_typesupport_c: rosidl_typesupport_microxrcedds_c;rosidl_typesupport_fastrtps_c;rosidl_typesupport_introspection_c
[2.952s] -- Using all available rosidl_typesupport_cpp: rosidl_typesupport_microxrcedds_cpp;rosidl_typesupport_fastrtps_cpp;rosidl_typesupport_introspection_cpp
[3.108s] -- Found rmw_implementation_cmake: 6.1.2 (/opt/ros/humble/share/rmw_implementation_cmake/cmake)
[3.169s] -- Found rmw_cyclonedds_cpp: 1.3.4 (/opt/ros/humble/share/rmw_cyclonedds_cpp/cmake)
[3.277s] -- Using RMW implementation 'rmw_cyclonedds_cpp' as default
[3.424s] -- Found gazebo_ros: 3.7.0 (/opt/ros/humble/share/gazebo_ros/cmake)
[3.548s] -- Found DART: /usr/include (Required is at least version "6.6") found components: dart 
[3.651s] -- Found Protobuf: /usr/lib/x86_64-linux-gnu/libprotobuf.so (found version "3.12.4") 
[3.657s] -- Looking for ignition-math6 -- found version 6.15.1
[3.673s] -- Searching for dependencies of ignition-math6
[3.678s] -- Looking for OGRE...
[3.700s] -- Found Ogre Ghadamon (1.9.0)
[3.701s] -- Found OGRE: optimized;/usr/lib/x86_64-linux-gnu/libOgreMain.so;debug;/usr/lib/x86_64-linux-gnu/libOgreMain.so
[3.721s] -- Looking for OGRE_Paging...
[3.721s] -- Found OGRE_Paging: optimized;/usr/lib/x86_64-linux-gnu/libOgrePaging.so;debug;/usr/lib/x86_64-linux-gnu/libOgrePaging.so
[3.722s] -- Looking for OGRE_Terrain...
[3.722s] -- Found OGRE_Terrain: optimized;/usr/lib/x86_64-linux-gnu/libOgreTerrain.so;debug;/usr/lib/x86_64-linux-gnu/libOgreTerrain.so
[3.722s] -- Looking for OGRE_Property...
[3.722s] -- Found OGRE_Property: optimized;/usr/lib/x86_64-linux-gnu/libOgreProperty.so;debug;/usr/lib/x86_64-linux-gnu/libOgreProperty.so
[3.722s] -- Looking for OGRE_RTShaderSystem...
[3.723s] -- Found OGRE_RTShaderSystem: optimized;/usr/lib/x86_64-linux-gnu/libOgreRTShaderSystem.so;debug;/usr/lib/x86_64-linux-gnu/libOgreRTShaderSystem.so
[3.723s] -- Looking for OGRE_Volume...
[3.723s] -- Found OGRE_Volume: optimized;/usr/lib/x86_64-linux-gnu/libOgreVolume.so;debug;/usr/lib/x86_64-linux-gnu/libOgreVolume.so
[3.723s] -- Looking for OGRE_Overlay...
[3.723s] -- Found OGRE_Overlay: optimized;/usr/lib/x86_64-linux-gnu/libOgreOverlay.so;debug;/usr/lib/x86_64-linux-gnu/libOgreOverlay.so
[5.072s] -- Looking for ignition-math6 -- found version 6.15.1
[5.077s] -- Looking for ignition-transport8 -- found version 8.2.1
[5.078s] -- Searching for dependencies of ignition-transport8
[5.166s] -- Found Protobuf: /usr/lib/x86_64-linux-gnu/libprotobuf.so (found suitable version "3.12.4", minimum required is "3") 
[5.242s] -- Config-file not installed for ZeroMQ -- checking for pkg-config
[5.263s] -- Checking for module 'libzmq >= 4'
[5.384s] --   Found libzmq , version 4.3.4
[5.629s] -- Checking for module 'uuid'
[5.743s] --   Found uuid, version 2.37.2
[5.957s] -- Looking for ignition-msgs5 -- found version 5.8.1
[5.958s] -- Searching for dependencies of ignition-msgs5
[6.074s] -- Looking for ignition-math6 -- found version 6.15.1
[6.096s] -- Checking for module 'tinyxml2'
[6.211s] --   Found tinyxml2, version 9.0.0
[6.405s] -- Looking for ignition-msgs5 -- found version 5.8.1
[6.406s] -- Looking for ignition-common3 -- found version 3.14.0
[6.407s] -- Searching for dependencies of ignition-common3
[6.408s] -- Looking for dlfcn.h - found
[6.408s] -- Looking for libdl - found
[6.446s] -- Searching for <ignition-common3> component [graphics]
[6.448s] -- Looking for ignition-common3-graphics -- found version 3.14.0
[6.449s] -- Searching for dependencies of ignition-common3-graphics
[6.449s] -- Looking for ignition-math6 -- found version 6.15.1
[6.452s] -- Looking for ignition-fuel_tools4 -- found version 4.4.0
[6.453s] -- Searching for dependencies of ignition-fuel_tools4
[6.636s] -- Checking for module 'jsoncpp'
[6.742s] --   Found jsoncpp, version 1.9.5
[6.973s] -- Checking for module 'libzip'
[7.065s] --   Found libzip, version 1.7.3
[7.271s] -- Looking for ignition-common3 -- found version 3.14.0
[7.272s] -- Looking for ignition-math6 -- found version 6.15.1
[7.273s] -- Looking for ignition-msgs5 -- found version 5.8.1
[7.277s] -- Gazebo version: 11.10
[7.280s] -- Found image_transport: 3.1.10 (/opt/ros/humble/share/image_transport/cmake)
[7.440s] -- Found camera_info_manager: 3.1.10 (/opt/ros/humble/share/camera_info_manager/cmake)
[8.069s] -- Found ament_lint_auto: 0.12.11 (/opt/ros/humble/share/ament_lint_auto/cmake)
[8.498s] -- Configuring done
[8.583s] -- Generating done
[8.597s] -- Build files have been written to: /home/tora/soft_ws/build/realsense_gazebo_plugin
[8.625s] Invoked command in '/home/tora/soft_ws/build/realsense_gazebo_plugin' returned '0': /usr/bin/cmake /home/tora/soft_ws/src/realsense_gazebo_plugin -DCATKIN_INSTALL_INTO_PREFIX_ROOT=0 -DCMAKE_INSTALL_PREFIX=/home/tora/soft_ws/install/realsense_gazebo_plugin
[8.632s] Invoking command in '/home/tora/soft_ws/build/realsense_gazebo_plugin': /usr/bin/cmake --build /home/tora/soft_ws/build/realsense_gazebo_plugin -- -j16 -l16
[9.021s] [35m[1mConsolidate compiler generated dependencies of target realsense_gazebo_plugin[0m
[9.343s] [100%] Built target realsense_gazebo_plugin
[9.402s] Invoked command in '/home/tora/soft_ws/build/realsense_gazebo_plugin' returned '0': /usr/bin/cmake --build /home/tora/soft_ws/build/realsense_gazebo_plugin -- -j16 -l16
[9.459s] Invoking command in '/home/tora/soft_ws/build/realsense_gazebo_plugin': /usr/bin/cmake --install /home/tora/soft_ws/build/realsense_gazebo_plugin
[9.509s] -- Install configuration: ""
[9.511s] -- Up-to-date: /home/tora/soft_ws/install/realsense_gazebo_plugin/lib/librealsense_gazebo_plugin.so
[9.511s] -- Up-to-date: /home/tora/soft_ws/install/realsense_gazebo_plugin/include/
[9.511s] -- Up-to-date: /home/tora/soft_ws/install/realsense_gazebo_plugin/include//realsense_gazebo_plugin
[9.511s] -- Up-to-date: /home/tora/soft_ws/install/realsense_gazebo_plugin/include//realsense_gazebo_plugin/RealSensePlugin.h
[9.511s] -- Up-to-date: /home/tora/soft_ws/install/realsense_gazebo_plugin/include//realsense_gazebo_plugin/gazebo_ros_realsense.h
[9.512s] -- Up-to-date: /home/tora/soft_ws/install/realsense_gazebo_plugin/share/realsense_gazebo_plugin/environment/library_path.sh
[9.512s] -- Installing: /home/tora/soft_ws/install/realsense_gazebo_plugin/share/realsense_gazebo_plugin/environment/library_path.dsv
[9.512s] -- Up-to-date: /home/tora/soft_ws/install/realsense_gazebo_plugin/share/ament_index/resource_index/package_run_dependencies/realsense_gazebo_plugin
[9.512s] -- Installing: /home/tora/soft_ws/install/realsense_gazebo_plugin/share/ament_index/resource_index/parent_prefix_path/realsense_gazebo_plugin
[9.512s] -- Up-to-date: /home/tora/soft_ws/install/realsense_gazebo_plugin/share/realsense_gazebo_plugin/environment/ament_prefix_path.sh
[9.512s] -- Installing: /home/tora/soft_ws/install/realsense_gazebo_plugin/share/realsense_gazebo_plugin/environment/ament_prefix_path.dsv
[9.513s] -- Up-to-date: /home/tora/soft_ws/install/realsense_gazebo_plugin/share/realsense_gazebo_plugin/environment/path.sh
[9.513s] -- Installing: /home/tora/soft_ws/install/realsense_gazebo_plugin/share/realsense_gazebo_plugin/environment/path.dsv
[9.513s] -- Up-to-date: /home/tora/soft_ws/install/realsense_gazebo_plugin/share/realsense_gazebo_plugin/local_setup.bash
[9.514s] -- Up-to-date: /home/tora/soft_ws/install/realsense_gazebo_plugin/share/realsense_gazebo_plugin/local_setup.sh
[9.514s] -- Up-to-date: /home/tora/soft_ws/install/realsense_gazebo_plugin/share/realsense_gazebo_plugin/local_setup.zsh
[9.514s] -- Installing: /home/tora/soft_ws/install/realsense_gazebo_plugin/share/realsense_gazebo_plugin/local_setup.dsv
[9.514s] -- Installing: /home/tora/soft_ws/install/realsense_gazebo_plugin/share/realsense_gazebo_plugin/package.dsv
[9.514s] -- Up-to-date: /home/tora/soft_ws/install/realsense_gazebo_plugin/share/ament_index/resource_index/packages/realsense_gazebo_plugin
[9.514s] -- Up-to-date: /home/tora/soft_ws/install/realsense_gazebo_plugin/share/realsense_gazebo_plugin/cmake/ament_cmake_export_include_directories-extras.cmake
[9.515s] -- Up-to-date: /home/tora/soft_ws/install/realsense_gazebo_plugin/share/realsense_gazebo_plugin/cmake/ament_cmake_export_libraries-extras.cmake
[9.515s] -- Up-to-date: /home/tora/soft_ws/install/realsense_gazebo_plugin/share/realsense_gazebo_plugin/cmake/realsense_gazebo_pluginConfig.cmake
[9.515s] -- Up-to-date: /home/tora/soft_ws/install/realsense_gazebo_plugin/share/realsense_gazebo_plugin/cmake/realsense_gazebo_pluginConfig-version.cmake
[9.515s] -- Up-to-date: /home/tora/soft_ws/install/realsense_gazebo_plugin/share/realsense_gazebo_plugin/package.xml
[9.518s] Invoked command in '/home/tora/soft_ws/build/realsense_gazebo_plugin' returned '0': /usr/bin/cmake --install /home/tora/soft_ws/build/realsense_gazebo_plugin
