[1.217s] Invoking command in '/home/tora/soft_ws/build/realsense_gazebo_plugin': /usr/bin/cmake /home/tora/soft_ws/src/realsense_gazebo_plugin -DCATKIN_INSTALL_INTO_PREFIX_ROOT=0 -DCMAKE_INSTALL_PREFIX=/home/tora/soft_ws/install/realsense_gazebo_plugin
[1.762s] -- Found ament_cmake: 1.3.10 (/opt/ros/humble/share/ament_cmake/cmake)
[1.783s] -- Found rclcpp: 16.0.10 (/opt/ros/humble/share/rclcpp/cmake)
[1.885s] -- Found rosidl_generator_c: 3.1.5 (/opt/ros/humble/share/rosidl_generator_c/cmake)
[1.893s] -- Found rosidl_adapter: 3.1.5 (/opt/ros/humble/share/rosidl_adapter/cmake)
[1.908s] -- Found rosidl_generator_cpp: 3.1.5 (/opt/ros/humble/share/rosidl_generator_cpp/cmake)
[1.948s] -- Using all available rosidl_typesupport_c: rosidl_typesupport_microxrcedds_c;rosidl_typesupport_fastrtps_c;rosidl_typesupport_introspection_c
[1.990s] -- Using all available rosidl_typesupport_cpp: rosidl_typesupport_microxrcedds_cpp;rosidl_typesupport_fastrtps_cpp;rosidl_typesupport_introspection_cpp
[2.054s] -- Found rmw_implementation_cmake: 6.1.2 (/opt/ros/humble/share/rmw_implementation_cmake/cmake)
[2.074s] -- Found rmw_cyclonedds_cpp: 1.3.4 (/opt/ros/humble/share/rmw_cyclonedds_cpp/cmake)
[2.121s] -- Using RMW implementation 'rmw_cyclonedds_cpp' as default
[2.178s] -- Found gazebo_ros: 3.7.0 (/opt/ros/humble/share/gazebo_ros/cmake)
[2.258s] -- Found DART: /usr/include (Required is at least version "6.6") found components: dart 
[2.412s] -- Found Protobuf: /usr/lib/x86_64-linux-gnu/libprotobuf.so (found version "3.12.4") 
[2.417s] -- Looking for ignition-math6 -- found version 6.15.1
[2.447s] -- Searching for dependencies of ignition-math6
[2.450s] -- Looking for OGRE...
[2.472s] -- Found Ogre Ghadamon (1.9.0)
[2.473s] -- Found OGRE: optimized;/usr/lib/x86_64-linux-gnu/libOgreMain.so;debug;/usr/lib/x86_64-linux-gnu/libOgreMain.so
[2.482s] -- Looking for OGRE_Paging...
[2.482s] -- Found OGRE_Paging: optimized;/usr/lib/x86_64-linux-gnu/libOgrePaging.so;debug;/usr/lib/x86_64-linux-gnu/libOgrePaging.so
[2.482s] -- Looking for OGRE_Terrain...
[2.482s] -- Found OGRE_Terrain: optimized;/usr/lib/x86_64-linux-gnu/libOgreTerrain.so;debug;/usr/lib/x86_64-linux-gnu/libOgreTerrain.so
[2.482s] -- Looking for OGRE_Property...
[2.482s] -- Found OGRE_Property: optimized;/usr/lib/x86_64-linux-gnu/libOgreProperty.so;debug;/usr/lib/x86_64-linux-gnu/libOgreProperty.so
[2.482s] -- Looking for OGRE_RTShaderSystem...
[2.482s] -- Found OGRE_RTShaderSystem: optimized;/usr/lib/x86_64-linux-gnu/libOgreRTShaderSystem.so;debug;/usr/lib/x86_64-linux-gnu/libOgreRTShaderSystem.so
[2.482s] -- Looking for OGRE_Volume...
[2.482s] -- Found OGRE_Volume: optimized;/usr/lib/x86_64-linux-gnu/libOgreVolume.so;debug;/usr/lib/x86_64-linux-gnu/libOgreVolume.so
[2.482s] -- Looking for OGRE_Overlay...
[2.482s] -- Found OGRE_Overlay: optimized;/usr/lib/x86_64-linux-gnu/libOgreOverlay.so;debug;/usr/lib/x86_64-linux-gnu/libOgreOverlay.so
[3.237s] -- Looking for ignition-math6 -- found version 6.15.1
[3.241s] -- Looking for ignition-transport8 -- found version 8.2.1
[3.242s] -- Searching for dependencies of ignition-transport8
[3.302s] -- Found Protobuf: /usr/lib/x86_64-linux-gnu/libprotobuf.so (found suitable version "3.12.4", minimum required is "3") 
[3.345s] -- Config-file not installed for ZeroMQ -- checking for pkg-config
[3.356s] -- Checking for module 'libzmq >= 4'
[3.419s] --   Found libzmq , version 4.3.4
[3.535s] -- Checking for module 'uuid'
[3.590s] --   Found uuid, version 2.37.2
[3.690s] -- Looking for ignition-msgs5 -- found version 5.8.1
[3.691s] -- Searching for dependencies of ignition-msgs5
[3.740s] -- Looking for ignition-math6 -- found version 6.15.1
[3.750s] -- Checking for module 'tinyxml2'
[3.828s] --   Found tinyxml2, version 9.0.0
[4.022s] -- Looking for ignition-msgs5 -- found version 5.8.1
[4.024s] -- Looking for ignition-common3 -- found version 3.14.0
[4.025s] -- Searching for dependencies of ignition-common3
[4.026s] -- Looking for dlfcn.h - found
[4.026s] -- Looking for libdl - found
[4.071s] -- Searching for <ignition-common3> component [graphics]
[4.073s] -- Looking for ignition-common3-graphics -- found version 3.14.0
[4.074s] -- Searching for dependencies of ignition-common3-graphics
[4.075s] -- Looking for ignition-math6 -- found version 6.15.1
[4.079s] -- Looking for ignition-fuel_tools4 -- found version 4.4.0
[4.080s] -- Searching for dependencies of ignition-fuel_tools4
[4.288s] -- Checking for module 'jsoncpp'
[4.387s] --   Found jsoncpp, version 1.9.5
[4.593s] -- Checking for module 'libzip'
[4.690s] --   Found libzip, version 1.7.3
[4.879s] -- Looking for ignition-common3 -- found version 3.14.0
[4.880s] -- Looking for ignition-math6 -- found version 6.15.1
[4.881s] -- Looking for ignition-msgs5 -- found version 5.8.1
[4.890s] -- Gazebo version: 11.10
[4.894s] -- Found image_transport: 3.1.9 (/opt/ros/humble/share/image_transport/cmake)
[5.095s] -- Found camera_info_manager: 3.1.9 (/opt/ros/humble/share/camera_info_manager/cmake)
[5.468s] -- Found ament_lint_auto: 0.12.11 (/opt/ros/humble/share/ament_lint_auto/cmake)
[5.671s] -- Configuring done
[5.745s] -- Generating done
[5.750s] -- Build files have been written to: /home/tora/soft_ws/build/realsense_gazebo_plugin
