/home/tora/.local/lib/python3.10/site-packages/setuptools/dist.py:717: UserWarning: Usage of dash-separated 'script-dir' will not be supported in future versions. Please use the underscore name 'script_dir' instead
  warnings.warn(
running develop
running egg_info
writing rover_description.egg-info/PKG-INFO
writing dependency_links to rover_description.egg-info/dependency_links.txt
writing entry points to rover_description.egg-info/entry_points.txt
writing requirements to rover_description.egg-info/requires.txt
writing top-level names to rover_description.egg-info/top_level.txt
reading manifest file 'rover_description.egg-info/SOURCES.txt'
writing manifest file 'rover_description.egg-info/SOURCES.txt'
running build_ext
Creating /home/tora/soft_ws/install/rover_description/lib/python3.10/site-packages/rover-description.egg-link (link to .)

Installed /home/tora/soft_ws/build/rover_description
running symlink_data
symbolically linking /home/tora/soft_ws/build/rover_description/resource/rover_description -> /home/tora/soft_ws/install/rover_description/share/ament_index/resource_index/packages
symbolically linking /home/tora/soft_ws/build/rover_description/package.xml -> /home/tora/soft_ws/install/rover_description/share/rover_description
symbolically linking /home/tora/soft_ws/build/rover_description/launch/display.launch.py -> /home/tora/soft_ws/install/rover_description/share/rover_description/launch
symbolically linking /home/tora/soft_ws/build/rover_description/launch/gazebo.launch.py -> /home/tora/soft_ws/install/rover_description/share/rover_description/launch
symbolically linking /home/tora/soft_ws/build/rover_description/launch/gazebo_world.launch.py -> /home/tora/soft_ws/install/rover_description/share/rover_description/launch
symbolically linking /home/tora/soft_ws/build/rover_description/urdf/rover.trans -> /home/tora/soft_ws/install/rover_description/share/rover_description/urdf
symbolically linking /home/tora/soft_ws/build/rover_description/urdf/materials.xacro -> /home/tora/soft_ws/install/rover_description/share/rover_description/urdf
symbolically linking /home/tora/soft_ws/build/rover_description/urdf/rover_description.xacro -> /home/tora/soft_ws/install/rover_description/share/rover_description/urdf
symbolically linking /home/tora/soft_ws/build/rover_description/urdf/diff_control.xacro -> /home/tora/soft_ws/install/rover_description/share/rover_description/urdf
symbolically linking /home/tora/soft_ws/build/rover_description/urdf/_d435.gazebo.xacro -> /home/tora/soft_ws/install/rover_description/share/rover_description/urdf
symbolically linking /home/tora/soft_ws/build/rover_description/urdf/rover.xacro -> /home/tora/soft_ws/install/rover_description/share/rover_description/urdf
symbolically linking /home/tora/soft_ws/build/rover_description/urdf/rover_realsense.xacro -> /home/tora/soft_ws/install/rover_description/share/rover_description/urdf
symbolically linking /home/tora/soft_ws/build/rover_description/urdf/rover.gazebo -> /home/tora/soft_ws/install/rover_description/share/rover_description/urdf
symbolically linking /home/tora/soft_ws/build/rover_description/urdf/_d435.urdf.xacro -> /home/tora/soft_ws/install/rover_description/share/rover_description/urdf
symbolically linking /home/tora/soft_ws/build/rover_description/meshes/chassis_left_1.stl -> /home/tora/soft_ws/install/rover_description/share/rover_description/meshes
symbolically linking /home/tora/soft_ws/build/rover_description/meshes/d435.dae -> /home/tora/soft_ws/install/rover_description/share/rover_description/meshes
symbolically linking /home/tora/soft_ws/build/rover_description/meshes/wheel_right_front_1.stl -> /home/tora/soft_ws/install/rover_description/share/rover_description/meshes
symbolically linking /home/tora/soft_ws/build/rover_description/meshes/wheel_right_back_1.stl -> /home/tora/soft_ws/install/rover_description/share/rover_description/meshes
symbolically linking /home/tora/soft_ws/build/rover_description/meshes/chassis_right_1.stl -> /home/tora/soft_ws/install/rover_description/share/rover_description/meshes
symbolically linking /home/tora/soft_ws/build/rover_description/meshes/base_link.stl -> /home/tora/soft_ws/install/rover_description/share/rover_description/meshes
symbolically linking /home/tora/soft_ws/build/rover_description/meshes/wheel_left_front_1.stl -> /home/tora/soft_ws/install/rover_description/share/rover_description/meshes
symbolically linking /home/tora/soft_ws/build/rover_description/meshes/wheel_left_back_1.stl -> /home/tora/soft_ws/install/rover_description/share/rover_description/meshes
symbolically linking /home/tora/soft_ws/build/rover_description/config/display.rviz -> /home/tora/soft_ws/install/rover_description/share/rover_description/config
symbolically linking /home/tora/soft_ws/build/rover_description/config/diff_robot.yaml -> /home/tora/soft_ws/install/rover_description/share/rover_description/config
symbolically linking /home/tora/soft_ws/build/rover_description/world/display.world -> /home/tora/soft_ws/install/rover_description/share/rover_description/world
