[0.150s] DEBUG:colcon:Command line arguments: ['/usr/bin/colcon', 'build', '--symlink-install']
[0.150s] DEBUG:colcon:Parsed command line arguments: Namespace(log_base=None, log_level=None, verb_name='build', build_base='build', install_base='install', merge_install=False, symlink_install=True, test_result_base=None, continue_on_error=False, executor='parallel', parallel_workers=16, event_handlers=None, ignore_user_meta=False, metas=['./colcon.meta'], base_paths=['.'], packages_ignore=None, packages_ignore_regex=None, paths=None, packages_up_to=None, packages_up_to_regex=None, packages_above=None, packages_above_and_dependencies=None, packages_above_depth=None, packages_select_by_dep=None, packages_skip_by_dep=None, packages_skip_up_to=None, packages_select_build_failed=False, packages_skip_build_finished=False, packages_select_test_failures=False, packages_skip_test_passed=False, packages_select=None, packages_skip=None, packages_select_regex=None, packages_skip_regex=None, packages_start=None, packages_end=None, allow_overriding=[], cmake_args=None, cmake_target=None, cmake_target_skip_unavailable=False, cmake_clean_cache=False, cmake_clean_first=False, cmake_force_configure=False, ament_cmake_args=None, catkin_cmake_args=None, catkin_skip_building_tests=False, mixin_files=None, mixin=None, verb_parser=<colcon_mixin.mixin.mixin_argument.MixinArgumentDecorator object at 0x7f6a6db06260>, verb_extension=<colcon_core.verb.build.BuildVerb object at 0x7f6a6ddfb2e0>, main=<bound method BuildVerb.main of <colcon_core.verb.build.BuildVerb object at 0x7f6a6ddfb2e0>>, mixin_verb=('build',))
[0.434s] Level 1:colcon.colcon_core.package_discovery:discover_packages(colcon_meta) check parameters
[0.434s] Level 1:colcon.colcon_core.package_discovery:discover_packages(recursive) check parameters
[0.434s] Level 1:colcon.colcon_core.package_discovery:discover_packages(ignore) check parameters
[0.434s] Level 1:colcon.colcon_core.package_discovery:discover_packages(path) check parameters
[0.434s] Level 1:colcon.colcon_core.package_discovery:discover_packages(colcon_meta) discover
[0.434s] Level 1:colcon.colcon_core.package_discovery:discover_packages(recursive) discover
[0.434s] INFO:colcon.colcon_core.package_discovery:Crawling recursively for packages in '/home/tora/soft_ws/self_development'
[0.434s] Level 1:colcon.colcon_core.package_identification:_identify(.) by extensions ['ignore', 'ignore_ament_install']
[0.434s] Level 1:colcon.colcon_core.package_identification:_identify(.) by extension 'ignore'
[0.434s] Level 1:colcon.colcon_core.package_identification:_identify(.) by extension 'ignore_ament_install'
[0.434s] Level 1:colcon.colcon_core.package_identification:_identify(.) by extensions ['colcon_pkg']
[0.434s] Level 1:colcon.colcon_core.package_identification:_identify(.) by extension 'colcon_pkg'
[0.434s] Level 1:colcon.colcon_core.package_identification:_identify(.) by extensions ['colcon_meta']
[0.434s] Level 1:colcon.colcon_core.package_identification:_identify(.) by extension 'colcon_meta'
[0.434s] Level 1:colcon.colcon_core.package_identification:_identify(.) by extensions ['ros']
[0.434s] Level 1:colcon.colcon_core.package_identification:_identify(.) by extension 'ros'
[0.446s] Level 1:colcon.colcon_core.package_identification:_identify(.) by extensions ['cmake', 'python']
[0.446s] Level 1:colcon.colcon_core.package_identification:_identify(.) by extension 'cmake'
[0.446s] Level 1:colcon.colcon_core.package_identification:_identify(.) by extension 'python'
[0.446s] Level 1:colcon.colcon_core.package_identification:_identify(.) by extensions ['python_setup_py']
[0.446s] Level 1:colcon.colcon_core.package_identification:_identify(.) by extension 'python_setup_py'
[0.446s] Level 1:colcon.colcon_core.package_identification:_identify(build) by extensions ['ignore', 'ignore_ament_install']
[0.446s] Level 1:colcon.colcon_core.package_identification:_identify(build) by extension 'ignore'
[0.446s] Level 1:colcon.colcon_core.package_identification:_identify(build) ignored
[0.446s] Level 1:colcon.colcon_core.package_identification:_identify(install) by extensions ['ignore', 'ignore_ament_install']
[0.446s] Level 1:colcon.colcon_core.package_identification:_identify(install) by extension 'ignore'
[0.446s] Level 1:colcon.colcon_core.package_identification:_identify(install) ignored
[0.446s] Level 1:colcon.colcon_core.package_identification:_identify(log) by extensions ['ignore', 'ignore_ament_install']
[0.446s] Level 1:colcon.colcon_core.package_identification:_identify(log) by extension 'ignore'
[0.446s] Level 1:colcon.colcon_core.package_identification:_identify(log) ignored
[0.446s] Level 1:colcon.colcon_core.package_identification:_identify(src) by extensions ['ignore', 'ignore_ament_install']
[0.447s] Level 1:colcon.colcon_core.package_identification:_identify(src) by extension 'ignore'
[0.447s] Level 1:colcon.colcon_core.package_identification:_identify(src) by extension 'ignore_ament_install'
[0.447s] Level 1:colcon.colcon_core.package_identification:_identify(src) by extensions ['colcon_pkg']
[0.447s] Level 1:colcon.colcon_core.package_identification:_identify(src) by extension 'colcon_pkg'
[0.447s] Level 1:colcon.colcon_core.package_identification:_identify(src) by extensions ['colcon_meta']
[0.447s] Level 1:colcon.colcon_core.package_identification:_identify(src) by extension 'colcon_meta'
[0.447s] Level 1:colcon.colcon_core.package_identification:_identify(src) by extensions ['ros']
[0.447s] Level 1:colcon.colcon_core.package_identification:_identify(src) by extension 'ros'
[0.447s] Level 1:colcon.colcon_core.package_identification:_identify(src) by extensions ['cmake', 'python']
[0.447s] Level 1:colcon.colcon_core.package_identification:_identify(src) by extension 'cmake'
[0.447s] Level 1:colcon.colcon_core.package_identification:_identify(src) by extension 'python'
[0.447s] Level 1:colcon.colcon_core.package_identification:_identify(src) by extensions ['python_setup_py']
[0.447s] Level 1:colcon.colcon_core.package_identification:_identify(src) by extension 'python_setup_py'
[0.447s] Level 1:colcon.colcon_core.package_identification:_identify(src/rover_bringup) by extensions ['ignore', 'ignore_ament_install']
[0.447s] Level 1:colcon.colcon_core.package_identification:_identify(src/rover_bringup) by extension 'ignore'
[0.447s] Level 1:colcon.colcon_core.package_identification:_identify(src/rover_bringup) by extension 'ignore_ament_install'
[0.447s] Level 1:colcon.colcon_core.package_identification:_identify(src/rover_bringup) by extensions ['colcon_pkg']
[0.447s] Level 1:colcon.colcon_core.package_identification:_identify(src/rover_bringup) by extension 'colcon_pkg'
[0.447s] Level 1:colcon.colcon_core.package_identification:_identify(src/rover_bringup) by extensions ['colcon_meta']
[0.447s] Level 1:colcon.colcon_core.package_identification:_identify(src/rover_bringup) by extension 'colcon_meta'
[0.447s] Level 1:colcon.colcon_core.package_identification:_identify(src/rover_bringup) by extensions ['ros']
[0.447s] Level 1:colcon.colcon_core.package_identification:_identify(src/rover_bringup) by extension 'ros'
[0.450s] DEBUG:colcon.colcon_core.package_identification:Package 'src/rover_bringup' with type 'ros.ament_python' and name 'rover_bringup'
[0.450s] Level 1:colcon.colcon_core.package_identification:_identify(src/rover_controller) by extensions ['ignore', 'ignore_ament_install']
[0.450s] Level 1:colcon.colcon_core.package_identification:_identify(src/rover_controller) by extension 'ignore'
[0.450s] Level 1:colcon.colcon_core.package_identification:_identify(src/rover_controller) by extension 'ignore_ament_install'
[0.450s] Level 1:colcon.colcon_core.package_identification:_identify(src/rover_controller) by extensions ['colcon_pkg']
[0.450s] Level 1:colcon.colcon_core.package_identification:_identify(src/rover_controller) by extension 'colcon_pkg'
[0.450s] Level 1:colcon.colcon_core.package_identification:_identify(src/rover_controller) by extensions ['colcon_meta']
[0.450s] Level 1:colcon.colcon_core.package_identification:_identify(src/rover_controller) by extension 'colcon_meta'
[0.450s] Level 1:colcon.colcon_core.package_identification:_identify(src/rover_controller) by extensions ['ros']
[0.450s] Level 1:colcon.colcon_core.package_identification:_identify(src/rover_controller) by extension 'ros'
[0.450s] DEBUG:colcon.colcon_core.package_identification:Package 'src/rover_controller' with type 'ros.ament_python' and name 'rover_controller'
[0.451s] Level 1:colcon.colcon_core.package_identification:_identify(src/rover_navigation) by extensions ['ignore', 'ignore_ament_install']
[0.451s] Level 1:colcon.colcon_core.package_identification:_identify(src/rover_navigation) by extension 'ignore'
[0.451s] Level 1:colcon.colcon_core.package_identification:_identify(src/rover_navigation) by extension 'ignore_ament_install'
[0.451s] Level 1:colcon.colcon_core.package_identification:_identify(src/rover_navigation) by extensions ['colcon_pkg']
[0.451s] Level 1:colcon.colcon_core.package_identification:_identify(src/rover_navigation) by extension 'colcon_pkg'
[0.451s] Level 1:colcon.colcon_core.package_identification:_identify(src/rover_navigation) by extensions ['colcon_meta']
[0.451s] Level 1:colcon.colcon_core.package_identification:_identify(src/rover_navigation) by extension 'colcon_meta'
[0.451s] Level 1:colcon.colcon_core.package_identification:_identify(src/rover_navigation) by extensions ['ros']
[0.451s] Level 1:colcon.colcon_core.package_identification:_identify(src/rover_navigation) by extension 'ros'
[0.451s] DEBUG:colcon.colcon_core.package_identification:Package 'src/rover_navigation' with type 'ros.ament_python' and name 'rover_navigation'
[0.452s] Level 1:colcon.colcon_core.package_identification:_identify(src/rover_simulation) by extensions ['ignore', 'ignore_ament_install']
[0.452s] Level 1:colcon.colcon_core.package_identification:_identify(src/rover_simulation) by extension 'ignore'
[0.452s] Level 1:colcon.colcon_core.package_identification:_identify(src/rover_simulation) by extension 'ignore_ament_install'
[0.452s] Level 1:colcon.colcon_core.package_identification:_identify(src/rover_simulation) by extensions ['colcon_pkg']
[0.452s] Level 1:colcon.colcon_core.package_identification:_identify(src/rover_simulation) by extension 'colcon_pkg'
[0.452s] Level 1:colcon.colcon_core.package_identification:_identify(src/rover_simulation) by extensions ['colcon_meta']
[0.452s] Level 1:colcon.colcon_core.package_identification:_identify(src/rover_simulation) by extension 'colcon_meta'
[0.452s] Level 1:colcon.colcon_core.package_identification:_identify(src/rover_simulation) by extensions ['ros']
[0.452s] Level 1:colcon.colcon_core.package_identification:_identify(src/rover_simulation) by extension 'ros'
[0.452s] DEBUG:colcon.colcon_core.package_identification:Package 'src/rover_simulation' with type 'ros.ament_python' and name 'rover_simulation'
[0.452s] Level 1:colcon.colcon_core.package_discovery:discover_packages(recursive) using defaults
[0.452s] Level 1:colcon.colcon_core.package_discovery:discover_packages(ignore) discover
[0.452s] Level 1:colcon.colcon_core.package_discovery:discover_packages(ignore) using defaults
[0.452s] Level 1:colcon.colcon_core.package_discovery:discover_packages(path) discover
[0.452s] Level 1:colcon.colcon_core.package_discovery:discover_packages(path) using defaults
[0.480s] Level 1:colcon.colcon_core.package_discovery:discover_packages(prefix_path) check parameters
[0.480s] Level 1:colcon.colcon_core.package_discovery:discover_packages(prefix_path) discover
[0.481s] WARNING:colcon.colcon_core.prefix_path.colcon:The path '/home/tora/soft_ws/SystemDesignUnit2/install' in the environment variable COLCON_PREFIX_PATH doesn't exist
[0.481s] WARNING:colcon.colcon_ros.prefix_path.ament:The path '/home/tora/soft_ws/SystemDesignUnit2/install/rover_simulation' in the environment variable AMENT_PREFIX_PATH doesn't exist
[0.481s] WARNING:colcon.colcon_ros.prefix_path.ament:The path '/home/tora/soft_ws/SystemDesignUnit2/install/rover_navigation' in the environment variable AMENT_PREFIX_PATH doesn't exist
[0.481s] WARNING:colcon.colcon_ros.prefix_path.ament:The path '/home/tora/soft_ws/SystemDesignUnit2/install/rover_controller' in the environment variable AMENT_PREFIX_PATH doesn't exist
[0.481s] WARNING:colcon.colcon_ros.prefix_path.ament:The path '/home/tora/soft_ws/SystemDesignUnit2/install/rover_bringup' in the environment variable AMENT_PREFIX_PATH doesn't exist
[0.481s] WARNING:colcon.colcon_ros.prefix_path.ament:The path '/home/tora/soft_ws/self_development/install/rover_simulation' in the environment variable AMENT_PREFIX_PATH doesn't exist
[0.482s] WARNING:colcon.colcon_ros.prefix_path.ament:The path '/home/tora/soft_ws/self_development/install/rover_navigation' in the environment variable AMENT_PREFIX_PATH doesn't exist
[0.482s] WARNING:colcon.colcon_ros.prefix_path.ament:The path '/home/tora/soft_ws/self_development/install/rover_controller' in the environment variable AMENT_PREFIX_PATH doesn't exist
[0.482s] WARNING:colcon.colcon_ros.prefix_path.ament:The path '/home/tora/soft_ws/self_development/install/rover_bringup' in the environment variable AMENT_PREFIX_PATH doesn't exist
[0.493s] DEBUG:colcon.colcon_installed_package_information.package_discovery:Found 0 installed packages in /home/tora/soft_ws/self_development/install
[0.494s] DEBUG:colcon.colcon_installed_package_information.package_discovery:Found 4 installed packages in /home/tora/realsense_ws/install
[0.494s] DEBUG:colcon.colcon_installed_package_information.package_discovery:Found 11 installed packages in /home/tora/go2_ws/install
[0.495s] DEBUG:colcon.colcon_installed_package_information.package_discovery:Found 3 installed packages in /home/tora/turtlebot3_ws/install
[0.496s] DEBUG:colcon.colcon_installed_package_information.package_discovery:Found 39 installed packages in /home/tora/microros_ws/install
[0.497s] DEBUG:colcon.colcon_installed_package_information.package_discovery:Found 10 installed packages in /home/tora/seminar_ws/install
[0.504s] DEBUG:colcon.colcon_installed_package_information.package_discovery:Found 238 installed packages in /home/tora/autoware/install
[0.506s] DEBUG:colcon.colcon_installed_package_information.package_discovery:Found 5 installed packages in /home/tora/unit1_ws/install
[0.508s] DEBUG:colcon.colcon_installed_package_information.package_discovery:Found 531 installed packages in /opt/ros/humble
[0.512s] Level 1:colcon.colcon_core.package_discovery:discover_packages(prefix_path) using defaults
[0.596s] Level 5:colcon.colcon_core.verb:set package 'rover_bringup' build argument 'cmake_args' from command line to 'None'
[0.596s] Level 5:colcon.colcon_core.verb:set package 'rover_bringup' build argument 'cmake_target' from command line to 'None'
[0.596s] Level 5:colcon.colcon_core.verb:set package 'rover_bringup' build argument 'cmake_target_skip_unavailable' from command line to 'False'
[0.596s] Level 5:colcon.colcon_core.verb:set package 'rover_bringup' build argument 'cmake_clean_cache' from command line to 'False'
[0.596s] Level 5:colcon.colcon_core.verb:set package 'rover_bringup' build argument 'cmake_clean_first' from command line to 'False'
[0.596s] Level 5:colcon.colcon_core.verb:set package 'rover_bringup' build argument 'cmake_force_configure' from command line to 'False'
[0.596s] Level 5:colcon.colcon_core.verb:set package 'rover_bringup' build argument 'ament_cmake_args' from command line to 'None'
[0.596s] Level 5:colcon.colcon_core.verb:set package 'rover_bringup' build argument 'catkin_cmake_args' from command line to 'None'
[0.596s] Level 5:colcon.colcon_core.verb:set package 'rover_bringup' build argument 'catkin_skip_building_tests' from command line to 'False'
[0.596s] DEBUG:colcon.colcon_core.verb:Building package 'rover_bringup' with the following arguments: {'ament_cmake_args': None, 'build_base': '/home/tora/soft_ws/self_development/build/rover_bringup', 'catkin_cmake_args': None, 'catkin_skip_building_tests': False, 'cmake_args': None, 'cmake_clean_cache': False, 'cmake_clean_first': False, 'cmake_force_configure': False, 'cmake_target': None, 'cmake_target_skip_unavailable': False, 'install_base': '/home/tora/soft_ws/self_development/install/rover_bringup', 'merge_install': False, 'path': '/home/tora/soft_ws/self_development/src/rover_bringup', 'symlink_install': True, 'test_result_base': None}
[0.597s] Level 5:colcon.colcon_core.verb:set package 'rover_controller' build argument 'cmake_args' from command line to 'None'
[0.597s] Level 5:colcon.colcon_core.verb:set package 'rover_controller' build argument 'cmake_target' from command line to 'None'
[0.597s] Level 5:colcon.colcon_core.verb:set package 'rover_controller' build argument 'cmake_target_skip_unavailable' from command line to 'False'
[0.597s] Level 5:colcon.colcon_core.verb:set package 'rover_controller' build argument 'cmake_clean_cache' from command line to 'False'
[0.597s] Level 5:colcon.colcon_core.verb:set package 'rover_controller' build argument 'cmake_clean_first' from command line to 'False'
[0.597s] Level 5:colcon.colcon_core.verb:set package 'rover_controller' build argument 'cmake_force_configure' from command line to 'False'
[0.597s] Level 5:colcon.colcon_core.verb:set package 'rover_controller' build argument 'ament_cmake_args' from command line to 'None'
[0.597s] Level 5:colcon.colcon_core.verb:set package 'rover_controller' build argument 'catkin_cmake_args' from command line to 'None'
[0.597s] Level 5:colcon.colcon_core.verb:set package 'rover_controller' build argument 'catkin_skip_building_tests' from command line to 'False'
[0.597s] DEBUG:colcon.colcon_core.verb:Building package 'rover_controller' with the following arguments: {'ament_cmake_args': None, 'build_base': '/home/tora/soft_ws/self_development/build/rover_controller', 'catkin_cmake_args': None, 'catkin_skip_building_tests': False, 'cmake_args': None, 'cmake_clean_cache': False, 'cmake_clean_first': False, 'cmake_force_configure': False, 'cmake_target': None, 'cmake_target_skip_unavailable': False, 'install_base': '/home/tora/soft_ws/self_development/install/rover_controller', 'merge_install': False, 'path': '/home/tora/soft_ws/self_development/src/rover_controller', 'symlink_install': True, 'test_result_base': None}
[0.597s] Level 5:colcon.colcon_core.verb:set package 'rover_navigation' build argument 'cmake_args' from command line to 'None'
[0.597s] Level 5:colcon.colcon_core.verb:set package 'rover_navigation' build argument 'cmake_target' from command line to 'None'
[0.597s] Level 5:colcon.colcon_core.verb:set package 'rover_navigation' build argument 'cmake_target_skip_unavailable' from command line to 'False'
[0.597s] Level 5:colcon.colcon_core.verb:set package 'rover_navigation' build argument 'cmake_clean_cache' from command line to 'False'
[0.597s] Level 5:colcon.colcon_core.verb:set package 'rover_navigation' build argument 'cmake_clean_first' from command line to 'False'
[0.597s] Level 5:colcon.colcon_core.verb:set package 'rover_navigation' build argument 'cmake_force_configure' from command line to 'False'
[0.597s] Level 5:colcon.colcon_core.verb:set package 'rover_navigation' build argument 'ament_cmake_args' from command line to 'None'
[0.597s] Level 5:colcon.colcon_core.verb:set package 'rover_navigation' build argument 'catkin_cmake_args' from command line to 'None'
[0.597s] Level 5:colcon.colcon_core.verb:set package 'rover_navigation' build argument 'catkin_skip_building_tests' from command line to 'False'
[0.598s] DEBUG:colcon.colcon_core.verb:Building package 'rover_navigation' with the following arguments: {'ament_cmake_args': None, 'build_base': '/home/tora/soft_ws/self_development/build/rover_navigation', 'catkin_cmake_args': None, 'catkin_skip_building_tests': False, 'cmake_args': None, 'cmake_clean_cache': False, 'cmake_clean_first': False, 'cmake_force_configure': False, 'cmake_target': None, 'cmake_target_skip_unavailable': False, 'install_base': '/home/tora/soft_ws/self_development/install/rover_navigation', 'merge_install': False, 'path': '/home/tora/soft_ws/self_development/src/rover_navigation', 'symlink_install': True, 'test_result_base': None}
[0.598s] Level 5:colcon.colcon_core.verb:set package 'rover_simulation' build argument 'cmake_args' from command line to 'None'
[0.598s] Level 5:colcon.colcon_core.verb:set package 'rover_simulation' build argument 'cmake_target' from command line to 'None'
[0.598s] Level 5:colcon.colcon_core.verb:set package 'rover_simulation' build argument 'cmake_target_skip_unavailable' from command line to 'False'
[0.598s] Level 5:colcon.colcon_core.verb:set package 'rover_simulation' build argument 'cmake_clean_cache' from command line to 'False'
[0.598s] Level 5:colcon.colcon_core.verb:set package 'rover_simulation' build argument 'cmake_clean_first' from command line to 'False'
[0.598s] Level 5:colcon.colcon_core.verb:set package 'rover_simulation' build argument 'cmake_force_configure' from command line to 'False'
[0.598s] Level 5:colcon.colcon_core.verb:set package 'rover_simulation' build argument 'ament_cmake_args' from command line to 'None'
[0.598s] Level 5:colcon.colcon_core.verb:set package 'rover_simulation' build argument 'catkin_cmake_args' from command line to 'None'
[0.598s] Level 5:colcon.colcon_core.verb:set package 'rover_simulation' build argument 'catkin_skip_building_tests' from command line to 'False'
[0.598s] DEBUG:colcon.colcon_core.verb:Building package 'rover_simulation' with the following arguments: {'ament_cmake_args': None, 'build_base': '/home/tora/soft_ws/self_development/build/rover_simulation', 'catkin_cmake_args': None, 'catkin_skip_building_tests': False, 'cmake_args': None, 'cmake_clean_cache': False, 'cmake_clean_first': False, 'cmake_force_configure': False, 'cmake_target': None, 'cmake_target_skip_unavailable': False, 'install_base': '/home/tora/soft_ws/self_development/install/rover_simulation', 'merge_install': False, 'path': '/home/tora/soft_ws/self_development/src/rover_simulation', 'symlink_install': True, 'test_result_base': None}
[0.598s] INFO:colcon.colcon_core.executor:Executing jobs using 'parallel' executor
[0.599s] DEBUG:colcon.colcon_parallel_executor.executor.parallel:run_until_complete
[0.599s] INFO:colcon.colcon_ros.task.ament_python.build:Building ROS package in '/home/tora/soft_ws/self_development/src/rover_bringup' with build type 'ament_python'
[0.599s] Level 1:colcon.colcon_core.shell:create_environment_hook('rover_bringup', 'ament_prefix_path')
[0.602s] INFO:colcon.colcon_core.plugin_system:Skipping extension 'colcon_core.shell.bat': Not used on non-Windows systems
[0.603s] INFO:colcon.colcon_core.shell:Creating environment hook '/home/tora/soft_ws/self_development/install/rover_bringup/share/rover_bringup/hook/ament_prefix_path.ps1'
[0.603s] INFO:colcon.colcon_core.shell:Creating environment descriptor '/home/tora/soft_ws/self_development/install/rover_bringup/share/rover_bringup/hook/ament_prefix_path.dsv'
[0.604s] INFO:colcon.colcon_core.shell:Creating environment hook '/home/tora/soft_ws/self_development/install/rover_bringup/share/rover_bringup/hook/ament_prefix_path.sh'
[0.604s] INFO:colcon.colcon_core.shell:Skip shell extension 'powershell' for command environment: Not usable outside of PowerShell
[0.604s] DEBUG:colcon.colcon_core.shell:Skip shell extension 'dsv' for command environment
[0.629s] INFO:colcon.colcon_ros.task.ament_python.build:Building ROS package in '/home/tora/soft_ws/self_development/src/rover_controller' with build type 'ament_python'
[0.630s] Level 1:colcon.colcon_core.shell:create_environment_hook('rover_controller', 'ament_prefix_path')
[0.630s] INFO:colcon.colcon_core.shell:Creating environment hook '/home/tora/soft_ws/self_development/install/rover_controller/share/rover_controller/hook/ament_prefix_path.ps1'
[0.630s] INFO:colcon.colcon_core.shell:Creating environment descriptor '/home/tora/soft_ws/self_development/install/rover_controller/share/rover_controller/hook/ament_prefix_path.dsv'
[0.631s] INFO:colcon.colcon_core.shell:Creating environment hook '/home/tora/soft_ws/self_development/install/rover_controller/share/rover_controller/hook/ament_prefix_path.sh'
[0.631s] INFO:colcon.colcon_core.shell:Skip shell extension 'powershell' for command environment: Not usable outside of PowerShell
[0.631s] DEBUG:colcon.colcon_core.shell:Skip shell extension 'dsv' for command environment
[0.656s] INFO:colcon.colcon_ros.task.ament_python.build:Building ROS package in '/home/tora/soft_ws/self_development/src/rover_navigation' with build type 'ament_python'
[0.656s] Level 1:colcon.colcon_core.shell:create_environment_hook('rover_navigation', 'ament_prefix_path')
[0.656s] INFO:colcon.colcon_core.shell:Creating environment hook '/home/tora/soft_ws/self_development/install/rover_navigation/share/rover_navigation/hook/ament_prefix_path.ps1'
[0.657s] INFO:colcon.colcon_core.shell:Creating environment descriptor '/home/tora/soft_ws/self_development/install/rover_navigation/share/rover_navigation/hook/ament_prefix_path.dsv'
[0.657s] INFO:colcon.colcon_core.shell:Creating environment hook '/home/tora/soft_ws/self_development/install/rover_navigation/share/rover_navigation/hook/ament_prefix_path.sh'
[0.658s] INFO:colcon.colcon_core.shell:Skip shell extension 'powershell' for command environment: Not usable outside of PowerShell
[0.658s] DEBUG:colcon.colcon_core.shell:Skip shell extension 'dsv' for command environment
[0.672s] INFO:colcon.colcon_ros.task.ament_python.build:Building ROS package in '/home/tora/soft_ws/self_development/src/rover_simulation' with build type 'ament_python'
[0.672s] Level 1:colcon.colcon_core.shell:create_environment_hook('rover_simulation', 'ament_prefix_path')
[0.673s] INFO:colcon.colcon_core.shell:Creating environment hook '/home/tora/soft_ws/self_development/install/rover_simulation/share/rover_simulation/hook/ament_prefix_path.ps1'
[0.673s] INFO:colcon.colcon_core.shell:Creating environment descriptor '/home/tora/soft_ws/self_development/install/rover_simulation/share/rover_simulation/hook/ament_prefix_path.dsv'
[0.674s] INFO:colcon.colcon_core.shell:Creating environment hook '/home/tora/soft_ws/self_development/install/rover_simulation/share/rover_simulation/hook/ament_prefix_path.sh'
[0.674s] INFO:colcon.colcon_core.shell:Skip shell extension 'powershell' for command environment: Not usable outside of PowerShell
[0.674s] DEBUG:colcon.colcon_core.shell:Skip shell extension 'dsv' for command environment
[1.247s] INFO:colcon.colcon_core.task.python.build:Building Python package in '/home/tora/soft_ws/self_development/src/rover_bringup'
[1.248s] INFO:colcon.colcon_core.shell:Skip shell extension 'powershell' for command environment: Not usable outside of PowerShell
[1.248s] DEBUG:colcon.colcon_core.shell:Skip shell extension 'dsv' for command environment
[1.780s] INFO:colcon.colcon_core.task.python.build:Building Python package in '/home/tora/soft_ws/self_development/src/rover_controller'
[1.780s] INFO:colcon.colcon_core.shell:Skip shell extension 'powershell' for command environment: Not usable outside of PowerShell
[1.781s] DEBUG:colcon.colcon_core.shell:Skip shell extension 'dsv' for command environment
[2.410s] INFO:colcon.colcon_core.task.python.build:Building Python package in '/home/tora/soft_ws/self_development/src/rover_navigation'
[2.410s] INFO:colcon.colcon_core.shell:Skip shell extension 'powershell' for command environment: Not usable outside of PowerShell
[2.410s] DEBUG:colcon.colcon_core.shell:Skip shell extension 'dsv' for command environment
[2.976s] INFO:colcon.colcon_core.task.python.build:Building Python package in '/home/tora/soft_ws/self_development/src/rover_simulation'
[2.976s] INFO:colcon.colcon_core.shell:Skip shell extension 'powershell' for command environment: Not usable outside of PowerShell
[2.977s] DEBUG:colcon.colcon_core.shell:Skip shell extension 'dsv' for command environment
[3.446s] DEBUG:colcon.colcon_core.event_handler.log_command:Invoking command in '/home/tora/soft_ws/self_development/build/rover_bringup': PYTHONPATH=/home/tora/soft_ws/self_development/build/rover_bringup/prefix_override:/usr/lib/python3/dist-packages/colcon_core/task/python/colcon_distutils_commands:/home/tora/soft_ws/self_development/install/rover_bringup/lib/python3.10/site-packages:${PYTHONPATH} /usr/bin/python3 -W ignore:setup.py install is deprecated -W ignore:easy_install command is deprecated setup.py develop --editable --build-directory /home/tora/soft_ws/self_development/build/rover_bringup/build --no-deps symlink_data
[3.448s] DEBUG:colcon.colcon_core.event_handler.log_command:Invoking command in '/home/tora/soft_ws/self_development/build/rover_navigation': PYTHONPATH=/home/tora/soft_ws/self_development/build/rover_navigation/prefix_override:/usr/lib/python3/dist-packages/colcon_core/task/python/colcon_distutils_commands:/home/tora/soft_ws/self_development/install/rover_navigation/lib/python3.10/site-packages:${PYTHONPATH} /usr/bin/python3 -W ignore:setup.py install is deprecated -W ignore:easy_install command is deprecated setup.py develop --editable --build-directory /home/tora/soft_ws/self_development/build/rover_navigation/build --no-deps symlink_data
[3.501s] DEBUG:colcon.colcon_core.event_handler.log_command:Invoking command in '/home/tora/soft_ws/self_development/build/rover_controller': PYTHONPATH=/home/tora/soft_ws/self_development/build/rover_controller/prefix_override:/usr/lib/python3/dist-packages/colcon_core/task/python/colcon_distutils_commands:/home/tora/soft_ws/self_development/install/rover_controller/lib/python3.10/site-packages:${PYTHONPATH} /usr/bin/python3 -W ignore:setup.py install is deprecated -W ignore:easy_install command is deprecated setup.py develop --editable --build-directory /home/tora/soft_ws/self_development/build/rover_controller/build --no-deps symlink_data
[3.676s] DEBUG:colcon.colcon_core.event_handler.log_command:Invoking command in '/home/tora/soft_ws/self_development/build/rover_simulation': PYTHONPATH=/home/tora/soft_ws/self_development/build/rover_simulation/prefix_override:/usr/lib/python3/dist-packages/colcon_core/task/python/colcon_distutils_commands:/home/tora/soft_ws/self_development/install/rover_simulation/lib/python3.10/site-packages:${PYTHONPATH} /usr/bin/python3 -W ignore:setup.py install is deprecated -W ignore:easy_install command is deprecated setup.py develop --editable --build-directory /home/tora/soft_ws/self_development/build/rover_simulation/build --no-deps symlink_data
[3.986s] Level 1:colcon.colcon_core.shell:create_environment_hook('rover_navigation', 'pythonpath_develop')
[3.986s] DEBUG:colcon.colcon_core.event_handler.log_command:Invoked command in '/home/tora/soft_ws/self_development/build/rover_navigation' returned '0': PYTHONPATH=/home/tora/soft_ws/self_development/build/rover_navigation/prefix_override:/usr/lib/python3/dist-packages/colcon_core/task/python/colcon_distutils_commands:/home/tora/soft_ws/self_development/install/rover_navigation/lib/python3.10/site-packages:${PYTHONPATH} /usr/bin/python3 -W ignore:setup.py install is deprecated -W ignore:easy_install command is deprecated setup.py develop --editable --build-directory /home/tora/soft_ws/self_development/build/rover_navigation/build --no-deps symlink_data
[3.986s] INFO:colcon.colcon_core.shell:Creating environment hook '/home/tora/soft_ws/self_development/build/rover_navigation/share/rover_navigation/hook/pythonpath_develop.ps1'
[3.987s] INFO:colcon.colcon_core.shell:Creating environment descriptor '/home/tora/soft_ws/self_development/build/rover_navigation/share/rover_navigation/hook/pythonpath_develop.dsv'
[3.987s] INFO:colcon.colcon_core.shell:Creating environment hook '/home/tora/soft_ws/self_development/build/rover_navigation/share/rover_navigation/hook/pythonpath_develop.sh'
[3.992s] Level 1:colcon.colcon_core.environment:checking '/home/tora/soft_ws/self_development/install/rover_navigation' for CMake module files
[3.992s] Level 1:colcon.colcon_core.environment:checking '/home/tora/soft_ws/self_development/install/rover_navigation' for CMake config files
[3.993s] Level 1:colcon.colcon_core.environment:checking '/home/tora/soft_ws/self_development/install/rover_navigation/lib'
[3.993s] Level 1:colcon.colcon_core.environment:checking '/home/tora/soft_ws/self_development/install/rover_navigation/bin'
[3.993s] Level 1:colcon.colcon_core.environment:checking '/home/tora/soft_ws/self_development/install/rover_navigation/lib/pkgconfig/rover_navigation.pc'
[3.993s] Level 1:colcon.colcon_core.environment:checking '/home/tora/soft_ws/self_development/install/rover_navigation/lib/python3.10/site-packages'
[3.993s] Level 1:colcon.colcon_core.shell:create_environment_hook('rover_navigation', 'pythonpath')
[3.993s] INFO:colcon.colcon_core.shell:Creating environment hook '/home/tora/soft_ws/self_development/install/rover_navigation/share/rover_navigation/hook/pythonpath.ps1'
[3.994s] INFO:colcon.colcon_core.shell:Creating environment descriptor '/home/tora/soft_ws/self_development/install/rover_navigation/share/rover_navigation/hook/pythonpath.dsv'
[3.994s] INFO:colcon.colcon_core.shell:Creating environment hook '/home/tora/soft_ws/self_development/install/rover_navigation/share/rover_navigation/hook/pythonpath.sh'
[3.995s] Level 1:colcon.colcon_core.environment:checking '/home/tora/soft_ws/self_development/install/rover_navigation/bin'
[3.995s] Level 1:colcon.colcon_core.environment:create_environment_scripts_only(rover_navigation)
[3.995s] INFO:colcon.colcon_core.shell:Creating package script '/home/tora/soft_ws/self_development/install/rover_navigation/share/rover_navigation/package.ps1'
[3.996s] INFO:colcon.colcon_core.shell:Creating package descriptor '/home/tora/soft_ws/self_development/install/rover_navigation/share/rover_navigation/package.dsv'
[3.997s] INFO:colcon.colcon_core.shell:Creating package script '/home/tora/soft_ws/self_development/install/rover_navigation/share/rover_navigation/package.sh'
[3.998s] INFO:colcon.colcon_core.shell:Creating package script '/home/tora/soft_ws/self_development/install/rover_navigation/share/rover_navigation/package.bash'
[3.998s] INFO:colcon.colcon_core.shell:Creating package script '/home/tora/soft_ws/self_development/install/rover_navigation/share/rover_navigation/package.zsh'
[3.999s] Level 1:colcon.colcon_core.environment:create_file_with_runtime_dependencies(/home/tora/soft_ws/self_development/install/rover_navigation/share/colcon-core/packages/rover_navigation)
[4.043s] Level 1:colcon.colcon_core.shell:create_environment_hook('rover_controller', 'pythonpath_develop')
[4.043s] INFO:colcon.colcon_core.shell:Creating environment hook '/home/tora/soft_ws/self_development/build/rover_controller/share/rover_controller/hook/pythonpath_develop.ps1'
[4.044s] DEBUG:colcon.colcon_core.event_handler.log_command:Invoked command in '/home/tora/soft_ws/self_development/build/rover_controller' returned '0': PYTHONPATH=/home/tora/soft_ws/self_development/build/rover_controller/prefix_override:/usr/lib/python3/dist-packages/colcon_core/task/python/colcon_distutils_commands:/home/tora/soft_ws/self_development/install/rover_controller/lib/python3.10/site-packages:${PYTHONPATH} /usr/bin/python3 -W ignore:setup.py install is deprecated -W ignore:easy_install command is deprecated setup.py develop --editable --build-directory /home/tora/soft_ws/self_development/build/rover_controller/build --no-deps symlink_data
[4.044s] INFO:colcon.colcon_core.shell:Creating environment descriptor '/home/tora/soft_ws/self_development/build/rover_controller/share/rover_controller/hook/pythonpath_develop.dsv'
[4.045s] INFO:colcon.colcon_core.shell:Creating environment hook '/home/tora/soft_ws/self_development/build/rover_controller/share/rover_controller/hook/pythonpath_develop.sh'
[4.045s] Level 1:colcon.colcon_core.environment:checking '/home/tora/soft_ws/self_development/install/rover_controller' for CMake module files
[4.045s] Level 1:colcon.colcon_core.environment:checking '/home/tora/soft_ws/self_development/install/rover_controller' for CMake config files
[4.046s] Level 1:colcon.colcon_core.environment:checking '/home/tora/soft_ws/self_development/install/rover_controller/lib'
[4.046s] Level 1:colcon.colcon_core.environment:checking '/home/tora/soft_ws/self_development/install/rover_controller/bin'
[4.046s] Level 1:colcon.colcon_core.environment:checking '/home/tora/soft_ws/self_development/install/rover_controller/lib/pkgconfig/rover_controller.pc'
[4.046s] Level 1:colcon.colcon_core.environment:checking '/home/tora/soft_ws/self_development/install/rover_controller/lib/python3.10/site-packages'
[4.046s] Level 1:colcon.colcon_core.shell:create_environment_hook('rover_controller', 'pythonpath')
[4.046s] INFO:colcon.colcon_core.shell:Creating environment hook '/home/tora/soft_ws/self_development/install/rover_controller/share/rover_controller/hook/pythonpath.ps1'
[4.047s] INFO:colcon.colcon_core.shell:Creating environment descriptor '/home/tora/soft_ws/self_development/install/rover_controller/share/rover_controller/hook/pythonpath.dsv'
[4.047s] INFO:colcon.colcon_core.shell:Creating environment hook '/home/tora/soft_ws/self_development/install/rover_controller/share/rover_controller/hook/pythonpath.sh'
[4.048s] Level 1:colcon.colcon_core.environment:checking '/home/tora/soft_ws/self_development/install/rover_controller/bin'
[4.048s] Level 1:colcon.colcon_core.environment:create_environment_scripts_only(rover_controller)
[4.048s] INFO:colcon.colcon_core.shell:Creating package script '/home/tora/soft_ws/self_development/install/rover_controller/share/rover_controller/package.ps1'
[4.048s] INFO:colcon.colcon_core.shell:Creating package descriptor '/home/tora/soft_ws/self_development/install/rover_controller/share/rover_controller/package.dsv'
[4.049s] INFO:colcon.colcon_core.shell:Creating package script '/home/tora/soft_ws/self_development/install/rover_controller/share/rover_controller/package.sh'
[4.049s] INFO:colcon.colcon_core.shell:Creating package script '/home/tora/soft_ws/self_development/install/rover_controller/share/rover_controller/package.bash'
[4.050s] INFO:colcon.colcon_core.shell:Creating package script '/home/tora/soft_ws/self_development/install/rover_controller/share/rover_controller/package.zsh'
[4.050s] Level 1:colcon.colcon_core.environment:create_file_with_runtime_dependencies(/home/tora/soft_ws/self_development/install/rover_controller/share/colcon-core/packages/rover_controller)
[4.243s] Level 1:colcon.colcon_core.shell:create_environment_hook('rover_simulation', 'pythonpath_develop')
[4.243s] DEBUG:colcon.colcon_core.event_handler.log_command:Invoked command in '/home/tora/soft_ws/self_development/build/rover_simulation' returned '0': PYTHONPATH=/home/tora/soft_ws/self_development/build/rover_simulation/prefix_override:/usr/lib/python3/dist-packages/colcon_core/task/python/colcon_distutils_commands:/home/tora/soft_ws/self_development/install/rover_simulation/lib/python3.10/site-packages:${PYTHONPATH} /usr/bin/python3 -W ignore:setup.py install is deprecated -W ignore:easy_install command is deprecated setup.py develop --editable --build-directory /home/tora/soft_ws/self_development/build/rover_simulation/build --no-deps symlink_data
[4.243s] INFO:colcon.colcon_core.shell:Creating environment hook '/home/tora/soft_ws/self_development/build/rover_simulation/share/rover_simulation/hook/pythonpath_develop.ps1'
[4.244s] INFO:colcon.colcon_core.shell:Creating environment descriptor '/home/tora/soft_ws/self_development/build/rover_simulation/share/rover_simulation/hook/pythonpath_develop.dsv'
[4.244s] INFO:colcon.colcon_core.shell:Creating environment hook '/home/tora/soft_ws/self_development/build/rover_simulation/share/rover_simulation/hook/pythonpath_develop.sh'
[4.244s] Level 1:colcon.colcon_core.environment:checking '/home/tora/soft_ws/self_development/install/rover_simulation' for CMake module files
[4.245s] Level 1:colcon.colcon_core.environment:checking '/home/tora/soft_ws/self_development/install/rover_simulation' for CMake config files
[4.246s] Level 1:colcon.colcon_core.environment:checking '/home/tora/soft_ws/self_development/install/rover_simulation/lib'
[4.246s] Level 1:colcon.colcon_core.environment:checking '/home/tora/soft_ws/self_development/install/rover_simulation/bin'
[4.246s] Level 1:colcon.colcon_core.environment:checking '/home/tora/soft_ws/self_development/install/rover_simulation/lib/pkgconfig/rover_simulation.pc'
[4.246s] Level 1:colcon.colcon_core.environment:checking '/home/tora/soft_ws/self_development/install/rover_simulation/lib/python3.10/site-packages'
[4.246s] Level 1:colcon.colcon_core.shell:create_environment_hook('rover_simulation', 'pythonpath')
[4.246s] INFO:colcon.colcon_core.shell:Creating environment hook '/home/tora/soft_ws/self_development/install/rover_simulation/share/rover_simulation/hook/pythonpath.ps1'
[4.247s] INFO:colcon.colcon_core.shell:Creating environment descriptor '/home/tora/soft_ws/self_development/install/rover_simulation/share/rover_simulation/hook/pythonpath.dsv'
[4.247s] INFO:colcon.colcon_core.shell:Creating environment hook '/home/tora/soft_ws/self_development/install/rover_simulation/share/rover_simulation/hook/pythonpath.sh'
[4.247s] Level 1:colcon.colcon_core.environment:checking '/home/tora/soft_ws/self_development/install/rover_simulation/bin'
[4.247s] Level 1:colcon.colcon_core.environment:create_environment_scripts_only(rover_simulation)
[4.248s] INFO:colcon.colcon_core.shell:Creating package script '/home/tora/soft_ws/self_development/install/rover_simulation/share/rover_simulation/package.ps1'
[4.248s] INFO:colcon.colcon_core.shell:Creating package descriptor '/home/tora/soft_ws/self_development/install/rover_simulation/share/rover_simulation/package.dsv'
[4.249s] INFO:colcon.colcon_core.shell:Creating package script '/home/tora/soft_ws/self_development/install/rover_simulation/share/rover_simulation/package.sh'
[4.249s] INFO:colcon.colcon_core.shell:Creating package script '/home/tora/soft_ws/self_development/install/rover_simulation/share/rover_simulation/package.bash'
[4.249s] INFO:colcon.colcon_core.shell:Creating package script '/home/tora/soft_ws/self_development/install/rover_simulation/share/rover_simulation/package.zsh'
[4.250s] Level 1:colcon.colcon_core.environment:create_file_with_runtime_dependencies(/home/tora/soft_ws/self_development/install/rover_simulation/share/colcon-core/packages/rover_simulation)
[4.341s] Level 1:colcon.colcon_core.shell:create_environment_hook('rover_bringup', 'pythonpath_develop')
[4.342s] DEBUG:colcon.colcon_core.event_handler.log_command:Invoked command in '/home/tora/soft_ws/self_development/build/rover_bringup' returned '0': PYTHONPATH=/home/tora/soft_ws/self_development/build/rover_bringup/prefix_override:/usr/lib/python3/dist-packages/colcon_core/task/python/colcon_distutils_commands:/home/tora/soft_ws/self_development/install/rover_bringup/lib/python3.10/site-packages:${PYTHONPATH} /usr/bin/python3 -W ignore:setup.py install is deprecated -W ignore:easy_install command is deprecated setup.py develop --editable --build-directory /home/tora/soft_ws/self_development/build/rover_bringup/build --no-deps symlink_data
[4.342s] INFO:colcon.colcon_core.shell:Creating environment hook '/home/tora/soft_ws/self_development/build/rover_bringup/share/rover_bringup/hook/pythonpath_develop.ps1'
[4.343s] INFO:colcon.colcon_core.shell:Creating environment descriptor '/home/tora/soft_ws/self_development/build/rover_bringup/share/rover_bringup/hook/pythonpath_develop.dsv'
[4.343s] INFO:colcon.colcon_core.shell:Creating environment hook '/home/tora/soft_ws/self_development/build/rover_bringup/share/rover_bringup/hook/pythonpath_develop.sh'
[4.343s] Level 1:colcon.colcon_core.environment:checking '/home/tora/soft_ws/self_development/install/rover_bringup' for CMake module files
[4.344s] Level 1:colcon.colcon_core.environment:checking '/home/tora/soft_ws/self_development/install/rover_bringup' for CMake config files
[4.344s] Level 1:colcon.colcon_core.environment:checking '/home/tora/soft_ws/self_development/install/rover_bringup/lib'
[4.344s] Level 1:colcon.colcon_core.environment:checking '/home/tora/soft_ws/self_development/install/rover_bringup/bin'
[4.344s] Level 1:colcon.colcon_core.environment:checking '/home/tora/soft_ws/self_development/install/rover_bringup/lib/pkgconfig/rover_bringup.pc'
[4.344s] Level 1:colcon.colcon_core.environment:checking '/home/tora/soft_ws/self_development/install/rover_bringup/lib/python3.10/site-packages'
[4.344s] Level 1:colcon.colcon_core.shell:create_environment_hook('rover_bringup', 'pythonpath')
[4.345s] INFO:colcon.colcon_core.shell:Creating environment hook '/home/tora/soft_ws/self_development/install/rover_bringup/share/rover_bringup/hook/pythonpath.ps1'
[4.345s] INFO:colcon.colcon_core.shell:Creating environment descriptor '/home/tora/soft_ws/self_development/install/rover_bringup/share/rover_bringup/hook/pythonpath.dsv'
[4.345s] INFO:colcon.colcon_core.shell:Creating environment hook '/home/tora/soft_ws/self_development/install/rover_bringup/share/rover_bringup/hook/pythonpath.sh'
[4.346s] Level 1:colcon.colcon_core.environment:checking '/home/tora/soft_ws/self_development/install/rover_bringup/bin'
[4.346s] Level 1:colcon.colcon_core.environment:create_environment_scripts_only(rover_bringup)
[4.346s] INFO:colcon.colcon_core.shell:Creating package script '/home/tora/soft_ws/self_development/install/rover_bringup/share/rover_bringup/package.ps1'
[4.347s] INFO:colcon.colcon_core.shell:Creating package descriptor '/home/tora/soft_ws/self_development/install/rover_bringup/share/rover_bringup/package.dsv'
[4.347s] INFO:colcon.colcon_core.shell:Creating package script '/home/tora/soft_ws/self_development/install/rover_bringup/share/rover_bringup/package.sh'
[4.347s] INFO:colcon.colcon_core.shell:Creating package script '/home/tora/soft_ws/self_development/install/rover_bringup/share/rover_bringup/package.bash'
[4.348s] INFO:colcon.colcon_core.shell:Creating package script '/home/tora/soft_ws/self_development/install/rover_bringup/share/rover_bringup/package.zsh'
[4.348s] Level 1:colcon.colcon_core.environment:create_file_with_runtime_dependencies(/home/tora/soft_ws/self_development/install/rover_bringup/share/colcon-core/packages/rover_bringup)
[4.348s] DEBUG:colcon.colcon_parallel_executor.executor.parallel:closing loop
[4.348s] DEBUG:colcon.colcon_parallel_executor.executor.parallel:loop closed
[4.348s] DEBUG:colcon.colcon_parallel_executor.executor.parallel:run_until_complete finished with '0'
[4.348s] DEBUG:colcon.colcon_core.event_reactor:joining thread
[4.356s] INFO:colcon.colcon_core.plugin_system:Skipping extension 'colcon_notification.desktop_notification.terminal_notifier': Not used on non-Darwin systems
[4.356s] INFO:colcon.colcon_core.plugin_system:Skipping extension 'colcon_notification.desktop_notification.win32': Not used on non-Windows systems
[4.356s] INFO:colcon.colcon_notification.desktop_notification:Sending desktop notification using 'notify2'
[4.373s] DEBUG:colcon.colcon_core.event_reactor:joined thread
[4.373s] INFO:colcon.colcon_core.shell:Creating prefix script '/home/tora/soft_ws/self_development/install/local_setup.ps1'
[4.375s] INFO:colcon.colcon_core.shell:Creating prefix util module '/home/tora/soft_ws/self_development/install/_local_setup_util_ps1.py'
[4.378s] INFO:colcon.colcon_core.shell:Creating prefix chain script '/home/tora/soft_ws/self_development/install/setup.ps1'
[4.411s] INFO:colcon.colcon_core.shell:Creating prefix script '/home/tora/soft_ws/self_development/install/local_setup.sh'
[4.413s] INFO:colcon.colcon_core.shell:Creating prefix util module '/home/tora/soft_ws/self_development/install/_local_setup_util_sh.py'
[4.414s] INFO:colcon.colcon_core.shell:Creating prefix chain script '/home/tora/soft_ws/self_development/install/setup.sh'
[4.443s] INFO:colcon.colcon_core.shell:Creating prefix script '/home/tora/soft_ws/self_development/install/local_setup.bash'
[4.444s] INFO:colcon.colcon_core.shell:Creating prefix chain script '/home/tora/soft_ws/self_development/install/setup.bash'
[4.479s] INFO:colcon.colcon_core.shell:Creating prefix script '/home/tora/soft_ws/self_development/install/local_setup.zsh'
[4.480s] INFO:colcon.colcon_core.shell:Creating prefix chain script '/home/tora/soft_ws/self_development/install/setup.zsh'
