/home/tora/soft_ws/install/controller/lib/python3.10/site-packages/controller/__init__.py
/home/tora/soft_ws/install/controller/lib/python3.10/site-packages/controller/rover.py
/home/tora/soft_ws/install/controller/lib/python3.10/site-packages/controller/teleop_joy_control.py
/home/tora/soft_ws/install/controller/lib/python3.10/site-packages/controller/wheel_ctl_serial_master.py
/home/tora/soft_ws/install/controller/lib/python3.10/site-packages/controller/odom_calc.py
/home/tora/soft_ws/install/controller/lib/python3.10/site-packages/controller/__pycache__/__init__.cpython-310.pyc
/home/tora/soft_ws/install/controller/lib/python3.10/site-packages/controller/__pycache__/rover.cpython-310.pyc
/home/tora/soft_ws/install/controller/lib/python3.10/site-packages/controller/__pycache__/teleop_joy_control.cpython-310.pyc
/home/tora/soft_ws/install/controller/lib/python3.10/site-packages/controller/__pycache__/wheel_ctl_serial_master.cpython-310.pyc
/home/tora/soft_ws/install/controller/lib/python3.10/site-packages/controller/__pycache__/odom_calc.cpython-310.pyc
/home/tora/soft_ws/install/controller/share/ament_index/resource_index/packages/controller
/home/tora/soft_ws/install/controller/share/controller/package.xml
/home/tora/soft_ws/install/controller/share/controller/launch/simple_run.launch.xml
/home/tora/soft_ws/install/controller/lib/python3.10/site-packages/controller-0.0.0-py3.10.egg-info/requires.txt
/home/tora/soft_ws/install/controller/lib/python3.10/site-packages/controller-0.0.0-py3.10.egg-info/dependency_links.txt
/home/tora/soft_ws/install/controller/lib/python3.10/site-packages/controller-0.0.0-py3.10.egg-info/top_level.txt
/home/tora/soft_ws/install/controller/lib/python3.10/site-packages/controller-0.0.0-py3.10.egg-info/SOURCES.txt
/home/tora/soft_ws/install/controller/lib/python3.10/site-packages/controller-0.0.0-py3.10.egg-info/zip-safe
/home/tora/soft_ws/install/controller/lib/python3.10/site-packages/controller-0.0.0-py3.10.egg-info/entry_points.txt
/home/tora/soft_ws/install/controller/lib/python3.10/site-packages/controller-0.0.0-py3.10.egg-info/PKG-INFO
/home/tora/soft_ws/install/controller/lib/controller/odom_calc
/home/tora/soft_ws/install/controller/lib/controller/rover
/home/tora/soft_ws/install/controller/lib/controller/teleop_joy_control
/home/tora/soft_ws/install/controller/lib/controller/wheel_ctl_serial_master
