[2.531s] Invoking command in '/home/tora/soft_ws/src/visual_odom': PYTHONPATH=/home/tora/soft_ws/build/visual_odom/prefix_override:/usr/lib/python3/dist-packages/colcon_core/task/python/colcon_distutils_commands:/home/tora/soft_ws/install/visual_odom/lib/python3.10/site-packages:${PYTHONPATH} /usr/bin/python3 -W ignore:setup.py install is deprecated setup.py egg_info --egg-base ../../build/visual_odom build --build-base /home/tora/soft_ws/build/visual_odom/build install --record /home/tora/soft_ws/build/visual_odom/install.log --single-version-externally-managed install_data
[2.787s] running egg_info
[2.788s] creating ../../build/visual_odom/visual_odom.egg-info
[2.788s] writing ../../build/visual_odom/visual_odom.egg-info/PKG-INFO
[2.788s] writing dependency_links to ../../build/visual_odom/visual_odom.egg-info/dependency_links.txt
[2.788s] writing entry points to ../../build/visual_odom/visual_odom.egg-info/entry_points.txt
[2.788s] writing requirements to ../../build/visual_odom/visual_odom.egg-info/requires.txt
[2.788s] writing top-level names to ../../build/visual_odom/visual_odom.egg-info/top_level.txt
[2.788s] writing manifest file '../../build/visual_odom/visual_odom.egg-info/SOURCES.txt'
[2.789s] reading manifest file '../../build/visual_odom/visual_odom.egg-info/SOURCES.txt'
[2.789s] writing manifest file '../../build/visual_odom/visual_odom.egg-info/SOURCES.txt'
[2.790s] running build
[2.790s] running build_py
[2.790s] creating /home/tora/soft_ws/build/visual_odom/build
[2.790s] creating /home/tora/soft_ws/build/visual_odom/build/lib
[2.790s] creating /home/tora/soft_ws/build/visual_odom/build/lib/visual_odom
[2.790s] copying visual_odom/__init__.py -> /home/tora/soft_ws/build/visual_odom/build/lib/visual_odom
[2.790s] running install
[2.790s] running install_lib
[2.790s] creating /home/tora/soft_ws/install/visual_odom/lib/python3.10/site-packages/visual_odom
[2.790s] copying /home/tora/soft_ws/build/visual_odom/build/lib/visual_odom/__init__.py -> /home/tora/soft_ws/install/visual_odom/lib/python3.10/site-packages/visual_odom
[2.791s] byte-compiling /home/tora/soft_ws/install/visual_odom/lib/python3.10/site-packages/visual_odom/__init__.py to __init__.cpython-310.pyc
[2.792s] running install_data
[2.792s] creating /home/tora/soft_ws/install/visual_odom/share/ament_index
[2.792s] creating /home/tora/soft_ws/install/visual_odom/share/ament_index/resource_index
[2.792s] creating /home/tora/soft_ws/install/visual_odom/share/ament_index/resource_index/packages
[2.792s] copying resource/visual_odom -> /home/tora/soft_ws/install/visual_odom/share/ament_index/resource_index/packages
[2.792s] copying package.xml -> /home/tora/soft_ws/install/visual_odom/share/visual_odom
[2.792s] creating /home/tora/soft_ws/install/visual_odom/share/visual_odom/launch
[2.792s] copying launch/visual_odom.launch.xml -> /home/tora/soft_ws/install/visual_odom/share/visual_odom/launch
[2.792s] copying launch/gazebo_navigation.launch.py -> /home/tora/soft_ws/install/visual_odom/share/visual_odom/launch
[2.792s] copying launch/stereo_slam.launch.py -> /home/tora/soft_ws/install/visual_odom/share/visual_odom/launch
[2.792s] running install_egg_info
[2.793s] Copying ../../build/visual_odom/visual_odom.egg-info to /home/tora/soft_ws/install/visual_odom/lib/python3.10/site-packages/visual_odom-0.0.0-py3.10.egg-info
[2.794s] running install_scripts
[2.812s] writing list of installed files to '/home/tora/soft_ws/build/visual_odom/install.log'
[2.843s] Invoked command in '/home/tora/soft_ws/src/visual_odom' returned '0': PYTHONPATH=/home/tora/soft_ws/build/visual_odom/prefix_override:/usr/lib/python3/dist-packages/colcon_core/task/python/colcon_distutils_commands:/home/tora/soft_ws/install/visual_odom/lib/python3.10/site-packages:${PYTHONPATH} /usr/bin/python3 -W ignore:setup.py install is deprecated setup.py egg_info --egg-base ../../build/visual_odom build --build-base /home/tora/soft_ws/build/visual_odom/build install --record /home/tora/soft_ws/build/visual_odom/install.log --single-version-externally-managed install_data
