running develop
Removing /home/tora/soft_ws/install/controller/lib/python3.10/site-packages/controller.egg-link (link to .)
running egg_info
writing ../../build/controller/controller.egg-info/PKG-INFO
writing dependency_links to ../../build/controller/controller.egg-info/dependency_links.txt
writing entry points to ../../build/controller/controller.egg-info/entry_points.txt
writing requirements to ../../build/controller/controller.egg-info/requires.txt
writing top-level names to ../../build/controller/controller.egg-info/top_level.txt
reading manifest file '../../build/controller/controller.egg-info/SOURCES.txt'
writing manifest file '../../build/controller/controller.egg-info/SOURCES.txt'
running build
running build_py
running install
running install_lib
creating /home/tora/soft_ws/install/controller/lib/python3.10/site-packages/controller
copying /home/tora/soft_ws/build/controller/build/lib/controller/__init__.py -> /home/tora/soft_ws/install/controller/lib/python3.10/site-packages/controller
copying /home/tora/soft_ws/build/controller/build/lib/controller/rover.py -> /home/tora/soft_ws/install/controller/lib/python3.10/site-packages/controller
copying /home/tora/soft_ws/build/controller/build/lib/controller/teleop_joy_control.py -> /home/tora/soft_ws/install/controller/lib/python3.10/site-packages/controller
copying /home/tora/soft_ws/build/controller/build/lib/controller/wheel_ctl_serial_master.py -> /home/tora/soft_ws/install/controller/lib/python3.10/site-packages/controller
copying /home/tora/soft_ws/build/controller/build/lib/controller/odom_calc.py -> /home/tora/soft_ws/install/controller/lib/python3.10/site-packages/controller
byte-compiling /home/tora/soft_ws/install/controller/lib/python3.10/site-packages/controller/__init__.py to __init__.cpython-310.pyc
byte-compiling /home/tora/soft_ws/install/controller/lib/python3.10/site-packages/controller/rover.py to rover.cpython-310.pyc
byte-compiling /home/tora/soft_ws/install/controller/lib/python3.10/site-packages/controller/teleop_joy_control.py to teleop_joy_control.cpython-310.pyc
byte-compiling /home/tora/soft_ws/install/controller/lib/python3.10/site-packages/controller/wheel_ctl_serial_master.py to wheel_ctl_serial_master.cpython-310.pyc
byte-compiling /home/tora/soft_ws/install/controller/lib/python3.10/site-packages/controller/odom_calc.py to odom_calc.cpython-310.pyc
running install_data
copying resource/controller -> /home/tora/soft_ws/install/controller/share/ament_index/resource_index/packages
copying package.xml -> /home/tora/soft_ws/install/controller/share/controller
copying launch/simple_run.launch.xml -> /home/tora/soft_ws/install/controller/share/controller/launch
running install_egg_info
Copying ../../build/controller/controller.egg-info to /home/tora/soft_ws/install/controller/lib/python3.10/site-packages/controller-0.0.0-py3.10.egg-info
running install_scripts
Installing odom_calc script to /home/tora/soft_ws/install/controller/lib/controller
Installing rover script to /home/tora/soft_ws/install/controller/lib/controller
Installing teleop_joy_control script to /home/tora/soft_ws/install/controller/lib/controller
Installing wheel_ctl_serial_master script to /home/tora/soft_ws/install/controller/lib/controller
writing list of installed files to '/home/tora/soft_ws/build/controller/install.log'
