[3.188s] Invoking command in '/home/tora/soft_ws/build/rover_description': PYTHONPATH=/home/tora/soft_ws/build/rover_description/prefix_override:/usr/lib/python3/dist-packages/colcon_core/task/python/colcon_distutils_commands:/home/tora/soft_ws/install/rover_description/lib/python3.10/site-packages:${PYTHONPATH} /usr/bin/python3 -W ignore:setup.py install is deprecated -W ignore:easy_install command is deprecated setup.py develop --uninstall --editable --build-directory /home/tora/soft_ws/build/rover_description/build
[3.506s] running develop
[3.706s] Removing /home/tora/soft_ws/install/rover_description/lib/python3.10/site-packages/rover-description.egg-link (link to .)
[3.729s] Invoked command in '/home/tora/soft_ws/build/rover_description' returned '0': PYTHONPATH=/home/tora/soft_ws/build/rover_description/prefix_override:/usr/lib/python3/dist-packages/colcon_core/task/python/colcon_distutils_commands:/home/tora/soft_ws/install/rover_description/lib/python3.10/site-packages:${PYTHONPATH} /usr/bin/python3 -W ignore:setup.py install is deprecated -W ignore:easy_install command is deprecated setup.py develop --uninstall --editable --build-directory /home/tora/soft_ws/build/rover_description/build
[3.730s] Invoking command in '/home/tora/soft_ws/src/rover_description': PYTHONPATH=/home/tora/soft_ws/build/rover_description/prefix_override:/usr/lib/python3/dist-packages/colcon_core/task/python/colcon_distutils_commands:/home/tora/soft_ws/install/rover_description/lib/python3.10/site-packages:${PYTHONPATH} /usr/bin/python3 -W ignore:setup.py install is deprecated -W ignore:easy_install command is deprecated setup.py egg_info --egg-base ../../build/rover_description build --build-base /home/tora/soft_ws/build/rover_description/build install --record /home/tora/soft_ws/build/rover_description/install.log --single-version-externally-managed install_data --force
[4.070s] running egg_info
[4.071s] writing ../../build/rover_description/rover_description.egg-info/PKG-INFO
[4.071s] writing dependency_links to ../../build/rover_description/rover_description.egg-info/dependency_links.txt
[4.071s] writing entry points to ../../build/rover_description/rover_description.egg-info/entry_points.txt
[4.071s] writing requirements to ../../build/rover_description/rover_description.egg-info/requires.txt
[4.071s] writing top-level names to ../../build/rover_description/rover_description.egg-info/top_level.txt
[4.073s] reading manifest file '../../build/rover_description/rover_description.egg-info/SOURCES.txt'
[4.075s] writing manifest file '../../build/rover_description/rover_description.egg-info/SOURCES.txt'
[4.075s] running build
[4.075s] running build_py
[4.076s] running install
[4.076s] running install_lib
[4.077s] creating /home/tora/soft_ws/install/rover_description/lib/python3.10/site-packages/rover_description
[4.077s] copying /home/tora/soft_ws/build/rover_description/build/lib/rover_description/__init__.py -> /home/tora/soft_ws/install/rover_description/lib/python3.10/site-packages/rover_description
[4.078s] byte-compiling /home/tora/soft_ws/install/rover_description/lib/python3.10/site-packages/rover_description/__init__.py to __init__.cpython-310.pyc
[4.078s] running install_data
[4.078s] copying resource/rover_description -> /home/tora/soft_ws/install/rover_description/share/ament_index/resource_index/packages
[4.078s] copying package.xml -> /home/tora/soft_ws/install/rover_description/share/rover_description
[4.079s] copying launch/nav2_rviz.launch.py -> /home/tora/soft_ws/install/rover_description/share/rover_description/launch
[4.079s] copying launch/display.launch.py -> /home/tora/soft_ws/install/rover_description/share/rover_description/launch
[4.079s] copying launch/gazebo_world.launch.py -> /home/tora/soft_ws/install/rover_description/share/rover_description/launch
[4.079s] copying urdf/rover.trans -> /home/tora/soft_ws/install/rover_description/share/rover_description/urdf
[4.079s] copying urdf/materials.xacro -> /home/tora/soft_ws/install/rover_description/share/rover_description/urdf
[4.079s] copying urdf/rover_description.xacro -> /home/tora/soft_ws/install/rover_description/share/rover_description/urdf
[4.079s] copying urdf/diff_control.xacro -> /home/tora/soft_ws/install/rover_description/share/rover_description/urdf
[4.079s] copying urdf/stereo.gazebo.xacro -> /home/tora/soft_ws/install/rover_description/share/rover_description/urdf
[4.079s] copying urdf/realsense.urdf -> /home/tora/soft_ws/install/rover_description/share/rover_description/urdf
[4.079s] copying urdf/rover.xacro -> /home/tora/soft_ws/install/rover_description/share/rover_description/urdf
[4.079s] copying urdf/stereo.urdf.xacro -> /home/tora/soft_ws/install/rover_description/share/rover_description/urdf
[4.079s] copying urdf/rover_camera.xacro -> /home/tora/soft_ws/install/rover_description/share/rover_description/urdf
[4.079s] copying meshes/chassis_left_1.stl -> /home/tora/soft_ws/install/rover_description/share/rover_description/meshes
[4.080s] copying meshes/d435.dae -> /home/tora/soft_ws/install/rover_description/share/rover_description/meshes
[4.086s] copying meshes/wheel_right_front_1.stl -> /home/tora/soft_ws/install/rover_description/share/rover_description/meshes
[4.087s] copying meshes/wheel_right_back_1.stl -> /home/tora/soft_ws/install/rover_description/share/rover_description/meshes
[4.088s] copying meshes/chassis_right_1.stl -> /home/tora/soft_ws/install/rover_description/share/rover_description/meshes
[4.088s] copying meshes/base_link.stl -> /home/tora/soft_ws/install/rover_description/share/rover_description/meshes
[4.088s] copying meshes/wheel_left_front_1.stl -> /home/tora/soft_ws/install/rover_description/share/rover_description/meshes
[4.088s] copying meshes/wheel_left_back_1.stl -> /home/tora/soft_ws/install/rover_description/share/rover_description/meshes
[4.089s] copying config/display.rviz -> /home/tora/soft_ws/install/rover_description/share/rover_description/config
[4.089s] copying config/diff_robot.yaml -> /home/tora/soft_ws/install/rover_description/share/rover_description/config
[4.089s] copying config/rover_nav2.rviz -> /home/tora/soft_ws/install/rover_description/share/rover_description/config
[4.089s] copying world/display.world -> /home/tora/soft_ws/install/rover_description/share/rover_description/world
[4.089s] running install_egg_info
[4.092s] Copying ../../build/rover_description/rover_description.egg-info to /home/tora/soft_ws/install/rover_description/lib/python3.10/site-packages/rover_description-0.0.0-py3.10.egg-info
[4.092s] running install_scripts
[4.113s] writing list of installed files to '/home/tora/soft_ws/build/rover_description/install.log'
[4.130s] Invoked command in '/home/tora/soft_ws/src/rover_description' returned '0': PYTHONPATH=/home/tora/soft_ws/build/rover_description/prefix_override:/usr/lib/python3/dist-packages/colcon_core/task/python/colcon_distutils_commands:/home/tora/soft_ws/install/rover_description/lib/python3.10/site-packages:${PYTHONPATH} /usr/bin/python3 -W ignore:setup.py install is deprecated -W ignore:easy_install command is deprecated setup.py egg_info --egg-base ../../build/rover_description build --build-base /home/tora/soft_ws/build/rover_description/build install --record /home/tora/soft_ws/build/rover_description/install.log --single-version-externally-managed install_data --force
