[2.875s] Invoking command in '/home/tora/soft_ws/src/controller': PYTHONPATH=/home/tora/soft_ws/build/controller/prefix_override:/usr/lib/python3/dist-packages/colcon_core/task/python/colcon_distutils_commands:/home/tora/soft_ws/install/controller/lib/python3.10/site-packages:${PYTHONPATH} /usr/bin/python3 -W ignore:setup.py install is deprecated setup.py egg_info --egg-base ../../build/controller build --build-base /home/tora/soft_ws/build/controller/build install --record /home/tora/soft_ws/build/controller/install.log --single-version-externally-managed install_data
[3.128s] running egg_info
[3.129s] writing ../../build/controller/controller.egg-info/PKG-INFO
[3.129s] writing dependency_links to ../../build/controller/controller.egg-info/dependency_links.txt
[3.129s] writing entry points to ../../build/controller/controller.egg-info/entry_points.txt
[3.135s] writing requirements to ../../build/controller/controller.egg-info/requires.txt
[3.135s] writing top-level names to ../../build/controller/controller.egg-info/top_level.txt
[3.136s] reading manifest file '../../build/controller/controller.egg-info/SOURCES.txt'
[3.137s] writing manifest file '../../build/controller/controller.egg-info/SOURCES.txt'
[3.137s] running build
[3.137s] running build_py
[3.138s] running install
[3.138s] running install_lib
[3.140s] running install_data
[3.140s] running install_egg_info
[3.143s] removing '/home/tora/soft_ws/install/controller/lib/python3.10/site-packages/controller-0.0.0-py3.10.egg-info' (and everything under it)
[3.143s] Copying ../../build/controller/controller.egg-info to /home/tora/soft_ws/install/controller/lib/python3.10/site-packages/controller-0.0.0-py3.10.egg-info
[3.144s] running install_scripts
[3.172s] Installing odom_calc script to /home/tora/soft_ws/install/controller/lib/controller
[3.172s] Installing rover script to /home/tora/soft_ws/install/controller/lib/controller
[3.172s] Installing teleop_joy_control script to /home/tora/soft_ws/install/controller/lib/controller
[3.172s] Installing wheel_ctl_serial_master script to /home/tora/soft_ws/install/controller/lib/controller
[3.172s] writing list of installed files to '/home/tora/soft_ws/build/controller/install.log'
[3.195s] Invoked command in '/home/tora/soft_ws/src/controller' returned '0': PYTHONPATH=/home/tora/soft_ws/build/controller/prefix_override:/usr/lib/python3/dist-packages/colcon_core/task/python/colcon_distutils_commands:/home/tora/soft_ws/install/controller/lib/python3.10/site-packages:${PYTHONPATH} /usr/bin/python3 -W ignore:setup.py install is deprecated setup.py egg_info --egg-base ../../build/controller build --build-base /home/tora/soft_ws/build/controller/build install --record /home/tora/soft_ws/build/controller/install.log --single-version-externally-managed install_data
