[3.269s] Invoking command in '/home/tora/soft_ws/build/navigation': PYTHONPATH=/home/tora/soft_ws/build/navigation/prefix_override:/usr/lib/python3/dist-packages/colcon_core/task/python/colcon_distutils_commands:/home/tora/soft_ws/install/navigation/lib/python3.10/site-packages:${PYTHONPATH} /usr/bin/python3 -W ignore:setup.py install is deprecated -W ignore:easy_install command is deprecated setup.py develop --uninstall --editable --build-directory /home/tora/soft_ws/build/navigation/build
[3.624s] running develop
[3.819s] Removing /home/tora/soft_ws/install/navigation/lib/python3.10/site-packages/navigation.egg-link (link to .)
[3.842s] Invoked command in '/home/tora/soft_ws/build/navigation' returned '0': PYTHONPATH=/home/tora/soft_ws/build/navigation/prefix_override:/usr/lib/python3/dist-packages/colcon_core/task/python/colcon_distutils_commands:/home/tora/soft_ws/install/navigation/lib/python3.10/site-packages:${PYTHONPATH} /usr/bin/python3 -W ignore:setup.py install is deprecated -W ignore:easy_install command is deprecated setup.py develop --uninstall --editable --build-directory /home/tora/soft_ws/build/navigation/build
[3.843s] Invoking command in '/home/tora/soft_ws/src/navigation': PYTHONPATH=/home/tora/soft_ws/build/navigation/prefix_override:/usr/lib/python3/dist-packages/colcon_core/task/python/colcon_distutils_commands:/home/tora/soft_ws/install/navigation/lib/python3.10/site-packages:${PYTHONPATH} /usr/bin/python3 -W ignore:setup.py install is deprecated -W ignore:easy_install command is deprecated setup.py egg_info --egg-base ../../build/navigation build --build-base /home/tora/soft_ws/build/navigation/build install --record /home/tora/soft_ws/build/navigation/install.log --single-version-externally-managed install_data --force
[4.168s] running egg_info
[4.168s] writing ../../build/navigation/navigation.egg-info/PKG-INFO
[4.169s] writing dependency_links to ../../build/navigation/navigation.egg-info/dependency_links.txt
[4.169s] writing entry points to ../../build/navigation/navigation.egg-info/entry_points.txt
[4.169s] writing requirements to ../../build/navigation/navigation.egg-info/requires.txt
[4.169s] writing top-level names to ../../build/navigation/navigation.egg-info/top_level.txt
[4.171s] reading manifest file '../../build/navigation/navigation.egg-info/SOURCES.txt'
[4.172s] writing manifest file '../../build/navigation/navigation.egg-info/SOURCES.txt'
[4.172s] running build
[4.172s] running build_py
[4.173s] running install
[4.173s] running install_lib
[4.173s] creating /home/tora/soft_ws/install/navigation/lib/python3.10/site-packages/navigation
[4.174s] copying /home/tora/soft_ws/build/navigation/build/lib/navigation/__init__.py -> /home/tora/soft_ws/install/navigation/lib/python3.10/site-packages/navigation
[4.175s] byte-compiling /home/tora/soft_ws/install/navigation/lib/python3.10/site-packages/navigation/__init__.py to __init__.cpython-310.pyc
[4.175s] running install_data
[4.176s] copying resource/navigation -> /home/tora/soft_ws/install/navigation/share/ament_index/resource_index/packages
[4.176s] copying package.xml -> /home/tora/soft_ws/install/navigation/share/navigation
[4.176s] copying launch/navigation.launch.py -> /home/tora/soft_ws/install/navigation/share/navigation/launch
[4.176s] copying params/navigation_params.yaml -> /home/tora/soft_ws/install/navigation/share/navigation/params
[4.176s] running install_egg_info
[4.178s] Copying ../../build/navigation/navigation.egg-info to /home/tora/soft_ws/install/navigation/lib/python3.10/site-packages/navigation-0.0.0-py3.10.egg-info
[4.178s] running install_scripts
[4.199s] writing list of installed files to '/home/tora/soft_ws/build/navigation/install.log'
[4.215s] Invoked command in '/home/tora/soft_ws/src/navigation' returned '0': PYTHONPATH=/home/tora/soft_ws/build/navigation/prefix_override:/usr/lib/python3/dist-packages/colcon_core/task/python/colcon_distutils_commands:/home/tora/soft_ws/install/navigation/lib/python3.10/site-packages:${PYTHONPATH} /usr/bin/python3 -W ignore:setup.py install is deprecated -W ignore:easy_install command is deprecated setup.py egg_info --egg-base ../../build/navigation build --build-base /home/tora/soft_ws/build/navigation/build install --record /home/tora/soft_ws/build/navigation/install.log --single-version-externally-managed install_data --force
