[2.643s] Invoking command in '/home/tora/soft_ws/build/navigation': PYTHONPATH=/home/tora/soft_ws/build/navigation/prefix_override:/usr/lib/python3/dist-packages/colcon_core/task/python/colcon_distutils_commands:/home/tora/soft_ws/install/navigation/lib/python3.10/site-packages:${PYTHONPATH} /usr/bin/python3 -W ignore:setup.py install is deprecated setup.py develop --editable --build-directory /home/tora/soft_ws/build/navigation/build --no-deps symlink_data --force
[2.902s] running develop
[3.055s] running egg_info
[3.055s] writing navigation.egg-info/PKG-INFO
[3.055s] writing dependency_links to navigation.egg-info/dependency_links.txt
[3.055s] writing entry points to navigation.egg-info/entry_points.txt
[3.055s] writing requirements to navigation.egg-info/requires.txt
[3.055s] writing top-level names to navigation.egg-info/top_level.txt
[3.056s] reading manifest file 'navigation.egg-info/SOURCES.txt'
[3.057s] writing manifest file 'navigation.egg-info/SOURCES.txt'
[3.058s] running build_ext
[3.058s] Creating /home/tora/soft_ws/install/navigation/lib/python3.10/site-packages/navigation.egg-link (link to .)
[3.059s] 
[3.059s] Installed /home/tora/soft_ws/build/navigation
[3.059s] running symlink_data
[3.059s] symbolically linking /home/tora/soft_ws/build/navigation/resource/navigation -> /home/tora/soft_ws/install/navigation/share/ament_index/resource_index/packages
[3.059s] symbolically linking /home/tora/soft_ws/build/navigation/package.xml -> /home/tora/soft_ws/install/navigation/share/navigation
[3.059s] symbolically linking /home/tora/soft_ws/build/navigation/launch/navigation.launch.py -> /home/tora/soft_ws/install/navigation/share/navigation/launch
[3.059s] symbolically linking /home/tora/soft_ws/build/navigation/params/navigation_params.yaml -> /home/tora/soft_ws/install/navigation/share/navigation/params
[3.079s] Invoked command in '/home/tora/soft_ws/build/navigation' returned '0': PYTHONPATH=/home/tora/soft_ws/build/navigation/prefix_override:/usr/lib/python3/dist-packages/colcon_core/task/python/colcon_distutils_commands:/home/tora/soft_ws/install/navigation/lib/python3.10/site-packages:${PYTHONPATH} /usr/bin/python3 -W ignore:setup.py install is deprecated setup.py develop --editable --build-directory /home/tora/soft_ws/build/navigation/build --no-deps symlink_data --force
