[0.195s] DEBUG:colcon:Command line arguments: ['/usr/bin/colcon', 'build', '--symlink-install']
[0.196s] DEBUG:colcon:Parsed command line arguments: Namespace(log_base=None, log_level=None, verb_name='build', build_base='build', install_base='install', merge_install=False, symlink_install=True, test_result_base=None, continue_on_error=False, executor='parallel', parallel_workers=16, event_handlers=None, ignore_user_meta=False, metas=['./colcon.meta'], base_paths=['.'], packages_ignore=None, packages_ignore_regex=None, paths=None, packages_up_to=None, packages_up_to_regex=None, packages_above=None, packages_above_and_dependencies=None, packages_above_depth=None, packages_select_by_dep=None, packages_skip_by_dep=None, packages_skip_up_to=None, packages_select_build_failed=False, packages_skip_build_finished=False, packages_select_test_failures=False, packages_skip_test_passed=False, packages_select=None, packages_skip=None, packages_select_regex=None, packages_skip_regex=None, packages_start=None, packages_end=None, allow_overriding=[], cmake_args=None, cmake_target=None, cmake_target_skip_unavailable=False, cmake_clean_cache=False, cmake_clean_first=False, cmake_force_configure=False, ament_cmake_args=None, catkin_cmake_args=None, catkin_skip_building_tests=False, mixin_files=None, mixin=None, verb_parser=<colcon_mixin.mixin.mixin_argument.MixinArgumentDecorator object at 0x7061904932b0>, verb_extension=<colcon_core.verb.build.BuildVerb object at 0x706190413f40>, main=<bound method BuildVerb.main of <colcon_core.verb.build.BuildVerb object at 0x706190413f40>>, mixin_verb=('build',))
[0.559s] Level 1:colcon.colcon_core.package_discovery:discover_packages(colcon_meta) check parameters
[0.559s] Level 1:colcon.colcon_core.package_discovery:discover_packages(recursive) check parameters
[0.559s] Level 1:colcon.colcon_core.package_discovery:discover_packages(ignore) check parameters
[0.559s] Level 1:colcon.colcon_core.package_discovery:discover_packages(path) check parameters
[0.559s] Level 1:colcon.colcon_core.package_discovery:discover_packages(colcon_meta) discover
[0.559s] Level 1:colcon.colcon_core.package_discovery:discover_packages(recursive) discover
[0.559s] INFO:colcon.colcon_core.package_discovery:Crawling recursively for packages in '/home/tora/soft_ws'
[0.559s] Level 1:colcon.colcon_core.package_identification:_identify(.) by extensions ['ignore', 'ignore_ament_install']
[0.559s] Level 1:colcon.colcon_core.package_identification:_identify(.) by extension 'ignore'
[0.559s] Level 1:colcon.colcon_core.package_identification:_identify(.) by extension 'ignore_ament_install'
[0.560s] Level 1:colcon.colcon_core.package_identification:_identify(.) by extensions ['colcon_pkg']
[0.560s] Level 1:colcon.colcon_core.package_identification:_identify(.) by extension 'colcon_pkg'
[0.560s] Level 1:colcon.colcon_core.package_identification:_identify(.) by extensions ['colcon_meta']
[0.560s] Level 1:colcon.colcon_core.package_identification:_identify(.) by extension 'colcon_meta'
[0.560s] Level 1:colcon.colcon_core.package_identification:_identify(.) by extensions ['ros']
[0.560s] Level 1:colcon.colcon_core.package_identification:_identify(.) by extension 'ros'
[0.571s] Level 1:colcon.colcon_core.package_identification:_identify(.) by extensions ['cmake', 'python']
[0.571s] Level 1:colcon.colcon_core.package_identification:_identify(.) by extension 'cmake'
[0.571s] Level 1:colcon.colcon_core.package_identification:_identify(.) by extension 'python'
[0.571s] Level 1:colcon.colcon_core.package_identification:_identify(.) by extensions ['python_setup_py']
[0.571s] Level 1:colcon.colcon_core.package_identification:_identify(.) by extension 'python_setup_py'
[0.571s] Level 1:colcon.colcon_core.package_identification:_identify(build) by extensions ['ignore', 'ignore_ament_install']
[0.572s] Level 1:colcon.colcon_core.package_identification:_identify(build) by extension 'ignore'
[0.572s] Level 1:colcon.colcon_core.package_identification:_identify(build) ignored
[0.572s] Level 1:colcon.colcon_core.package_identification:_identify(install) by extensions ['ignore', 'ignore_ament_install']
[0.572s] Level 1:colcon.colcon_core.package_identification:_identify(install) by extension 'ignore'
[0.572s] Level 1:colcon.colcon_core.package_identification:_identify(install) ignored
[0.572s] Level 1:colcon.colcon_core.package_identification:_identify(log) by extensions ['ignore', 'ignore_ament_install']
[0.572s] Level 1:colcon.colcon_core.package_identification:_identify(log) by extension 'ignore'
[0.572s] Level 1:colcon.colcon_core.package_identification:_identify(log) ignored
[0.572s] Level 1:colcon.colcon_core.package_identification:_identify(src) by extensions ['ignore', 'ignore_ament_install']
[0.572s] Level 1:colcon.colcon_core.package_identification:_identify(src) by extension 'ignore'
[0.572s] Level 1:colcon.colcon_core.package_identification:_identify(src) by extension 'ignore_ament_install'
[0.572s] Level 1:colcon.colcon_core.package_identification:_identify(src) by extensions ['colcon_pkg']
[0.572s] Level 1:colcon.colcon_core.package_identification:_identify(src) by extension 'colcon_pkg'
[0.572s] Level 1:colcon.colcon_core.package_identification:_identify(src) by extensions ['colcon_meta']
[0.572s] Level 1:colcon.colcon_core.package_identification:_identify(src) by extension 'colcon_meta'
[0.572s] Level 1:colcon.colcon_core.package_identification:_identify(src) by extensions ['ros']
[0.572s] Level 1:colcon.colcon_core.package_identification:_identify(src) by extension 'ros'
[0.573s] Level 1:colcon.colcon_core.package_identification:_identify(src) by extensions ['cmake', 'python']
[0.573s] Level 1:colcon.colcon_core.package_identification:_identify(src) by extension 'cmake'
[0.573s] Level 1:colcon.colcon_core.package_identification:_identify(src) by extension 'python'
[0.573s] Level 1:colcon.colcon_core.package_identification:_identify(src) by extensions ['python_setup_py']
[0.573s] Level 1:colcon.colcon_core.package_identification:_identify(src) by extension 'python_setup_py'
[0.573s] Level 1:colcon.colcon_core.package_identification:_identify(src/controller) by extensions ['ignore', 'ignore_ament_install']
[0.573s] Level 1:colcon.colcon_core.package_identification:_identify(src/controller) by extension 'ignore'
[0.573s] Level 1:colcon.colcon_core.package_identification:_identify(src/controller) by extension 'ignore_ament_install'
[0.573s] Level 1:colcon.colcon_core.package_identification:_identify(src/controller) by extensions ['colcon_pkg']
[0.573s] Level 1:colcon.colcon_core.package_identification:_identify(src/controller) by extension 'colcon_pkg'
[0.573s] Level 1:colcon.colcon_core.package_identification:_identify(src/controller) by extensions ['colcon_meta']
[0.573s] Level 1:colcon.colcon_core.package_identification:_identify(src/controller) by extension 'colcon_meta'
[0.573s] Level 1:colcon.colcon_core.package_identification:_identify(src/controller) by extensions ['ros']
[0.573s] Level 1:colcon.colcon_core.package_identification:_identify(src/controller) by extension 'ros'
[0.575s] DEBUG:colcon.colcon_core.package_identification:Package 'src/controller' with type 'ros.ament_python' and name 'controller'
[0.575s] Level 1:colcon.colcon_core.package_identification:_identify(src/navigation) by extensions ['ignore', 'ignore_ament_install']
[0.575s] Level 1:colcon.colcon_core.package_identification:_identify(src/navigation) by extension 'ignore'
[0.576s] Level 1:colcon.colcon_core.package_identification:_identify(src/navigation) by extension 'ignore_ament_install'
[0.576s] Level 1:colcon.colcon_core.package_identification:_identify(src/navigation) by extensions ['colcon_pkg']
[0.576s] Level 1:colcon.colcon_core.package_identification:_identify(src/navigation) by extension 'colcon_pkg'
[0.576s] Level 1:colcon.colcon_core.package_identification:_identify(src/navigation) by extensions ['colcon_meta']
[0.576s] Level 1:colcon.colcon_core.package_identification:_identify(src/navigation) by extension 'colcon_meta'
[0.576s] Level 1:colcon.colcon_core.package_identification:_identify(src/navigation) by extensions ['ros']
[0.576s] Level 1:colcon.colcon_core.package_identification:_identify(src/navigation) by extension 'ros'
[0.576s] DEBUG:colcon.colcon_core.package_identification:Package 'src/navigation' with type 'ros.ament_python' and name 'navigation'
[0.576s] Level 1:colcon.colcon_core.package_identification:_identify(src/realsense_gazebo_plugin) by extensions ['ignore', 'ignore_ament_install']
[0.576s] Level 1:colcon.colcon_core.package_identification:_identify(src/realsense_gazebo_plugin) by extension 'ignore'
[0.576s] Level 1:colcon.colcon_core.package_identification:_identify(src/realsense_gazebo_plugin) by extension 'ignore_ament_install'
[0.576s] Level 1:colcon.colcon_core.package_identification:_identify(src/realsense_gazebo_plugin) by extensions ['colcon_pkg']
[0.577s] Level 1:colcon.colcon_core.package_identification:_identify(src/realsense_gazebo_plugin) by extension 'colcon_pkg'
[0.577s] Level 1:colcon.colcon_core.package_identification:_identify(src/realsense_gazebo_plugin) by extensions ['colcon_meta']
[0.577s] Level 1:colcon.colcon_core.package_identification:_identify(src/realsense_gazebo_plugin) by extension 'colcon_meta'
[0.577s] Level 1:colcon.colcon_core.package_identification:_identify(src/realsense_gazebo_plugin) by extensions ['ros']
[0.577s] Level 1:colcon.colcon_core.package_identification:_identify(src/realsense_gazebo_plugin) by extension 'ros'
[0.578s] DEBUG:colcon.colcon_core.package_identification:Package 'src/realsense_gazebo_plugin' with type 'ros.catkin' and name 'realsense_gazebo_plugin'
[0.578s] Level 1:colcon.colcon_core.package_identification:_identify(src/rover_description) by extensions ['ignore', 'ignore_ament_install']
[0.578s] Level 1:colcon.colcon_core.package_identification:_identify(src/rover_description) by extension 'ignore'
[0.578s] Level 1:colcon.colcon_core.package_identification:_identify(src/rover_description) by extension 'ignore_ament_install'
[0.578s] Level 1:colcon.colcon_core.package_identification:_identify(src/rover_description) by extensions ['colcon_pkg']
[0.578s] Level 1:colcon.colcon_core.package_identification:_identify(src/rover_description) by extension 'colcon_pkg'
[0.578s] Level 1:colcon.colcon_core.package_identification:_identify(src/rover_description) by extensions ['colcon_meta']
[0.578s] Level 1:colcon.colcon_core.package_identification:_identify(src/rover_description) by extension 'colcon_meta'
[0.578s] Level 1:colcon.colcon_core.package_identification:_identify(src/rover_description) by extensions ['ros']
[0.578s] Level 1:colcon.colcon_core.package_identification:_identify(src/rover_description) by extension 'ros'
[0.579s] DEBUG:colcon.colcon_core.package_identification:Package 'src/rover_description' with type 'ros.ament_python' and name 'rover_description'
[0.579s] Level 1:colcon.colcon_core.package_identification:_identify(src/visual_odom) by extensions ['ignore', 'ignore_ament_install']
[0.579s] Level 1:colcon.colcon_core.package_identification:_identify(src/visual_odom) by extension 'ignore'
[0.579s] Level 1:colcon.colcon_core.package_identification:_identify(src/visual_odom) by extension 'ignore_ament_install'
[0.579s] Level 1:colcon.colcon_core.package_identification:_identify(src/visual_odom) by extensions ['colcon_pkg']
[0.579s] Level 1:colcon.colcon_core.package_identification:_identify(src/visual_odom) by extension 'colcon_pkg'
[0.579s] Level 1:colcon.colcon_core.package_identification:_identify(src/visual_odom) by extensions ['colcon_meta']
[0.579s] Level 1:colcon.colcon_core.package_identification:_identify(src/visual_odom) by extension 'colcon_meta'
[0.579s] Level 1:colcon.colcon_core.package_identification:_identify(src/visual_odom) by extensions ['ros']
[0.579s] Level 1:colcon.colcon_core.package_identification:_identify(src/visual_odom) by extension 'ros'
[0.580s] DEBUG:colcon.colcon_core.package_identification:Package 'src/visual_odom' with type 'ros.ament_python' and name 'visual_odom'
[0.580s] Level 1:colcon.colcon_core.package_discovery:discover_packages(recursive) using defaults
[0.580s] Level 1:colcon.colcon_core.package_discovery:discover_packages(ignore) discover
[0.580s] Level 1:colcon.colcon_core.package_discovery:discover_packages(ignore) using defaults
[0.580s] Level 1:colcon.colcon_core.package_discovery:discover_packages(path) discover
[0.580s] Level 1:colcon.colcon_core.package_discovery:discover_packages(path) using defaults
[0.608s] Level 1:colcon.colcon_core.package_discovery:discover_packages(prefix_path) check parameters
[0.608s] Level 1:colcon.colcon_core.package_discovery:discover_packages(prefix_path) discover
[0.621s] DEBUG:colcon.colcon_installed_package_information.package_discovery:Found 5 installed packages in /home/tora/soft_ws/install
[0.621s] DEBUG:colcon.colcon_installed_package_information.package_discovery:Found 4 installed packages in /home/tora/realsense_ws/install
[0.622s] DEBUG:colcon.colcon_installed_package_information.package_discovery:Found 3 installed packages in /home/tora/turtlebot3_ws/install
[0.623s] DEBUG:colcon.colcon_installed_package_information.package_discovery:Found 39 installed packages in /home/tora/microros_ws/install
[0.624s] DEBUG:colcon.colcon_installed_package_information.package_discovery:Found 10 installed packages in /home/tora/seminar_ws/install
[0.631s] DEBUG:colcon.colcon_installed_package_information.package_discovery:Found 238 installed packages in /home/tora/autoware/install
[0.633s] DEBUG:colcon.colcon_installed_package_information.package_discovery:Found 5 installed packages in /home/tora/unit1_ws/install
[0.634s] DEBUG:colcon.colcon_installed_package_information.package_discovery:Found 5 installed packages in /home/tora/gazebo_realsense_test/src/install
[0.636s] DEBUG:colcon.colcon_installed_package_information.package_discovery:Found 510 installed packages in /opt/ros/humble
[0.640s] Level 1:colcon.colcon_core.package_discovery:discover_packages(prefix_path) using defaults
[0.724s] Level 5:colcon.colcon_core.verb:set package 'controller' build argument 'cmake_args' from command line to 'None'
[0.724s] Level 5:colcon.colcon_core.verb:set package 'controller' build argument 'cmake_target' from command line to 'None'
[0.724s] Level 5:colcon.colcon_core.verb:set package 'controller' build argument 'cmake_target_skip_unavailable' from command line to 'False'
[0.724s] Level 5:colcon.colcon_core.verb:set package 'controller' build argument 'cmake_clean_cache' from command line to 'False'
[0.724s] Level 5:colcon.colcon_core.verb:set package 'controller' build argument 'cmake_clean_first' from command line to 'False'
[0.724s] Level 5:colcon.colcon_core.verb:set package 'controller' build argument 'cmake_force_configure' from command line to 'False'
[0.724s] Level 5:colcon.colcon_core.verb:set package 'controller' build argument 'ament_cmake_args' from command line to 'None'
[0.724s] Level 5:colcon.colcon_core.verb:set package 'controller' build argument 'catkin_cmake_args' from command line to 'None'
[0.724s] Level 5:colcon.colcon_core.verb:set package 'controller' build argument 'catkin_skip_building_tests' from command line to 'False'
[0.724s] DEBUG:colcon.colcon_core.verb:Building package 'controller' with the following arguments: {'ament_cmake_args': None, 'build_base': '/home/tora/soft_ws/build/controller', 'catkin_cmake_args': None, 'catkin_skip_building_tests': False, 'cmake_args': None, 'cmake_clean_cache': False, 'cmake_clean_first': False, 'cmake_force_configure': False, 'cmake_target': None, 'cmake_target_skip_unavailable': False, 'install_base': '/home/tora/soft_ws/install/controller', 'merge_install': False, 'path': '/home/tora/soft_ws/src/controller', 'symlink_install': True, 'test_result_base': None}
[0.724s] Level 5:colcon.colcon_core.verb:set package 'navigation' build argument 'cmake_args' from command line to 'None'
[0.724s] Level 5:colcon.colcon_core.verb:set package 'navigation' build argument 'cmake_target' from command line to 'None'
[0.724s] Level 5:colcon.colcon_core.verb:set package 'navigation' build argument 'cmake_target_skip_unavailable' from command line to 'False'
[0.724s] Level 5:colcon.colcon_core.verb:set package 'navigation' build argument 'cmake_clean_cache' from command line to 'False'
[0.724s] Level 5:colcon.colcon_core.verb:set package 'navigation' build argument 'cmake_clean_first' from command line to 'False'
[0.724s] Level 5:colcon.colcon_core.verb:set package 'navigation' build argument 'cmake_force_configure' from command line to 'False'
[0.724s] Level 5:colcon.colcon_core.verb:set package 'navigation' build argument 'ament_cmake_args' from command line to 'None'
[0.724s] Level 5:colcon.colcon_core.verb:set package 'navigation' build argument 'catkin_cmake_args' from command line to 'None'
[0.724s] Level 5:colcon.colcon_core.verb:set package 'navigation' build argument 'catkin_skip_building_tests' from command line to 'False'
[0.724s] DEBUG:colcon.colcon_core.verb:Building package 'navigation' with the following arguments: {'ament_cmake_args': None, 'build_base': '/home/tora/soft_ws/build/navigation', 'catkin_cmake_args': None, 'catkin_skip_building_tests': False, 'cmake_args': None, 'cmake_clean_cache': False, 'cmake_clean_first': False, 'cmake_force_configure': False, 'cmake_target': None, 'cmake_target_skip_unavailable': False, 'install_base': '/home/tora/soft_ws/install/navigation', 'merge_install': False, 'path': '/home/tora/soft_ws/src/navigation', 'symlink_install': True, 'test_result_base': None}
[0.725s] Level 5:colcon.colcon_core.verb:set package 'realsense_gazebo_plugin' build argument 'cmake_args' from command line to 'None'
[0.725s] Level 5:colcon.colcon_core.verb:set package 'realsense_gazebo_plugin' build argument 'cmake_target' from command line to 'None'
[0.725s] Level 5:colcon.colcon_core.verb:set package 'realsense_gazebo_plugin' build argument 'cmake_target_skip_unavailable' from command line to 'False'
[0.725s] Level 5:colcon.colcon_core.verb:set package 'realsense_gazebo_plugin' build argument 'cmake_clean_cache' from command line to 'False'
[0.725s] Level 5:colcon.colcon_core.verb:set package 'realsense_gazebo_plugin' build argument 'cmake_clean_first' from command line to 'False'
[0.725s] Level 5:colcon.colcon_core.verb:set package 'realsense_gazebo_plugin' build argument 'cmake_force_configure' from command line to 'False'
[0.725s] Level 5:colcon.colcon_core.verb:set package 'realsense_gazebo_plugin' build argument 'ament_cmake_args' from command line to 'None'
[0.725s] Level 5:colcon.colcon_core.verb:set package 'realsense_gazebo_plugin' build argument 'catkin_cmake_args' from command line to 'None'
[0.725s] Level 5:colcon.colcon_core.verb:set package 'realsense_gazebo_plugin' build argument 'catkin_skip_building_tests' from command line to 'False'
[0.725s] DEBUG:colcon.colcon_core.verb:Building package 'realsense_gazebo_plugin' with the following arguments: {'ament_cmake_args': None, 'build_base': '/home/tora/soft_ws/build/realsense_gazebo_plugin', 'catkin_cmake_args': None, 'catkin_skip_building_tests': False, 'cmake_args': None, 'cmake_clean_cache': False, 'cmake_clean_first': False, 'cmake_force_configure': False, 'cmake_target': None, 'cmake_target_skip_unavailable': False, 'install_base': '/home/tora/soft_ws/install/realsense_gazebo_plugin', 'merge_install': False, 'path': '/home/tora/soft_ws/src/realsense_gazebo_plugin', 'symlink_install': True, 'test_result_base': None}
[0.725s] Level 5:colcon.colcon_core.verb:set package 'rover_description' build argument 'cmake_args' from command line to 'None'
[0.725s] Level 5:colcon.colcon_core.verb:set package 'rover_description' build argument 'cmake_target' from command line to 'None'
[0.725s] Level 5:colcon.colcon_core.verb:set package 'rover_description' build argument 'cmake_target_skip_unavailable' from command line to 'False'
[0.726s] Level 5:colcon.colcon_core.verb:set package 'rover_description' build argument 'cmake_clean_cache' from command line to 'False'
[0.726s] Level 5:colcon.colcon_core.verb:set package 'rover_description' build argument 'cmake_clean_first' from command line to 'False'
[0.726s] Level 5:colcon.colcon_core.verb:set package 'rover_description' build argument 'cmake_force_configure' from command line to 'False'
[0.726s] Level 5:colcon.colcon_core.verb:set package 'rover_description' build argument 'ament_cmake_args' from command line to 'None'
[0.726s] Level 5:colcon.colcon_core.verb:set package 'rover_description' build argument 'catkin_cmake_args' from command line to 'None'
[0.726s] Level 5:colcon.colcon_core.verb:set package 'rover_description' build argument 'catkin_skip_building_tests' from command line to 'False'
[0.726s] DEBUG:colcon.colcon_core.verb:Building package 'rover_description' with the following arguments: {'ament_cmake_args': None, 'build_base': '/home/tora/soft_ws/build/rover_description', 'catkin_cmake_args': None, 'catkin_skip_building_tests': False, 'cmake_args': None, 'cmake_clean_cache': False, 'cmake_clean_first': False, 'cmake_force_configure': False, 'cmake_target': None, 'cmake_target_skip_unavailable': False, 'install_base': '/home/tora/soft_ws/install/rover_description', 'merge_install': False, 'path': '/home/tora/soft_ws/src/rover_description', 'symlink_install': True, 'test_result_base': None}
[0.726s] Level 5:colcon.colcon_core.verb:set package 'visual_odom' build argument 'cmake_args' from command line to 'None'
[0.726s] Level 5:colcon.colcon_core.verb:set package 'visual_odom' build argument 'cmake_target' from command line to 'None'
[0.726s] Level 5:colcon.colcon_core.verb:set package 'visual_odom' build argument 'cmake_target_skip_unavailable' from command line to 'False'
[0.726s] Level 5:colcon.colcon_core.verb:set package 'visual_odom' build argument 'cmake_clean_cache' from command line to 'False'
[0.726s] Level 5:colcon.colcon_core.verb:set package 'visual_odom' build argument 'cmake_clean_first' from command line to 'False'
[0.726s] Level 5:colcon.colcon_core.verb:set package 'visual_odom' build argument 'cmake_force_configure' from command line to 'False'
[0.726s] Level 5:colcon.colcon_core.verb:set package 'visual_odom' build argument 'ament_cmake_args' from command line to 'None'
[0.726s] Level 5:colcon.colcon_core.verb:set package 'visual_odom' build argument 'catkin_cmake_args' from command line to 'None'
[0.726s] Level 5:colcon.colcon_core.verb:set package 'visual_odom' build argument 'catkin_skip_building_tests' from command line to 'False'
[0.726s] DEBUG:colcon.colcon_core.verb:Building package 'visual_odom' with the following arguments: {'ament_cmake_args': None, 'build_base': '/home/tora/soft_ws/build/visual_odom', 'catkin_cmake_args': None, 'catkin_skip_building_tests': False, 'cmake_args': None, 'cmake_clean_cache': False, 'cmake_clean_first': False, 'cmake_force_configure': False, 'cmake_target': None, 'cmake_target_skip_unavailable': False, 'install_base': '/home/tora/soft_ws/install/visual_odom', 'merge_install': False, 'path': '/home/tora/soft_ws/src/visual_odom', 'symlink_install': True, 'test_result_base': None}
[0.726s] INFO:colcon.colcon_core.executor:Executing jobs using 'parallel' executor
[0.727s] DEBUG:colcon.colcon_parallel_executor.executor.parallel:run_until_complete
[0.727s] INFO:colcon.colcon_ros.task.ament_python.build:Building ROS package in '/home/tora/soft_ws/src/controller' with build type 'ament_python'
[0.727s] Level 1:colcon.colcon_core.shell:create_environment_hook('controller', 'ament_prefix_path')
[0.731s] INFO:colcon.colcon_core.plugin_system:Skipping extension 'colcon_core.shell.bat': Not used on non-Windows systems
[0.731s] INFO:colcon.colcon_core.shell:Creating environment hook '/home/tora/soft_ws/install/controller/share/controller/hook/ament_prefix_path.ps1'
[0.732s] INFO:colcon.colcon_core.shell:Creating environment descriptor '/home/tora/soft_ws/install/controller/share/controller/hook/ament_prefix_path.dsv'
[0.732s] INFO:colcon.colcon_core.shell:Creating environment hook '/home/tora/soft_ws/install/controller/share/controller/hook/ament_prefix_path.sh'
[0.733s] INFO:colcon.colcon_core.shell:Skip shell extension 'powershell' for command environment: Not usable outside of PowerShell
[0.733s] DEBUG:colcon.colcon_core.shell:Skip shell extension 'dsv' for command environment
[0.758s] INFO:colcon.colcon_ros.task.ament_python.build:Building ROS package in '/home/tora/soft_ws/src/navigation' with build type 'ament_python'
[0.758s] Level 1:colcon.colcon_core.shell:create_environment_hook('navigation', 'ament_prefix_path')
[0.758s] INFO:colcon.colcon_core.shell:Creating environment hook '/home/tora/soft_ws/install/navigation/share/navigation/hook/ament_prefix_path.ps1'
[0.758s] INFO:colcon.colcon_core.shell:Creating environment descriptor '/home/tora/soft_ws/install/navigation/share/navigation/hook/ament_prefix_path.dsv'
[0.759s] INFO:colcon.colcon_core.shell:Creating environment hook '/home/tora/soft_ws/install/navigation/share/navigation/hook/ament_prefix_path.sh'
[0.759s] INFO:colcon.colcon_core.shell:Skip shell extension 'powershell' for command environment: Not usable outside of PowerShell
[0.759s] DEBUG:colcon.colcon_core.shell:Skip shell extension 'dsv' for command environment
[0.783s] INFO:colcon.colcon_ros.task.catkin.build:Building ROS package in '/home/tora/soft_ws/src/realsense_gazebo_plugin' with build type 'catkin'
[0.784s] INFO:colcon.colcon_cmake.task.cmake.build:Building CMake package in '/home/tora/soft_ws/src/realsense_gazebo_plugin'
[0.784s] INFO:colcon.colcon_core.shell:Skip shell extension 'powershell' for command environment: Not usable outside of PowerShell
[0.784s] DEBUG:colcon.colcon_core.shell:Skip shell extension 'dsv' for command environment
[0.808s] INFO:colcon.colcon_ros.task.ament_python.build:Building ROS package in '/home/tora/soft_ws/src/rover_description' with build type 'ament_python'
[0.808s] Level 1:colcon.colcon_core.shell:create_environment_hook('rover_description', 'ament_prefix_path')
[0.809s] INFO:colcon.colcon_core.shell:Creating environment hook '/home/tora/soft_ws/install/rover_description/share/rover_description/hook/ament_prefix_path.ps1'
[0.809s] INFO:colcon.colcon_core.shell:Creating environment descriptor '/home/tora/soft_ws/install/rover_description/share/rover_description/hook/ament_prefix_path.dsv'
[0.810s] INFO:colcon.colcon_core.shell:Creating environment hook '/home/tora/soft_ws/install/rover_description/share/rover_description/hook/ament_prefix_path.sh'
[0.810s] INFO:colcon.colcon_core.shell:Skip shell extension 'powershell' for command environment: Not usable outside of PowerShell
[0.810s] DEBUG:colcon.colcon_core.shell:Skip shell extension 'dsv' for command environment
[0.849s] INFO:colcon.colcon_ros.task.ament_python.build:Building ROS package in '/home/tora/soft_ws/src/visual_odom' with build type 'ament_python'
[0.849s] Level 1:colcon.colcon_core.shell:create_environment_hook('visual_odom', 'ament_prefix_path')
[0.850s] INFO:colcon.colcon_core.shell:Creating environment hook '/home/tora/soft_ws/install/visual_odom/share/visual_odom/hook/ament_prefix_path.ps1'
[0.851s] INFO:colcon.colcon_core.shell:Creating environment descriptor '/home/tora/soft_ws/install/visual_odom/share/visual_odom/hook/ament_prefix_path.dsv'
[0.852s] INFO:colcon.colcon_core.shell:Creating environment hook '/home/tora/soft_ws/install/visual_odom/share/visual_odom/hook/ament_prefix_path.sh'
[0.853s] INFO:colcon.colcon_core.shell:Skip shell extension 'powershell' for command environment: Not usable outside of PowerShell
[0.853s] DEBUG:colcon.colcon_core.shell:Skip shell extension 'dsv' for command environment
[1.466s] INFO:colcon.colcon_core.task.python.build:Building Python package in '/home/tora/soft_ws/src/controller'
[1.467s] INFO:colcon.colcon_core.shell:Skip shell extension 'powershell' for command environment: Not usable outside of PowerShell
[1.467s] DEBUG:colcon.colcon_core.shell:Skip shell extension 'dsv' for command environment
[2.051s] INFO:colcon.colcon_core.task.python.build:Building Python package in '/home/tora/soft_ws/src/navigation'
[2.052s] INFO:colcon.colcon_core.shell:Skip shell extension 'powershell' for command environment: Not usable outside of PowerShell
[2.052s] DEBUG:colcon.colcon_core.shell:Skip shell extension 'dsv' for command environment
[2.110s] DEBUG:colcon.colcon_core.event_handler.log_command:Invoking command in '/home/tora/soft_ws/build/realsense_gazebo_plugin': /usr/bin/cmake --build /home/tora/soft_ws/build/realsense_gazebo_plugin -- -j16 -l16
[2.907s] INFO:colcon.colcon_core.task.python.build:Building Python package in '/home/tora/soft_ws/src/rover_description'
[2.907s] INFO:colcon.colcon_core.shell:Skip shell extension 'powershell' for command environment: Not usable outside of PowerShell
[2.907s] DEBUG:colcon.colcon_core.shell:Skip shell extension 'dsv' for command environment
[3.442s] INFO:colcon.colcon_core.task.python.build:Building Python package in '/home/tora/soft_ws/src/visual_odom'
[3.443s] INFO:colcon.colcon_core.shell:Skip shell extension 'powershell' for command environment: Not usable outside of PowerShell
[3.443s] DEBUG:colcon.colcon_core.shell:Skip shell extension 'dsv' for command environment
[3.486s] DEBUG:colcon.colcon_core.event_handler.log_command:Invoked command in '/home/tora/soft_ws/build/realsense_gazebo_plugin' returned '0': /usr/bin/cmake --build /home/tora/soft_ws/build/realsense_gazebo_plugin -- -j16 -l16
[3.539s] DEBUG:colcon.colcon_core.event_handler.log_command:Invoking command in '/home/tora/soft_ws/build/realsense_gazebo_plugin': /usr/bin/cmake --install /home/tora/soft_ws/build/realsense_gazebo_plugin
[3.598s] DEBUG:colcon.colcon_core.event_handler.log_command:Invoked command in '/home/tora/soft_ws/build/realsense_gazebo_plugin' returned '0': /usr/bin/cmake --install /home/tora/soft_ws/build/realsense_gazebo_plugin
[3.599s] Level 1:colcon.colcon_core.shell:create_environment_hook('realsense_gazebo_plugin', 'ros_package_path')
[3.600s] INFO:colcon.colcon_core.shell:Creating environment hook '/home/tora/soft_ws/install/realsense_gazebo_plugin/share/realsense_gazebo_plugin/hook/ros_package_path.ps1'
[3.601s] INFO:colcon.colcon_core.shell:Creating environment descriptor '/home/tora/soft_ws/install/realsense_gazebo_plugin/share/realsense_gazebo_plugin/hook/ros_package_path.dsv'
[3.602s] INFO:colcon.colcon_core.shell:Creating environment hook '/home/tora/soft_ws/install/realsense_gazebo_plugin/share/realsense_gazebo_plugin/hook/ros_package_path.sh'
[3.604s] Level 1:colcon.colcon_core.shell:create_environment_hook('realsense_gazebo_plugin', 'pkg_config_path')
[3.604s] INFO:colcon.colcon_core.shell:Creating environment hook '/home/tora/soft_ws/install/realsense_gazebo_plugin/share/realsense_gazebo_plugin/hook/pkg_config_path.ps1'
[3.605s] INFO:colcon.colcon_core.shell:Creating environment descriptor '/home/tora/soft_ws/install/realsense_gazebo_plugin/share/realsense_gazebo_plugin/hook/pkg_config_path.dsv'
[3.606s] INFO:colcon.colcon_core.shell:Creating environment hook '/home/tora/soft_ws/install/realsense_gazebo_plugin/share/realsense_gazebo_plugin/hook/pkg_config_path.sh'
[3.618s] Level 1:colcon.colcon_core.shell:create_environment_hook('realsense_gazebo_plugin', 'pkg_config_path_multiarch')
[3.619s] INFO:colcon.colcon_core.shell:Creating environment hook '/home/tora/soft_ws/install/realsense_gazebo_plugin/share/realsense_gazebo_plugin/hook/pkg_config_path_multiarch.ps1'
[3.620s] INFO:colcon.colcon_core.shell:Creating environment descriptor '/home/tora/soft_ws/install/realsense_gazebo_plugin/share/realsense_gazebo_plugin/hook/pkg_config_path_multiarch.dsv'
[3.621s] INFO:colcon.colcon_core.shell:Creating environment hook '/home/tora/soft_ws/install/realsense_gazebo_plugin/share/realsense_gazebo_plugin/hook/pkg_config_path_multiarch.sh'
[3.624s] Level 1:colcon.colcon_core.environment:create_environment_scripts_only(realsense_gazebo_plugin)
[3.631s] Level 1:colcon.colcon_core.environment:checking '/home/tora/soft_ws/install/realsense_gazebo_plugin' for CMake module files
[3.632s] Level 1:colcon.colcon_core.environment:checking '/home/tora/soft_ws/install/realsense_gazebo_plugin' for CMake config files
[3.632s] Level 1:colcon.colcon_core.shell:create_environment_hook('realsense_gazebo_plugin', 'cmake_prefix_path')
[3.633s] INFO:colcon.colcon_core.shell:Creating environment hook '/home/tora/soft_ws/install/realsense_gazebo_plugin/share/realsense_gazebo_plugin/hook/cmake_prefix_path.ps1'
[3.634s] INFO:colcon.colcon_core.shell:Creating environment descriptor '/home/tora/soft_ws/install/realsense_gazebo_plugin/share/realsense_gazebo_plugin/hook/cmake_prefix_path.dsv'
[3.634s] INFO:colcon.colcon_core.shell:Creating environment hook '/home/tora/soft_ws/install/realsense_gazebo_plugin/share/realsense_gazebo_plugin/hook/cmake_prefix_path.sh'
[3.635s] Level 1:colcon.colcon_core.environment:checking '/home/tora/soft_ws/install/realsense_gazebo_plugin/lib'
[3.636s] Level 1:colcon.colcon_core.shell:create_environment_hook('realsense_gazebo_plugin', 'ld_library_path_lib')
[3.636s] INFO:colcon.colcon_core.shell:Creating environment hook '/home/tora/soft_ws/install/realsense_gazebo_plugin/share/realsense_gazebo_plugin/hook/ld_library_path_lib.ps1'
[3.637s] INFO:colcon.colcon_core.shell:Creating environment descriptor '/home/tora/soft_ws/install/realsense_gazebo_plugin/share/realsense_gazebo_plugin/hook/ld_library_path_lib.dsv'
[3.637s] INFO:colcon.colcon_core.shell:Creating environment hook '/home/tora/soft_ws/install/realsense_gazebo_plugin/share/realsense_gazebo_plugin/hook/ld_library_path_lib.sh'
[3.638s] Level 1:colcon.colcon_core.environment:checking '/home/tora/soft_ws/install/realsense_gazebo_plugin/bin'
[3.638s] Level 1:colcon.colcon_core.environment:checking '/home/tora/soft_ws/install/realsense_gazebo_plugin/lib/pkgconfig/realsense_gazebo_plugin.pc'
[3.639s] Level 1:colcon.colcon_core.environment:checking '/home/tora/soft_ws/install/realsense_gazebo_plugin/lib/python3.10/site-packages'
[3.639s] Level 1:colcon.colcon_core.environment:checking '/home/tora/soft_ws/install/realsense_gazebo_plugin/bin'
[3.640s] INFO:colcon.colcon_core.shell:Creating package script '/home/tora/soft_ws/install/realsense_gazebo_plugin/share/realsense_gazebo_plugin/package.ps1'
[3.642s] INFO:colcon.colcon_core.shell:Creating package descriptor '/home/tora/soft_ws/install/realsense_gazebo_plugin/share/realsense_gazebo_plugin/package.dsv'
[3.643s] INFO:colcon.colcon_core.shell:Creating package script '/home/tora/soft_ws/install/realsense_gazebo_plugin/share/realsense_gazebo_plugin/package.sh'
[3.644s] INFO:colcon.colcon_core.shell:Creating package script '/home/tora/soft_ws/install/realsense_gazebo_plugin/share/realsense_gazebo_plugin/package.bash'
[3.645s] INFO:colcon.colcon_core.shell:Creating package script '/home/tora/soft_ws/install/realsense_gazebo_plugin/share/realsense_gazebo_plugin/package.zsh'
[3.646s] Level 1:colcon.colcon_core.environment:create_file_with_runtime_dependencies(/home/tora/soft_ws/install/realsense_gazebo_plugin/share/colcon-core/packages/realsense_gazebo_plugin)
[3.971s] DEBUG:colcon.colcon_core.event_handler.log_command:Invoking command in '/home/tora/soft_ws/build/navigation': PYTHONPATH=/home/tora/soft_ws/build/navigation/prefix_override:/usr/lib/python3/dist-packages/colcon_core/task/python/colcon_distutils_commands:/home/tora/soft_ws/install/navigation/lib/python3.10/site-packages:${PYTHONPATH} /usr/bin/python3 -W ignore:setup.py install is deprecated -W ignore:easy_install command is deprecated setup.py develop --editable --build-directory /home/tora/soft_ws/build/navigation/build --no-deps symlink_data
[3.973s] DEBUG:colcon.colcon_core.event_handler.log_command:Invoking command in '/home/tora/soft_ws/build/rover_description': PYTHONPATH=/home/tora/soft_ws/build/rover_description/prefix_override:/usr/lib/python3/dist-packages/colcon_core/task/python/colcon_distutils_commands:/home/tora/soft_ws/install/rover_description/lib/python3.10/site-packages:${PYTHONPATH} /usr/bin/python3 -W ignore:setup.py install is deprecated -W ignore:easy_install command is deprecated setup.py develop --editable --build-directory /home/tora/soft_ws/build/rover_description/build --no-deps symlink_data
[4.028s] DEBUG:colcon.colcon_core.event_handler.log_command:Invoking command in '/home/tora/soft_ws/build/visual_odom': PYTHONPATH=/home/tora/soft_ws/build/visual_odom/prefix_override:/usr/lib/python3/dist-packages/colcon_core/task/python/colcon_distutils_commands:/home/tora/soft_ws/install/visual_odom/lib/python3.10/site-packages:${PYTHONPATH} /usr/bin/python3 -W ignore:setup.py install is deprecated -W ignore:easy_install command is deprecated setup.py develop --editable --build-directory /home/tora/soft_ws/build/visual_odom/build --no-deps symlink_data
[4.208s] DEBUG:colcon.colcon_core.event_handler.log_command:Invoking command in '/home/tora/soft_ws/build/controller': PYTHONPATH=/home/tora/soft_ws/build/controller/prefix_override:/usr/lib/python3/dist-packages/colcon_core/task/python/colcon_distutils_commands:/home/tora/soft_ws/install/controller/lib/python3.10/site-packages:${PYTHONPATH} /usr/bin/python3 -W ignore:setup.py install is deprecated -W ignore:easy_install command is deprecated setup.py develop --editable --build-directory /home/tora/soft_ws/build/controller/build --no-deps symlink_data
[4.410s] Level 1:colcon.colcon_core.shell:create_environment_hook('navigation', 'pythonpath_develop')
[4.410s] INFO:colcon.colcon_core.shell:Creating environment hook '/home/tora/soft_ws/build/navigation/share/navigation/hook/pythonpath_develop.ps1'
[4.411s] DEBUG:colcon.colcon_core.event_handler.log_command:Invoked command in '/home/tora/soft_ws/build/navigation' returned '0': PYTHONPATH=/home/tora/soft_ws/build/navigation/prefix_override:/usr/lib/python3/dist-packages/colcon_core/task/python/colcon_distutils_commands:/home/tora/soft_ws/install/navigation/lib/python3.10/site-packages:${PYTHONPATH} /usr/bin/python3 -W ignore:setup.py install is deprecated -W ignore:easy_install command is deprecated setup.py develop --editable --build-directory /home/tora/soft_ws/build/navigation/build --no-deps symlink_data
[4.411s] INFO:colcon.colcon_core.shell:Creating environment descriptor '/home/tora/soft_ws/build/navigation/share/navigation/hook/pythonpath_develop.dsv'
[4.411s] INFO:colcon.colcon_core.shell:Creating environment hook '/home/tora/soft_ws/build/navigation/share/navigation/hook/pythonpath_develop.sh'
[4.412s] Level 1:colcon.colcon_core.environment:checking '/home/tora/soft_ws/install/navigation' for CMake module files
[4.412s] Level 1:colcon.colcon_core.environment:checking '/home/tora/soft_ws/install/navigation' for CMake config files
[4.412s] Level 1:colcon.colcon_core.environment:checking '/home/tora/soft_ws/install/navigation/lib'
[4.412s] Level 1:colcon.colcon_core.environment:checking '/home/tora/soft_ws/install/navigation/bin'
[4.412s] Level 1:colcon.colcon_core.environment:checking '/home/tora/soft_ws/install/navigation/lib/pkgconfig/navigation.pc'
[4.412s] Level 1:colcon.colcon_core.environment:checking '/home/tora/soft_ws/install/navigation/lib/python3.10/site-packages'
[4.412s] Level 1:colcon.colcon_core.shell:create_environment_hook('navigation', 'pythonpath')
[4.412s] INFO:colcon.colcon_core.shell:Creating environment hook '/home/tora/soft_ws/install/navigation/share/navigation/hook/pythonpath.ps1'
[4.413s] INFO:colcon.colcon_core.shell:Creating environment descriptor '/home/tora/soft_ws/install/navigation/share/navigation/hook/pythonpath.dsv'
[4.413s] INFO:colcon.colcon_core.shell:Creating environment hook '/home/tora/soft_ws/install/navigation/share/navigation/hook/pythonpath.sh'
[4.413s] Level 1:colcon.colcon_core.environment:checking '/home/tora/soft_ws/install/navigation/bin'
[4.413s] Level 1:colcon.colcon_core.environment:create_environment_scripts_only(navigation)
[4.413s] INFO:colcon.colcon_core.shell:Creating package script '/home/tora/soft_ws/install/navigation/share/navigation/package.ps1'
[4.414s] INFO:colcon.colcon_core.shell:Creating package descriptor '/home/tora/soft_ws/install/navigation/share/navigation/package.dsv'
[4.414s] INFO:colcon.colcon_core.shell:Creating package script '/home/tora/soft_ws/install/navigation/share/navigation/package.sh'
[4.414s] INFO:colcon.colcon_core.shell:Creating package script '/home/tora/soft_ws/install/navigation/share/navigation/package.bash'
[4.414s] INFO:colcon.colcon_core.shell:Creating package script '/home/tora/soft_ws/install/navigation/share/navigation/package.zsh'
[4.415s] Level 1:colcon.colcon_core.environment:create_file_with_runtime_dependencies(/home/tora/soft_ws/install/navigation/share/colcon-core/packages/navigation)
[4.415s] DEBUG:colcon.colcon_core.event_handler.log_command:Invoked command in '/home/tora/soft_ws/build/rover_description' returned '1': PYTHONPATH=/home/tora/soft_ws/build/rover_description/prefix_override:/usr/lib/python3/dist-packages/colcon_core/task/python/colcon_distutils_commands:/home/tora/soft_ws/install/rover_description/lib/python3.10/site-packages:${PYTHONPATH} /usr/bin/python3 -W ignore:setup.py install is deprecated -W ignore:easy_install command is deprecated setup.py develop --editable --build-directory /home/tora/soft_ws/build/rover_description/build --no-deps symlink_data
[4.997s] DEBUG:colcon.colcon_parallel_executor.executor.parallel:closing loop
[4.997s] DEBUG:colcon.colcon_parallel_executor.executor.parallel:loop closed
[4.997s] DEBUG:colcon.colcon_parallel_executor.executor.parallel:run_until_complete finished with '1'
[4.997s] DEBUG:colcon.colcon_core.event_reactor:joining thread
[5.024s] INFO:colcon.colcon_core.plugin_system:Skipping extension 'colcon_notification.desktop_notification.terminal_notifier': Not used on non-Darwin systems
[5.025s] INFO:colcon.colcon_core.plugin_system:Skipping extension 'colcon_notification.desktop_notification.win32': Not used on non-Windows systems
[5.025s] INFO:colcon.colcon_notification.desktop_notification:Sending desktop notification using 'notify2'
[5.062s] DEBUG:colcon.colcon_core.event_reactor:joined thread
[5.062s] INFO:colcon.colcon_core.shell:Creating prefix script '/home/tora/soft_ws/install/local_setup.ps1'
[5.064s] INFO:colcon.colcon_core.shell:Creating prefix util module '/home/tora/soft_ws/install/_local_setup_util_ps1.py'
[5.066s] INFO:colcon.colcon_core.shell:Creating prefix chain script '/home/tora/soft_ws/install/setup.ps1'
[5.082s] INFO:colcon.colcon_core.shell:Creating prefix script '/home/tora/soft_ws/install/local_setup.sh'
[5.083s] INFO:colcon.colcon_core.shell:Creating prefix util module '/home/tora/soft_ws/install/_local_setup_util_sh.py'
[5.084s] INFO:colcon.colcon_core.shell:Creating prefix chain script '/home/tora/soft_ws/install/setup.sh'
[5.107s] INFO:colcon.colcon_core.shell:Creating prefix script '/home/tora/soft_ws/install/local_setup.bash'
[5.108s] INFO:colcon.colcon_core.shell:Creating prefix chain script '/home/tora/soft_ws/install/setup.bash'
[5.129s] INFO:colcon.colcon_core.shell:Creating prefix script '/home/tora/soft_ws/install/local_setup.zsh'
[5.131s] INFO:colcon.colcon_core.shell:Creating prefix chain script '/home/tora/soft_ws/install/setup.zsh'
