[2.893s] Invoking command in '/home/tora/soft_ws/src/navigation': PYTHONPATH=/home/tora/soft_ws/build/navigation/prefix_override:/usr/lib/python3/dist-packages/colcon_core/task/python/colcon_distutils_commands:/home/tora/soft_ws/install/navigation/lib/python3.10/site-packages:${PYTHONPATH} /usr/bin/python3 -W ignore:setup.py install is deprecated setup.py egg_info --egg-base ../../build/navigation build --build-base /home/tora/soft_ws/build/navigation/build install --record /home/tora/soft_ws/build/navigation/install.log --single-version-externally-managed install_data
[3.169s] running egg_info
[3.170s] writing ../../build/navigation/navigation.egg-info/PKG-INFO
[3.170s] writing dependency_links to ../../build/navigation/navigation.egg-info/dependency_links.txt
[3.170s] writing entry points to ../../build/navigation/navigation.egg-info/entry_points.txt
[3.170s] writing requirements to ../../build/navigation/navigation.egg-info/requires.txt
[3.170s] writing top-level names to ../../build/navigation/navigation.egg-info/top_level.txt
[3.171s] reading manifest file '../../build/navigation/navigation.egg-info/SOURCES.txt'
[3.172s] writing manifest file '../../build/navigation/navigation.egg-info/SOURCES.txt'
[3.172s] running build
[3.172s] running build_py
[3.172s] running install
[3.172s] running install_lib
[3.173s] running install_data
[3.173s] running install_egg_info
[3.175s] removing '/home/tora/soft_ws/install/navigation/lib/python3.10/site-packages/navigation-0.0.0-py3.10.egg-info' (and everything under it)
[3.175s] Copying ../../build/navigation/navigation.egg-info to /home/tora/soft_ws/install/navigation/lib/python3.10/site-packages/navigation-0.0.0-py3.10.egg-info
[3.176s] running install_scripts
[3.193s] writing list of installed files to '/home/tora/soft_ws/build/navigation/install.log'
[3.209s] Invoked command in '/home/tora/soft_ws/src/navigation' returned '0': PYTHONPATH=/home/tora/soft_ws/build/navigation/prefix_override:/usr/lib/python3/dist-packages/colcon_core/task/python/colcon_distutils_commands:/home/tora/soft_ws/install/navigation/lib/python3.10/site-packages:${PYTHONPATH} /usr/bin/python3 -W ignore:setup.py install is deprecated setup.py egg_info --egg-base ../../build/navigation build --build-base /home/tora/soft_ws/build/navigation/build install --record /home/tora/soft_ws/build/navigation/install.log --single-version-externally-managed install_data
