[2.593s] Invoking command in '/home/tora/soft_ws/build/navigation': PYTHONPATH=/home/tora/soft_ws/build/navigation/prefix_override:/usr/lib/python3/dist-packages/colcon_core/task/python/colcon_distutils_commands:/home/tora/soft_ws/install/navigation/lib/python3.10/site-packages:${PYTHONPATH} /usr/bin/python3 -W ignore:setup.py install is deprecated setup.py develop --uninstall --editable --build-directory /home/tora/soft_ws/build/navigation/build
[2.886s] running develop
[3.062s] Removing /home/tora/soft_ws/install/navigation/lib/python3.10/site-packages/navigation.egg-link (link to .)
[3.088s] Invoked command in '/home/tora/soft_ws/build/navigation' returned '0': PYTHONPATH=/home/tora/soft_ws/build/navigation/prefix_override:/usr/lib/python3/dist-packages/colcon_core/task/python/colcon_distutils_commands:/home/tora/soft_ws/install/navigation/lib/python3.10/site-packages:${PYTHONPATH} /usr/bin/python3 -W ignore:setup.py install is deprecated setup.py develop --uninstall --editable --build-directory /home/tora/soft_ws/build/navigation/build
[3.089s] Invoking command in '/home/tora/soft_ws/src/navigation': PYTHONPATH=/home/tora/soft_ws/build/navigation/prefix_override:/usr/lib/python3/dist-packages/colcon_core/task/python/colcon_distutils_commands:/home/tora/soft_ws/install/navigation/lib/python3.10/site-packages:${PYTHONPATH} /usr/bin/python3 -W ignore:setup.py install is deprecated setup.py egg_info --egg-base ../../build/navigation build --build-base /home/tora/soft_ws/build/navigation/build install --record /home/tora/soft_ws/build/navigation/install.log --single-version-externally-managed install_data --force
[3.351s] running egg_info
[3.352s] writing ../../build/navigation/navigation.egg-info/PKG-INFO
[3.352s] writing dependency_links to ../../build/navigation/navigation.egg-info/dependency_links.txt
[3.352s] writing entry points to ../../build/navigation/navigation.egg-info/entry_points.txt
[3.352s] writing requirements to ../../build/navigation/navigation.egg-info/requires.txt
[3.352s] writing top-level names to ../../build/navigation/navigation.egg-info/top_level.txt
[3.353s] reading manifest file '../../build/navigation/navigation.egg-info/SOURCES.txt'
[3.354s] writing manifest file '../../build/navigation/navigation.egg-info/SOURCES.txt'
[3.354s] running build
[3.354s] running build_py
[3.354s] running install
[3.354s] running install_lib
[3.355s] creating /home/tora/soft_ws/install/navigation/lib/python3.10/site-packages/navigation
[3.355s] copying /home/tora/soft_ws/build/navigation/build/lib/navigation/__init__.py -> /home/tora/soft_ws/install/navigation/lib/python3.10/site-packages/navigation
[3.356s] byte-compiling /home/tora/soft_ws/install/navigation/lib/python3.10/site-packages/navigation/__init__.py to __init__.cpython-310.pyc
[3.356s] running install_data
[3.356s] copying resource/navigation -> /home/tora/soft_ws/install/navigation/share/ament_index/resource_index/packages
[3.356s] copying package.xml -> /home/tora/soft_ws/install/navigation/share/navigation
[3.356s] copying launch/navigation.launch.py -> /home/tora/soft_ws/install/navigation/share/navigation/launch
[3.357s] copying params/navigation_params.yaml -> /home/tora/soft_ws/install/navigation/share/navigation/params
[3.358s] running install_egg_info
[3.360s] Copying ../../build/navigation/navigation.egg-info to /home/tora/soft_ws/install/navigation/lib/python3.10/site-packages/navigation-0.0.0-py3.10.egg-info
[3.361s] running install_scripts
[3.379s] writing list of installed files to '/home/tora/soft_ws/build/navigation/install.log'
[3.396s] Invoked command in '/home/tora/soft_ws/src/navigation' returned '0': PYTHONPATH=/home/tora/soft_ws/build/navigation/prefix_override:/usr/lib/python3/dist-packages/colcon_core/task/python/colcon_distutils_commands:/home/tora/soft_ws/install/navigation/lib/python3.10/site-packages:${PYTHONPATH} /usr/bin/python3 -W ignore:setup.py install is deprecated setup.py egg_info --egg-base ../../build/navigation build --build-base /home/tora/soft_ws/build/navigation/build install --record /home/tora/soft_ws/build/navigation/install.log --single-version-externally-managed install_data --force
