[5.064s] Invoking command in '/home/tora/soft_ws/build/navigation': PYTHONPATH=/home/tora/soft_ws/build/navigation/prefix_override:/usr/lib/python3/dist-packages/colcon_core/task/python/colcon_distutils_commands:/home/tora/soft_ws/install/navigation/lib/python3.10/site-packages:${PYTHONPATH} /usr/bin/python3 -W ignore:setup.py install is deprecated -W ignore:easy_install command is deprecated setup.py develop --uninstall --editable --build-directory /home/tora/soft_ws/build/navigation/build
[5.892s] running develop
[6.403s] Removing /home/tora/soft_ws/install/navigation/lib/python3.10/site-packages/navigation.egg-link (link to .)
[6.455s] Invoked command in '/home/tora/soft_ws/build/navigation' returned '0': PYTHONPATH=/home/tora/soft_ws/build/navigation/prefix_override:/usr/lib/python3/dist-packages/colcon_core/task/python/colcon_distutils_commands:/home/tora/soft_ws/install/navigation/lib/python3.10/site-packages:${PYTHONPATH} /usr/bin/python3 -W ignore:setup.py install is deprecated -W ignore:easy_install command is deprecated setup.py develop --uninstall --editable --build-directory /home/tora/soft_ws/build/navigation/build
[6.458s] Invoking command in '/home/tora/soft_ws/src/navigation': PYTHONPATH=/home/tora/soft_ws/build/navigation/prefix_override:/usr/lib/python3/dist-packages/colcon_core/task/python/colcon_distutils_commands:/home/tora/soft_ws/install/navigation/lib/python3.10/site-packages:${PYTHONPATH} /usr/bin/python3 -W ignore:setup.py install is deprecated -W ignore:easy_install command is deprecated setup.py egg_info --egg-base ../../build/navigation build --build-base /home/tora/soft_ws/build/navigation/build install --record /home/tora/soft_ws/build/navigation/install.log --single-version-externally-managed install_data --force
[7.171s] running egg_info
[7.174s] writing ../../build/navigation/navigation.egg-info/PKG-INFO
[7.174s] writing dependency_links to ../../build/navigation/navigation.egg-info/dependency_links.txt
[7.175s] writing entry points to ../../build/navigation/navigation.egg-info/entry_points.txt
[7.175s] writing requirements to ../../build/navigation/navigation.egg-info/requires.txt
[7.175s] writing top-level names to ../../build/navigation/navigation.egg-info/top_level.txt
[7.178s] reading manifest file '../../build/navigation/navigation.egg-info/SOURCES.txt'
[7.179s] writing manifest file '../../build/navigation/navigation.egg-info/SOURCES.txt'
[7.179s] running build
[7.180s] running build_py
[7.180s] running install
[7.180s] running install_lib
[7.182s] creating /home/tora/soft_ws/install/navigation/lib/python3.10/site-packages/navigation
[7.182s] copying /home/tora/soft_ws/build/navigation/build/lib/navigation/__init__.py -> /home/tora/soft_ws/install/navigation/lib/python3.10/site-packages/navigation
[7.185s] byte-compiling /home/tora/soft_ws/install/navigation/lib/python3.10/site-packages/navigation/__init__.py to __init__.cpython-310.pyc
[7.185s] running install_data
[7.185s] copying resource/navigation -> /home/tora/soft_ws/install/navigation/share/ament_index/resource_index/packages
[7.186s] copying package.xml -> /home/tora/soft_ws/install/navigation/share/navigation
[7.186s] copying launch/navigation.launch.py -> /home/tora/soft_ws/install/navigation/share/navigation/launch
[7.186s] copying params/navigation_params.yaml -> /home/tora/soft_ws/install/navigation/share/navigation/params
[7.186s] running install_egg_info
[7.190s] Copying ../../build/navigation/navigation.egg-info to /home/tora/soft_ws/install/navigation/lib/python3.10/site-packages/navigation-0.0.0-py3.10.egg-info
[7.192s] running install_scripts
[7.239s] writing list of installed files to '/home/tora/soft_ws/build/navigation/install.log'
[7.280s] Invoked command in '/home/tora/soft_ws/src/navigation' returned '0': PYTHONPATH=/home/tora/soft_ws/build/navigation/prefix_override:/usr/lib/python3/dist-packages/colcon_core/task/python/colcon_distutils_commands:/home/tora/soft_ws/install/navigation/lib/python3.10/site-packages:${PYTHONPATH} /usr/bin/python3 -W ignore:setup.py install is deprecated -W ignore:easy_install command is deprecated setup.py egg_info --egg-base ../../build/navigation build --build-base /home/tora/soft_ws/build/navigation/build install --record /home/tora/soft_ws/build/navigation/install.log --single-version-externally-managed install_data --force
