[1.131s] Invoking command in '/home/tora/soft_ws/build/realsense_gazebo_plugin': /usr/bin/cmake /home/tora/soft_ws/src/realsense_gazebo_plugin -DCATKIN_INSTALL_INTO_PREFIX_ROOT=0 -DCATKIN_SYMLINK_INSTALL=ON -DCMAKE_INSTALL_PREFIX=/home/tora/soft_ws/install/realsense_gazebo_plugin
[1.610s] -- Found ament_cmake: 1.3.11 (/opt/ros/humble/share/ament_cmake/cmake)
[1.611s] -- Found rclcpp: 16.0.11 (/opt/ros/humble/share/rclcpp/cmake)
[1.611s] -- Found rosidl_generator_c: 3.1.6 (/opt/ros/humble/share/rosidl_generator_c/cmake)
[1.611s] -- Found rosidl_adapter: 3.1.6 (/opt/ros/humble/share/rosidl_adapter/cmake)
[1.611s] -- Found rosidl_generator_cpp: 3.1.6 (/opt/ros/humble/share/rosidl_generator_cpp/cmake)
[1.611s] -- Using all available rosidl_typesupport_c: rosidl_typesupport_microxrcedds_c;rosidl_typesupport_fastrtps_c;rosidl_typesupport_introspection_c
[1.648s] -- Using all available rosidl_typesupport_cpp: rosidl_typesupport_microxrcedds_cpp;rosidl_typesupport_fastrtps_cpp;rosidl_typesupport_introspection_cpp
[1.707s] -- Found rmw_implementation_cmake: 6.1.2 (/opt/ros/humble/share/rmw_implementation_cmake/cmake)
[1.732s] -- Found rmw_cyclonedds_cpp: 1.3.4 (/opt/ros/humble/share/rmw_cyclonedds_cpp/cmake)
[1.772s] -- Using RMW implementation 'rmw_cyclonedds_cpp' as default
[1.820s] -- Found gazebo_ros: 3.7.0 (/opt/ros/humble/share/gazebo_ros/cmake)
[1.862s] -- Found DART: /usr/include (Required is at least version "6.6") found components: dart 
[1.897s] -- Found Protobuf: /usr/lib/x86_64-linux-gnu/libprotobuf.so (found version "3.12.4") 
[1.898s] -- Looking for ignition-math6 -- found version 6.15.1
[1.902s] -- Searching for dependencies of ignition-math6
[1.903s] -- Looking for OGRE...
[1.913s] -- Found Ogre Ghadamon (1.9.0)
[1.913s] -- Found OGRE: optimized;/usr/lib/x86_64-linux-gnu/libOgreMain.so;debug;/usr/lib/x86_64-linux-gnu/libOgreMain.so
[1.922s] -- Looking for OGRE_Paging...
[1.922s] -- Found OGRE_Paging: optimized;/usr/lib/x86_64-linux-gnu/libOgrePaging.so;debug;/usr/lib/x86_64-linux-gnu/libOgrePaging.so
[1.922s] -- Looking for OGRE_Terrain...
[1.922s] -- Found OGRE_Terrain: optimized;/usr/lib/x86_64-linux-gnu/libOgreTerrain.so;debug;/usr/lib/x86_64-linux-gnu/libOgreTerrain.so
[1.922s] -- Looking for OGRE_Property...
[1.922s] -- Found OGRE_Property: optimized;/usr/lib/x86_64-linux-gnu/libOgreProperty.so;debug;/usr/lib/x86_64-linux-gnu/libOgreProperty.so
[1.922s] -- Looking for OGRE_RTShaderSystem...
[1.922s] -- Found OGRE_RTShaderSystem: optimized;/usr/lib/x86_64-linux-gnu/libOgreRTShaderSystem.so;debug;/usr/lib/x86_64-linux-gnu/libOgreRTShaderSystem.so
[1.923s] -- Looking for OGRE_Volume...
[1.923s] -- Found OGRE_Volume: optimized;/usr/lib/x86_64-linux-gnu/libOgreVolume.so;debug;/usr/lib/x86_64-linux-gnu/libOgreVolume.so
[1.923s] -- Looking for OGRE_Overlay...
[1.923s] -- Found OGRE_Overlay: optimized;/usr/lib/x86_64-linux-gnu/libOgreOverlay.so;debug;/usr/lib/x86_64-linux-gnu/libOgreOverlay.so
[2.374s] -- Looking for ignition-math6 -- found version 6.15.1
[2.374s] -- Looking for ignition-transport8 -- found version 8.2.1
[2.374s] -- Searching for dependencies of ignition-transport8
[2.402s] -- Found Protobuf: /usr/lib/x86_64-linux-gnu/libprotobuf.so (found suitable version "3.12.4", minimum required is "3") 
[2.422s] -- Config-file not installed for ZeroMQ -- checking for pkg-config
[2.429s] -- Checking for module 'libzmq >= 4'
[2.475s] --   Found libzmq , version 4.3.4
[2.601s] -- Checking for module 'uuid'
[2.659s] --   Found uuid, version 2.37.2
[2.764s] -- Looking for ignition-msgs5 -- found version 5.8.1
[2.765s] -- Searching for dependencies of ignition-msgs5
[2.801s] -- Looking for ignition-math6 -- found version 6.15.1
[2.813s] -- Checking for module 'tinyxml2'
[2.868s] --   Found tinyxml2, version 9.0.0
[3.003s] -- Looking for ignition-msgs5 -- found version 5.8.1
[3.004s] -- Looking for ignition-common3 -- found version 3.14.0
[3.005s] -- Searching for dependencies of ignition-common3
[3.005s] -- Looking for dlfcn.h - found
[3.005s] -- Looking for libdl - found
[3.046s] -- Searching for <ignition-common3> component [graphics]
[3.046s] -- Looking for ignition-common3-graphics -- found version 3.14.0
[3.047s] -- Searching for dependencies of ignition-common3-graphics
[3.048s] -- Looking for ignition-math6 -- found version 6.15.1
[3.050s] -- Looking for ignition-fuel_tools4 -- found version 4.4.0
[3.051s] -- Searching for dependencies of ignition-fuel_tools4
[3.173s] -- Checking for module 'jsoncpp'
[3.241s] --   Found jsoncpp, version 1.9.5
[3.448s] -- Checking for module 'libzip'
[3.544s] --   Found libzip, version 1.7.3
[3.726s] -- Looking for ignition-common3 -- found version 3.14.0
[3.727s] -- Looking for ignition-math6 -- found version 6.15.1
[3.727s] -- Looking for ignition-msgs5 -- found version 5.8.1
[3.730s] -- Gazebo version: 11.10
[3.732s] -- Found image_transport: 3.1.10 (/opt/ros/humble/share/image_transport/cmake)
[3.865s] -- Found camera_info_manager: 3.1.10 (/opt/ros/humble/share/camera_info_manager/cmake)
[4.214s] -- Found ament_lint_auto: 0.12.11 (/opt/ros/humble/share/ament_lint_auto/cmake)
[4.396s] -- Configuring done
[4.439s] -- Generating done
[4.448s] -- Build files have been written to: /home/tora/soft_ws/build/realsense_gazebo_plugin
[4.472s] Invoked command in '/home/tora/soft_ws/build/realsense_gazebo_plugin' returned '0': /usr/bin/cmake /home/tora/soft_ws/src/realsense_gazebo_plugin -DCATKIN_INSTALL_INTO_PREFIX_ROOT=0 -DCATKIN_SYMLINK_INSTALL=ON -DCMAKE_INSTALL_PREFIX=/home/tora/soft_ws/install/realsense_gazebo_plugin
[4.475s] Invoking command in '/home/tora/soft_ws/build/realsense_gazebo_plugin': /usr/bin/cmake --build /home/tora/soft_ws/build/realsense_gazebo_plugin -- -j16 -l16
[4.722s] [35m[1mConsolidate compiler generated dependencies of target realsense_gazebo_plugin[0m
[4.856s] [100%] Built target realsense_gazebo_plugin
[4.908s] Invoked command in '/home/tora/soft_ws/build/realsense_gazebo_plugin' returned '0': /usr/bin/cmake --build /home/tora/soft_ws/build/realsense_gazebo_plugin -- -j16 -l16
[4.959s] Invoking command in '/home/tora/soft_ws/build/realsense_gazebo_plugin': /usr/bin/cmake --install /home/tora/soft_ws/build/realsense_gazebo_plugin
[5.005s] -- Install configuration: ""
[5.005s] -- Up-to-date: /home/tora/soft_ws/install/realsense_gazebo_plugin/lib/librealsense_gazebo_plugin.so
[5.006s] -- Up-to-date: /home/tora/soft_ws/install/realsense_gazebo_plugin/include/
[5.006s] -- Up-to-date: /home/tora/soft_ws/install/realsense_gazebo_plugin/include//realsense_gazebo_plugin
[5.006s] -- Up-to-date: /home/tora/soft_ws/install/realsense_gazebo_plugin/include//realsense_gazebo_plugin/RealSensePlugin.h
[5.006s] -- Up-to-date: /home/tora/soft_ws/install/realsense_gazebo_plugin/include//realsense_gazebo_plugin/gazebo_ros_realsense.h
[5.006s] -- Up-to-date: /home/tora/soft_ws/install/realsense_gazebo_plugin/share/realsense_gazebo_plugin/environment/library_path.sh
[5.006s] -- Installing: /home/tora/soft_ws/install/realsense_gazebo_plugin/share/realsense_gazebo_plugin/environment/library_path.dsv
[5.006s] -- Up-to-date: /home/tora/soft_ws/install/realsense_gazebo_plugin/share/ament_index/resource_index/package_run_dependencies/realsense_gazebo_plugin
[5.007s] -- Up-to-date: /home/tora/soft_ws/install/realsense_gazebo_plugin/share/ament_index/resource_index/parent_prefix_path/realsense_gazebo_plugin
[5.007s] -- Up-to-date: /home/tora/soft_ws/install/realsense_gazebo_plugin/share/realsense_gazebo_plugin/environment/ament_prefix_path.sh
[5.007s] -- Installing: /home/tora/soft_ws/install/realsense_gazebo_plugin/share/realsense_gazebo_plugin/environment/ament_prefix_path.dsv
[5.007s] -- Up-to-date: /home/tora/soft_ws/install/realsense_gazebo_plugin/share/realsense_gazebo_plugin/environment/path.sh
[5.007s] -- Installing: /home/tora/soft_ws/install/realsense_gazebo_plugin/share/realsense_gazebo_plugin/environment/path.dsv
[5.007s] -- Up-to-date: /home/tora/soft_ws/install/realsense_gazebo_plugin/share/realsense_gazebo_plugin/local_setup.bash
[5.007s] -- Up-to-date: /home/tora/soft_ws/install/realsense_gazebo_plugin/share/realsense_gazebo_plugin/local_setup.sh
[5.007s] -- Up-to-date: /home/tora/soft_ws/install/realsense_gazebo_plugin/share/realsense_gazebo_plugin/local_setup.zsh
[5.007s] -- Installing: /home/tora/soft_ws/install/realsense_gazebo_plugin/share/realsense_gazebo_plugin/local_setup.dsv
[5.007s] -- Installing: /home/tora/soft_ws/install/realsense_gazebo_plugin/share/realsense_gazebo_plugin/package.dsv
[5.008s] -- Up-to-date: /home/tora/soft_ws/install/realsense_gazebo_plugin/share/ament_index/resource_index/packages/realsense_gazebo_plugin
[5.008s] -- Up-to-date: /home/tora/soft_ws/install/realsense_gazebo_plugin/share/realsense_gazebo_plugin/cmake/ament_cmake_export_include_directories-extras.cmake
[5.008s] -- Up-to-date: /home/tora/soft_ws/install/realsense_gazebo_plugin/share/realsense_gazebo_plugin/cmake/ament_cmake_export_libraries-extras.cmake
[5.008s] -- Up-to-date: /home/tora/soft_ws/install/realsense_gazebo_plugin/share/realsense_gazebo_plugin/cmake/realsense_gazebo_pluginConfig.cmake
[5.008s] -- Up-to-date: /home/tora/soft_ws/install/realsense_gazebo_plugin/share/realsense_gazebo_plugin/cmake/realsense_gazebo_pluginConfig-version.cmake
[5.008s] -- Up-to-date: /home/tora/soft_ws/install/realsense_gazebo_plugin/share/realsense_gazebo_plugin/package.xml
[5.011s] Invoked command in '/home/tora/soft_ws/build/realsense_gazebo_plugin' returned '0': /usr/bin/cmake --install /home/tora/soft_ws/build/realsense_gazebo_plugin
