[2.828s] Invoking command in '/home/tora/soft_ws/build/visual_odom': PYTHONPATH=/home/tora/soft_ws/build/visual_odom/prefix_override:/usr/lib/python3/dist-packages/colcon_core/task/python/colcon_distutils_commands:/home/tora/soft_ws/install/visual_odom/lib/python3.10/site-packages:${PYTHONPATH} /usr/bin/python3 -W ignore:setup.py install is deprecated -W ignore:easy_install command is deprecated setup.py develop --uninstall --editable --build-directory /home/tora/soft_ws/build/visual_odom/build
[3.117s] running develop
[3.278s] Removing /home/tora/soft_ws/install/visual_odom/lib/python3.10/site-packages/visual-odom.egg-link (link to .)
[3.297s] Invoked command in '/home/tora/soft_ws/build/visual_odom' returned '0': PYTHONPATH=/home/tora/soft_ws/build/visual_odom/prefix_override:/usr/lib/python3/dist-packages/colcon_core/task/python/colcon_distutils_commands:/home/tora/soft_ws/install/visual_odom/lib/python3.10/site-packages:${PYTHONPATH} /usr/bin/python3 -W ignore:setup.py install is deprecated -W ignore:easy_install command is deprecated setup.py develop --uninstall --editable --build-directory /home/tora/soft_ws/build/visual_odom/build
[3.299s] Invoking command in '/home/tora/soft_ws/src/visual_odom': PYTHONPATH=/home/tora/soft_ws/build/visual_odom/prefix_override:/usr/lib/python3/dist-packages/colcon_core/task/python/colcon_distutils_commands:/home/tora/soft_ws/install/visual_odom/lib/python3.10/site-packages:${PYTHONPATH} /usr/bin/python3 -W ignore:setup.py install is deprecated -W ignore:easy_install command is deprecated setup.py egg_info --egg-base ../../build/visual_odom build --build-base /home/tora/soft_ws/build/visual_odom/build install --record /home/tora/soft_ws/build/visual_odom/install.log --single-version-externally-managed install_data --force
[3.564s] running egg_info
[3.565s] writing ../../build/visual_odom/visual_odom.egg-info/PKG-INFO
[3.565s] writing dependency_links to ../../build/visual_odom/visual_odom.egg-info/dependency_links.txt
[3.565s] writing entry points to ../../build/visual_odom/visual_odom.egg-info/entry_points.txt
[3.565s] writing requirements to ../../build/visual_odom/visual_odom.egg-info/requires.txt
[3.565s] writing top-level names to ../../build/visual_odom/visual_odom.egg-info/top_level.txt
[3.566s] reading manifest file '../../build/visual_odom/visual_odom.egg-info/SOURCES.txt'
[3.567s] writing manifest file '../../build/visual_odom/visual_odom.egg-info/SOURCES.txt'
[3.567s] running build
[3.567s] running build_py
[3.567s] running install
[3.567s] running install_lib
[3.568s] creating /home/tora/soft_ws/install/visual_odom/lib/python3.10/site-packages/visual_odom
[3.568s] copying /home/tora/soft_ws/build/visual_odom/build/lib/visual_odom/__init__.py -> /home/tora/soft_ws/install/visual_odom/lib/python3.10/site-packages/visual_odom
[3.569s] byte-compiling /home/tora/soft_ws/install/visual_odom/lib/python3.10/site-packages/visual_odom/__init__.py to __init__.cpython-310.pyc
[3.569s] running install_data
[3.569s] copying resource/visual_odom -> /home/tora/soft_ws/install/visual_odom/share/ament_index/resource_index/packages
[3.569s] copying package.xml -> /home/tora/soft_ws/install/visual_odom/share/visual_odom
[3.569s] copying launch/visual_odom.launch.xml -> /home/tora/soft_ws/install/visual_odom/share/visual_odom/launch
[3.569s] copying launch/gazebo_navigation.launch.py -> /home/tora/soft_ws/install/visual_odom/share/visual_odom/launch
[3.570s] copying launch/stereo_slam.launch.py -> /home/tora/soft_ws/install/visual_odom/share/visual_odom/launch
[3.570s] running install_egg_info
[3.572s] Copying ../../build/visual_odom/visual_odom.egg-info to /home/tora/soft_ws/install/visual_odom/lib/python3.10/site-packages/visual_odom-0.0.0-py3.10.egg-info
[3.572s] running install_scripts
[3.590s] writing list of installed files to '/home/tora/soft_ws/build/visual_odom/install.log'
[3.606s] Invoked command in '/home/tora/soft_ws/src/visual_odom' returned '0': PYTHONPATH=/home/tora/soft_ws/build/visual_odom/prefix_override:/usr/lib/python3/dist-packages/colcon_core/task/python/colcon_distutils_commands:/home/tora/soft_ws/install/visual_odom/lib/python3.10/site-packages:${PYTHONPATH} /usr/bin/python3 -W ignore:setup.py install is deprecated -W ignore:easy_install command is deprecated setup.py egg_info --egg-base ../../build/visual_odom build --build-base /home/tora/soft_ws/build/visual_odom/build install --record /home/tora/soft_ws/build/visual_odom/install.log --single-version-externally-managed install_data --force
