[2.565s] Invoking command in '/home/tora/soft_ws/build/controller': PYTHONPATH=/home/tora/soft_ws/build/controller/prefix_override:/usr/lib/python3/dist-packages/colcon_core/task/python/colcon_distutils_commands:/home/tora/soft_ws/install/controller/lib/python3.10/site-packages:${PYTHONPATH} /usr/bin/python3 -W ignore:setup.py install is deprecated -W ignore:easy_install command is deprecated setup.py develop --editable --build-directory /home/tora/soft_ws/build/controller/build --no-deps symlink_data --force
[2.849s] running develop
[3.040s] running egg_info
[3.040s] writing controller.egg-info/PKG-INFO
[3.041s] writing dependency_links to controller.egg-info/dependency_links.txt
[3.041s] writing entry points to controller.egg-info/entry_points.txt
[3.041s] writing requirements to controller.egg-info/requires.txt
[3.041s] writing top-level names to controller.egg-info/top_level.txt
[3.042s] reading manifest file 'controller.egg-info/SOURCES.txt'
[3.043s] writing manifest file 'controller.egg-info/SOURCES.txt'
[3.045s] running build_ext
[3.045s] Creating /home/tora/soft_ws/install/controller/lib/python3.10/site-packages/controller.egg-link (link to .)
[3.046s] Installing odom_calc script to /home/tora/soft_ws/install/controller/lib/controller
[3.046s] Installing rover script to /home/tora/soft_ws/install/controller/lib/controller
[3.046s] Installing teleop_joy_control script to /home/tora/soft_ws/install/controller/lib/controller
[3.046s] Installing wheel_ctl_serial_master script to /home/tora/soft_ws/install/controller/lib/controller
[3.046s] 
[3.046s] Installed /home/tora/soft_ws/build/controller
[3.046s] running symlink_data
[3.046s] symbolically linking /home/tora/soft_ws/build/controller/resource/controller -> /home/tora/soft_ws/install/controller/share/ament_index/resource_index/packages
[3.046s] symbolically linking /home/tora/soft_ws/build/controller/package.xml -> /home/tora/soft_ws/install/controller/share/controller
[3.046s] symbolically linking /home/tora/soft_ws/build/controller/launch/simple_run.launch.xml -> /home/tora/soft_ws/install/controller/share/controller/launch
[3.070s] Invoked command in '/home/tora/soft_ws/build/controller' returned '0': PYTHONPATH=/home/tora/soft_ws/build/controller/prefix_override:/usr/lib/python3/dist-packages/colcon_core/task/python/colcon_distutils_commands:/home/tora/soft_ws/install/controller/lib/python3.10/site-packages:${PYTHONPATH} /usr/bin/python3 -W ignore:setup.py install is deprecated -W ignore:easy_install command is deprecated setup.py develop --editable --build-directory /home/tora/soft_ws/build/controller/build --no-deps symlink_data --force
