[2.739s] Invoking command in '/home/tora/soft_ws/src/controller': PYTHONPATH=/home/tora/soft_ws/build/controller/prefix_override:/usr/lib/python3/dist-packages/colcon_core/task/python/colcon_distutils_commands:/home/tora/soft_ws/install/controller/lib/python3.10/site-packages:${PYTHONPATH} /usr/bin/python3 -W ignore:setup.py install is deprecated setup.py egg_info --egg-base ../../build/controller build --build-base /home/tora/soft_ws/build/controller/build install --record /home/tora/soft_ws/build/controller/install.log --single-version-externally-managed install_data
[3.070s] running egg_info
[3.071s] writing ../../build/controller/controller.egg-info/PKG-INFO
[3.071s] writing dependency_links to ../../build/controller/controller.egg-info/dependency_links.txt
[3.071s] writing entry points to ../../build/controller/controller.egg-info/entry_points.txt
[3.071s] writing requirements to ../../build/controller/controller.egg-info/requires.txt
[3.072s] writing top-level names to ../../build/controller/controller.egg-info/top_level.txt
[3.073s] reading manifest file '../../build/controller/controller.egg-info/SOURCES.txt'
[3.074s] writing manifest file '../../build/controller/controller.egg-info/SOURCES.txt'
[3.074s] running build
[3.074s] running build_py
[3.074s] running install
[3.075s] running install_lib
[3.077s] running install_data
[3.077s] running install_egg_info
[3.079s] removing '/home/tora/soft_ws/install/controller/lib/python3.10/site-packages/controller-0.0.0-py3.10.egg-info' (and everything under it)
[3.079s] Copying ../../build/controller/controller.egg-info to /home/tora/soft_ws/install/controller/lib/python3.10/site-packages/controller-0.0.0-py3.10.egg-info
[3.080s] running install_scripts
[3.105s] Installing odom_calc script to /home/tora/soft_ws/install/controller/lib/controller
[3.105s] Installing rover script to /home/tora/soft_ws/install/controller/lib/controller
[3.105s] Installing teleop_joy_control script to /home/tora/soft_ws/install/controller/lib/controller
[3.106s] Installing wheel_ctl_serial_master script to /home/tora/soft_ws/install/controller/lib/controller
[3.106s] writing list of installed files to '/home/tora/soft_ws/build/controller/install.log'
