[3.150s] Invoking command in '/home/tora/soft_ws/build/controller': PYTHONPATH=/home/tora/soft_ws/build/controller/prefix_override:/usr/lib/python3/dist-packages/colcon_core/task/python/colcon_distutils_commands:/home/tora/soft_ws/install/controller/lib/python3.10/site-packages:${PYTHONPATH} /usr/bin/python3 -W ignore:setup.py install is deprecated setup.py develop --editable --build-directory /home/tora/soft_ws/build/controller/build --no-deps symlink_data
[3.462s] running develop
[3.641s] running egg_info
[3.641s] writing controller.egg-info/PKG-INFO
[3.641s] writing dependency_links to controller.egg-info/dependency_links.txt
[3.641s] writing entry points to controller.egg-info/entry_points.txt
[3.642s] writing requirements to controller.egg-info/requires.txt
[3.642s] writing top-level names to controller.egg-info/top_level.txt
[3.643s] reading manifest file 'controller.egg-info/SOURCES.txt'
[3.644s] writing manifest file 'controller.egg-info/SOURCES.txt'
[3.646s] running build_ext
[3.646s] Creating /home/tora/soft_ws/install/controller/lib/python3.10/site-packages/controller.egg-link (link to .)
[3.646s] Installing odom_calc script to /home/tora/soft_ws/install/controller/lib/controller
[3.646s] Installing rover script to /home/tora/soft_ws/install/controller/lib/controller
[3.646s] Installing teleop_joy_control script to /home/tora/soft_ws/install/controller/lib/controller
[3.646s] Installing wheel_ctl_serial_master script to /home/tora/soft_ws/install/controller/lib/controller
[3.647s] 
[3.647s] Installed /home/tora/soft_ws/build/controller
[3.647s] running symlink_data
[3.667s] Invoked command in '/home/tora/soft_ws/build/controller' returned '0': PYTHONPATH=/home/tora/soft_ws/build/controller/prefix_override:/usr/lib/python3/dist-packages/colcon_core/task/python/colcon_distutils_commands:/home/tora/soft_ws/install/controller/lib/python3.10/site-packages:${PYTHONPATH} /usr/bin/python3 -W ignore:setup.py install is deprecated setup.py develop --editable --build-directory /home/tora/soft_ws/build/controller/build --no-deps symlink_data
