[2.613s] Invoking command in '/home/tora/soft_ws/src/navigation': PYTHONPATH=/home/tora/soft_ws/build/navigation/prefix_override:/usr/lib/python3/dist-packages/colcon_core/task/python/colcon_distutils_commands:/home/tora/soft_ws/install/navigation/lib/python3.10/site-packages:${PYTHONPATH} /usr/bin/python3 -W ignore:setup.py install is deprecated setup.py egg_info --egg-base ../../build/navigation build --build-base /home/tora/soft_ws/build/navigation/build install --record /home/tora/soft_ws/build/navigation/install.log --single-version-externally-managed install_data
[2.874s] running egg_info
[2.875s] creating ../../build/navigation/navigation.egg-info
[2.875s] writing ../../build/navigation/navigation.egg-info/PKG-INFO
[2.875s] writing dependency_links to ../../build/navigation/navigation.egg-info/dependency_links.txt
[2.875s] writing entry points to ../../build/navigation/navigation.egg-info/entry_points.txt
[2.875s] writing requirements to ../../build/navigation/navigation.egg-info/requires.txt
[2.875s] writing top-level names to ../../build/navigation/navigation.egg-info/top_level.txt
[2.875s] writing manifest file '../../build/navigation/navigation.egg-info/SOURCES.txt'
[2.876s] reading manifest file '../../build/navigation/navigation.egg-info/SOURCES.txt'
[2.876s] writing manifest file '../../build/navigation/navigation.egg-info/SOURCES.txt'
[2.876s] running build
[2.876s] running build_py
[2.877s] creating /home/tora/soft_ws/build/navigation/build
[2.877s] creating /home/tora/soft_ws/build/navigation/build/lib
[2.877s] creating /home/tora/soft_ws/build/navigation/build/lib/navigation
[2.877s] copying navigation/__init__.py -> /home/tora/soft_ws/build/navigation/build/lib/navigation
[2.877s] running install
[2.877s] running install_lib
[2.877s] creating /home/tora/soft_ws/install/navigation/lib/python3.10/site-packages/navigation
[2.877s] copying /home/tora/soft_ws/build/navigation/build/lib/navigation/__init__.py -> /home/tora/soft_ws/install/navigation/lib/python3.10/site-packages/navigation
[2.878s] byte-compiling /home/tora/soft_ws/install/navigation/lib/python3.10/site-packages/navigation/__init__.py to __init__.cpython-310.pyc
[2.878s] running install_data
[2.878s] creating /home/tora/soft_ws/install/navigation/share/ament_index
[2.879s] creating /home/tora/soft_ws/install/navigation/share/ament_index/resource_index
[2.879s] creating /home/tora/soft_ws/install/navigation/share/ament_index/resource_index/packages
[2.879s] copying resource/navigation -> /home/tora/soft_ws/install/navigation/share/ament_index/resource_index/packages
[2.879s] copying package.xml -> /home/tora/soft_ws/install/navigation/share/navigation
[2.879s] creating /home/tora/soft_ws/install/navigation/share/navigation/launch
[2.879s] copying launch/navigation.launch.py -> /home/tora/soft_ws/install/navigation/share/navigation/launch
[2.879s] creating /home/tora/soft_ws/install/navigation/share/navigation/params
[2.879s] copying params/navigation_params.yaml -> /home/tora/soft_ws/install/navigation/share/navigation/params
[2.879s] running install_egg_info
[2.880s] Copying ../../build/navigation/navigation.egg-info to /home/tora/soft_ws/install/navigation/lib/python3.10/site-packages/navigation-0.0.0-py3.10.egg-info
[2.882s] running install_scripts
[2.898s] writing list of installed files to '/home/tora/soft_ws/build/navigation/install.log'
[2.913s] Invoked command in '/home/tora/soft_ws/src/navigation' returned '0': PYTHONPATH=/home/tora/soft_ws/build/navigation/prefix_override:/usr/lib/python3/dist-packages/colcon_core/task/python/colcon_distutils_commands:/home/tora/soft_ws/install/navigation/lib/python3.10/site-packages:${PYTHONPATH} /usr/bin/python3 -W ignore:setup.py install is deprecated setup.py egg_info --egg-base ../../build/navigation build --build-base /home/tora/soft_ws/build/navigation/build install --record /home/tora/soft_ws/build/navigation/install.log --single-version-externally-managed install_data
