[8.644s] Invoking command in '/home/tora/soft_ws/build/controller': PYTHONPATH=/home/tora/soft_ws/build/controller/prefix_override:/usr/lib/python3/dist-packages/colcon_core/task/python/colcon_distutils_commands:/home/tora/soft_ws/install/controller/lib/python3.10/site-packages:${PYTHONPATH} /usr/bin/python3 -W ignore:setup.py install is deprecated -W ignore:easy_install command is deprecated setup.py develop --editable --build-directory /home/tora/soft_ws/build/controller/build --no-deps symlink_data --force
[10.084s] running develop
[10.940s] running egg_info
[10.940s] writing controller.egg-info/PKG-INFO
[10.941s] writing dependency_links to controller.egg-info/dependency_links.txt
[10.941s] writing entry points to controller.egg-info/entry_points.txt
[10.941s] writing requirements to controller.egg-info/requires.txt
[10.942s] writing top-level names to controller.egg-info/top_level.txt
[10.948s] reading manifest file 'controller.egg-info/SOURCES.txt'
[10.950s] writing manifest file 'controller.egg-info/SOURCES.txt'
[10.959s] running build_ext
[10.960s] Creating /home/tora/soft_ws/install/controller/lib/python3.10/site-packages/controller.egg-link (link to .)
[10.962s] Installing odom_calc script to /home/tora/soft_ws/install/controller/lib/controller
[10.963s] Installing rover script to /home/tora/soft_ws/install/controller/lib/controller
[10.963s] Installing teleop_joy_control script to /home/tora/soft_ws/install/controller/lib/controller
[10.963s] Installing wheel_ctl_serial_master script to /home/tora/soft_ws/install/controller/lib/controller
[10.964s] 
[10.964s] Installed /home/tora/soft_ws/build/controller
[10.964s] running symlink_data
[10.965s] symbolically linking /home/tora/soft_ws/build/controller/resource/controller -> /home/tora/soft_ws/install/controller/share/ament_index/resource_index/packages
[10.965s] symbolically linking /home/tora/soft_ws/build/controller/package.xml -> /home/tora/soft_ws/install/controller/share/controller
[10.965s] symbolically linking /home/tora/soft_ws/build/controller/launch/simple_run.launch.xml -> /home/tora/soft_ws/install/controller/share/controller/launch
[11.078s] Invoked command in '/home/tora/soft_ws/build/controller' returned '0': PYTHONPATH=/home/tora/soft_ws/build/controller/prefix_override:/usr/lib/python3/dist-packages/colcon_core/task/python/colcon_distutils_commands:/home/tora/soft_ws/install/controller/lib/python3.10/site-packages:${PYTHONPATH} /usr/bin/python3 -W ignore:setup.py install is deprecated -W ignore:easy_install command is deprecated setup.py develop --editable --build-directory /home/tora/soft_ws/build/controller/build --no-deps symlink_data --force
