/home/tora/soft_ws/install/rover_description/lib/python3.10/site-packages/rover_description/__init__.py
/home/tora/soft_ws/install/rover_description/lib/python3.10/site-packages/rover_description/__pycache__/__init__.cpython-310.pyc
/home/tora/soft_ws/install/rover_description/share/ament_index/resource_index/packages/rover_description
/home/tora/soft_ws/install/rover_description/share/rover_description/package.xml
/home/tora/soft_ws/install/rover_description/share/rover_description/launch/nav2_rviz.launch.py
/home/tora/soft_ws/install/rover_description/share/rover_description/launch/display.launch.py
/home/tora/soft_ws/install/rover_description/share/rover_description/launch/gazebo_world.launch.py
/home/tora/soft_ws/install/rover_description/share/rover_description/urdf/rover.trans
/home/tora/soft_ws/install/rover_description/share/rover_description/urdf/materials.xacro
/home/tora/soft_ws/install/rover_description/share/rover_description/urdf/rover_description.xacro
/home/tora/soft_ws/install/rover_description/share/rover_description/urdf/diff_control.xacro
/home/tora/soft_ws/install/rover_description/share/rover_description/urdf/stereo.gazebo.xacro
/home/tora/soft_ws/install/rover_description/share/rover_description/urdf/realsense.urdf
/home/tora/soft_ws/install/rover_description/share/rover_description/urdf/rover.xacro
/home/tora/soft_ws/install/rover_description/share/rover_description/urdf/stereo.urdf.xacro
/home/tora/soft_ws/install/rover_description/share/rover_description/urdf/rover_camera.xacro
/home/tora/soft_ws/install/rover_description/share/rover_description/meshes/chassis_left_1.stl
/home/tora/soft_ws/install/rover_description/share/rover_description/meshes/d435.dae
/home/tora/soft_ws/install/rover_description/share/rover_description/meshes/wheel_right_front_1.stl
/home/tora/soft_ws/install/rover_description/share/rover_description/meshes/wheel_right_back_1.stl
/home/tora/soft_ws/install/rover_description/share/rover_description/meshes/chassis_right_1.stl
/home/tora/soft_ws/install/rover_description/share/rover_description/meshes/base_link.stl
/home/tora/soft_ws/install/rover_description/share/rover_description/meshes/wheel_left_front_1.stl
/home/tora/soft_ws/install/rover_description/share/rover_description/meshes/wheel_left_back_1.stl
/home/tora/soft_ws/install/rover_description/share/rover_description/config/display.rviz
/home/tora/soft_ws/install/rover_description/share/rover_description/config/diff_robot.yaml
/home/tora/soft_ws/install/rover_description/share/rover_description/config/rover_nav2.rviz
/home/tora/soft_ws/install/rover_description/share/rover_description/world/display.world
/home/tora/soft_ws/install/rover_description/share/rover_description/models
/home/tora/soft_ws/install/rover_description/lib/python3.10/site-packages/rover_description-0.0.0-py3.10.egg-info/requires.txt
/home/tora/soft_ws/install/rover_description/lib/python3.10/site-packages/rover_description-0.0.0-py3.10.egg-info/dependency_links.txt
/home/tora/soft_ws/install/rover_description/lib/python3.10/site-packages/rover_description-0.0.0-py3.10.egg-info/top_level.txt
/home/tora/soft_ws/install/rover_description/lib/python3.10/site-packages/rover_description-0.0.0-py3.10.egg-info/SOURCES.txt
/home/tora/soft_ws/install/rover_description/lib/python3.10/site-packages/rover_description-0.0.0-py3.10.egg-info/zip-safe
/home/tora/soft_ws/install/rover_description/lib/python3.10/site-packages/rover_description-0.0.0-py3.10.egg-info/entry_points.txt
/home/tora/soft_ws/install/rover_description/lib/python3.10/site-packages/rover_description-0.0.0-py3.10.egg-info/PKG-INFO
