[0.150s] DEBUG:colcon:Command line arguments: ['/usr/bin/colcon', 'build']
[0.150s] DEBUG:colcon:Parsed command line arguments: Namespace(log_base=None, log_level=None, verb_name='build', build_base='build', install_base='install', merge_install=False, symlink_install=False, test_result_base=None, continue_on_error=False, executor='parallel', parallel_workers=16, event_handlers=None, ignore_user_meta=False, metas=['./colcon.meta'], base_paths=['.'], packages_ignore=None, packages_ignore_regex=None, paths=None, packages_up_to=None, packages_up_to_regex=None, packages_above=None, packages_above_and_dependencies=None, packages_above_depth=None, packages_select_by_dep=None, packages_skip_by_dep=None, packages_skip_up_to=None, packages_select_build_failed=False, packages_skip_build_finished=False, packages_select_test_failures=False, packages_skip_test_passed=False, packages_select=None, packages_skip=None, packages_select_regex=None, packages_skip_regex=None, packages_start=None, packages_end=None, allow_overriding=[], cmake_args=None, cmake_target=None, cmake_target_skip_unavailable=False, cmake_clean_cache=False, cmake_clean_first=False, cmake_force_configure=False, ament_cmake_args=None, catkin_cmake_args=None, catkin_skip_building_tests=False, mixin_files=None, mixin=None, verb_parser=<colcon_mixin.mixin.mixin_argument.MixinArgumentDecorator object at 0x7747c87cace0>, verb_extension=<colcon_core.verb.build.BuildVerb object at 0x7747c877c220>, main=<bound method BuildVerb.main of <colcon_core.verb.build.BuildVerb object at 0x7747c877c220>>, mixin_verb=('build',))
[0.424s] Level 1:colcon.colcon_core.package_discovery:discover_packages(colcon_meta) check parameters
[0.424s] Level 1:colcon.colcon_core.package_discovery:discover_packages(recursive) check parameters
[0.424s] Level 1:colcon.colcon_core.package_discovery:discover_packages(ignore) check parameters
[0.424s] Level 1:colcon.colcon_core.package_discovery:discover_packages(path) check parameters
[0.424s] Level 1:colcon.colcon_core.package_discovery:discover_packages(colcon_meta) discover
[0.424s] Level 1:colcon.colcon_core.package_discovery:discover_packages(recursive) discover
[0.425s] INFO:colcon.colcon_core.package_discovery:Crawling recursively for packages in '/home/tora/soft_ws'
[0.425s] Level 1:colcon.colcon_core.package_identification:_identify(.) by extensions ['ignore', 'ignore_ament_install']
[0.425s] Level 1:colcon.colcon_core.package_identification:_identify(.) by extension 'ignore'
[0.425s] Level 1:colcon.colcon_core.package_identification:_identify(.) by extension 'ignore_ament_install'
[0.425s] Level 1:colcon.colcon_core.package_identification:_identify(.) by extensions ['colcon_pkg']
[0.425s] Level 1:colcon.colcon_core.package_identification:_identify(.) by extension 'colcon_pkg'
[0.425s] Level 1:colcon.colcon_core.package_identification:_identify(.) by extensions ['colcon_meta']
[0.425s] Level 1:colcon.colcon_core.package_identification:_identify(.) by extension 'colcon_meta'
[0.425s] Level 1:colcon.colcon_core.package_identification:_identify(.) by extensions ['ros']
[0.425s] Level 1:colcon.colcon_core.package_identification:_identify(.) by extension 'ros'
[0.436s] Level 1:colcon.colcon_core.package_identification:_identify(.) by extensions ['cmake', 'python']
[0.436s] Level 1:colcon.colcon_core.package_identification:_identify(.) by extension 'cmake'
[0.436s] Level 1:colcon.colcon_core.package_identification:_identify(.) by extension 'python'
[0.436s] Level 1:colcon.colcon_core.package_identification:_identify(.) by extensions ['python_setup_py']
[0.436s] Level 1:colcon.colcon_core.package_identification:_identify(.) by extension 'python_setup_py'
[0.436s] Level 1:colcon.colcon_core.package_identification:_identify(build) by extensions ['ignore', 'ignore_ament_install']
[0.437s] Level 1:colcon.colcon_core.package_identification:_identify(build) by extension 'ignore'
[0.437s] Level 1:colcon.colcon_core.package_identification:_identify(build) ignored
[0.437s] Level 1:colcon.colcon_core.package_identification:_identify(install) by extensions ['ignore', 'ignore_ament_install']
[0.437s] Level 1:colcon.colcon_core.package_identification:_identify(install) by extension 'ignore'
[0.437s] Level 1:colcon.colcon_core.package_identification:_identify(install) ignored
[0.437s] Level 1:colcon.colcon_core.package_identification:_identify(log) by extensions ['ignore', 'ignore_ament_install']
[0.437s] Level 1:colcon.colcon_core.package_identification:_identify(log) by extension 'ignore'
[0.437s] Level 1:colcon.colcon_core.package_identification:_identify(log) ignored
[0.437s] Level 1:colcon.colcon_core.package_identification:_identify(src) by extensions ['ignore', 'ignore_ament_install']
[0.437s] Level 1:colcon.colcon_core.package_identification:_identify(src) by extension 'ignore'
[0.437s] Level 1:colcon.colcon_core.package_identification:_identify(src) by extension 'ignore_ament_install'
[0.437s] Level 1:colcon.colcon_core.package_identification:_identify(src) by extensions ['colcon_pkg']
[0.437s] Level 1:colcon.colcon_core.package_identification:_identify(src) by extension 'colcon_pkg'
[0.437s] Level 1:colcon.colcon_core.package_identification:_identify(src) by extensions ['colcon_meta']
[0.437s] Level 1:colcon.colcon_core.package_identification:_identify(src) by extension 'colcon_meta'
[0.437s] Level 1:colcon.colcon_core.package_identification:_identify(src) by extensions ['ros']
[0.437s] Level 1:colcon.colcon_core.package_identification:_identify(src) by extension 'ros'
[0.437s] Level 1:colcon.colcon_core.package_identification:_identify(src) by extensions ['cmake', 'python']
[0.437s] Level 1:colcon.colcon_core.package_identification:_identify(src) by extension 'cmake'
[0.438s] Level 1:colcon.colcon_core.package_identification:_identify(src) by extension 'python'
[0.438s] Level 1:colcon.colcon_core.package_identification:_identify(src) by extensions ['python_setup_py']
[0.438s] Level 1:colcon.colcon_core.package_identification:_identify(src) by extension 'python_setup_py'
[0.438s] Level 1:colcon.colcon_core.package_identification:_identify(src/controller) by extensions ['ignore', 'ignore_ament_install']
[0.438s] Level 1:colcon.colcon_core.package_identification:_identify(src/controller) by extension 'ignore'
[0.438s] Level 1:colcon.colcon_core.package_identification:_identify(src/controller) by extension 'ignore_ament_install'
[0.438s] Level 1:colcon.colcon_core.package_identification:_identify(src/controller) by extensions ['colcon_pkg']
[0.438s] Level 1:colcon.colcon_core.package_identification:_identify(src/controller) by extension 'colcon_pkg'
[0.438s] Level 1:colcon.colcon_core.package_identification:_identify(src/controller) by extensions ['colcon_meta']
[0.438s] Level 1:colcon.colcon_core.package_identification:_identify(src/controller) by extension 'colcon_meta'
[0.438s] Level 1:colcon.colcon_core.package_identification:_identify(src/controller) by extensions ['ros']
[0.438s] Level 1:colcon.colcon_core.package_identification:_identify(src/controller) by extension 'ros'
[0.440s] DEBUG:colcon.colcon_core.package_identification:Package 'src/controller' with type 'ros.ament_python' and name 'controller'
[0.440s] Level 1:colcon.colcon_core.package_identification:_identify(src/navigation) by extensions ['ignore', 'ignore_ament_install']
[0.440s] Level 1:colcon.colcon_core.package_identification:_identify(src/navigation) by extension 'ignore'
[0.440s] Level 1:colcon.colcon_core.package_identification:_identify(src/navigation) by extension 'ignore_ament_install'
[0.440s] Level 1:colcon.colcon_core.package_identification:_identify(src/navigation) by extensions ['colcon_pkg']
[0.440s] Level 1:colcon.colcon_core.package_identification:_identify(src/navigation) by extension 'colcon_pkg'
[0.440s] Level 1:colcon.colcon_core.package_identification:_identify(src/navigation) by extensions ['colcon_meta']
[0.441s] Level 1:colcon.colcon_core.package_identification:_identify(src/navigation) by extension 'colcon_meta'
[0.441s] Level 1:colcon.colcon_core.package_identification:_identify(src/navigation) by extensions ['ros']
[0.441s] Level 1:colcon.colcon_core.package_identification:_identify(src/navigation) by extension 'ros'
[0.441s] DEBUG:colcon.colcon_core.package_identification:Package 'src/navigation' with type 'ros.ament_python' and name 'navigation'
[0.441s] Level 1:colcon.colcon_core.package_identification:_identify(src/rover_description) by extensions ['ignore', 'ignore_ament_install']
[0.441s] Level 1:colcon.colcon_core.package_identification:_identify(src/rover_description) by extension 'ignore'
[0.441s] Level 1:colcon.colcon_core.package_identification:_identify(src/rover_description) by extension 'ignore_ament_install'
[0.441s] Level 1:colcon.colcon_core.package_identification:_identify(src/rover_description) by extensions ['colcon_pkg']
[0.441s] Level 1:colcon.colcon_core.package_identification:_identify(src/rover_description) by extension 'colcon_pkg'
[0.441s] Level 1:colcon.colcon_core.package_identification:_identify(src/rover_description) by extensions ['colcon_meta']
[0.441s] Level 1:colcon.colcon_core.package_identification:_identify(src/rover_description) by extension 'colcon_meta'
[0.441s] Level 1:colcon.colcon_core.package_identification:_identify(src/rover_description) by extensions ['ros']
[0.442s] Level 1:colcon.colcon_core.package_identification:_identify(src/rover_description) by extension 'ros'
[0.442s] DEBUG:colcon.colcon_core.package_identification:Package 'src/rover_description' with type 'ros.ament_python' and name 'rover_description'
[0.442s] Level 1:colcon.colcon_core.package_identification:_identify(src/visual_odom) by extensions ['ignore', 'ignore_ament_install']
[0.442s] Level 1:colcon.colcon_core.package_identification:_identify(src/visual_odom) by extension 'ignore'
[0.443s] Level 1:colcon.colcon_core.package_identification:_identify(src/visual_odom) by extension 'ignore_ament_install'
[0.443s] Level 1:colcon.colcon_core.package_identification:_identify(src/visual_odom) by extensions ['colcon_pkg']
[0.443s] Level 1:colcon.colcon_core.package_identification:_identify(src/visual_odom) by extension 'colcon_pkg'
[0.443s] Level 1:colcon.colcon_core.package_identification:_identify(src/visual_odom) by extensions ['colcon_meta']
[0.443s] Level 1:colcon.colcon_core.package_identification:_identify(src/visual_odom) by extension 'colcon_meta'
[0.443s] Level 1:colcon.colcon_core.package_identification:_identify(src/visual_odom) by extensions ['ros']
[0.443s] Level 1:colcon.colcon_core.package_identification:_identify(src/visual_odom) by extension 'ros'
[0.443s] DEBUG:colcon.colcon_core.package_identification:Package 'src/visual_odom' with type 'ros.ament_python' and name 'visual_odom'
[0.443s] Level 1:colcon.colcon_core.package_discovery:discover_packages(recursive) using defaults
[0.443s] Level 1:colcon.colcon_core.package_discovery:discover_packages(ignore) discover
[0.443s] Level 1:colcon.colcon_core.package_discovery:discover_packages(ignore) using defaults
[0.443s] Level 1:colcon.colcon_core.package_discovery:discover_packages(path) discover
[0.443s] Level 1:colcon.colcon_core.package_discovery:discover_packages(path) using defaults
[0.471s] Level 1:colcon.colcon_core.package_discovery:discover_packages(prefix_path) check parameters
[0.471s] Level 1:colcon.colcon_core.package_discovery:discover_packages(prefix_path) discover
[0.483s] DEBUG:colcon.colcon_installed_package_information.package_discovery:Found 4 installed packages in /home/tora/soft_ws/install
[0.483s] DEBUG:colcon.colcon_installed_package_information.package_discovery:Found 4 installed packages in /home/tora/realsense_ws/install
[0.484s] DEBUG:colcon.colcon_installed_package_information.package_discovery:Found 3 installed packages in /home/tora/turtlebot3_ws/install
[0.485s] DEBUG:colcon.colcon_installed_package_information.package_discovery:Found 39 installed packages in /home/tora/microros_ws/install
[0.486s] DEBUG:colcon.colcon_installed_package_information.package_discovery:Found 10 installed packages in /home/tora/seminar_ws/install
[0.492s] DEBUG:colcon.colcon_installed_package_information.package_discovery:Found 238 installed packages in /home/tora/autoware/install
[0.495s] DEBUG:colcon.colcon_installed_package_information.package_discovery:Found 5 installed packages in /home/tora/unit1_ws/install
[0.497s] DEBUG:colcon.colcon_installed_package_information.package_discovery:Found 493 installed packages in /opt/ros/humble
[0.501s] Level 1:colcon.colcon_core.package_discovery:discover_packages(prefix_path) using defaults
[0.580s] Level 5:colcon.colcon_core.verb:set package 'controller' build argument 'cmake_args' from command line to 'None'
[0.580s] Level 5:colcon.colcon_core.verb:set package 'controller' build argument 'cmake_target' from command line to 'None'
[0.580s] Level 5:colcon.colcon_core.verb:set package 'controller' build argument 'cmake_target_skip_unavailable' from command line to 'False'
[0.580s] Level 5:colcon.colcon_core.verb:set package 'controller' build argument 'cmake_clean_cache' from command line to 'False'
[0.580s] Level 5:colcon.colcon_core.verb:set package 'controller' build argument 'cmake_clean_first' from command line to 'False'
[0.580s] Level 5:colcon.colcon_core.verb:set package 'controller' build argument 'cmake_force_configure' from command line to 'False'
[0.580s] Level 5:colcon.colcon_core.verb:set package 'controller' build argument 'ament_cmake_args' from command line to 'None'
[0.580s] Level 5:colcon.colcon_core.verb:set package 'controller' build argument 'catkin_cmake_args' from command line to 'None'
[0.580s] Level 5:colcon.colcon_core.verb:set package 'controller' build argument 'catkin_skip_building_tests' from command line to 'False'
[0.580s] DEBUG:colcon.colcon_core.verb:Building package 'controller' with the following arguments: {'ament_cmake_args': None, 'build_base': '/home/tora/soft_ws/build/controller', 'catkin_cmake_args': None, 'catkin_skip_building_tests': False, 'cmake_args': None, 'cmake_clean_cache': False, 'cmake_clean_first': False, 'cmake_force_configure': False, 'cmake_target': None, 'cmake_target_skip_unavailable': False, 'install_base': '/home/tora/soft_ws/install/controller', 'merge_install': False, 'path': '/home/tora/soft_ws/src/controller', 'symlink_install': False, 'test_result_base': None}
[0.581s] Level 5:colcon.colcon_core.verb:set package 'navigation' build argument 'cmake_args' from command line to 'None'
[0.581s] Level 5:colcon.colcon_core.verb:set package 'navigation' build argument 'cmake_target' from command line to 'None'
[0.581s] Level 5:colcon.colcon_core.verb:set package 'navigation' build argument 'cmake_target_skip_unavailable' from command line to 'False'
[0.581s] Level 5:colcon.colcon_core.verb:set package 'navigation' build argument 'cmake_clean_cache' from command line to 'False'
[0.581s] Level 5:colcon.colcon_core.verb:set package 'navigation' build argument 'cmake_clean_first' from command line to 'False'
[0.581s] Level 5:colcon.colcon_core.verb:set package 'navigation' build argument 'cmake_force_configure' from command line to 'False'
[0.581s] Level 5:colcon.colcon_core.verb:set package 'navigation' build argument 'ament_cmake_args' from command line to 'None'
[0.581s] Level 5:colcon.colcon_core.verb:set package 'navigation' build argument 'catkin_cmake_args' from command line to 'None'
[0.581s] Level 5:colcon.colcon_core.verb:set package 'navigation' build argument 'catkin_skip_building_tests' from command line to 'False'
[0.581s] DEBUG:colcon.colcon_core.verb:Building package 'navigation' with the following arguments: {'ament_cmake_args': None, 'build_base': '/home/tora/soft_ws/build/navigation', 'catkin_cmake_args': None, 'catkin_skip_building_tests': False, 'cmake_args': None, 'cmake_clean_cache': False, 'cmake_clean_first': False, 'cmake_force_configure': False, 'cmake_target': None, 'cmake_target_skip_unavailable': False, 'install_base': '/home/tora/soft_ws/install/navigation', 'merge_install': False, 'path': '/home/tora/soft_ws/src/navigation', 'symlink_install': False, 'test_result_base': None}
[0.581s] Level 5:colcon.colcon_core.verb:set package 'rover_description' build argument 'cmake_args' from command line to 'None'
[0.581s] Level 5:colcon.colcon_core.verb:set package 'rover_description' build argument 'cmake_target' from command line to 'None'
[0.581s] Level 5:colcon.colcon_core.verb:set package 'rover_description' build argument 'cmake_target_skip_unavailable' from command line to 'False'
[0.581s] Level 5:colcon.colcon_core.verb:set package 'rover_description' build argument 'cmake_clean_cache' from command line to 'False'
[0.581s] Level 5:colcon.colcon_core.verb:set package 'rover_description' build argument 'cmake_clean_first' from command line to 'False'
[0.581s] Level 5:colcon.colcon_core.verb:set package 'rover_description' build argument 'cmake_force_configure' from command line to 'False'
[0.581s] Level 5:colcon.colcon_core.verb:set package 'rover_description' build argument 'ament_cmake_args' from command line to 'None'
[0.581s] Level 5:colcon.colcon_core.verb:set package 'rover_description' build argument 'catkin_cmake_args' from command line to 'None'
[0.582s] Level 5:colcon.colcon_core.verb:set package 'rover_description' build argument 'catkin_skip_building_tests' from command line to 'False'
[0.582s] DEBUG:colcon.colcon_core.verb:Building package 'rover_description' with the following arguments: {'ament_cmake_args': None, 'build_base': '/home/tora/soft_ws/build/rover_description', 'catkin_cmake_args': None, 'catkin_skip_building_tests': False, 'cmake_args': None, 'cmake_clean_cache': False, 'cmake_clean_first': False, 'cmake_force_configure': False, 'cmake_target': None, 'cmake_target_skip_unavailable': False, 'install_base': '/home/tora/soft_ws/install/rover_description', 'merge_install': False, 'path': '/home/tora/soft_ws/src/rover_description', 'symlink_install': False, 'test_result_base': None}
[0.582s] Level 5:colcon.colcon_core.verb:set package 'visual_odom' build argument 'cmake_args' from command line to 'None'
[0.582s] Level 5:colcon.colcon_core.verb:set package 'visual_odom' build argument 'cmake_target' from command line to 'None'
[0.582s] Level 5:colcon.colcon_core.verb:set package 'visual_odom' build argument 'cmake_target_skip_unavailable' from command line to 'False'
[0.582s] Level 5:colcon.colcon_core.verb:set package 'visual_odom' build argument 'cmake_clean_cache' from command line to 'False'
[0.582s] Level 5:colcon.colcon_core.verb:set package 'visual_odom' build argument 'cmake_clean_first' from command line to 'False'
[0.582s] Level 5:colcon.colcon_core.verb:set package 'visual_odom' build argument 'cmake_force_configure' from command line to 'False'
[0.582s] Level 5:colcon.colcon_core.verb:set package 'visual_odom' build argument 'ament_cmake_args' from command line to 'None'
[0.582s] Level 5:colcon.colcon_core.verb:set package 'visual_odom' build argument 'catkin_cmake_args' from command line to 'None'
[0.582s] Level 5:colcon.colcon_core.verb:set package 'visual_odom' build argument 'catkin_skip_building_tests' from command line to 'False'
[0.582s] DEBUG:colcon.colcon_core.verb:Building package 'visual_odom' with the following arguments: {'ament_cmake_args': None, 'build_base': '/home/tora/soft_ws/build/visual_odom', 'catkin_cmake_args': None, 'catkin_skip_building_tests': False, 'cmake_args': None, 'cmake_clean_cache': False, 'cmake_clean_first': False, 'cmake_force_configure': False, 'cmake_target': None, 'cmake_target_skip_unavailable': False, 'install_base': '/home/tora/soft_ws/install/visual_odom', 'merge_install': False, 'path': '/home/tora/soft_ws/src/visual_odom', 'symlink_install': False, 'test_result_base': None}
[0.582s] INFO:colcon.colcon_core.executor:Executing jobs using 'parallel' executor
[0.583s] DEBUG:colcon.colcon_parallel_executor.executor.parallel:run_until_complete
[0.583s] INFO:colcon.colcon_ros.task.ament_python.build:Building ROS package in '/home/tora/soft_ws/src/controller' with build type 'ament_python'
[0.583s] Level 1:colcon.colcon_core.shell:create_environment_hook('controller', 'ament_prefix_path')
[0.587s] INFO:colcon.colcon_core.plugin_system:Skipping extension 'colcon_core.shell.bat': Not used on non-Windows systems
[0.587s] INFO:colcon.colcon_core.shell:Creating environment hook '/home/tora/soft_ws/install/controller/share/controller/hook/ament_prefix_path.ps1'
[0.587s] INFO:colcon.colcon_core.shell:Creating environment descriptor '/home/tora/soft_ws/install/controller/share/controller/hook/ament_prefix_path.dsv'
[0.588s] INFO:colcon.colcon_core.shell:Creating environment hook '/home/tora/soft_ws/install/controller/share/controller/hook/ament_prefix_path.sh'
[0.589s] INFO:colcon.colcon_core.shell:Skip shell extension 'powershell' for command environment: Not usable outside of PowerShell
[0.589s] DEBUG:colcon.colcon_core.shell:Skip shell extension 'dsv' for command environment
[0.612s] INFO:colcon.colcon_ros.task.ament_python.build:Building ROS package in '/home/tora/soft_ws/src/navigation' with build type 'ament_python'
[0.612s] Level 1:colcon.colcon_core.shell:create_environment_hook('navigation', 'ament_prefix_path')
[0.612s] INFO:colcon.colcon_core.shell:Creating environment hook '/home/tora/soft_ws/install/navigation/share/navigation/hook/ament_prefix_path.ps1'
[0.613s] INFO:colcon.colcon_core.shell:Creating environment descriptor '/home/tora/soft_ws/install/navigation/share/navigation/hook/ament_prefix_path.dsv'
[0.613s] INFO:colcon.colcon_core.shell:Creating environment hook '/home/tora/soft_ws/install/navigation/share/navigation/hook/ament_prefix_path.sh'
[0.614s] INFO:colcon.colcon_core.shell:Skip shell extension 'powershell' for command environment: Not usable outside of PowerShell
[0.614s] DEBUG:colcon.colcon_core.shell:Skip shell extension 'dsv' for command environment
[0.637s] INFO:colcon.colcon_ros.task.ament_python.build:Building ROS package in '/home/tora/soft_ws/src/rover_description' with build type 'ament_python'
[0.637s] Level 1:colcon.colcon_core.shell:create_environment_hook('rover_description', 'ament_prefix_path')
[0.637s] INFO:colcon.colcon_core.shell:Creating environment hook '/home/tora/soft_ws/install/rover_description/share/rover_description/hook/ament_prefix_path.ps1'
[0.638s] INFO:colcon.colcon_core.shell:Creating environment descriptor '/home/tora/soft_ws/install/rover_description/share/rover_description/hook/ament_prefix_path.dsv'
[0.638s] INFO:colcon.colcon_core.shell:Creating environment hook '/home/tora/soft_ws/install/rover_description/share/rover_description/hook/ament_prefix_path.sh'
[0.638s] INFO:colcon.colcon_core.shell:Skip shell extension 'powershell' for command environment: Not usable outside of PowerShell
[0.638s] DEBUG:colcon.colcon_core.shell:Skip shell extension 'dsv' for command environment
[0.661s] INFO:colcon.colcon_ros.task.ament_python.build:Building ROS package in '/home/tora/soft_ws/src/visual_odom' with build type 'ament_python'
[0.662s] Level 1:colcon.colcon_core.shell:create_environment_hook('visual_odom', 'ament_prefix_path')
[0.662s] INFO:colcon.colcon_core.shell:Creating environment hook '/home/tora/soft_ws/install/visual_odom/share/visual_odom/hook/ament_prefix_path.ps1'
[0.662s] INFO:colcon.colcon_core.shell:Creating environment descriptor '/home/tora/soft_ws/install/visual_odom/share/visual_odom/hook/ament_prefix_path.dsv'
[0.663s] INFO:colcon.colcon_core.shell:Creating environment hook '/home/tora/soft_ws/install/visual_odom/share/visual_odom/hook/ament_prefix_path.sh'
[0.663s] INFO:colcon.colcon_core.shell:Skip shell extension 'powershell' for command environment: Not usable outside of PowerShell
[0.663s] DEBUG:colcon.colcon_core.shell:Skip shell extension 'dsv' for command environment
[1.178s] INFO:colcon.colcon_core.task.python.build:Building Python package in '/home/tora/soft_ws/src/controller'
[1.178s] INFO:colcon.colcon_core.shell:Skip shell extension 'powershell' for command environment: Not usable outside of PowerShell
[1.178s] DEBUG:colcon.colcon_core.shell:Skip shell extension 'dsv' for command environment
[1.711s] INFO:colcon.colcon_core.task.python.build:Building Python package in '/home/tora/soft_ws/src/navigation'
[1.711s] INFO:colcon.colcon_core.shell:Skip shell extension 'powershell' for command environment: Not usable outside of PowerShell
[1.711s] DEBUG:colcon.colcon_core.shell:Skip shell extension 'dsv' for command environment
[2.247s] INFO:colcon.colcon_core.task.python.build:Building Python package in '/home/tora/soft_ws/src/rover_description'
[2.247s] INFO:colcon.colcon_core.shell:Skip shell extension 'powershell' for command environment: Not usable outside of PowerShell
[2.247s] DEBUG:colcon.colcon_core.shell:Skip shell extension 'dsv' for command environment
[2.782s] INFO:colcon.colcon_core.task.python.build:Building Python package in '/home/tora/soft_ws/src/visual_odom'
[2.782s] INFO:colcon.colcon_core.shell:Skip shell extension 'powershell' for command environment: Not usable outside of PowerShell
[2.782s] DEBUG:colcon.colcon_core.shell:Skip shell extension 'dsv' for command environment
[3.242s] DEBUG:colcon.colcon_core.event_handler.log_command:Invoking command in '/home/tora/soft_ws/src/controller': PYTHONPATH=/home/tora/soft_ws/build/controller/prefix_override:/usr/lib/python3/dist-packages/colcon_core/task/python/colcon_distutils_commands:/home/tora/soft_ws/install/controller/lib/python3.10/site-packages:${PYTHONPATH} /usr/bin/python3 -W ignore:setup.py install is deprecated setup.py egg_info --egg-base ../../build/controller build --build-base /home/tora/soft_ws/build/controller/build install --record /home/tora/soft_ws/build/controller/install.log --single-version-externally-managed install_data
[3.245s] DEBUG:colcon.colcon_core.event_handler.log_command:Invoking command in '/home/tora/soft_ws/src/visual_odom': PYTHONPATH=/home/tora/soft_ws/build/visual_odom/prefix_override:/usr/lib/python3/dist-packages/colcon_core/task/python/colcon_distutils_commands:/home/tora/soft_ws/install/visual_odom/lib/python3.10/site-packages:${PYTHONPATH} /usr/bin/python3 -W ignore:setup.py install is deprecated setup.py egg_info --egg-base ../../build/visual_odom build --build-base /home/tora/soft_ws/build/visual_odom/build install --record /home/tora/soft_ws/build/visual_odom/install.log --single-version-externally-managed install_data
[3.247s] DEBUG:colcon.colcon_core.event_handler.log_command:Invoking command in '/home/tora/soft_ws/src/navigation': PYTHONPATH=/home/tora/soft_ws/build/navigation/prefix_override:/usr/lib/python3/dist-packages/colcon_core/task/python/colcon_distutils_commands:/home/tora/soft_ws/install/navigation/lib/python3.10/site-packages:${PYTHONPATH} /usr/bin/python3 -W ignore:setup.py install is deprecated setup.py egg_info --egg-base ../../build/navigation build --build-base /home/tora/soft_ws/build/navigation/build install --record /home/tora/soft_ws/build/navigation/install.log --single-version-externally-managed install_data
[3.473s] DEBUG:colcon.colcon_core.event_handler.log_command:Invoking command in '/home/tora/soft_ws/src/rover_description': PYTHONPATH=/home/tora/soft_ws/build/rover_description/prefix_override:/usr/lib/python3/dist-packages/colcon_core/task/python/colcon_distutils_commands:/home/tora/soft_ws/install/rover_description/lib/python3.10/site-packages:${PYTHONPATH} /usr/bin/python3 -W ignore:setup.py install is deprecated setup.py egg_info --egg-base ../../build/rover_description build --build-base /home/tora/soft_ws/build/rover_description/build install --record /home/tora/soft_ws/build/rover_description/install.log --install-scripts $base/lib/rover_description --single-version-externally-managed install_data
[3.531s] DEBUG:colcon.colcon_core.event_handler.log_command:Invoked command in '/home/tora/soft_ws/src/navigation' returned '0': PYTHONPATH=/home/tora/soft_ws/build/navigation/prefix_override:/usr/lib/python3/dist-packages/colcon_core/task/python/colcon_distutils_commands:/home/tora/soft_ws/install/navigation/lib/python3.10/site-packages:${PYTHONPATH} /usr/bin/python3 -W ignore:setup.py install is deprecated setup.py egg_info --egg-base ../../build/navigation build --build-base /home/tora/soft_ws/build/navigation/build install --record /home/tora/soft_ws/build/navigation/install.log --single-version-externally-managed install_data
[3.533s] Level 1:colcon.colcon_core.environment:checking '/home/tora/soft_ws/install/navigation' for CMake module files
[3.533s] Level 1:colcon.colcon_core.environment:checking '/home/tora/soft_ws/install/navigation' for CMake config files
[3.533s] Level 1:colcon.colcon_core.environment:checking '/home/tora/soft_ws/install/navigation/lib'
[3.533s] Level 1:colcon.colcon_core.environment:checking '/home/tora/soft_ws/install/navigation/bin'
[3.534s] Level 1:colcon.colcon_core.environment:checking '/home/tora/soft_ws/install/navigation/lib/pkgconfig/navigation.pc'
[3.534s] Level 1:colcon.colcon_core.environment:checking '/home/tora/soft_ws/install/navigation/lib/python3.10/site-packages'
[3.534s] Level 1:colcon.colcon_core.shell:create_environment_hook('navigation', 'pythonpath')
[3.534s] INFO:colcon.colcon_core.shell:Creating environment hook '/home/tora/soft_ws/install/navigation/share/navigation/hook/pythonpath.ps1'
[3.534s] INFO:colcon.colcon_core.shell:Creating environment descriptor '/home/tora/soft_ws/install/navigation/share/navigation/hook/pythonpath.dsv'
[3.534s] INFO:colcon.colcon_core.shell:Creating environment hook '/home/tora/soft_ws/install/navigation/share/navigation/hook/pythonpath.sh'
[3.535s] Level 1:colcon.colcon_core.environment:checking '/home/tora/soft_ws/install/navigation/bin'
[3.535s] Level 1:colcon.colcon_core.environment:create_environment_scripts_only(navigation)
[3.535s] INFO:colcon.colcon_core.shell:Creating package script '/home/tora/soft_ws/install/navigation/share/navigation/package.ps1'
[3.535s] INFO:colcon.colcon_core.shell:Creating package descriptor '/home/tora/soft_ws/install/navigation/share/navigation/package.dsv'
[3.536s] INFO:colcon.colcon_core.shell:Creating package script '/home/tora/soft_ws/install/navigation/share/navigation/package.sh'
[3.536s] INFO:colcon.colcon_core.shell:Creating package script '/home/tora/soft_ws/install/navigation/share/navigation/package.bash'
[3.536s] INFO:colcon.colcon_core.shell:Creating package script '/home/tora/soft_ws/install/navigation/share/navigation/package.zsh'
[3.537s] Level 1:colcon.colcon_core.environment:create_file_with_runtime_dependencies(/home/tora/soft_ws/install/navigation/share/colcon-core/packages/navigation)
[3.537s] Level 1:colcon.colcon_core.environment:checking '/home/tora/soft_ws/install/visual_odom' for CMake module files
[3.538s] DEBUG:colcon.colcon_core.event_handler.log_command:Invoked command in '/home/tora/soft_ws/src/visual_odom' returned '0': PYTHONPATH=/home/tora/soft_ws/build/visual_odom/prefix_override:/usr/lib/python3/dist-packages/colcon_core/task/python/colcon_distutils_commands:/home/tora/soft_ws/install/visual_odom/lib/python3.10/site-packages:${PYTHONPATH} /usr/bin/python3 -W ignore:setup.py install is deprecated setup.py egg_info --egg-base ../../build/visual_odom build --build-base /home/tora/soft_ws/build/visual_odom/build install --record /home/tora/soft_ws/build/visual_odom/install.log --single-version-externally-managed install_data
[3.538s] Level 1:colcon.colcon_core.environment:checking '/home/tora/soft_ws/install/visual_odom' for CMake config files
[3.538s] Level 1:colcon.colcon_core.environment:checking '/home/tora/soft_ws/install/visual_odom/lib'
[3.538s] Level 1:colcon.colcon_core.environment:checking '/home/tora/soft_ws/install/visual_odom/bin'
[3.538s] Level 1:colcon.colcon_core.environment:checking '/home/tora/soft_ws/install/visual_odom/lib/pkgconfig/visual_odom.pc'
[3.538s] Level 1:colcon.colcon_core.environment:checking '/home/tora/soft_ws/install/visual_odom/lib/python3.10/site-packages'
[3.538s] Level 1:colcon.colcon_core.shell:create_environment_hook('visual_odom', 'pythonpath')
[3.538s] INFO:colcon.colcon_core.shell:Creating environment hook '/home/tora/soft_ws/install/visual_odom/share/visual_odom/hook/pythonpath.ps1'
[3.539s] INFO:colcon.colcon_core.shell:Creating environment descriptor '/home/tora/soft_ws/install/visual_odom/share/visual_odom/hook/pythonpath.dsv'
[3.539s] INFO:colcon.colcon_core.shell:Creating environment hook '/home/tora/soft_ws/install/visual_odom/share/visual_odom/hook/pythonpath.sh'
[3.539s] Level 1:colcon.colcon_core.environment:checking '/home/tora/soft_ws/install/visual_odom/bin'
[3.539s] Level 1:colcon.colcon_core.environment:create_environment_scripts_only(visual_odom)
[3.539s] INFO:colcon.colcon_core.shell:Creating package script '/home/tora/soft_ws/install/visual_odom/share/visual_odom/package.ps1'
[3.540s] INFO:colcon.colcon_core.shell:Creating package descriptor '/home/tora/soft_ws/install/visual_odom/share/visual_odom/package.dsv'
[3.540s] INFO:colcon.colcon_core.shell:Creating package script '/home/tora/soft_ws/install/visual_odom/share/visual_odom/package.sh'
[3.540s] INFO:colcon.colcon_core.shell:Creating package script '/home/tora/soft_ws/install/visual_odom/share/visual_odom/package.bash'
[3.540s] INFO:colcon.colcon_core.shell:Creating package script '/home/tora/soft_ws/install/visual_odom/share/visual_odom/package.zsh'
[3.540s] Level 1:colcon.colcon_core.environment:create_file_with_runtime_dependencies(/home/tora/soft_ws/install/visual_odom/share/colcon-core/packages/visual_odom)
[3.592s] Level 1:colcon.colcon_core.environment:checking '/home/tora/soft_ws/install/controller' for CMake module files
[3.592s] DEBUG:colcon.colcon_core.event_handler.log_command:Invoked command in '/home/tora/soft_ws/src/controller' returned '0': PYTHONPATH=/home/tora/soft_ws/build/controller/prefix_override:/usr/lib/python3/dist-packages/colcon_core/task/python/colcon_distutils_commands:/home/tora/soft_ws/install/controller/lib/python3.10/site-packages:${PYTHONPATH} /usr/bin/python3 -W ignore:setup.py install is deprecated setup.py egg_info --egg-base ../../build/controller build --build-base /home/tora/soft_ws/build/controller/build install --record /home/tora/soft_ws/build/controller/install.log --single-version-externally-managed install_data
[3.592s] Level 1:colcon.colcon_core.environment:checking '/home/tora/soft_ws/install/controller' for CMake config files
[3.593s] Level 1:colcon.colcon_core.environment:checking '/home/tora/soft_ws/install/controller/lib'
[3.593s] Level 1:colcon.colcon_core.environment:checking '/home/tora/soft_ws/install/controller/bin'
[3.593s] Level 1:colcon.colcon_core.environment:checking '/home/tora/soft_ws/install/controller/lib/pkgconfig/controller.pc'
[3.593s] Level 1:colcon.colcon_core.environment:checking '/home/tora/soft_ws/install/controller/lib/python3.10/site-packages'
[3.593s] Level 1:colcon.colcon_core.shell:create_environment_hook('controller', 'pythonpath')
[3.593s] INFO:colcon.colcon_core.shell:Creating environment hook '/home/tora/soft_ws/install/controller/share/controller/hook/pythonpath.ps1'
[3.593s] INFO:colcon.colcon_core.shell:Creating environment descriptor '/home/tora/soft_ws/install/controller/share/controller/hook/pythonpath.dsv'
[3.594s] INFO:colcon.colcon_core.shell:Creating environment hook '/home/tora/soft_ws/install/controller/share/controller/hook/pythonpath.sh'
[3.594s] Level 1:colcon.colcon_core.environment:checking '/home/tora/soft_ws/install/controller/bin'
[3.594s] Level 1:colcon.colcon_core.environment:create_environment_scripts_only(controller)
[3.594s] INFO:colcon.colcon_core.shell:Creating package script '/home/tora/soft_ws/install/controller/share/controller/package.ps1'
[3.594s] INFO:colcon.colcon_core.shell:Creating package descriptor '/home/tora/soft_ws/install/controller/share/controller/package.dsv'
[3.594s] INFO:colcon.colcon_core.shell:Creating package script '/home/tora/soft_ws/install/controller/share/controller/package.sh'
[3.595s] INFO:colcon.colcon_core.shell:Creating package script '/home/tora/soft_ws/install/controller/share/controller/package.bash'
[3.595s] INFO:colcon.colcon_core.shell:Creating package script '/home/tora/soft_ws/install/controller/share/controller/package.zsh'
[3.595s] Level 1:colcon.colcon_core.environment:create_file_with_runtime_dependencies(/home/tora/soft_ws/install/controller/share/colcon-core/packages/controller)
[3.938s] Level 1:colcon.colcon_core.environment:checking '/home/tora/soft_ws/install/rover_description' for CMake module files
[3.938s] DEBUG:colcon.colcon_core.event_handler.log_command:Invoked command in '/home/tora/soft_ws/src/rover_description' returned '0': PYTHONPATH=/home/tora/soft_ws/build/rover_description/prefix_override:/usr/lib/python3/dist-packages/colcon_core/task/python/colcon_distutils_commands:/home/tora/soft_ws/install/rover_description/lib/python3.10/site-packages:${PYTHONPATH} /usr/bin/python3 -W ignore:setup.py install is deprecated setup.py egg_info --egg-base ../../build/rover_description build --build-base /home/tora/soft_ws/build/rover_description/build install --record /home/tora/soft_ws/build/rover_description/install.log --install-scripts $base/lib/rover_description --single-version-externally-managed install_data
[3.938s] Level 1:colcon.colcon_core.environment:checking '/home/tora/soft_ws/install/rover_description' for CMake config files
[3.939s] Level 1:colcon.colcon_core.environment:checking '/home/tora/soft_ws/install/rover_description/lib'
[3.939s] Level 1:colcon.colcon_core.environment:checking '/home/tora/soft_ws/install/rover_description/bin'
[3.939s] Level 1:colcon.colcon_core.environment:checking '/home/tora/soft_ws/install/rover_description/lib/pkgconfig/rover_description.pc'
[3.939s] Level 1:colcon.colcon_core.environment:checking '/home/tora/soft_ws/install/rover_description/lib/python3.10/site-packages'
[3.939s] Level 1:colcon.colcon_core.shell:create_environment_hook('rover_description', 'pythonpath')
[3.939s] INFO:colcon.colcon_core.shell:Creating environment hook '/home/tora/soft_ws/install/rover_description/share/rover_description/hook/pythonpath.ps1'
[3.939s] INFO:colcon.colcon_core.shell:Creating environment descriptor '/home/tora/soft_ws/install/rover_description/share/rover_description/hook/pythonpath.dsv'
[3.939s] INFO:colcon.colcon_core.shell:Creating environment hook '/home/tora/soft_ws/install/rover_description/share/rover_description/hook/pythonpath.sh'
[3.940s] Level 1:colcon.colcon_core.environment:checking '/home/tora/soft_ws/install/rover_description/bin'
[3.940s] Level 1:colcon.colcon_core.environment:create_environment_scripts_only(rover_description)
[3.940s] INFO:colcon.colcon_core.shell:Creating package script '/home/tora/soft_ws/install/rover_description/share/rover_description/package.ps1'
[3.940s] INFO:colcon.colcon_core.shell:Creating package descriptor '/home/tora/soft_ws/install/rover_description/share/rover_description/package.dsv'
[3.940s] INFO:colcon.colcon_core.shell:Creating package script '/home/tora/soft_ws/install/rover_description/share/rover_description/package.sh'
[3.941s] INFO:colcon.colcon_core.shell:Creating package script '/home/tora/soft_ws/install/rover_description/share/rover_description/package.bash'
[3.941s] INFO:colcon.colcon_core.shell:Creating package script '/home/tora/soft_ws/install/rover_description/share/rover_description/package.zsh'
[3.941s] Level 1:colcon.colcon_core.environment:create_file_with_runtime_dependencies(/home/tora/soft_ws/install/rover_description/share/colcon-core/packages/rover_description)
[3.941s] DEBUG:colcon.colcon_parallel_executor.executor.parallel:closing loop
[3.941s] DEBUG:colcon.colcon_parallel_executor.executor.parallel:loop closed
[3.941s] DEBUG:colcon.colcon_parallel_executor.executor.parallel:run_until_complete finished with '0'
[3.941s] DEBUG:colcon.colcon_core.event_reactor:joining thread
[3.947s] INFO:colcon.colcon_core.plugin_system:Skipping extension 'colcon_notification.desktop_notification.terminal_notifier': Not used on non-Darwin systems
[3.947s] INFO:colcon.colcon_core.plugin_system:Skipping extension 'colcon_notification.desktop_notification.win32': Not used on non-Windows systems
[3.947s] INFO:colcon.colcon_notification.desktop_notification:Sending desktop notification using 'notify2'
[3.969s] DEBUG:colcon.colcon_core.event_reactor:joined thread
[3.969s] INFO:colcon.colcon_core.shell:Creating prefix script '/home/tora/soft_ws/install/local_setup.ps1'
[3.971s] INFO:colcon.colcon_core.shell:Creating prefix util module '/home/tora/soft_ws/install/_local_setup_util_ps1.py'
[3.973s] INFO:colcon.colcon_core.shell:Creating prefix chain script '/home/tora/soft_ws/install/setup.ps1'
[3.987s] INFO:colcon.colcon_core.shell:Creating prefix script '/home/tora/soft_ws/install/local_setup.sh'
[3.988s] INFO:colcon.colcon_core.shell:Creating prefix util module '/home/tora/soft_ws/install/_local_setup_util_sh.py'
[3.989s] INFO:colcon.colcon_core.shell:Creating prefix chain script '/home/tora/soft_ws/install/setup.sh'
[4.003s] INFO:colcon.colcon_core.shell:Creating prefix script '/home/tora/soft_ws/install/local_setup.bash'
[4.004s] INFO:colcon.colcon_core.shell:Creating prefix chain script '/home/tora/soft_ws/install/setup.bash'
[4.018s] INFO:colcon.colcon_core.shell:Creating prefix script '/home/tora/soft_ws/install/local_setup.zsh'
[4.019s] INFO:colcon.colcon_core.shell:Creating prefix chain script '/home/tora/soft_ws/install/setup.zsh'
