[8.588s] Invoking command in '/home/tora/soft_ws/build/visual_odom': PYTHONPATH=/home/tora/soft_ws/build/visual_odom/prefix_override:/usr/lib/python3/dist-packages/colcon_core/task/python/colcon_distutils_commands:/home/tora/soft_ws/install/visual_odom/lib/python3.10/site-packages:${PYTHONPATH} /usr/bin/python3 -W ignore:setup.py install is deprecated -W ignore:easy_install command is deprecated setup.py develop --editable --build-directory /home/tora/soft_ws/build/visual_odom/build --no-deps symlink_data --force
[10.225s] running develop
[11.149s] running egg_info
[11.149s] writing visual_odom.egg-info/PKG-INFO
[11.149s] writing dependency_links to visual_odom.egg-info/dependency_links.txt
[11.150s] writing entry points to visual_odom.egg-info/entry_points.txt
[11.155s] writing requirements to visual_odom.egg-info/requires.txt
[11.155s] writing top-level names to visual_odom.egg-info/top_level.txt
[11.161s] reading manifest file 'visual_odom.egg-info/SOURCES.txt'
[11.163s] writing manifest file 'visual_odom.egg-info/SOURCES.txt'
[11.171s] running build_ext
[11.172s] Creating /home/tora/soft_ws/install/visual_odom/lib/python3.10/site-packages/visual-odom.egg-link (link to .)
[11.174s] 
[11.174s] Installed /home/tora/soft_ws/build/visual_odom
[11.174s] running symlink_data
[11.175s] symbolically linking /home/tora/soft_ws/build/visual_odom/resource/visual_odom -> /home/tora/soft_ws/install/visual_odom/share/ament_index/resource_index/packages
[11.175s] symbolically linking /home/tora/soft_ws/build/visual_odom/package.xml -> /home/tora/soft_ws/install/visual_odom/share/visual_odom
[11.175s] symbolically linking /home/tora/soft_ws/build/visual_odom/launch/visual_odom.launch.xml -> /home/tora/soft_ws/install/visual_odom/share/visual_odom/launch
[11.176s] symbolically linking /home/tora/soft_ws/build/visual_odom/launch/gazebo_navigation.launch.py -> /home/tora/soft_ws/install/visual_odom/share/visual_odom/launch
[11.176s] symbolically linking /home/tora/soft_ws/build/visual_odom/launch/stereo_slam.launch.py -> /home/tora/soft_ws/install/visual_odom/share/visual_odom/launch
[11.275s] Invoked command in '/home/tora/soft_ws/build/visual_odom' returned '0': PYTHONPATH=/home/tora/soft_ws/build/visual_odom/prefix_override:/usr/lib/python3/dist-packages/colcon_core/task/python/colcon_distutils_commands:/home/tora/soft_ws/install/visual_odom/lib/python3.10/site-packages:${PYTHONPATH} /usr/bin/python3 -W ignore:setup.py install is deprecated -W ignore:easy_install command is deprecated setup.py develop --editable --build-directory /home/tora/soft_ws/build/visual_odom/build --no-deps symlink_data --force
