[4.950s] Invoking command in '/home/tora/soft_ws/build/rover_description': PYTHONPATH=/home/tora/soft_ws/build/rover_description/prefix_override:/usr/lib/python3/dist-packages/colcon_core/task/python/colcon_distutils_commands:/home/tora/soft_ws/install/rover_description/lib/python3.10/site-packages:${PYTHONPATH} /usr/bin/python3 -W ignore:setup.py install is deprecated -W ignore:easy_install command is deprecated setup.py develop --uninstall --editable --build-directory /home/tora/soft_ws/build/rover_description/build
[5.691s] running develop
[6.152s] Removing /home/tora/soft_ws/install/rover_description/lib/python3.10/site-packages/rover-description.egg-link (link to .)
[6.207s] Invoked command in '/home/tora/soft_ws/build/rover_description' returned '0': PYTHONPATH=/home/tora/soft_ws/build/rover_description/prefix_override:/usr/lib/python3/dist-packages/colcon_core/task/python/colcon_distutils_commands:/home/tora/soft_ws/install/rover_description/lib/python3.10/site-packages:${PYTHONPATH} /usr/bin/python3 -W ignore:setup.py install is deprecated -W ignore:easy_install command is deprecated setup.py develop --uninstall --editable --build-directory /home/tora/soft_ws/build/rover_description/build
[6.210s] Invoking command in '/home/tora/soft_ws/src/rover_description': PYTHONPATH=/home/tora/soft_ws/build/rover_description/prefix_override:/usr/lib/python3/dist-packages/colcon_core/task/python/colcon_distutils_commands:/home/tora/soft_ws/install/rover_description/lib/python3.10/site-packages:${PYTHONPATH} /usr/bin/python3 -W ignore:setup.py install is deprecated -W ignore:easy_install command is deprecated setup.py egg_info --egg-base ../../build/rover_description build --build-base /home/tora/soft_ws/build/rover_description/build install --record /home/tora/soft_ws/build/rover_description/install.log --single-version-externally-managed install_data --force
[6.932s] running egg_info
[6.934s] writing ../../build/rover_description/rover_description.egg-info/PKG-INFO
[6.934s] writing dependency_links to ../../build/rover_description/rover_description.egg-info/dependency_links.txt
[6.934s] writing entry points to ../../build/rover_description/rover_description.egg-info/entry_points.txt
[6.934s] writing requirements to ../../build/rover_description/rover_description.egg-info/requires.txt
[6.934s] writing top-level names to ../../build/rover_description/rover_description.egg-info/top_level.txt
[6.938s] reading manifest file '../../build/rover_description/rover_description.egg-info/SOURCES.txt'
[6.940s] writing manifest file '../../build/rover_description/rover_description.egg-info/SOURCES.txt'
[6.940s] running build
[6.940s] running build_py
[6.941s] running install
[6.941s] running install_lib
[6.942s] creating /home/tora/soft_ws/install/rover_description/lib/python3.10/site-packages/rover_description
[6.942s] copying /home/tora/soft_ws/build/rover_description/build/lib/rover_description/__init__.py -> /home/tora/soft_ws/install/rover_description/lib/python3.10/site-packages/rover_description
[6.944s] byte-compiling /home/tora/soft_ws/install/rover_description/lib/python3.10/site-packages/rover_description/__init__.py to __init__.cpython-310.pyc
[6.944s] running install_data
[6.945s] copying resource/rover_description -> /home/tora/soft_ws/install/rover_description/share/ament_index/resource_index/packages
[6.945s] copying package.xml -> /home/tora/soft_ws/install/rover_description/share/rover_description
[6.945s] copying launch/nav2_rviz.launch.py -> /home/tora/soft_ws/install/rover_description/share/rover_description/launch
[6.945s] copying launch/display.launch.py -> /home/tora/soft_ws/install/rover_description/share/rover_description/launch
[6.946s] copying launch/gazebo.launch.py -> /home/tora/soft_ws/install/rover_description/share/rover_description/launch
[6.946s] copying launch/gazebo_world.launch.py -> /home/tora/soft_ws/install/rover_description/share/rover_description/launch
[6.946s] copying urdf/rover.trans -> /home/tora/soft_ws/install/rover_description/share/rover_description/urdf
[6.946s] copying urdf/materials.xacro -> /home/tora/soft_ws/install/rover_description/share/rover_description/urdf
[6.946s] copying urdf/rover_description.xacro -> /home/tora/soft_ws/install/rover_description/share/rover_description/urdf
[6.947s] copying urdf/diff_control.xacro -> /home/tora/soft_ws/install/rover_description/share/rover_description/urdf
[6.947s] copying urdf/realsense.urdf -> /home/tora/soft_ws/install/rover_description/share/rover_description/urdf
[6.947s] copying urdf/_d435.gazebo.xacro -> /home/tora/soft_ws/install/rover_description/share/rover_description/urdf
[6.947s] copying urdf/rover.xacro -> /home/tora/soft_ws/install/rover_description/share/rover_description/urdf
[6.947s] copying urdf/rover_realsense.xacro -> /home/tora/soft_ws/install/rover_description/share/rover_description/urdf
[6.947s] copying urdf/rover.gazebo -> /home/tora/soft_ws/install/rover_description/share/rover_description/urdf
[6.948s] copying urdf/_d435.urdf.xacro -> /home/tora/soft_ws/install/rover_description/share/rover_description/urdf
[6.948s] copying meshes/chassis_left_1.stl -> /home/tora/soft_ws/install/rover_description/share/rover_description/meshes
[6.948s] copying meshes/d435.dae -> /home/tora/soft_ws/install/rover_description/share/rover_description/meshes
[6.965s] copying meshes/wheel_right_front_1.stl -> /home/tora/soft_ws/install/rover_description/share/rover_description/meshes
[6.965s] copying meshes/wheel_right_back_1.stl -> /home/tora/soft_ws/install/rover_description/share/rover_description/meshes
[6.965s] copying meshes/chassis_right_1.stl -> /home/tora/soft_ws/install/rover_description/share/rover_description/meshes
[6.966s] copying meshes/base_link.stl -> /home/tora/soft_ws/install/rover_description/share/rover_description/meshes
[6.966s] copying meshes/wheel_left_front_1.stl -> /home/tora/soft_ws/install/rover_description/share/rover_description/meshes
[6.966s] copying meshes/wheel_left_back_1.stl -> /home/tora/soft_ws/install/rover_description/share/rover_description/meshes
[6.966s] copying config/display.rviz -> /home/tora/soft_ws/install/rover_description/share/rover_description/config
[6.967s] copying config/diff_robot.yaml -> /home/tora/soft_ws/install/rover_description/share/rover_description/config
[6.967s] copying config/rover_nav2.rviz -> /home/tora/soft_ws/install/rover_description/share/rover_description/config
[6.967s] copying world/display.world -> /home/tora/soft_ws/install/rover_description/share/rover_description/world
[6.967s] copying models/realsense_camera/model.sdf -> /home/tora/soft_ws/install/rover_description/share/rover_description/models
[6.967s] copying models/realsense_camera/model.config -> /home/tora/soft_ws/install/rover_description/share/rover_description/models
[6.967s] running install_egg_info
[6.972s] Copying ../../build/rover_description/rover_description.egg-info to /home/tora/soft_ws/install/rover_description/lib/python3.10/site-packages/rover_description-0.0.0-py3.10.egg-info
[6.973s] running install_scripts
[7.020s] writing list of installed files to '/home/tora/soft_ws/build/rover_description/install.log'
[7.062s] Invoked command in '/home/tora/soft_ws/src/rover_description' returned '0': PYTHONPATH=/home/tora/soft_ws/build/rover_description/prefix_override:/usr/lib/python3/dist-packages/colcon_core/task/python/colcon_distutils_commands:/home/tora/soft_ws/install/rover_description/lib/python3.10/site-packages:${PYTHONPATH} /usr/bin/python3 -W ignore:setup.py install is deprecated -W ignore:easy_install command is deprecated setup.py egg_info --egg-base ../../build/rover_description build --build-base /home/tora/soft_ws/build/rover_description/build install --record /home/tora/soft_ws/build/rover_description/install.log --single-version-externally-managed install_data --force
